[9.438s] DEBUG:colcon:Command line arguments: ['/usr/bin/colcon', 'build']
[9.439s] DEBUG:colcon:Parsed command line arguments: Namespace(allow_overriding=[], ament_cmake_args=None, base_paths=['.'], build_base='build', catkin_cmake_args=None, catkin_skip_building_tests=False, cmake_args=None, cmake_clean_cache=False, cmake_clean_first=False, cmake_force_configure=False, cmake_target=None, cmake_target_skip_unavailable=False, continue_on_error=False, event_handlers=None, executor='parallel', ignore_user_meta=False, install_base='install', log_base=None, log_level=None, main=<bound method BuildVerb.main of <colcon_core.verb.build.BuildVerb object at 0xffffaab1e880>>, merge_install=False, metas=['./colcon.meta'], packages_above=None, packages_above_and_dependencies=None, packages_above_depth=None, packages_end=None, packages_ignore=None, packages_ignore_regex=None, packages_select=None, packages_select_build_failed=False, packages_select_by_dep=None, packages_select_regex=None, packages_select_test_failures=False, packages_skip=None, packages_skip_build_finished=False, packages_skip_by_dep=None, packages_skip_regex=None, packages_skip_test_passed=False, packages_skip_up_to=None, packages_start=None, packages_up_to=None, packages_up_to_regex=None, parallel_workers=4, paths=None, symlink_install=False, test_result_base=None, verb_extension=<colcon_core.verb.build.BuildVerb object at 0xffffaab1e880>, verb_name='build', verb_parser=<colcon_defaults.argument_parser.defaults.DefaultArgumentsDecorator object at 0xffffaa706610>)
[9.817s] Level 1:colcon.colcon_core.package_discovery:discover_packages(colcon_meta) check parameters
[9.817s] Level 1:colcon.colcon_core.package_discovery:discover_packages(recursive) check parameters
[9.817s] Level 1:colcon.colcon_core.package_discovery:discover_packages(ignore) check parameters
[9.817s] Level 1:colcon.colcon_core.package_discovery:discover_packages(path) check parameters
[9.817s] Level 1:colcon.colcon_core.package_discovery:discover_packages(colcon_meta) discover
[9.818s] Level 1:colcon.colcon_core.package_discovery:discover_packages(recursive) discover
[9.818s] INFO:colcon.colcon_core.package_discovery:Crawling recursively for packages in '/home/ubuntu/robot_ws/src/MQP'
[9.818s] Level 1:colcon.colcon_core.package_identification:_identify(.) by extensions ['ignore', 'ignore_ament_install']
[9.819s] Level 1:colcon.colcon_core.package_identification:_identify(.) by extension 'ignore'
[9.819s] Level 1:colcon.colcon_core.package_identification:_identify(.) by extension 'ignore_ament_install'
[9.820s] Level 1:colcon.colcon_core.package_identification:_identify(.) by extensions ['colcon_pkg']
[9.820s] Level 1:colcon.colcon_core.package_identification:_identify(.) by extension 'colcon_pkg'
[9.820s] Level 1:colcon.colcon_core.package_identification:_identify(.) by extensions ['colcon_meta']
[9.820s] Level 1:colcon.colcon_core.package_identification:_identify(.) by extension 'colcon_meta'
[9.821s] Level 1:colcon.colcon_core.package_identification:_identify(.) by extensions ['ros']
[9.821s] Level 1:colcon.colcon_core.package_identification:_identify(.) by extension 'ros'
[9.864s] Level 1:colcon.colcon_core.package_identification:_identify(.) by extensions ['cmake', 'python']
[9.864s] Level 1:colcon.colcon_core.package_identification:_identify(.) by extension 'cmake'
[9.864s] Level 1:colcon.colcon_core.package_identification:_identify(.) by extension 'python'
[9.864s] Level 1:colcon.colcon_core.package_identification:_identify(.) by extensions ['python_setup_py']
[9.865s] Level 1:colcon.colcon_core.package_identification:_identify(.) by extension 'python_setup_py'
[9.865s] Level 1:colcon.colcon_core.package_identification:_identify(build) by extensions ['ignore', 'ignore_ament_install']
[9.866s] Level 1:colcon.colcon_core.package_identification:_identify(build) by extension 'ignore'
[9.866s] Level 1:colcon.colcon_core.package_identification:_identify(build) ignored
[9.866s] Level 1:colcon.colcon_core.package_identification:_identify(inchworm_control) by extensions ['ignore', 'ignore_ament_install']
[9.867s] Level 1:colcon.colcon_core.package_identification:_identify(inchworm_control) by extension 'ignore'
[9.867s] Level 1:colcon.colcon_core.package_identification:_identify(inchworm_control) by extension 'ignore_ament_install'
[9.867s] Level 1:colcon.colcon_core.package_identification:_identify(inchworm_control) by extensions ['colcon_pkg']
[9.867s] Level 1:colcon.colcon_core.package_identification:_identify(inchworm_control) by extension 'colcon_pkg'
[9.868s] Level 1:colcon.colcon_core.package_identification:_identify(inchworm_control) by extensions ['colcon_meta']
[9.868s] Level 1:colcon.colcon_core.package_identification:_identify(inchworm_control) by extension 'colcon_meta'
[9.868s] Level 1:colcon.colcon_core.package_identification:_identify(inchworm_control) by extensions ['ros']
[9.868s] Level 1:colcon.colcon_core.package_identification:_identify(inchworm_control) by extension 'ros'
[9.877s] DEBUG:colcon.colcon_core.package_identification:Package 'inchworm_control' with type 'ros.ament_cmake' and name 'inchworm_control'
[9.878s] Level 1:colcon.colcon_core.package_identification:_identify(install) by extensions ['ignore', 'ignore_ament_install']
[9.878s] Level 1:colcon.colcon_core.package_identification:_identify(install) by extension 'ignore'
[9.878s] Level 1:colcon.colcon_core.package_identification:_identify(install) ignored
[9.882s] Level 1:colcon.colcon_core.package_identification:_identify(log) by extensions ['ignore', 'ignore_ament_install']
[9.882s] Level 1:colcon.colcon_core.package_identification:_identify(log) by extension 'ignore'
[9.883s] Level 1:colcon.colcon_core.package_identification:_identify(log) ignored
[9.883s] Level 1:colcon.colcon_core.package_discovery:discover_packages(recursive) using defaults
[9.883s] Level 1:colcon.colcon_core.package_discovery:discover_packages(ignore) discover
[9.883s] Level 1:colcon.colcon_core.package_discovery:discover_packages(ignore) using defaults
[9.883s] Level 1:colcon.colcon_core.package_discovery:discover_packages(path) discover
[9.883s] Level 1:colcon.colcon_core.package_discovery:discover_packages(path) using defaults
[10.716s] Level 1:colcon.colcon_core.package_discovery:discover_packages(prefix_path) check parameters
[10.716s] Level 1:colcon.colcon_core.package_discovery:discover_packages(prefix_path) discover
[11.035s] DEBUG:colcon.colcon_installed_package_information.package_discovery:Found 2 installed packages in /home/ubuntu/robot_ws/src/MQP/install
[11.194s] DEBUG:colcon.colcon_installed_package_information.package_discovery:Found 2 installed packages in /home/ubuntu/robot_ws/install
[11.347s] DEBUG:colcon.colcon_installed_package_information.package_discovery:Found 0 installed packages in /home/ubuntu/robot_ws/src/MQP/inchworm_control/inchworm_control/install
[11.503s] DEBUG:colcon.colcon_installed_package_information.package_discovery:Found 256 installed packages in /opt/ros/foxy
[11.509s] Level 1:colcon.colcon_core.package_discovery:discover_packages(prefix_path) using defaults
[12.117s] Level 5:colcon.colcon_core.verb:set package 'inchworm_control' build argument 'cmake_args' from command line to 'None'
[12.117s] Level 5:colcon.colcon_core.verb:set package 'inchworm_control' build argument 'cmake_target' from command line to 'None'
[12.117s] Level 5:colcon.colcon_core.verb:set package 'inchworm_control' build argument 'cmake_target_skip_unavailable' from command line to 'False'
[12.117s] Level 5:colcon.colcon_core.verb:set package 'inchworm_control' build argument 'cmake_clean_cache' from command line to 'False'
[12.117s] Level 5:colcon.colcon_core.verb:set package 'inchworm_control' build argument 'cmake_clean_first' from command line to 'False'
[12.117s] Level 5:colcon.colcon_core.verb:set package 'inchworm_control' build argument 'cmake_force_configure' from command line to 'False'
[12.118s] Level 5:colcon.colcon_core.verb:set package 'inchworm_control' build argument 'ament_cmake_args' from command line to 'None'
[12.118s] Level 5:colcon.colcon_core.verb:set package 'inchworm_control' build argument 'catkin_cmake_args' from command line to 'None'
[12.118s] Level 5:colcon.colcon_core.verb:set package 'inchworm_control' build argument 'catkin_skip_building_tests' from command line to 'False'
[12.118s] DEBUG:colcon.colcon_core.verb:Building package 'inchworm_control' with the following arguments: {'ament_cmake_args': None, 'build_base': '/home/ubuntu/robot_ws/src/MQP/build/inchworm_control', 'catkin_cmake_args': None, 'catkin_skip_building_tests': False, 'cmake_args': None, 'cmake_clean_cache': False, 'cmake_clean_first': False, 'cmake_force_configure': False, 'cmake_target': None, 'cmake_target_skip_unavailable': False, 'install_base': '/home/ubuntu/robot_ws/src/MQP/install/inchworm_control', 'merge_install': False, 'path': '/home/ubuntu/robot_ws/src/MQP/inchworm_control', 'symlink_install': False, 'test_result_base': None}
[12.271s] INFO:colcon.colcon_core.executor:Executing jobs using 'parallel' executor
[12.428s] DEBUG:colcon.colcon_parallel_executor.executor.parallel:run_until_complete
[12.429s] INFO:colcon.colcon_ros.task.ament_cmake.build:Building ROS package in '/home/ubuntu/robot_ws/src/MQP/inchworm_control' with build type 'ament_cmake'
[12.430s] INFO:colcon.colcon_cmake.task.cmake.build:Building CMake package in '/home/ubuntu/robot_ws/src/MQP/inchworm_control'
[12.596s] INFO:colcon.colcon_core.plugin_system:Skipping extension 'colcon_core.shell.bat': Not used on non-Windows systems
[12.597s] INFO:colcon.colcon_core.shell:Skip shell extension 'powershell' for command environment: Not usable outside of PowerShell
[12.597s] DEBUG:colcon.colcon_core.shell:Skip shell extension 'dsv' for command environment
[13.467s] DEBUG:colcon.colcon_core.event_handler.log_command:Invoking command in '/home/ubuntu/robot_ws/src/MQP/build/inchworm_control': CMAKE_PREFIX_PATH=${CMAKE_PREFIX_PATH}:/home/ubuntu/robot_ws/src/MQP/install/motor_control:/home/ubuntu/robot_ws/install/motor_control:/opt/ros/foxy /usr/bin/cmake --build /home/ubuntu/robot_ws/src/MQP/build/inchworm_control -- -j4 -l4
[14.525s] DEBUG:colcon.colcon_core.event_handler.log_command:Invoked command in '/home/ubuntu/robot_ws/src/MQP/build/inchworm_control' returned '0': CMAKE_PREFIX_PATH=${CMAKE_PREFIX_PATH}:/home/ubuntu/robot_ws/src/MQP/install/motor_control:/home/ubuntu/robot_ws/install/motor_control:/opt/ros/foxy /usr/bin/cmake --build /home/ubuntu/robot_ws/src/MQP/build/inchworm_control -- -j4 -l4
[15.006s] DEBUG:colcon.colcon_core.event_handler.log_command:Invoking command in '/home/ubuntu/robot_ws/src/MQP/build/inchworm_control': CMAKE_PREFIX_PATH=${CMAKE_PREFIX_PATH}:/home/ubuntu/robot_ws/src/MQP/install/motor_control:/home/ubuntu/robot_ws/install/motor_control:/opt/ros/foxy /usr/bin/cmake --install /home/ubuntu/robot_ws/src/MQP/build/inchworm_control
[15.476s] Level 1:colcon.colcon_core.environment:create_environment_scripts_only(inchworm_control)
[15.480s] DEBUG:colcon.colcon_core.event_handler.log_command:Invoked command in '/home/ubuntu/robot_ws/src/MQP/build/inchworm_control' returned '0': CMAKE_PREFIX_PATH=${CMAKE_PREFIX_PATH}:/home/ubuntu/robot_ws/src/MQP/install/motor_control:/home/ubuntu/robot_ws/install/motor_control:/opt/ros/foxy /usr/bin/cmake --install /home/ubuntu/robot_ws/src/MQP/build/inchworm_control
[15.644s] Level 1:colcon.colcon_core.environment:checking '/home/ubuntu/robot_ws/src/MQP/install/inchworm_control' for CMake module files
[15.648s] Level 1:colcon.colcon_core.environment:checking '/home/ubuntu/robot_ws/src/MQP/install/inchworm_control' for CMake config files
[15.653s] Level 1:colcon.colcon_core.shell:create_environment_hook('inchworm_control', 'cmake_prefix_path')
[15.812s] INFO:colcon.colcon_core.shell:Creating environment hook '/home/ubuntu/robot_ws/src/MQP/install/inchworm_control/share/inchworm_control/hook/cmake_prefix_path.ps1'
[15.815s] INFO:colcon.colcon_core.shell:Creating environment descriptor '/home/ubuntu/robot_ws/src/MQP/install/inchworm_control/share/inchworm_control/hook/cmake_prefix_path.dsv'
[15.818s] INFO:colcon.colcon_core.shell:Creating environment hook '/home/ubuntu/robot_ws/src/MQP/install/inchworm_control/share/inchworm_control/hook/cmake_prefix_path.sh'
[15.822s] Level 1:colcon.colcon_core.environment:checking '/home/ubuntu/robot_ws/src/MQP/install/inchworm_control/lib'
[15.823s] Level 1:colcon.colcon_core.shell:create_environment_hook('inchworm_control', 'ld_library_path_lib')
[15.983s] INFO:colcon.colcon_core.shell:Creating environment hook '/home/ubuntu/robot_ws/src/MQP/install/inchworm_control/share/inchworm_control/hook/ld_library_path_lib.ps1'
[15.985s] INFO:colcon.colcon_core.shell:Creating environment descriptor '/home/ubuntu/robot_ws/src/MQP/install/inchworm_control/share/inchworm_control/hook/ld_library_path_lib.dsv'
[15.987s] INFO:colcon.colcon_core.shell:Creating environment hook '/home/ubuntu/robot_ws/src/MQP/install/inchworm_control/share/inchworm_control/hook/ld_library_path_lib.sh'
[15.988s] Level 1:colcon.colcon_core.environment:checking '/home/ubuntu/robot_ws/src/MQP/install/inchworm_control/bin'
[15.989s] Level 1:colcon.colcon_core.environment:checking '/home/ubuntu/robot_ws/src/MQP/install/inchworm_control/lib/pkgconfig/inchworm_control.pc'
[15.990s] Level 1:colcon.colcon_core.environment:checking '/home/ubuntu/robot_ws/src/MQP/install/inchworm_control/lib/python3.8/site-packages'
[15.990s] Level 1:colcon.colcon_core.shell:create_environment_hook('inchworm_control', 'pythonpath')
[16.142s] INFO:colcon.colcon_core.shell:Creating environment hook '/home/ubuntu/robot_ws/src/MQP/install/inchworm_control/share/inchworm_control/hook/pythonpath.ps1'
[16.144s] INFO:colcon.colcon_core.shell:Creating environment descriptor '/home/ubuntu/robot_ws/src/MQP/install/inchworm_control/share/inchworm_control/hook/pythonpath.dsv'
[16.146s] INFO:colcon.colcon_core.shell:Creating environment hook '/home/ubuntu/robot_ws/src/MQP/install/inchworm_control/share/inchworm_control/hook/pythonpath.sh'
[16.149s] Level 1:colcon.colcon_core.environment:checking '/home/ubuntu/robot_ws/src/MQP/install/inchworm_control/bin'
[16.303s] INFO:colcon.colcon_core.shell:Creating package script '/home/ubuntu/robot_ws/src/MQP/install/inchworm_control/share/inchworm_control/package.ps1'
[16.306s] INFO:colcon.colcon_core.shell:Creating package descriptor '/home/ubuntu/robot_ws/src/MQP/install/inchworm_control/share/inchworm_control/package.dsv'
[16.309s] INFO:colcon.colcon_core.shell:Creating package script '/home/ubuntu/robot_ws/src/MQP/install/inchworm_control/share/inchworm_control/package.sh'
[16.312s] INFO:colcon.colcon_core.shell:Creating package script '/home/ubuntu/robot_ws/src/MQP/install/inchworm_control/share/inchworm_control/package.bash'
[16.315s] INFO:colcon.colcon_core.shell:Creating package script '/home/ubuntu/robot_ws/src/MQP/install/inchworm_control/share/inchworm_control/package.zsh'
[16.318s] Level 1:colcon.colcon_core.environment:create_file_with_runtime_dependencies(/home/ubuntu/robot_ws/src/MQP/install/inchworm_control/share/colcon-core/packages/inchworm_control)
[16.902s] Level 1:colcon.colcon_core.environment:create_environment_scripts_only(inchworm_control)
[17.060s] Level 1:colcon.colcon_core.environment:checking '/home/ubuntu/robot_ws/src/MQP/install/inchworm_control' for CMake module files
[17.064s] Level 1:colcon.colcon_core.environment:checking '/home/ubuntu/robot_ws/src/MQP/install/inchworm_control' for CMake config files
[17.070s] Level 1:colcon.colcon_core.shell:create_environment_hook('inchworm_control', 'cmake_prefix_path')
[17.224s] INFO:colcon.colcon_core.shell:Creating environment hook '/home/ubuntu/robot_ws/src/MQP/install/inchworm_control/share/inchworm_control/hook/cmake_prefix_path.ps1'
[17.226s] INFO:colcon.colcon_core.shell:Creating environment descriptor '/home/ubuntu/robot_ws/src/MQP/install/inchworm_control/share/inchworm_control/hook/cmake_prefix_path.dsv'
[17.228s] INFO:colcon.colcon_core.shell:Creating environment hook '/home/ubuntu/robot_ws/src/MQP/install/inchworm_control/share/inchworm_control/hook/cmake_prefix_path.sh'
[17.231s] Level 1:colcon.colcon_core.environment:checking '/home/ubuntu/robot_ws/src/MQP/install/inchworm_control/lib'
[17.231s] Level 1:colcon.colcon_core.shell:create_environment_hook('inchworm_control', 'ld_library_path_lib')
[17.387s] INFO:colcon.colcon_core.shell:Creating environment hook '/home/ubuntu/robot_ws/src/MQP/install/inchworm_control/share/inchworm_control/hook/ld_library_path_lib.ps1'
[17.389s] INFO:colcon.colcon_core.shell:Creating environment descriptor '/home/ubuntu/robot_ws/src/MQP/install/inchworm_control/share/inchworm_control/hook/ld_library_path_lib.dsv'
[17.391s] INFO:colcon.colcon_core.shell:Creating environment hook '/home/ubuntu/robot_ws/src/MQP/install/inchworm_control/share/inchworm_control/hook/ld_library_path_lib.sh'
[17.393s] Level 1:colcon.colcon_core.environment:checking '/home/ubuntu/robot_ws/src/MQP/install/inchworm_control/bin'
[17.393s] Level 1:colcon.colcon_core.environment:checking '/home/ubuntu/robot_ws/src/MQP/install/inchworm_control/lib/pkgconfig/inchworm_control.pc'
[17.394s] Level 1:colcon.colcon_core.environment:checking '/home/ubuntu/robot_ws/src/MQP/install/inchworm_control/lib/python3.8/site-packages'
[17.395s] Level 1:colcon.colcon_core.shell:create_environment_hook('inchworm_control', 'pythonpath')
[17.555s] INFO:colcon.colcon_core.shell:Creating environment hook '/home/ubuntu/robot_ws/src/MQP/install/inchworm_control/share/inchworm_control/hook/pythonpath.ps1'
[17.556s] INFO:colcon.colcon_core.shell:Creating environment descriptor '/home/ubuntu/robot_ws/src/MQP/install/inchworm_control/share/inchworm_control/hook/pythonpath.dsv'
[17.558s] INFO:colcon.colcon_core.shell:Creating environment hook '/home/ubuntu/robot_ws/src/MQP/install/inchworm_control/share/inchworm_control/hook/pythonpath.sh'
[17.560s] Level 1:colcon.colcon_core.environment:checking '/home/ubuntu/robot_ws/src/MQP/install/inchworm_control/bin'
[17.717s] INFO:colcon.colcon_core.shell:Creating package script '/home/ubuntu/robot_ws/src/MQP/install/inchworm_control/share/inchworm_control/package.ps1'
[17.720s] INFO:colcon.colcon_core.shell:Creating package descriptor '/home/ubuntu/robot_ws/src/MQP/install/inchworm_control/share/inchworm_control/package.dsv'
[17.723s] INFO:colcon.colcon_core.shell:Creating package script '/home/ubuntu/robot_ws/src/MQP/install/inchworm_control/share/inchworm_control/package.sh'
[17.725s] INFO:colcon.colcon_core.shell:Creating package script '/home/ubuntu/robot_ws/src/MQP/install/inchworm_control/share/inchworm_control/package.bash'
[17.727s] INFO:colcon.colcon_core.shell:Creating package script '/home/ubuntu/robot_ws/src/MQP/install/inchworm_control/share/inchworm_control/package.zsh'
[17.729s] Level 1:colcon.colcon_core.environment:create_file_with_runtime_dependencies(/home/ubuntu/robot_ws/src/MQP/install/inchworm_control/share/colcon-core/packages/inchworm_control)
[17.731s] DEBUG:colcon.colcon_parallel_executor.executor.parallel:closing loop
[17.732s] DEBUG:colcon.colcon_parallel_executor.executor.parallel:loop closed
[17.732s] DEBUG:colcon.colcon_parallel_executor.executor.parallel:run_until_complete finished with '0'
[17.733s] DEBUG:colcon.colcon_core.event_reactor:joining thread
[17.906s] INFO:colcon.colcon_core.plugin_system:Skipping extension 'colcon_notification.desktop_notification.terminal_notifier': Not used on non-Darwin systems
[17.907s] INFO:colcon.colcon_core.plugin_system:Skipping extension 'colcon_notification.desktop_notification.win32': Not used on non-Windows systems
[17.907s] INFO:colcon.colcon_notification.desktop_notification:Sending desktop notification using 'notify2'
