[0.969s] Invoking command in '/home/ubuntu/robot_ws/src/MQP/build/inchworm_control': CMAKE_PREFIX_PATH=${CMAKE_PREFIX_PATH}:/home/ubuntu/robot_ws/src/MQP/install/motor_control:/home/ubuntu/robot_ws/install/motor_control:/opt/ros/foxy /usr/bin/cmake --build /home/ubuntu/robot_ws/src/MQP/build/inchworm_control -- -j4 -l4
[1.093s] -- Found ament_cmake: 0.9.12 (/opt/ros/foxy/share/ament_cmake/cmake)
[1.194s] -- Found PythonInterp: /usr/bin/python3 (found suitable version "3.8.10", minimum required is "3") 
[1.194s] -- Using PYTHON_EXECUTABLE: /usr/bin/python3
[1.961s] -- Found rclpy: 1.0.13 (/opt/ros/foxy/share/rclpy/cmake)
[1.961s] -- Found std_msgs: 2.0.5 (/opt/ros/foxy/share/std_msgs/cmake)
[2.080s] -- Using all available rosidl_typesupport_c: rosidl_typesupport_fastrtps_c;rosidl_typesupport_introspection_c
[2.093s] -- Found rosidl_adapter: 1.3.1 (/opt/ros/foxy/share/rosidl_adapter/cmake)
[2.993s] -- Using all available rosidl_typesupport_cpp: rosidl_typesupport_fastrtps_cpp;rosidl_typesupport_introspection_cpp
[3.147s] -- Found rosidl_default_generators: 1.0.1 (/opt/ros/foxy/share/rosidl_default_generators/cmake)
[3.188s] -- Found ament_lint_auto: 0.9.8 (/opt/ros/foxy/share/ament_lint_auto/cmake)
[4.169s] -- Found PythonInterp: /usr/bin/python3 (found version "3.8.10") 
[4.567s] -- Found ament_cmake_ros: 0.9.2 (/opt/ros/foxy/share/ament_cmake_ros/cmake)
[5.655s] -- Using all available rosidl_typesupport_c: rosidl_typesupport_fastrtps_c;rosidl_typesupport_introspection_c
[5.899s] -- Using all available rosidl_typesupport_cpp: rosidl_typesupport_fastrtps_cpp;rosidl_typesupport_introspection_cpp
[6.010s] -- Found PythonInterp: /usr/bin/python3 (found suitable version "3.8.10", minimum required is "3.5") 
[6.011s] -- Found python_cmake_module: 0.8.1 (/opt/ros/foxy/share/python_cmake_module/cmake)
[6.125s] -- Using PYTHON_EXECUTABLE: /usr/bin/python3
[6.125s] -- Using PYTHON_INCLUDE_DIRS: /usr/include/python3.8
[6.126s] -- Using PYTHON_LIBRARIES: /usr/lib/aarch64-linux-gnu/libpython3.8.so
[6.275s] -- Added test 'copyright' to check source files copyright and LICENSE
[6.743s] -- Added test 'cppcheck' to perform static code analysis on C / C++ code
[6.747s] -- Configured cppcheck include dirs: 
[6.748s] -- Configured cppcheck exclude dirs and/or files: 
[7.218s] -- Added test 'cpplint' to check C / C++ code against the Google style
[7.218s] -- Configured cpplint exclude dirs and/or files: 
[7.278s] -- Added test 'flake8' to check Python code syntax and style conventions
[7.395s] -- Added test 'lint_cmake' to check CMake code style
[7.455s] -- Added test 'pep257' to check Python code against some of the style conventions in PEP 257
[7.922s] -- Added test 'uncrustify' to check C / C++ code style
[7.922s] -- Configured uncrustify additional arguments: 
[7.982s] -- Added test 'xmllint' to check XML markup files
[8.014s] -- Configuring done
[8.220s] -- Generating done
[8.235s] -- Build files have been written to: /home/ubuntu/robot_ws/src/MQP/build/inchworm_control
[8.353s] [35m[1mScanning dependencies of target inchworm_control__cpp[0m
[8.360s] [  2%] [34m[1mGenerating C code for ROS interfaces[0m
[8.420s] [  5%] [34m[1mGenerating C++ code for ROS interfaces[0m
[9.727s] [35m[1mScanning dependencies of target inchworm_control__rosidl_generator_c[0m
[9.737s] [  5%] Built target inchworm_control__cpp
[9.788s] [  7%] [32mBuilding C object CMakeFiles/inchworm_control__rosidl_generator_c.dir/rosidl_generator_c/inchworm_control/msg/detail/thruple__functions.c.o[0m
[9.793s] [ 10%] [34m[1mGenerating C++ type support dispatch for ROS interfaces[0m
[9.802s] [ 12%] [34m[1mGenerating C++ introspection for ROS interfaces[0m
[9.807s] [ 15%] [34m[1mGenerating C++ type support for eProsima Fast-RTPS[0m
[10.082s] [ 17%] [32mBuilding C object CMakeFiles/inchworm_control__rosidl_generator_c.dir/rosidl_generator_c/inchworm_control/msg/detail/tuple__functions.c.o[0m
[10.398s] [ 20%] [32m[1mLinking C shared library libinchworm_control__rosidl_generator_c.so[0m
[10.687s] [ 20%] Built target inchworm_control__rosidl_generator_c
[10.754s] [ 23%] [34m[1mGenerating C introspection for ROS interfaces[0m
[11.057s] [35m[1mScanning dependencies of target inchworm_control__rosidl_typesupport_cpp[0m
[11.187s] [ 25%] [32mBuilding CXX object CMakeFiles/inchworm_control__rosidl_typesupport_cpp.dir/rosidl_typesupport_cpp/inchworm_control/msg/thruple__type_support.cpp.o[0m
[11.245s] [35m[1mScanning dependencies of target inchworm_control__rosidl_typesupport_introspection_cpp[0m
[11.362s] [ 28%] [32mBuilding CXX object CMakeFiles/inchworm_control__rosidl_typesupport_introspection_cpp.dir/rosidl_typesupport_introspection_cpp/inchworm_control/msg/detail/thruple__type_support.cpp.o[0m
[11.395s] [35m[1mScanning dependencies of target inchworm_control__rosidl_typesupport_fastrtps_cpp[0m
[11.515s] [ 30%] [32mBuilding CXX object CMakeFiles/inchworm_control__rosidl_typesupport_fastrtps_cpp.dir/rosidl_typesupport_fastrtps_cpp/inchworm_control/msg/detail/dds_fastrtps/thruple__type_support.cpp.o[0m
[12.378s] [35m[1mScanning dependencies of target inchworm_control__rosidl_typesupport_introspection_c[0m
[12.525s] [ 33%] [32mBuilding C object CMakeFiles/inchworm_control__rosidl_typesupport_introspection_c.dir/rosidl_typesupport_introspection_c/inchworm_control/msg/detail/thruple__type_support.c.o[0m
[12.782s] [ 35%] [32mBuilding C object CMakeFiles/inchworm_control__rosidl_typesupport_introspection_c.dir/rosidl_typesupport_introspection_c/inchworm_control/msg/detail/tuple__type_support.c.o[0m
[12.860s] [ 38%] [32mBuilding CXX object CMakeFiles/inchworm_control__rosidl_typesupport_cpp.dir/rosidl_typesupport_cpp/inchworm_control/msg/tuple__type_support.cpp.o[0m
[13.009s] [ 41%] [32m[1mLinking C shared library libinchworm_control__rosidl_typesupport_introspection_c.so[0m
[13.024s] [ 43%] [32mBuilding CXX object CMakeFiles/inchworm_control__rosidl_typesupport_introspection_cpp.dir/rosidl_typesupport_introspection_cpp/inchworm_control/msg/detail/tuple__type_support.cpp.o[0m
[13.189s] [ 43%] Built target inchworm_control__rosidl_typesupport_introspection_c
[13.265s] [ 46%] [34m[1mGenerating C type support dispatch for ROS interfaces[0m
[14.637s] [ 48%] [32mBuilding CXX object CMakeFiles/inchworm_control__rosidl_typesupport_fastrtps_cpp.dir/rosidl_typesupport_fastrtps_cpp/inchworm_control/msg/detail/dds_fastrtps/tuple__type_support.cpp.o[0m
[14.912s] [ 51%] [32m[1mLinking CXX shared library libinchworm_control__rosidl_typesupport_cpp.so[0m
[14.966s] [35m[1mScanning dependencies of target inchworm_control__rosidl_typesupport_c[0m
[15.173s] [ 53%] [32mBuilding CXX object CMakeFiles/inchworm_control__rosidl_typesupport_c.dir/rosidl_typesupport_c/inchworm_control/msg/thruple__type_support.cpp.o[0m
[15.361s] [ 56%] [32m[1mLinking CXX shared library libinchworm_control__rosidl_typesupport_introspection_cpp.so[0m
[15.484s] [ 56%] Built target inchworm_control__rosidl_typesupport_cpp
[15.566s] [ 58%] [32mBuilding CXX object CMakeFiles/inchworm_control__rosidl_typesupport_c.dir/rosidl_typesupport_c/inchworm_control/msg/tuple__type_support.cpp.o[0m
[15.834s] [ 61%] [32m[1mLinking CXX shared library libinchworm_control__rosidl_typesupport_c.so[0m
[15.844s] [ 61%] Built target inchworm_control__rosidl_typesupport_introspection_cpp
[16.006s] [ 61%] Built target inchworm_control__rosidl_typesupport_c
[16.924s] [ 64%] [32m[1mLinking CXX shared library libinchworm_control__rosidl_typesupport_fastrtps_cpp.so[0m
[17.252s] [ 64%] Built target inchworm_control__rosidl_typesupport_fastrtps_cpp
[17.303s] [ 66%] [34m[1mGenerating C type support for eProsima Fast-RTPS[0m
[18.287s] [35m[1mScanning dependencies of target inchworm_control__rosidl_typesupport_fastrtps_c[0m
[18.351s] [ 69%] [32mBuilding CXX object CMakeFiles/inchworm_control__rosidl_typesupport_fastrtps_c.dir/rosidl_typesupport_fastrtps_c/inchworm_control/msg/detail/thruple__type_support_c.cpp.o[0m
[18.356s] [ 71%] [32mBuilding CXX object CMakeFiles/inchworm_control__rosidl_typesupport_fastrtps_c.dir/rosidl_typesupport_fastrtps_c/inchworm_control/msg/detail/tuple__type_support_c.cpp.o[0m
[19.919s] [ 74%] [32m[1mLinking CXX shared library libinchworm_control__rosidl_typesupport_fastrtps_c.so[0m
[20.237s] [ 74%] Built target inchworm_control__rosidl_typesupport_fastrtps_c
[20.327s] [ 74%] Built target inchworm_control
[20.371s] [35m[1mScanning dependencies of target inchworm_control__py[0m
[20.453s] [ 76%] Built target inchworm_control__py
[20.506s] [35m[1mScanning dependencies of target inchworm_control__python[0m
[20.584s] [ 82%] [32mBuilding C object CMakeFiles/inchworm_control__python.dir/rosidl_generator_py/inchworm_control/msg/_tuple_s.c.o[0m
[20.585s] [ 82%] [32mBuilding C object CMakeFiles/inchworm_control__python.dir/rosidl_generator_py/inchworm_control/msg/_thruple_s.c.o[0m
[20.974s] [ 84%] [32m[1mLinking C shared library rosidl_generator_py/inchworm_control/libinchworm_control__python.so[0m
[21.186s] [ 84%] Built target inchworm_control__python
[21.238s] [35m[1mScanning dependencies of target inchworm_control__rosidl_typesupport_c__pyext[0m
[21.245s] [35m[1mScanning dependencies of target inchworm_control__rosidl_typesupport_introspection_c__pyext[0m
[21.245s] [35m[1mScanning dependencies of target inchworm_control__rosidl_typesupport_fastrtps_c__pyext[0m
[21.316s] [ 87%] [32mBuilding C object CMakeFiles/inchworm_control__rosidl_typesupport_c__pyext.dir/rosidl_generator_py/inchworm_control/_inchworm_control_s.ep.rosidl_typesupport_c.c.o[0m
[21.351s] [ 89%] [32mBuilding C object CMakeFiles/inchworm_control__rosidl_typesupport_introspection_c__pyext.dir/rosidl_generator_py/inchworm_control/_inchworm_control_s.ep.rosidl_typesupport_introspection_c.c.o[0m
[21.362s] [ 92%] [32mBuilding C object CMakeFiles/inchworm_control__rosidl_typesupport_fastrtps_c__pyext.dir/rosidl_generator_py/inchworm_control/_inchworm_control_s.ep.rosidl_typesupport_fastrtps_c.c.o[0m
[21.760s] [ 94%] [32m[1mLinking C shared library rosidl_generator_py/inchworm_control/inchworm_control_s__rosidl_typesupport_c.cpython-38-aarch64-linux-gnu.so[0m
[21.814s] [ 97%] [32m[1mLinking CXX shared library rosidl_generator_py/inchworm_control/inchworm_control_s__rosidl_typesupport_fastrtps_c.cpython-38-aarch64-linux-gnu.so[0m
[21.867s] [100%] [32m[1mLinking C shared library rosidl_generator_py/inchworm_control/inchworm_control_s__rosidl_typesupport_introspection_c.cpython-38-aarch64-linux-gnu.so[0m
[22.068s] [100%] Built target inchworm_control__rosidl_typesupport_c__pyext
[22.143s] [100%] Built target inchworm_control__rosidl_typesupport_introspection_c__pyext
[22.215s] [100%] Built target inchworm_control__rosidl_typesupport_fastrtps_c__pyext
[22.259s] Invoked command in '/home/ubuntu/robot_ws/src/MQP/build/inchworm_control' returned '0': CMAKE_PREFIX_PATH=${CMAKE_PREFIX_PATH}:/home/ubuntu/robot_ws/src/MQP/install/motor_control:/home/ubuntu/robot_ws/install/motor_control:/opt/ros/foxy /usr/bin/cmake --build /home/ubuntu/robot_ws/src/MQP/build/inchworm_control -- -j4 -l4
[22.745s] Invoking command in '/home/ubuntu/robot_ws/src/MQP/build/inchworm_control': CMAKE_PREFIX_PATH=${CMAKE_PREFIX_PATH}:/home/ubuntu/robot_ws/src/MQP/install/motor_control:/home/ubuntu/robot_ws/install/motor_control:/opt/ros/foxy /usr/bin/cmake --install /home/ubuntu/robot_ws/src/MQP/build/inchworm_control
[22.782s] -- Install configuration: ""
[22.783s] -- Up-to-date: /home/ubuntu/robot_ws/src/MQP/install/inchworm_control/share/ament_index/resource_index/rosidl_interfaces/inchworm_control
[22.784s] -- Up-to-date: /home/ubuntu/robot_ws/src/MQP/install/inchworm_control/include/inchworm_control
[22.784s] -- Up-to-date: /home/ubuntu/robot_ws/src/MQP/install/inchworm_control/include/inchworm_control/msg
[22.784s] -- Up-to-date: /home/ubuntu/robot_ws/src/MQP/install/inchworm_control/include/inchworm_control/msg/detail
[22.785s] -- Installing: /home/ubuntu/robot_ws/src/MQP/install/inchworm_control/include/inchworm_control/msg/detail/tuple__functions.h
[22.785s] -- Installing: /home/ubuntu/robot_ws/src/MQP/install/inchworm_control/include/inchworm_control/msg/detail/thruple__functions.h
[22.786s] -- Installing: /home/ubuntu/robot_ws/src/MQP/install/inchworm_control/include/inchworm_control/msg/detail/tuple__type_support.h
[22.787s] -- Installing: /home/ubuntu/robot_ws/src/MQP/install/inchworm_control/include/inchworm_control/msg/detail/thruple__type_support.h
[22.788s] -- Installing: /home/ubuntu/robot_ws/src/MQP/install/inchworm_control/include/inchworm_control/msg/detail/tuple__struct.h
[22.789s] -- Installing: /home/ubuntu/robot_ws/src/MQP/install/inchworm_control/include/inchworm_control/msg/detail/tuple__functions.c
[22.790s] -- Installing: /home/ubuntu/robot_ws/src/MQP/install/inchworm_control/include/inchworm_control/msg/detail/thruple__functions.c
[22.791s] -- Installing: /home/ubuntu/robot_ws/src/MQP/install/inchworm_control/include/inchworm_control/msg/detail/thruple__struct.h
[22.792s] -- Up-to-date: /home/ubuntu/robot_ws/src/MQP/install/inchworm_control/include/inchworm_control/msg/rosidl_generator_c__visibility_control.h
[22.792s] -- Installing: /home/ubuntu/robot_ws/src/MQP/install/inchworm_control/include/inchworm_control/msg/tuple.h
[22.793s] -- Installing: /home/ubuntu/robot_ws/src/MQP/install/inchworm_control/include/inchworm_control/msg/thruple.h
[22.794s] -- Up-to-date: /home/ubuntu/robot_ws/src/MQP/install/inchworm_control/share/inchworm_control/environment/library_path.sh
[22.795s] -- Installing: /home/ubuntu/robot_ws/src/MQP/install/inchworm_control/share/inchworm_control/environment/library_path.dsv
[22.797s] -- Installing: /home/ubuntu/robot_ws/src/MQP/install/inchworm_control/lib/libinchworm_control__rosidl_generator_c.so
[22.800s] -- Set runtime path of "/home/ubuntu/robot_ws/src/MQP/install/inchworm_control/lib/libinchworm_control__rosidl_generator_c.so" to ""
[22.801s] -- Up-to-date: /home/ubuntu/robot_ws/src/MQP/install/inchworm_control/include/inchworm_control
[22.801s] -- Up-to-date: /home/ubuntu/robot_ws/src/MQP/install/inchworm_control/include/inchworm_control/msg
[22.801s] -- Up-to-date: /home/ubuntu/robot_ws/src/MQP/install/inchworm_control/include/inchworm_control/msg/rosidl_typesupport_fastrtps_c__visibility_control.h
[22.802s] -- Up-to-date: /home/ubuntu/robot_ws/src/MQP/install/inchworm_control/include/inchworm_control/msg/detail
[22.802s] -- Installing: /home/ubuntu/robot_ws/src/MQP/install/inchworm_control/include/inchworm_control/msg/detail/tuple__rosidl_typesupport_fastrtps_c.h
[22.802s] -- Installing: /home/ubuntu/robot_ws/src/MQP/install/inchworm_control/include/inchworm_control/msg/detail/thruple__rosidl_typesupport_fastrtps_c.h
[22.804s] -- Installing: /home/ubuntu/robot_ws/src/MQP/install/inchworm_control/lib/libinchworm_control__rosidl_typesupport_fastrtps_c.so
[22.807s] -- Set runtime path of "/home/ubuntu/robot_ws/src/MQP/install/inchworm_control/lib/libinchworm_control__rosidl_typesupport_fastrtps_c.so" to ""
[22.807s] -- Up-to-date: /home/ubuntu/robot_ws/src/MQP/install/inchworm_control/include/inchworm_control
[22.808s] -- Up-to-date: /home/ubuntu/robot_ws/src/MQP/install/inchworm_control/include/inchworm_control/msg
[22.808s] -- Up-to-date: /home/ubuntu/robot_ws/src/MQP/install/inchworm_control/include/inchworm_control/msg/rosidl_typesupport_fastrtps_cpp__visibility_control.h
[22.808s] -- Up-to-date: /home/ubuntu/robot_ws/src/MQP/install/inchworm_control/include/inchworm_control/msg/detail
[22.809s] -- Up-to-date: /home/ubuntu/robot_ws/src/MQP/install/inchworm_control/include/inchworm_control/msg/detail/dds_fastrtps
[22.809s] -- Installing: /home/ubuntu/robot_ws/src/MQP/install/inchworm_control/include/inchworm_control/msg/detail/thruple__rosidl_typesupport_fastrtps_cpp.hpp
[22.810s] -- Installing: /home/ubuntu/robot_ws/src/MQP/install/inchworm_control/include/inchworm_control/msg/detail/tuple__rosidl_typesupport_fastrtps_cpp.hpp
[22.812s] -- Installing: /home/ubuntu/robot_ws/src/MQP/install/inchworm_control/lib/libinchworm_control__rosidl_typesupport_fastrtps_cpp.so
[22.814s] -- Set runtime path of "/home/ubuntu/robot_ws/src/MQP/install/inchworm_control/lib/libinchworm_control__rosidl_typesupport_fastrtps_cpp.so" to ""
[22.815s] -- Up-to-date: /home/ubuntu/robot_ws/src/MQP/install/inchworm_control/include/inchworm_control
[22.815s] -- Up-to-date: /home/ubuntu/robot_ws/src/MQP/install/inchworm_control/include/inchworm_control/msg
[22.815s] -- Up-to-date: /home/ubuntu/robot_ws/src/MQP/install/inchworm_control/include/inchworm_control/msg/detail
[22.816s] -- Installing: /home/ubuntu/robot_ws/src/MQP/install/inchworm_control/include/inchworm_control/msg/detail/thruple__rosidl_typesupport_introspection_c.h
[22.817s] -- Installing: /home/ubuntu/robot_ws/src/MQP/install/inchworm_control/include/inchworm_control/msg/detail/tuple__type_support.c
[22.823s] -- Installing: /home/ubuntu/robot_ws/src/MQP/install/inchworm_control/include/inchworm_control/msg/detail/thruple__type_support.c
[22.824s] -- Installing: /home/ubuntu/robot_ws/src/MQP/install/inchworm_control/include/inchworm_control/msg/detail/tuple__rosidl_typesupport_introspection_c.h
[22.824s] -- Up-to-date: /home/ubuntu/robot_ws/src/MQP/install/inchworm_control/include/inchworm_control/msg/rosidl_typesupport_introspection_c__visibility_control.h
[22.825s] -- Installing: /home/ubuntu/robot_ws/src/MQP/install/inchworm_control/lib/libinchworm_control__rosidl_typesupport_introspection_c.so
[22.825s] -- Set runtime path of "/home/ubuntu/robot_ws/src/MQP/install/inchworm_control/lib/libinchworm_control__rosidl_typesupport_introspection_c.so" to ""
[22.826s] -- Installing: /home/ubuntu/robot_ws/src/MQP/install/inchworm_control/lib/libinchworm_control__rosidl_typesupport_c.so
[22.827s] -- Set runtime path of "/home/ubuntu/robot_ws/src/MQP/install/inchworm_control/lib/libinchworm_control__rosidl_typesupport_c.so" to ""
[22.828s] -- Up-to-date: /home/ubuntu/robot_ws/src/MQP/install/inchworm_control/include/inchworm_control
[22.829s] -- Up-to-date: /home/ubuntu/robot_ws/src/MQP/install/inchworm_control/include/inchworm_control/msg
[22.829s] -- Up-to-date: /home/ubuntu/robot_ws/src/MQP/install/inchworm_control/include/inchworm_control/msg/detail
[22.829s] -- Installing: /home/ubuntu/robot_ws/src/MQP/install/inchworm_control/include/inchworm_control/msg/detail/thruple__builder.hpp
[22.830s] -- Installing: /home/ubuntu/robot_ws/src/MQP/install/inchworm_control/include/inchworm_control/msg/detail/thruple__struct.hpp
[22.831s] -- Installing: /home/ubuntu/robot_ws/src/MQP/install/inchworm_control/include/inchworm_control/msg/detail/tuple__type_support.hpp
[22.832s] -- Installing: /home/ubuntu/robot_ws/src/MQP/install/inchworm_control/include/inchworm_control/msg/detail/tuple__traits.hpp
[22.833s] -- Installing: /home/ubuntu/robot_ws/src/MQP/install/inchworm_control/include/inchworm_control/msg/detail/thruple__type_support.hpp
[22.834s] -- Installing: /home/ubuntu/robot_ws/src/MQP/install/inchworm_control/include/inchworm_control/msg/detail/tuple__builder.hpp
[22.835s] -- Installing: /home/ubuntu/robot_ws/src/MQP/install/inchworm_control/include/inchworm_control/msg/detail/tuple__struct.hpp
[22.836s] -- Installing: /home/ubuntu/robot_ws/src/MQP/install/inchworm_control/include/inchworm_control/msg/detail/thruple__traits.hpp
[22.837s] -- Up-to-date: /home/ubuntu/robot_ws/src/MQP/install/inchworm_control/include/inchworm_control/msg/rosidl_generator_cpp__visibility_control.hpp
[22.837s] -- Installing: /home/ubuntu/robot_ws/src/MQP/install/inchworm_control/include/inchworm_control/msg/tuple.hpp
[22.838s] -- Installing: /home/ubuntu/robot_ws/src/MQP/install/inchworm_control/include/inchworm_control/msg/thruple.hpp
[22.839s] -- Up-to-date: /home/ubuntu/robot_ws/src/MQP/install/inchworm_control/include/inchworm_control
[22.839s] -- Up-to-date: /home/ubuntu/robot_ws/src/MQP/install/inchworm_control/include/inchworm_control/msg
[22.840s] -- Up-to-date: /home/ubuntu/robot_ws/src/MQP/install/inchworm_control/include/inchworm_control/msg/detail
[22.840s] -- Installing: /home/ubuntu/robot_ws/src/MQP/install/inchworm_control/include/inchworm_control/msg/detail/tuple__rosidl_typesupport_introspection_cpp.hpp
[22.841s] -- Installing: /home/ubuntu/robot_ws/src/MQP/install/inchworm_control/include/inchworm_control/msg/detail/thruple__rosidl_typesupport_introspection_cpp.hpp
[22.842s] -- Installing: /home/ubuntu/robot_ws/src/MQP/install/inchworm_control/include/inchworm_control/msg/detail/thruple__type_support.cpp
[22.843s] -- Installing: /home/ubuntu/robot_ws/src/MQP/install/inchworm_control/include/inchworm_control/msg/detail/tuple__type_support.cpp
[22.845s] -- Installing: /home/ubuntu/robot_ws/src/MQP/install/inchworm_control/lib/libinchworm_control__rosidl_typesupport_introspection_cpp.so
[22.848s] -- Set runtime path of "/home/ubuntu/robot_ws/src/MQP/install/inchworm_control/lib/libinchworm_control__rosidl_typesupport_introspection_cpp.so" to ""
[22.849s] -- Installing: /home/ubuntu/robot_ws/src/MQP/install/inchworm_control/lib/libinchworm_control__rosidl_typesupport_cpp.so
[22.851s] -- Set runtime path of "/home/ubuntu/robot_ws/src/MQP/install/inchworm_control/lib/libinchworm_control__rosidl_typesupport_cpp.so" to ""
[22.852s] -- Up-to-date: /home/ubuntu/robot_ws/src/MQP/install/inchworm_control/share/inchworm_control/environment/pythonpath.sh
[22.852s] -- Installing: /home/ubuntu/robot_ws/src/MQP/install/inchworm_control/share/inchworm_control/environment/pythonpath.dsv
[22.853s] -- Installing: /home/ubuntu/robot_ws/src/MQP/install/inchworm_control/lib/python3.8/site-packages/inchworm_control/__init__.py
[22.984s] Compiling '/home/ubuntu/robot_ws/src/MQP/install/inchworm_control/lib/python3.8/site-packages/inchworm_control/__init__.py'...
[23.004s] -- Up-to-date: /home/ubuntu/robot_ws/src/MQP/install/inchworm_control/lib/python3.8/site-packages/inchworm_control/msg
[23.005s] -- Up-to-date: /home/ubuntu/robot_ws/src/MQP/install/inchworm_control/lib/python3.8/site-packages/inchworm_control/msg/_tuple_s.c
[23.005s] -- Up-to-date: /home/ubuntu/robot_ws/src/MQP/install/inchworm_control/lib/python3.8/site-packages/inchworm_control/msg/_tuple.py
[23.006s] -- Installing: /home/ubuntu/robot_ws/src/MQP/install/inchworm_control/lib/python3.8/site-packages/inchworm_control/msg/_thruple_s.c
[23.006s] -- Installing: /home/ubuntu/robot_ws/src/MQP/install/inchworm_control/lib/python3.8/site-packages/inchworm_control/msg/_thruple.py
[23.007s] -- Up-to-date: /home/ubuntu/robot_ws/src/MQP/install/inchworm_control/lib/python3.8/site-packages/inchworm_control/msg/__init__.py
[23.009s] -- Installing: /home/ubuntu/robot_ws/src/MQP/install/inchworm_control/lib/python3.8/site-packages/inchworm_control/inchworm_control_s__rosidl_typesupport_fastrtps_c.cpython-38-aarch64-linux-gnu.so
[23.012s] -- Set runtime path of "/home/ubuntu/robot_ws/src/MQP/install/inchworm_control/lib/python3.8/site-packages/inchworm_control/inchworm_control_s__rosidl_typesupport_fastrtps_c.cpython-38-aarch64-linux-gnu.so" to ""
[23.015s] -- Installing: /home/ubuntu/robot_ws/src/MQP/install/inchworm_control/lib/python3.8/site-packages/inchworm_control/inchworm_control_s__rosidl_typesupport_introspection_c.cpython-38-aarch64-linux-gnu.so
[23.019s] -- Set runtime path of "/home/ubuntu/robot_ws/src/MQP/install/inchworm_control/lib/python3.8/site-packages/inchworm_control/inchworm_control_s__rosidl_typesupport_introspection_c.cpython-38-aarch64-linux-gnu.so" to ""
[23.020s] -- Installing: /home/ubuntu/robot_ws/src/MQP/install/inchworm_control/lib/python3.8/site-packages/inchworm_control/inchworm_control_s__rosidl_typesupport_c.cpython-38-aarch64-linux-gnu.so
[23.023s] -- Set runtime path of "/home/ubuntu/robot_ws/src/MQP/install/inchworm_control/lib/python3.8/site-packages/inchworm_control/inchworm_control_s__rosidl_typesupport_c.cpython-38-aarch64-linux-gnu.so" to ""
[23.025s] -- Installing: /home/ubuntu/robot_ws/src/MQP/install/inchworm_control/lib/libinchworm_control__python.so
[23.027s] -- Set runtime path of "/home/ubuntu/robot_ws/src/MQP/install/inchworm_control/lib/libinchworm_control__python.so" to ""
[23.028s] -- Up-to-date: /home/ubuntu/robot_ws/src/MQP/install/inchworm_control/share/inchworm_control/msg/Thruple.idl
[23.028s] -- Up-to-date: /home/ubuntu/robot_ws/src/MQP/install/inchworm_control/share/inchworm_control/msg/Tuple.idl
[23.029s] -- Up-to-date: /home/ubuntu/robot_ws/src/MQP/install/inchworm_control/share/inchworm_control/msg/Thruple.msg
[23.029s] -- Up-to-date: /home/ubuntu/robot_ws/src/MQP/install/inchworm_control/share/inchworm_control/msg/Tuple.msg
[23.030s] -- Up-to-date: /home/ubuntu/robot_ws/src/MQP/install/inchworm_control/lib/python3.8/site-packages/inchworm_control
[23.030s] -- Up-to-date: /home/ubuntu/robot_ws/src/MQP/install/inchworm_control/lib/python3.8/site-packages/inchworm_control/motor_walking.py
[23.030s] -- Installing: /home/ubuntu/robot_ws/src/MQP/install/inchworm_control/lib/python3.8/site-packages/inchworm_control/motor_controller.py
[23.031s] -- Up-to-date: /home/ubuntu/robot_ws/src/MQP/install/inchworm_control/lib/python3.8/site-packages/inchworm_control/msg
[23.031s] -- Up-to-date: /home/ubuntu/robot_ws/src/MQP/install/inchworm_control/lib/python3.8/site-packages/inchworm_control/msg/Thruple.msg
[23.032s] -- Up-to-date: /home/ubuntu/robot_ws/src/MQP/install/inchworm_control/lib/python3.8/site-packages/inchworm_control/msg/Tuple.msg
[23.032s] -- Up-to-date: /home/ubuntu/robot_ws/src/MQP/install/inchworm_control/lib/python3.8/site-packages/inchworm_control/motor_subscriber.py
[23.033s] -- Up-to-date: /home/ubuntu/robot_ws/src/MQP/install/inchworm_control/lib/python3.8/site-packages/inchworm_control/scripts
[23.033s] -- Up-to-date: /home/ubuntu/robot_ws/src/MQP/install/inchworm_control/lib/python3.8/site-packages/inchworm_control/scripts/movement_command.py
[23.033s] -- Up-to-date: /home/ubuntu/robot_ws/src/MQP/install/inchworm_control/lib/python3.8/site-packages/inchworm_control/log
[23.034s] -- Up-to-date: /home/ubuntu/robot_ws/src/MQP/install/inchworm_control/lib/python3.8/site-packages/inchworm_control/log/latest
[23.034s] -- Up-to-date: /home/ubuntu/robot_ws/src/MQP/install/inchworm_control/lib/python3.8/site-packages/inchworm_control/log/build_2023-11-15_15-40-00
[23.035s] -- Up-to-date: /home/ubuntu/robot_ws/src/MQP/install/inchworm_control/lib/python3.8/site-packages/inchworm_control/log/build_2023-11-15_15-40-00/logger_all.log
[23.035s] -- Up-to-date: /home/ubuntu/robot_ws/src/MQP/install/inchworm_control/lib/python3.8/site-packages/inchworm_control/log/build_2023-11-15_15-40-00/events.log
[23.035s] -- Up-to-date: /home/ubuntu/robot_ws/src/MQP/install/inchworm_control/lib/python3.8/site-packages/inchworm_control/log/COLCON_IGNORE
[23.036s] -- Up-to-date: /home/ubuntu/robot_ws/src/MQP/install/inchworm_control/lib/python3.8/site-packages/inchworm_control/log/latest_build
[23.037s] -- Up-to-date: /home/ubuntu/robot_ws/src/MQP/install/inchworm_control/lib/python3.8/site-packages/inchworm_control/log/build_2024-02-13_19-54-49
[23.037s] -- Up-to-date: /home/ubuntu/robot_ws/src/MQP/install/inchworm_control/lib/python3.8/site-packages/inchworm_control/log/build_2024-02-13_19-54-49/logger_all.log
[23.037s] -- Up-to-date: /home/ubuntu/robot_ws/src/MQP/install/inchworm_control/lib/python3.8/site-packages/inchworm_control/log/build_2024-02-13_19-54-49/events.log
[23.038s] -- Up-to-date: /home/ubuntu/robot_ws/src/MQP/install/inchworm_control/lib/python3.8/site-packages/inchworm_control/ik.py
[23.038s] -- Up-to-date: /home/ubuntu/robot_ws/src/MQP/install/inchworm_control/lib/python3.8/site-packages/inchworm_control/install
[23.039s] -- Up-to-date: /home/ubuntu/robot_ws/src/MQP/install/inchworm_control/lib/python3.8/site-packages/inchworm_control/install/setup.bash
[23.039s] -- Up-to-date: /home/ubuntu/robot_ws/src/MQP/install/inchworm_control/lib/python3.8/site-packages/inchworm_control/install/setup.zsh
[23.039s] -- Up-to-date: /home/ubuntu/robot_ws/src/MQP/install/inchworm_control/lib/python3.8/site-packages/inchworm_control/install/setup.sh
[23.040s] -- Up-to-date: /home/ubuntu/robot_ws/src/MQP/install/inchworm_control/lib/python3.8/site-packages/inchworm_control/install/_local_setup_util_ps1.py
[23.040s] -- Up-to-date: /home/ubuntu/robot_ws/src/MQP/install/inchworm_control/lib/python3.8/site-packages/inchworm_control/install/COLCON_IGNORE
[23.041s] -- Up-to-date: /home/ubuntu/robot_ws/src/MQP/install/inchworm_control/lib/python3.8/site-packages/inchworm_control/install/.colcon_install_layout
[23.041s] -- Up-to-date: /home/ubuntu/robot_ws/src/MQP/install/inchworm_control/lib/python3.8/site-packages/inchworm_control/install/local_setup.bash
[23.041s] -- Up-to-date: /home/ubuntu/robot_ws/src/MQP/install/inchworm_control/lib/python3.8/site-packages/inchworm_control/install/local_setup.sh
[23.042s] -- Up-to-date: /home/ubuntu/robot_ws/src/MQP/install/inchworm_control/lib/python3.8/site-packages/inchworm_control/install/local_setup.zsh
[23.042s] -- Up-to-date: /home/ubuntu/robot_ws/src/MQP/install/inchworm_control/lib/python3.8/site-packages/inchworm_control/install/setup.ps1
[23.043s] -- Up-to-date: /home/ubuntu/robot_ws/src/MQP/install/inchworm_control/lib/python3.8/site-packages/inchworm_control/install/_local_setup_util_sh.py
[23.043s] -- Up-to-date: /home/ubuntu/robot_ws/src/MQP/install/inchworm_control/lib/python3.8/site-packages/inchworm_control/install/local_setup.ps1
[23.043s] -- Up-to-date: /home/ubuntu/robot_ws/src/MQP/install/inchworm_control/lib/python3.8/site-packages/inchworm_control/build
[23.044s] -- Up-to-date: /home/ubuntu/robot_ws/src/MQP/install/inchworm_control/lib/python3.8/site-packages/inchworm_control/build/COLCON_IGNORE
[23.044s] -- Up-to-date: /home/ubuntu/robot_ws/src/MQP/install/inchworm_control/lib/python3.8/site-packages/inchworm_control/build/.built_by
[23.044s] -- Up-to-date: /home/ubuntu/robot_ws/src/MQP/install/inchworm_control/lib/python3.8/site-packages/inchworm_control/lewansoul_servo_bus.py
[23.045s] -- Up-to-date: /home/ubuntu/robot_ws/src/MQP/install/inchworm_control/lib/python3.8/site-packages/inchworm_control/motor_publisher.py
[23.045s] -- Up-to-date: /home/ubuntu/robot_ws/src/MQP/install/inchworm_control/lib/python3.8/site-packages/inchworm_control/step_publisher.py
[23.045s] -- Installing: /home/ubuntu/robot_ws/src/MQP/install/inchworm_control/lib/python3.8/site-packages/inchworm_control/__init__.py
[23.200s] Listing '/home/ubuntu/robot_ws/src/MQP/install/inchworm_control/lib/python3.8/site-packages/inchworm_control'...
[23.201s] Compiling '/home/ubuntu/robot_ws/src/MQP/install/inchworm_control/lib/python3.8/site-packages/inchworm_control/__init__.py'...
[23.202s] Listing '/home/ubuntu/robot_ws/src/MQP/install/inchworm_control/lib/python3.8/site-packages/inchworm_control/build'...
[23.203s] Compiling '/home/ubuntu/robot_ws/src/MQP/install/inchworm_control/lib/python3.8/site-packages/inchworm_control/ik.py'...
[23.205s] Listing '/home/ubuntu/robot_ws/src/MQP/install/inchworm_control/lib/python3.8/site-packages/inchworm_control/install'...
[23.205s] Listing '/home/ubuntu/robot_ws/src/MQP/install/inchworm_control/lib/python3.8/site-packages/inchworm_control/lewansoul_servo_bus'...
[23.207s] Listing '/home/ubuntu/robot_ws/src/MQP/install/inchworm_control/lib/python3.8/site-packages/inchworm_control/log'...
[23.208s] Listing '/home/ubuntu/robot_ws/src/MQP/install/inchworm_control/lib/python3.8/site-packages/inchworm_control/log/build_2023-11-15_15-40-00'...
[23.209s] Listing '/home/ubuntu/robot_ws/src/MQP/install/inchworm_control/lib/python3.8/site-packages/inchworm_control/log/build_2024-02-13_19-54-49'...
[23.210s] Compiling '/home/ubuntu/robot_ws/src/MQP/install/inchworm_control/lib/python3.8/site-packages/inchworm_control/motor_controller.py'...
[23.211s] Listing '/home/ubuntu/robot_ws/src/MQP/install/inchworm_control/lib/python3.8/site-packages/inchworm_control/msg'...
[23.213s] Compiling '/home/ubuntu/robot_ws/src/MQP/install/inchworm_control/lib/python3.8/site-packages/inchworm_control/msg/__init__.py'...
[23.216s] Compiling '/home/ubuntu/robot_ws/src/MQP/install/inchworm_control/lib/python3.8/site-packages/inchworm_control/msg/_thruple.py'...
[23.220s] Compiling '/home/ubuntu/robot_ws/src/MQP/install/inchworm_control/lib/python3.8/site-packages/inchworm_control/msg/_tuple.py'...
[23.221s] Listing '/home/ubuntu/robot_ws/src/MQP/install/inchworm_control/lib/python3.8/site-packages/inchworm_control/scripts'...
[23.222s] Compiling '/home/ubuntu/robot_ws/src/MQP/install/inchworm_control/lib/python3.8/site-packages/inchworm_control/step_publisher.py'...
[23.226s] -- Installing: /home/ubuntu/robot_ws/src/MQP/install/inchworm_control/lib/inchworm_control/motor_controller.py
[23.227s] -- Up-to-date: /home/ubuntu/robot_ws/src/MQP/install/inchworm_control/lib/inchworm_control/motor_walking.py
[23.227s] -- Up-to-date: /home/ubuntu/robot_ws/src/MQP/install/inchworm_control/lib/inchworm_control/motor_publisher.py
[23.228s] -- Up-to-date: /home/ubuntu/robot_ws/src/MQP/install/inchworm_control/lib/inchworm_control/step_publisher.py
[23.228s] -- Up-to-date: /home/ubuntu/robot_ws/src/MQP/install/inchworm_control/share/inchworm_control/urdf
[23.229s] -- Up-to-date: /home/ubuntu/robot_ws/src/MQP/install/inchworm_control/share/inchworm_control/urdf/one_inchworm.urdf
[23.230s] -- Up-to-date: /home/ubuntu/robot_ws/src/MQP/install/inchworm_control/share/inchworm_control/urdf/r2d2.rviz
[23.230s] -- Up-to-date: /home/ubuntu/robot_ws/src/MQP/install/inchworm_control/share/ament_index/resource_index/package_run_dependencies/inchworm_control
[23.230s] -- Installing: /home/ubuntu/robot_ws/src/MQP/install/inchworm_control/share/ament_index/resource_index/parent_prefix_path/inchworm_control
[23.231s] -- Up-to-date: /home/ubuntu/robot_ws/src/MQP/install/inchworm_control/share/inchworm_control/environment/ament_prefix_path.sh
[23.231s] -- Installing: /home/ubuntu/robot_ws/src/MQP/install/inchworm_control/share/inchworm_control/environment/ament_prefix_path.dsv
[23.232s] -- Up-to-date: /home/ubuntu/robot_ws/src/MQP/install/inchworm_control/share/inchworm_control/environment/path.sh
[23.233s] -- Installing: /home/ubuntu/robot_ws/src/MQP/install/inchworm_control/share/inchworm_control/environment/path.dsv
[23.234s] -- Up-to-date: /home/ubuntu/robot_ws/src/MQP/install/inchworm_control/share/inchworm_control/local_setup.bash
[23.235s] -- Up-to-date: /home/ubuntu/robot_ws/src/MQP/install/inchworm_control/share/inchworm_control/local_setup.sh
[23.236s] -- Up-to-date: /home/ubuntu/robot_ws/src/MQP/install/inchworm_control/share/inchworm_control/local_setup.zsh
[23.236s] -- Installing: /home/ubuntu/robot_ws/src/MQP/install/inchworm_control/share/inchworm_control/local_setup.dsv
[23.237s] -- Installing: /home/ubuntu/robot_ws/src/MQP/install/inchworm_control/share/inchworm_control/package.dsv
[23.238s] -- Up-to-date: /home/ubuntu/robot_ws/src/MQP/install/inchworm_control/share/ament_index/resource_index/packages/inchworm_control
[23.239s] -- Up-to-date: /home/ubuntu/robot_ws/src/MQP/install/inchworm_control/share/inchworm_control/cmake/inchworm_control__rosidl_generator_cExport.cmake
[23.240s] -- Installing: /home/ubuntu/robot_ws/src/MQP/install/inchworm_control/share/inchworm_control/cmake/inchworm_control__rosidl_generator_cExport-noconfig.cmake
[23.243s] -- Up-to-date: /home/ubuntu/robot_ws/src/MQP/install/inchworm_control/share/inchworm_control/cmake/inchworm_control__rosidl_typesupport_introspection_cExport.cmake
[23.243s] -- Installing: /home/ubuntu/robot_ws/src/MQP/install/inchworm_control/share/inchworm_control/cmake/inchworm_control__rosidl_typesupport_introspection_cExport-noconfig.cmake
[23.246s] -- Up-to-date: /home/ubuntu/robot_ws/src/MQP/install/inchworm_control/share/inchworm_control/cmake/inchworm_control__rosidl_typesupport_cExport.cmake
[23.246s] -- Installing: /home/ubuntu/robot_ws/src/MQP/install/inchworm_control/share/inchworm_control/cmake/inchworm_control__rosidl_typesupport_cExport-noconfig.cmake
[23.248s] -- Up-to-date: /home/ubuntu/robot_ws/src/MQP/install/inchworm_control/share/inchworm_control/cmake/inchworm_control__rosidl_generator_cppExport.cmake
[23.250s] -- Up-to-date: /home/ubuntu/robot_ws/src/MQP/install/inchworm_control/share/inchworm_control/cmake/inchworm_control__rosidl_typesupport_introspection_cppExport.cmake
[23.250s] -- Installing: /home/ubuntu/robot_ws/src/MQP/install/inchworm_control/share/inchworm_control/cmake/inchworm_control__rosidl_typesupport_introspection_cppExport-noconfig.cmake
[23.252s] -- Up-to-date: /home/ubuntu/robot_ws/src/MQP/install/inchworm_control/share/inchworm_control/cmake/inchworm_control__rosidl_typesupport_cppExport.cmake
[23.252s] -- Installing: /home/ubuntu/robot_ws/src/MQP/install/inchworm_control/share/inchworm_control/cmake/inchworm_control__rosidl_typesupport_cppExport-noconfig.cmake
[23.253s] -- Up-to-date: /home/ubuntu/robot_ws/src/MQP/install/inchworm_control/share/inchworm_control/cmake/rosidl_cmake-extras.cmake
[23.254s] -- Up-to-date: /home/ubuntu/robot_ws/src/MQP/install/inchworm_control/share/inchworm_control/cmake/ament_cmake_export_dependencies-extras.cmake
[23.254s] -- Up-to-date: /home/ubuntu/robot_ws/src/MQP/install/inchworm_control/share/inchworm_control/cmake/ament_cmake_export_libraries-extras.cmake
[23.255s] -- Up-to-date: /home/ubuntu/robot_ws/src/MQP/install/inchworm_control/share/inchworm_control/cmake/ament_cmake_export_targets-extras.cmake
[23.255s] -- Up-to-date: /home/ubuntu/robot_ws/src/MQP/install/inchworm_control/share/inchworm_control/cmake/ament_cmake_export_include_directories-extras.cmake
[23.256s] -- Up-to-date: /home/ubuntu/robot_ws/src/MQP/install/inchworm_control/share/inchworm_control/cmake/rosidl_cmake_export_typesupport_libraries-extras.cmake
[23.256s] -- Up-to-date: /home/ubuntu/robot_ws/src/MQP/install/inchworm_control/share/inchworm_control/cmake/rosidl_cmake_export_typesupport_targets-extras.cmake
[23.257s] -- Up-to-date: /home/ubuntu/robot_ws/src/MQP/install/inchworm_control/share/inchworm_control/cmake/inchworm_controlConfig.cmake
[23.257s] -- Up-to-date: /home/ubuntu/robot_ws/src/MQP/install/inchworm_control/share/inchworm_control/cmake/inchworm_controlConfig-version.cmake
[23.258s] -- Up-to-date: /home/ubuntu/robot_ws/src/MQP/install/inchworm_control/share/inchworm_control/package.xml
[23.264s] Invoked command in '/home/ubuntu/robot_ws/src/MQP/build/inchworm_control' returned '0': CMAKE_PREFIX_PATH=${CMAKE_PREFIX_PATH}:/home/ubuntu/robot_ws/src/MQP/install/motor_control:/home/ubuntu/robot_ws/install/motor_control:/opt/ros/foxy /usr/bin/cmake --install /home/ubuntu/robot_ws/src/MQP/build/inchworm_control
