[0.086s] Invoking command in '/home/cambria/MQP/dev_ws/src/inchworm_control/build/inchworm_control': CMAKE_PREFIX_PATH=${CMAKE_PREFIX_PATH}:/opt/ros/foxy /usr/bin/cmake /home/cambria/MQP/dev_ws/src/inchworm_control -DCMAKE_INSTALL_PREFIX=/home/cambria/MQP/dev_ws/src/inchworm_control/install/inchworm_control
[0.203s] -- The C compiler identification is GNU 9.4.0
[0.334s] -- The CXX compiler identification is GNU 9.4.0
[0.347s] -- Check for working C compiler: /usr/bin/cc
[0.659s] -- Check for working C compiler: /usr/bin/cc -- works
[0.662s] -- Detecting C compiler ABI info
[0.823s] -- Detecting C compiler ABI info - done
[0.868s] -- Detecting C compile features
[0.869s] -- Detecting C compile features - done
[0.877s] -- Check for working CXX compiler: /usr/bin/c++
[1.095s] -- Check for working CXX compiler: /usr/bin/c++ -- works
[1.098s] -- Detecting CXX compiler ABI info
[1.385s] -- Detecting CXX compiler ABI info - done
[1.447s] -- Detecting CXX compile features
[1.449s] -- Detecting CXX compile features - done
[1.455s] -- Found ament_cmake: 0.9.12 (/opt/ros/foxy/share/ament_cmake/cmake)
[1.527s] -- Found PythonInterp: /usr/local/bin/python3 (found suitable version "3.8.10", minimum required is "3") 
[1.528s] -- Using PYTHON_EXECUTABLE: /usr/local/bin/python3
[2.117s] -- Found rclpy: 1.0.13 (/opt/ros/foxy/share/rclpy/cmake)
[2.121s] -- Found std_msgs: 2.0.5 (/opt/ros/foxy/share/std_msgs/cmake)
[2.196s] -- Using all available rosidl_typesupport_c: rosidl_typesupport_fastrtps_c;rosidl_typesupport_introspection_c
[2.212s] -- Found rosidl_adapter: 1.3.1 (/opt/ros/foxy/share/rosidl_adapter/cmake)
[2.419s] -- Found OpenSSL: /usr/lib/x86_64-linux-gnu/libcrypto.so (found version "1.1.1f")  
[2.488s] -- Found FastRTPS: /opt/ros/foxy/include  
[2.688s] -- Using all available rosidl_typesupport_cpp: rosidl_typesupport_fastrtps_cpp;rosidl_typesupport_introspection_cpp
[2.827s] -- Found rosidl_default_generators: 1.0.1 (/opt/ros/foxy/share/rosidl_default_generators/cmake)
[2.858s] -- Found ament_lint_auto: 0.9.8 (/opt/ros/foxy/share/ament_lint_auto/cmake)
[3.189s] -- Found PythonInterp: /usr/local/bin/python3 (found version "3.8.10") 
[3.529s] -- Found ament_cmake_ros: 0.9.2 (/opt/ros/foxy/share/ament_cmake_ros/cmake)
[4.142s] -- Using all available rosidl_typesupport_c: rosidl_typesupport_fastrtps_c;rosidl_typesupport_introspection_c
[4.482s] -- Using all available rosidl_typesupport_cpp: rosidl_typesupport_fastrtps_cpp;rosidl_typesupport_introspection_cpp
[4.571s] -- Found PythonInterp: /usr/local/bin/python3 (found suitable version "3.8.10", minimum required is "3.5") 
[4.574s] -- Found python_cmake_module: 0.8.1 (/opt/ros/foxy/share/python_cmake_module/cmake)
[4.658s] -- Found PythonLibs: /usr/lib/x86_64-linux-gnu/libpython3.8.so (found suitable version "3.8.10", minimum required is "3.5") 
[4.660s] -- Using PYTHON_EXECUTABLE: /usr/local/bin/python3
[4.660s] -- Using PYTHON_INCLUDE_DIRS: /usr/include/python3.8
[4.661s] -- Using PYTHON_LIBRARIES: /usr/lib/x86_64-linux-gnu/libpython3.8.so
[4.725s] -- Found PythonExtra: .so  
[5.222s] -- Added test 'copyright' to check source files copyright and LICENSE
[5.295s] -- Added test 'cppcheck' to perform static code analysis on C / C++ code
[5.304s] -- Configured cppcheck include dirs: $<BUILD_INTERFACE:/home/cambria/MQP/dev_ws/src/inchworm_control/build/inchworm_control/rosidl_generator_c>;/home/cambria/MQP/dev_ws/src/inchworm_control/build/inchworm_control/rosidl_generator_c;/home/cambria/MQP/dev_ws/src/inchworm_control/build/inchworm_control/rosidl_generator_cpp;/home/cambria/MQP/dev_ws/src/inchworm_control/build/inchworm_control/rosidl_typesupport_fastrtps_c;/home/cambria/MQP/dev_ws/src/inchworm_control/build/inchworm_control/rosidl_typesupport_fastrtps_cpp;$<BUILD_INTERFACE:/home/cambria/MQP/dev_ws/src/inchworm_control/build/inchworm_control/rosidl_typesupport_introspection_c>;$<BUILD_INTERFACE:/home/cambria/MQP/dev_ws/src/inchworm_control/build/inchworm_control/rosidl_typesupport_c>;$<BUILD_INTERFACE:/home/cambria/MQP/dev_ws/src/inchworm_control/build/inchworm_control/rosidl_generator_cpp>;/home/cambria/MQP/dev_ws/src/inchworm_control/build/inchworm_control/rosidl_generator_py
[5.304s] -- Configured cppcheck exclude dirs and/or files: 
[5.388s] -- Added test 'cpplint' to check C / C++ code against the Google style
[5.388s] -- Configured cpplint exclude dirs and/or files: 
[5.400s] -- Added test 'flake8' to check Python code syntax and style conventions
[5.423s] -- Added test 'lint_cmake' to check CMake code style
[5.435s] -- Added test 'pep257' to check Python code against some of the style conventions in PEP 257
[5.521s] -- Added test 'uncrustify' to check C / C++ code style
[5.522s] -- Configured uncrustify additional arguments: 
[5.529s] -- Added test 'xmllint' to check XML markup files
[5.550s] -- Configuring done
[5.688s] -- Generating done
[5.697s] -- Build files have been written to: /home/cambria/MQP/dev_ws/src/inchworm_control/build/inchworm_control
[5.721s] Invoked command in '/home/cambria/MQP/dev_ws/src/inchworm_control/build/inchworm_control' returned '0': CMAKE_PREFIX_PATH=${CMAKE_PREFIX_PATH}:/opt/ros/foxy /usr/bin/cmake /home/cambria/MQP/dev_ws/src/inchworm_control -DCMAKE_INSTALL_PREFIX=/home/cambria/MQP/dev_ws/src/inchworm_control/install/inchworm_control
[5.723s] Invoking command in '/home/cambria/MQP/dev_ws/src/inchworm_control/build/inchworm_control': CMAKE_PREFIX_PATH=${CMAKE_PREFIX_PATH}:/opt/ros/foxy /usr/bin/cmake --build /home/cambria/MQP/dev_ws/src/inchworm_control/build/inchworm_control -- -j4 -l4
[5.859s] [  3%] [34m[1mGenerating C code for ROS interfaces[0m
[5.896s] [35m[1mScanning dependencies of target inchworm_control__cpp[0m
[5.942s] [  6%] [34m[1mGenerating C++ code for ROS interfaces[0m
[6.778s] [35m[1mScanning dependencies of target inchworm_control__rosidl_generator_c[0m
[6.810s] [  9%] [32mBuilding C object CMakeFiles/inchworm_control__rosidl_generator_c.dir/rosidl_generator_c/inchworm_control/msg/detail/thruple__functions.c.o[0m
[6.963s] [ 12%] [32m[1mLinking C shared library libinchworm_control__rosidl_generator_c.so[0m
[6.968s] [ 12%] Built target inchworm_control__cpp
[7.019s] [ 16%] [34m[1mGenerating C++ type support dispatch for ROS interfaces[0m
[7.078s] [ 19%] [34m[1mGenerating C++ type support for eProsima Fast-RTPS[0m
[7.105s] [ 22%] [34m[1mGenerating C++ introspection for ROS interfaces[0m
[7.187s] [ 22%] Built target inchworm_control__rosidl_generator_c
[7.287s] [ 25%] [34m[1mGenerating C introspection for ROS interfaces[0m
[8.119s] [35m[1mScanning dependencies of target inchworm_control__rosidl_typesupport_cpp[0m
[8.244s] [ 29%] [32mBuilding CXX object CMakeFiles/inchworm_control__rosidl_typesupport_cpp.dir/rosidl_typesupport_cpp/inchworm_control/msg/thruple__type_support.cpp.o[0m
[8.394s] [35m[1mScanning dependencies of target inchworm_control__rosidl_typesupport_introspection_cpp[0m
[8.402s] [35m[1mScanning dependencies of target inchworm_control__rosidl_typesupport_fastrtps_cpp[0m
[8.453s] [ 35%] [32mBuilding CXX object CMakeFiles/inchworm_control__rosidl_typesupport_introspection_cpp.dir/rosidl_typesupport_introspection_cpp/inchworm_control/msg/detail/thruple__type_support.cpp.o[0m
[8.453s] [ 35%] [32mBuilding CXX object CMakeFiles/inchworm_control__rosidl_typesupport_fastrtps_cpp.dir/rosidl_typesupport_fastrtps_cpp/inchworm_control/msg/detail/dds_fastrtps/thruple__type_support.cpp.o[0m
[8.544s] [35m[1mScanning dependencies of target inchworm_control__rosidl_typesupport_introspection_c[0m
[8.598s] [ 38%] [32mBuilding C object CMakeFiles/inchworm_control__rosidl_typesupport_introspection_c.dir/rosidl_typesupport_introspection_c/inchworm_control/msg/detail/thruple__type_support.c.o[0m
[8.719s] [ 41%] [32m[1mLinking C shared library libinchworm_control__rosidl_typesupport_introspection_c.so[0m
[8.854s] [ 41%] Built target inchworm_control__rosidl_typesupport_introspection_c
[8.934s] [ 45%] [34m[1mGenerating C type support dispatch for ROS interfaces[0m
[9.560s] [ 48%] [32m[1mLinking CXX shared library libinchworm_control__rosidl_typesupport_cpp.so[0m
[9.748s] [ 51%] [32m[1mLinking CXX shared library libinchworm_control__rosidl_typesupport_introspection_cpp.so[0m
[9.801s] [ 51%] Built target inchworm_control__rosidl_typesupport_cpp
[9.894s] [ 51%] Built target inchworm_control__rosidl_typesupport_introspection_cpp
[9.945s] [35m[1mScanning dependencies of target inchworm_control__rosidl_typesupport_c[0m
[9.975s] [ 54%] [32mBuilding CXX object CMakeFiles/inchworm_control__rosidl_typesupport_c.dir/rosidl_typesupport_c/inchworm_control/msg/thruple__type_support.cpp.o[0m
[10.045s] [ 58%] [32m[1mLinking CXX shared library libinchworm_control__rosidl_typesupport_c.so[0m
[10.187s] [ 58%] Built target inchworm_control__rosidl_typesupport_c
[10.271s] [ 61%] [32m[1mLinking CXX shared library libinchworm_control__rosidl_typesupport_fastrtps_cpp.so[0m
[10.450s] [ 61%] Built target inchworm_control__rosidl_typesupport_fastrtps_cpp
[10.470s] [ 64%] [34m[1mGenerating C type support for eProsima Fast-RTPS[0m
[10.956s] [35m[1mScanning dependencies of target inchworm_control__rosidl_typesupport_fastrtps_c[0m
[11.003s] [ 67%] [32mBuilding CXX object CMakeFiles/inchworm_control__rosidl_typesupport_fastrtps_c.dir/rosidl_typesupport_fastrtps_c/inchworm_control/msg/detail/thruple__type_support_c.cpp.o[0m
[12.071s] [ 70%] [32m[1mLinking CXX shared library libinchworm_control__rosidl_typesupport_fastrtps_c.so[0m
[12.244s] [ 70%] Built target inchworm_control__rosidl_typesupport_fastrtps_c
[12.267s] [35m[1mScanning dependencies of target inchworm_control[0m
[12.290s] [ 70%] Built target inchworm_control
[12.315s] [35m[1mScanning dependencies of target inchworm_control__py[0m
[12.335s] [ 74%] [34m[1mGenerating Python code for ROS interfaces[0m
[13.205s] [ 74%] Built target inchworm_control__py
[13.225s] [35m[1mScanning dependencies of target inchworm_control__python[0m
[13.261s] [ 77%] [32mBuilding C object CMakeFiles/inchworm_control__python.dir/rosidl_generator_py/inchworm_control/msg/_thruple_s.c.o[0m
[13.449s] [ 80%] [32m[1mLinking C shared library rosidl_generator_py/inchworm_control/libinchworm_control__python.so[0m
[13.535s] [ 80%] Built target inchworm_control__python
[13.561s] [35m[1mScanning dependencies of target inchworm_control__rosidl_typesupport_introspection_c__pyext[0m
[13.565s] [35m[1mScanning dependencies of target inchworm_control__rosidl_typesupport_fastrtps_c__pyext[0m
[13.568s] [35m[1mScanning dependencies of target inchworm_control__rosidl_typesupport_c__pyext[0m
[13.619s] [ 83%] [32mBuilding C object CMakeFiles/inchworm_control__rosidl_typesupport_introspection_c__pyext.dir/rosidl_generator_py/inchworm_control/_inchworm_control_s.ep.rosidl_typesupport_introspection_c.c.o[0m
[13.664s] [ 87%] [32mBuilding C object CMakeFiles/inchworm_control__rosidl_typesupport_fastrtps_c__pyext.dir/rosidl_generator_py/inchworm_control/_inchworm_control_s.ep.rosidl_typesupport_fastrtps_c.c.o[0m
[13.689s] [ 90%] [32mBuilding C object CMakeFiles/inchworm_control__rosidl_typesupport_c__pyext.dir/rosidl_generator_py/inchworm_control/_inchworm_control_s.ep.rosidl_typesupport_c.c.o[0m
[13.927s] [ 93%] [32m[1mLinking CXX shared library rosidl_generator_py/inchworm_control/inchworm_control_s__rosidl_typesupport_fastrtps_c.cpython-38-x86_64-linux-gnu.so[0m
[14.084s] [ 96%] [32m[1mLinking C shared library rosidl_generator_py/inchworm_control/inchworm_control_s__rosidl_typesupport_introspection_c.cpython-38-x86_64-linux-gnu.so[0m
[14.121s] [ 96%] Built target inchworm_control__rosidl_typesupport_fastrtps_c__pyext
[14.141s] [100%] [32m[1mLinking C shared library rosidl_generator_py/inchworm_control/inchworm_control_s__rosidl_typesupport_c.cpython-38-x86_64-linux-gnu.so[0m
[14.203s] [100%] Built target inchworm_control__rosidl_typesupport_introspection_c__pyext
[14.233s] [100%] Built target inchworm_control__rosidl_typesupport_c__pyext
[14.264s] Invoked command in '/home/cambria/MQP/dev_ws/src/inchworm_control/build/inchworm_control' returned '0': CMAKE_PREFIX_PATH=${CMAKE_PREFIX_PATH}:/opt/ros/foxy /usr/bin/cmake --build /home/cambria/MQP/dev_ws/src/inchworm_control/build/inchworm_control -- -j4 -l4
[14.378s] Invoking command in '/home/cambria/MQP/dev_ws/src/inchworm_control/build/inchworm_control': CMAKE_PREFIX_PATH=${CMAKE_PREFIX_PATH}:/opt/ros/foxy /usr/bin/cmake --install /home/cambria/MQP/dev_ws/src/inchworm_control/build/inchworm_control
[14.399s] -- Install configuration: ""
[14.399s] -- Installing: /home/cambria/MQP/dev_ws/src/inchworm_control/install/inchworm_control/share/ament_index/resource_index/rosidl_interfaces/inchworm_control
[14.400s] -- Up-to-date: /home/cambria/MQP/dev_ws/src/inchworm_control/install/inchworm_control/include/inchworm_control
[14.400s] -- Up-to-date: /home/cambria/MQP/dev_ws/src/inchworm_control/install/inchworm_control/include/inchworm_control/msg
[14.400s] -- Installing: /home/cambria/MQP/dev_ws/src/inchworm_control/install/inchworm_control/include/inchworm_control/msg/thruple.h
[14.401s] -- Installing: /home/cambria/MQP/dev_ws/src/inchworm_control/install/inchworm_control/include/inchworm_control/msg/rosidl_generator_c__visibility_control.h
[14.401s] -- Up-to-date: /home/cambria/MQP/dev_ws/src/inchworm_control/install/inchworm_control/include/inchworm_control/msg/detail
[14.402s] -- Installing: /home/cambria/MQP/dev_ws/src/inchworm_control/install/inchworm_control/include/inchworm_control/msg/detail/thruple__struct.h
[14.402s] -- Installing: /home/cambria/MQP/dev_ws/src/inchworm_control/install/inchworm_control/include/inchworm_control/msg/detail/thruple__functions.h
[14.402s] -- Installing: /home/cambria/MQP/dev_ws/src/inchworm_control/install/inchworm_control/include/inchworm_control/msg/detail/thruple__functions.c
[14.403s] -- Installing: /home/cambria/MQP/dev_ws/src/inchworm_control/install/inchworm_control/include/inchworm_control/msg/detail/thruple__type_support.h
[14.403s] -- Up-to-date: /home/cambria/MQP/dev_ws/src/inchworm_control/install/inchworm_control/share/inchworm_control/environment/library_path.sh
[14.403s] -- Installing: /home/cambria/MQP/dev_ws/src/inchworm_control/install/inchworm_control/share/inchworm_control/environment/library_path.dsv
[14.405s] -- Installing: /home/cambria/MQP/dev_ws/src/inchworm_control/install/inchworm_control/lib/libinchworm_control__rosidl_generator_c.so
[14.406s] -- Set runtime path of "/home/cambria/MQP/dev_ws/src/inchworm_control/install/inchworm_control/lib/libinchworm_control__rosidl_generator_c.so" to ""
[14.406s] -- Up-to-date: /home/cambria/MQP/dev_ws/src/inchworm_control/install/inchworm_control/include/inchworm_control
[14.407s] -- Up-to-date: /home/cambria/MQP/dev_ws/src/inchworm_control/install/inchworm_control/include/inchworm_control/msg
[14.407s] -- Installing: /home/cambria/MQP/dev_ws/src/inchworm_control/install/inchworm_control/include/inchworm_control/msg/rosidl_typesupport_fastrtps_c__visibility_control.h
[14.407s] -- Up-to-date: /home/cambria/MQP/dev_ws/src/inchworm_control/install/inchworm_control/include/inchworm_control/msg/detail
[14.407s] -- Installing: /home/cambria/MQP/dev_ws/src/inchworm_control/install/inchworm_control/include/inchworm_control/msg/detail/thruple__rosidl_typesupport_fastrtps_c.h
[14.408s] -- Installing: /home/cambria/MQP/dev_ws/src/inchworm_control/install/inchworm_control/lib/libinchworm_control__rosidl_typesupport_fastrtps_c.so
[14.416s] -- Set runtime path of "/home/cambria/MQP/dev_ws/src/inchworm_control/install/inchworm_control/lib/libinchworm_control__rosidl_typesupport_fastrtps_c.so" to ""
[14.416s] -- Up-to-date: /home/cambria/MQP/dev_ws/src/inchworm_control/install/inchworm_control/include/inchworm_control
[14.417s] -- Up-to-date: /home/cambria/MQP/dev_ws/src/inchworm_control/install/inchworm_control/include/inchworm_control/msg
[14.417s] -- Installing: /home/cambria/MQP/dev_ws/src/inchworm_control/install/inchworm_control/include/inchworm_control/msg/rosidl_typesupport_fastrtps_cpp__visibility_control.h
[14.418s] -- Up-to-date: /home/cambria/MQP/dev_ws/src/inchworm_control/install/inchworm_control/include/inchworm_control/msg/detail
[14.418s] -- Installing: /home/cambria/MQP/dev_ws/src/inchworm_control/install/inchworm_control/include/inchworm_control/msg/detail/thruple__rosidl_typesupport_fastrtps_cpp.hpp
[14.419s] -- Up-to-date: /home/cambria/MQP/dev_ws/src/inchworm_control/install/inchworm_control/include/inchworm_control/msg/detail/dds_fastrtps
[14.421s] -- Installing: /home/cambria/MQP/dev_ws/src/inchworm_control/install/inchworm_control/lib/libinchworm_control__rosidl_typesupport_fastrtps_cpp.so
[14.421s] -- Set runtime path of "/home/cambria/MQP/dev_ws/src/inchworm_control/install/inchworm_control/lib/libinchworm_control__rosidl_typesupport_fastrtps_cpp.so" to ""
[14.422s] -- Up-to-date: /home/cambria/MQP/dev_ws/src/inchworm_control/install/inchworm_control/include/inchworm_control
[14.422s] -- Up-to-date: /home/cambria/MQP/dev_ws/src/inchworm_control/install/inchworm_control/include/inchworm_control/msg
[14.422s] -- Installing: /home/cambria/MQP/dev_ws/src/inchworm_control/install/inchworm_control/include/inchworm_control/msg/rosidl_typesupport_introspection_c__visibility_control.h
[14.422s] -- Up-to-date: /home/cambria/MQP/dev_ws/src/inchworm_control/install/inchworm_control/include/inchworm_control/msg/detail
[14.423s] -- Installing: /home/cambria/MQP/dev_ws/src/inchworm_control/install/inchworm_control/include/inchworm_control/msg/detail/thruple__type_support.c
[14.423s] -- Installing: /home/cambria/MQP/dev_ws/src/inchworm_control/install/inchworm_control/include/inchworm_control/msg/detail/thruple__rosidl_typesupport_introspection_c.h
[14.425s] -- Installing: /home/cambria/MQP/dev_ws/src/inchworm_control/install/inchworm_control/lib/libinchworm_control__rosidl_typesupport_introspection_c.so
[14.428s] -- Set runtime path of "/home/cambria/MQP/dev_ws/src/inchworm_control/install/inchworm_control/lib/libinchworm_control__rosidl_typesupport_introspection_c.so" to ""
[14.432s] -- Installing: /home/cambria/MQP/dev_ws/src/inchworm_control/install/inchworm_control/lib/libinchworm_control__rosidl_typesupport_c.so
[14.432s] -- Set runtime path of "/home/cambria/MQP/dev_ws/src/inchworm_control/install/inchworm_control/lib/libinchworm_control__rosidl_typesupport_c.so" to ""
[14.433s] -- Up-to-date: /home/cambria/MQP/dev_ws/src/inchworm_control/install/inchworm_control/include/inchworm_control
[14.433s] -- Up-to-date: /home/cambria/MQP/dev_ws/src/inchworm_control/install/inchworm_control/include/inchworm_control/msg
[14.433s] -- Installing: /home/cambria/MQP/dev_ws/src/inchworm_control/install/inchworm_control/include/inchworm_control/msg/rosidl_generator_cpp__visibility_control.hpp
[14.434s] -- Up-to-date: /home/cambria/MQP/dev_ws/src/inchworm_control/install/inchworm_control/include/inchworm_control/msg/detail
[14.434s] -- Installing: /home/cambria/MQP/dev_ws/src/inchworm_control/install/inchworm_control/include/inchworm_control/msg/detail/thruple__struct.hpp
[14.435s] -- Installing: /home/cambria/MQP/dev_ws/src/inchworm_control/install/inchworm_control/include/inchworm_control/msg/detail/thruple__traits.hpp
[14.436s] -- Installing: /home/cambria/MQP/dev_ws/src/inchworm_control/install/inchworm_control/include/inchworm_control/msg/detail/thruple__type_support.hpp
[14.437s] -- Installing: /home/cambria/MQP/dev_ws/src/inchworm_control/install/inchworm_control/include/inchworm_control/msg/detail/thruple__builder.hpp
[14.440s] -- Installing: /home/cambria/MQP/dev_ws/src/inchworm_control/install/inchworm_control/include/inchworm_control/msg/thruple.hpp
[14.440s] -- Up-to-date: /home/cambria/MQP/dev_ws/src/inchworm_control/install/inchworm_control/include/inchworm_control
[14.440s] -- Up-to-date: /home/cambria/MQP/dev_ws/src/inchworm_control/install/inchworm_control/include/inchworm_control/msg
[14.441s] -- Up-to-date: /home/cambria/MQP/dev_ws/src/inchworm_control/install/inchworm_control/include/inchworm_control/msg/detail
[14.441s] -- Installing: /home/cambria/MQP/dev_ws/src/inchworm_control/install/inchworm_control/include/inchworm_control/msg/detail/thruple__rosidl_typesupport_introspection_cpp.hpp
[14.441s] -- Installing: /home/cambria/MQP/dev_ws/src/inchworm_control/install/inchworm_control/include/inchworm_control/msg/detail/thruple__type_support.cpp
[14.444s] -- Installing: /home/cambria/MQP/dev_ws/src/inchworm_control/install/inchworm_control/lib/libinchworm_control__rosidl_typesupport_introspection_cpp.so
[14.444s] -- Set runtime path of "/home/cambria/MQP/dev_ws/src/inchworm_control/install/inchworm_control/lib/libinchworm_control__rosidl_typesupport_introspection_cpp.so" to ""
[14.445s] -- Installing: /home/cambria/MQP/dev_ws/src/inchworm_control/install/inchworm_control/lib/libinchworm_control__rosidl_typesupport_cpp.so
[14.447s] -- Set runtime path of "/home/cambria/MQP/dev_ws/src/inchworm_control/install/inchworm_control/lib/libinchworm_control__rosidl_typesupport_cpp.so" to ""
[14.448s] -- Installing: /home/cambria/MQP/dev_ws/src/inchworm_control/install/inchworm_control/share/inchworm_control/environment/pythonpath.sh
[14.449s] -- Installing: /home/cambria/MQP/dev_ws/src/inchworm_control/install/inchworm_control/share/inchworm_control/environment/pythonpath.dsv
[14.450s] -- Installing: /home/cambria/MQP/dev_ws/src/inchworm_control/install/inchworm_control/lib/python3.8/site-packages/inchworm_control/__init__.py
[14.566s] Compiling '/home/cambria/MQP/dev_ws/src/inchworm_control/install/inchworm_control/lib/python3.8/site-packages/inchworm_control/__init__.py'...
[14.575s] -- Up-to-date: /home/cambria/MQP/dev_ws/src/inchworm_control/install/inchworm_control/lib/python3.8/site-packages/inchworm_control/msg
[14.576s] -- Installing: /home/cambria/MQP/dev_ws/src/inchworm_control/install/inchworm_control/lib/python3.8/site-packages/inchworm_control/msg/_thruple_s.c
[14.576s] -- Installing: /home/cambria/MQP/dev_ws/src/inchworm_control/install/inchworm_control/lib/python3.8/site-packages/inchworm_control/msg/__init__.py
[14.577s] -- Installing: /home/cambria/MQP/dev_ws/src/inchworm_control/install/inchworm_control/lib/python3.8/site-packages/inchworm_control/msg/_thruple.py
[14.578s] -- Installing: /home/cambria/MQP/dev_ws/src/inchworm_control/install/inchworm_control/lib/python3.8/site-packages/inchworm_control/inchworm_control_s__rosidl_typesupport_fastrtps_c.cpython-38-x86_64-linux-gnu.so
[14.580s] -- Set runtime path of "/home/cambria/MQP/dev_ws/src/inchworm_control/install/inchworm_control/lib/python3.8/site-packages/inchworm_control/inchworm_control_s__rosidl_typesupport_fastrtps_c.cpython-38-x86_64-linux-gnu.so" to ""
[14.581s] -- Installing: /home/cambria/MQP/dev_ws/src/inchworm_control/install/inchworm_control/lib/python3.8/site-packages/inchworm_control/inchworm_control_s__rosidl_typesupport_introspection_c.cpython-38-x86_64-linux-gnu.so
[14.582s] -- Set runtime path of "/home/cambria/MQP/dev_ws/src/inchworm_control/install/inchworm_control/lib/python3.8/site-packages/inchworm_control/inchworm_control_s__rosidl_typesupport_introspection_c.cpython-38-x86_64-linux-gnu.so" to ""
[14.584s] -- Installing: /home/cambria/MQP/dev_ws/src/inchworm_control/install/inchworm_control/lib/python3.8/site-packages/inchworm_control/inchworm_control_s__rosidl_typesupport_c.cpython-38-x86_64-linux-gnu.so
[14.585s] -- Set runtime path of "/home/cambria/MQP/dev_ws/src/inchworm_control/install/inchworm_control/lib/python3.8/site-packages/inchworm_control/inchworm_control_s__rosidl_typesupport_c.cpython-38-x86_64-linux-gnu.so" to ""
[14.586s] -- Installing: /home/cambria/MQP/dev_ws/src/inchworm_control/install/inchworm_control/lib/libinchworm_control__python.so
[14.587s] -- Set runtime path of "/home/cambria/MQP/dev_ws/src/inchworm_control/install/inchworm_control/lib/libinchworm_control__python.so" to ""
[14.588s] -- Installing: /home/cambria/MQP/dev_ws/src/inchworm_control/install/inchworm_control/share/inchworm_control/msg/Thruple.idl
[14.588s] -- Up-to-date: /home/cambria/MQP/dev_ws/src/inchworm_control/install/inchworm_control/share/inchworm_control/msg/Thruple.msg
[14.589s] -- Up-to-date: /home/cambria/MQP/dev_ws/src/inchworm_control/install/inchworm_control/lib/python3.8/site-packages/inchworm_control
[14.589s] -- Installing: /home/cambria/MQP/dev_ws/src/inchworm_control/install/inchworm_control/lib/python3.8/site-packages/inchworm_control/motor_walking.py
[14.589s] -- Installing: /home/cambria/MQP/dev_ws/src/inchworm_control/install/inchworm_control/lib/python3.8/site-packages/inchworm_control/ik.py
[14.590s] -- Installing: /home/cambria/MQP/dev_ws/src/inchworm_control/install/inchworm_control/lib/python3.8/site-packages/inchworm_control/motor_controller.py
[14.591s] -- Up-to-date: /home/cambria/MQP/dev_ws/src/inchworm_control/install/inchworm_control/lib/python3.8/site-packages/inchworm_control/lewansoul_servo_bus
[14.591s] -- Up-to-date: /home/cambria/MQP/dev_ws/src/inchworm_control/install/inchworm_control/lib/python3.8/site-packages/inchworm_control/msg
[14.591s] -- Up-to-date: /home/cambria/MQP/dev_ws/src/inchworm_control/install/inchworm_control/lib/python3.8/site-packages/inchworm_control/msg/Thruple.msg
[14.592s] -- Up-to-date: /home/cambria/MQP/dev_ws/src/inchworm_control/install/inchworm_control/lib/python3.8/site-packages/inchworm_control/log
[14.592s] -- Up-to-date: /home/cambria/MQP/dev_ws/src/inchworm_control/install/inchworm_control/lib/python3.8/site-packages/inchworm_control/log/latest_build
[14.592s] -- Installing: /home/cambria/MQP/dev_ws/src/inchworm_control/install/inchworm_control/lib/python3.8/site-packages/inchworm_control/log/build_2024-02-13_19-54-49
[14.592s] -- Installing: /home/cambria/MQP/dev_ws/src/inchworm_control/install/inchworm_control/lib/python3.8/site-packages/inchworm_control/log/build_2024-02-13_19-54-49/events.log
[14.593s] -- Installing: /home/cambria/MQP/dev_ws/src/inchworm_control/install/inchworm_control/lib/python3.8/site-packages/inchworm_control/log/build_2024-02-13_19-54-49/logger_all.log
[14.594s] -- Up-to-date: /home/cambria/MQP/dev_ws/src/inchworm_control/install/inchworm_control/lib/python3.8/site-packages/inchworm_control/log/COLCON_IGNORE
[14.594s] -- Up-to-date: /home/cambria/MQP/dev_ws/src/inchworm_control/install/inchworm_control/lib/python3.8/site-packages/inchworm_control/log/build_2023-11-15_15-40-00
[14.595s] -- Up-to-date: /home/cambria/MQP/dev_ws/src/inchworm_control/install/inchworm_control/lib/python3.8/site-packages/inchworm_control/log/build_2023-11-15_15-40-00/events.log
[14.595s] -- Up-to-date: /home/cambria/MQP/dev_ws/src/inchworm_control/install/inchworm_control/lib/python3.8/site-packages/inchworm_control/log/build_2023-11-15_15-40-00/logger_all.log
[14.595s] -- Up-to-date: /home/cambria/MQP/dev_ws/src/inchworm_control/install/inchworm_control/lib/python3.8/site-packages/inchworm_control/log/latest
[14.595s] -- Installing: /home/cambria/MQP/dev_ws/src/inchworm_control/install/inchworm_control/lib/python3.8/site-packages/inchworm_control/__init__.py
[14.596s] -- Installing: /home/cambria/MQP/dev_ws/src/inchworm_control/install/inchworm_control/lib/python3.8/site-packages/inchworm_control/motor_publisher.py
[14.596s] -- Up-to-date: /home/cambria/MQP/dev_ws/src/inchworm_control/install/inchworm_control/lib/python3.8/site-packages/inchworm_control/motor_subscriber.py
[14.596s] -- Installing: /home/cambria/MQP/dev_ws/src/inchworm_control/install/inchworm_control/lib/python3.8/site-packages/inchworm_control/scripts
[14.596s] -- Installing: /home/cambria/MQP/dev_ws/src/inchworm_control/install/inchworm_control/lib/python3.8/site-packages/inchworm_control/scripts/movement_command.py
[14.597s] -- Up-to-date: /home/cambria/MQP/dev_ws/src/inchworm_control/install/inchworm_control/lib/python3.8/site-packages/inchworm_control/lewansoul_servo_bus.py
[14.597s] -- Up-to-date: /home/cambria/MQP/dev_ws/src/inchworm_control/install/inchworm_control/lib/python3.8/site-packages/inchworm_control/install
[14.597s] -- Up-to-date: /home/cambria/MQP/dev_ws/src/inchworm_control/install/inchworm_control/lib/python3.8/site-packages/inchworm_control/install/setup.sh
[14.597s] -- Up-to-date: /home/cambria/MQP/dev_ws/src/inchworm_control/install/inchworm_control/lib/python3.8/site-packages/inchworm_control/install/_local_setup_util_ps1.py
[14.598s] -- Up-to-date: /home/cambria/MQP/dev_ws/src/inchworm_control/install/inchworm_control/lib/python3.8/site-packages/inchworm_control/install/setup.ps1
[14.601s] -- Up-to-date: /home/cambria/MQP/dev_ws/src/inchworm_control/install/inchworm_control/lib/python3.8/site-packages/inchworm_control/install/_local_setup_util_sh.py
[14.601s] -- Up-to-date: /home/cambria/MQP/dev_ws/src/inchworm_control/install/inchworm_control/lib/python3.8/site-packages/inchworm_control/install/local_setup.sh
[14.602s] -- Up-to-date: /home/cambria/MQP/dev_ws/src/inchworm_control/install/inchworm_control/lib/python3.8/site-packages/inchworm_control/install/setup.zsh
[14.602s] -- Up-to-date: /home/cambria/MQP/dev_ws/src/inchworm_control/install/inchworm_control/lib/python3.8/site-packages/inchworm_control/install/.colcon_install_layout
[14.603s] -- Up-to-date: /home/cambria/MQP/dev_ws/src/inchworm_control/install/inchworm_control/lib/python3.8/site-packages/inchworm_control/install/COLCON_IGNORE
[14.603s] -- Up-to-date: /home/cambria/MQP/dev_ws/src/inchworm_control/install/inchworm_control/lib/python3.8/site-packages/inchworm_control/install/setup.bash
[14.603s] -- Up-to-date: /home/cambria/MQP/dev_ws/src/inchworm_control/install/inchworm_control/lib/python3.8/site-packages/inchworm_control/install/local_setup.bash
[14.603s] -- Up-to-date: /home/cambria/MQP/dev_ws/src/inchworm_control/install/inchworm_control/lib/python3.8/site-packages/inchworm_control/install/local_setup.zsh
[14.604s] -- Up-to-date: /home/cambria/MQP/dev_ws/src/inchworm_control/install/inchworm_control/lib/python3.8/site-packages/inchworm_control/install/local_setup.ps1
[14.604s] -- Installing: /home/cambria/MQP/dev_ws/src/inchworm_control/install/inchworm_control/lib/python3.8/site-packages/inchworm_control/step_publisher.py
[14.698s] Listing '/home/cambria/MQP/dev_ws/src/inchworm_control/install/inchworm_control/lib/python3.8/site-packages/inchworm_control'...
[14.699s] Compiling '/home/cambria/MQP/dev_ws/src/inchworm_control/install/inchworm_control/lib/python3.8/site-packages/inchworm_control/__init__.py'...
[14.699s] Listing '/home/cambria/MQP/dev_ws/src/inchworm_control/install/inchworm_control/lib/python3.8/site-packages/inchworm_control/build'...
[14.699s] Compiling '/home/cambria/MQP/dev_ws/src/inchworm_control/install/inchworm_control/lib/python3.8/site-packages/inchworm_control/ik.py'...
[14.700s] Listing '/home/cambria/MQP/dev_ws/src/inchworm_control/install/inchworm_control/lib/python3.8/site-packages/inchworm_control/install'...
[14.700s] Listing '/home/cambria/MQP/dev_ws/src/inchworm_control/install/inchworm_control/lib/python3.8/site-packages/inchworm_control/lewansoul_servo_bus'...
[14.700s] Listing '/home/cambria/MQP/dev_ws/src/inchworm_control/install/inchworm_control/lib/python3.8/site-packages/inchworm_control/log'...
[14.700s] Listing '/home/cambria/MQP/dev_ws/src/inchworm_control/install/inchworm_control/lib/python3.8/site-packages/inchworm_control/log/build_2023-11-15_15-40-00'...
[14.701s] Listing '/home/cambria/MQP/dev_ws/src/inchworm_control/install/inchworm_control/lib/python3.8/site-packages/inchworm_control/log/build_2024-02-13_19-54-49'...
[14.701s] Compiling '/home/cambria/MQP/dev_ws/src/inchworm_control/install/inchworm_control/lib/python3.8/site-packages/inchworm_control/motor_controller.py'...
[14.701s] Compiling '/home/cambria/MQP/dev_ws/src/inchworm_control/install/inchworm_control/lib/python3.8/site-packages/inchworm_control/motor_publisher.py'...
[14.701s] Compiling '/home/cambria/MQP/dev_ws/src/inchworm_control/install/inchworm_control/lib/python3.8/site-packages/inchworm_control/motor_walking.py'...
[14.702s] Listing '/home/cambria/MQP/dev_ws/src/inchworm_control/install/inchworm_control/lib/python3.8/site-packages/inchworm_control/msg'...
[14.702s] Compiling '/home/cambria/MQP/dev_ws/src/inchworm_control/install/inchworm_control/lib/python3.8/site-packages/inchworm_control/msg/__init__.py'...
[14.702s] Compiling '/home/cambria/MQP/dev_ws/src/inchworm_control/install/inchworm_control/lib/python3.8/site-packages/inchworm_control/msg/_thruple.py'...
[14.703s] Listing '/home/cambria/MQP/dev_ws/src/inchworm_control/install/inchworm_control/lib/python3.8/site-packages/inchworm_control/scripts'...
[14.703s] Compiling '/home/cambria/MQP/dev_ws/src/inchworm_control/install/inchworm_control/lib/python3.8/site-packages/inchworm_control/scripts/movement_command.py'...
[14.703s] Compiling '/home/cambria/MQP/dev_ws/src/inchworm_control/install/inchworm_control/lib/python3.8/site-packages/inchworm_control/step_publisher.py'...
[14.712s] -- Installing: /home/cambria/MQP/dev_ws/src/inchworm_control/install/inchworm_control/lib/inchworm_control/motor_controller.py
[14.712s] -- Installing: /home/cambria/MQP/dev_ws/src/inchworm_control/install/inchworm_control/lib/inchworm_control/motor_walking.py
[14.712s] -- Installing: /home/cambria/MQP/dev_ws/src/inchworm_control/install/inchworm_control/lib/inchworm_control/motor_publisher.py
[14.713s] -- Installing: /home/cambria/MQP/dev_ws/src/inchworm_control/install/inchworm_control/lib/inchworm_control/step_publisher.py
[14.714s] -- Up-to-date: /home/cambria/MQP/dev_ws/src/inchworm_control/install/inchworm_control/share/inchworm_control/urdf
[14.714s] -- Up-to-date: /home/cambria/MQP/dev_ws/src/inchworm_control/install/inchworm_control/share/inchworm_control/urdf/r2d2.rviz
[14.714s] -- Up-to-date: /home/cambria/MQP/dev_ws/src/inchworm_control/install/inchworm_control/share/inchworm_control/urdf/one_inchworm.urdf
[14.715s] -- Installing: /home/cambria/MQP/dev_ws/src/inchworm_control/install/inchworm_control/share/ament_index/resource_index/package_run_dependencies/inchworm_control
[14.716s] -- Installing: /home/cambria/MQP/dev_ws/src/inchworm_control/install/inchworm_control/share/ament_index/resource_index/parent_prefix_path/inchworm_control
[14.716s] -- Up-to-date: /home/cambria/MQP/dev_ws/src/inchworm_control/install/inchworm_control/share/inchworm_control/environment/ament_prefix_path.sh
[14.716s] -- Installing: /home/cambria/MQP/dev_ws/src/inchworm_control/install/inchworm_control/share/inchworm_control/environment/ament_prefix_path.dsv
[14.717s] -- Up-to-date: /home/cambria/MQP/dev_ws/src/inchworm_control/install/inchworm_control/share/inchworm_control/environment/path.sh
[14.717s] -- Installing: /home/cambria/MQP/dev_ws/src/inchworm_control/install/inchworm_control/share/inchworm_control/environment/path.dsv
[14.717s] -- Installing: /home/cambria/MQP/dev_ws/src/inchworm_control/install/inchworm_control/share/inchworm_control/local_setup.bash
[14.718s] -- Installing: /home/cambria/MQP/dev_ws/src/inchworm_control/install/inchworm_control/share/inchworm_control/local_setup.sh
[14.718s] -- Installing: /home/cambria/MQP/dev_ws/src/inchworm_control/install/inchworm_control/share/inchworm_control/local_setup.zsh
[14.719s] -- Installing: /home/cambria/MQP/dev_ws/src/inchworm_control/install/inchworm_control/share/inchworm_control/local_setup.dsv
[14.719s] -- Installing: /home/cambria/MQP/dev_ws/src/inchworm_control/install/inchworm_control/share/inchworm_control/package.dsv
[14.720s] -- Installing: /home/cambria/MQP/dev_ws/src/inchworm_control/install/inchworm_control/share/ament_index/resource_index/packages/inchworm_control
[14.722s] -- Installing: /home/cambria/MQP/dev_ws/src/inchworm_control/install/inchworm_control/share/inchworm_control/cmake/inchworm_control__rosidl_generator_cExport.cmake
[14.722s] -- Installing: /home/cambria/MQP/dev_ws/src/inchworm_control/install/inchworm_control/share/inchworm_control/cmake/inchworm_control__rosidl_generator_cExport-noconfig.cmake
[14.724s] -- Installing: /home/cambria/MQP/dev_ws/src/inchworm_control/install/inchworm_control/share/inchworm_control/cmake/inchworm_control__rosidl_typesupport_introspection_cExport.cmake
[14.724s] -- Installing: /home/cambria/MQP/dev_ws/src/inchworm_control/install/inchworm_control/share/inchworm_control/cmake/inchworm_control__rosidl_typesupport_introspection_cExport-noconfig.cmake
[14.730s] -- Installing: /home/cambria/MQP/dev_ws/src/inchworm_control/install/inchworm_control/share/inchworm_control/cmake/inchworm_control__rosidl_typesupport_cExport.cmake
[14.732s] -- Installing: /home/cambria/MQP/dev_ws/src/inchworm_control/install/inchworm_control/share/inchworm_control/cmake/inchworm_control__rosidl_typesupport_cExport-noconfig.cmake
[14.733s] -- Installing: /home/cambria/MQP/dev_ws/src/inchworm_control/install/inchworm_control/share/inchworm_control/cmake/inchworm_control__rosidl_generator_cppExport.cmake
[14.735s] -- Installing: /home/cambria/MQP/dev_ws/src/inchworm_control/install/inchworm_control/share/inchworm_control/cmake/inchworm_control__rosidl_typesupport_introspection_cppExport.cmake
[14.736s] -- Installing: /home/cambria/MQP/dev_ws/src/inchworm_control/install/inchworm_control/share/inchworm_control/cmake/inchworm_control__rosidl_typesupport_introspection_cppExport-noconfig.cmake
[14.738s] -- Installing: /home/cambria/MQP/dev_ws/src/inchworm_control/install/inchworm_control/share/inchworm_control/cmake/inchworm_control__rosidl_typesupport_cppExport.cmake
[14.739s] -- Installing: /home/cambria/MQP/dev_ws/src/inchworm_control/install/inchworm_control/share/inchworm_control/cmake/inchworm_control__rosidl_typesupport_cppExport-noconfig.cmake
[14.740s] -- Installing: /home/cambria/MQP/dev_ws/src/inchworm_control/install/inchworm_control/share/inchworm_control/cmake/rosidl_cmake-extras.cmake
[14.741s] -- Installing: /home/cambria/MQP/dev_ws/src/inchworm_control/install/inchworm_control/share/inchworm_control/cmake/ament_cmake_export_dependencies-extras.cmake
[14.742s] -- Installing: /home/cambria/MQP/dev_ws/src/inchworm_control/install/inchworm_control/share/inchworm_control/cmake/ament_cmake_export_libraries-extras.cmake
[14.743s] -- Installing: /home/cambria/MQP/dev_ws/src/inchworm_control/install/inchworm_control/share/inchworm_control/cmake/ament_cmake_export_targets-extras.cmake
[14.744s] -- Installing: /home/cambria/MQP/dev_ws/src/inchworm_control/install/inchworm_control/share/inchworm_control/cmake/ament_cmake_export_include_directories-extras.cmake
[14.745s] -- Installing: /home/cambria/MQP/dev_ws/src/inchworm_control/install/inchworm_control/share/inchworm_control/cmake/rosidl_cmake_export_typesupport_libraries-extras.cmake
[14.746s] -- Installing: /home/cambria/MQP/dev_ws/src/inchworm_control/install/inchworm_control/share/inchworm_control/cmake/rosidl_cmake_export_typesupport_targets-extras.cmake
[14.747s] -- Installing: /home/cambria/MQP/dev_ws/src/inchworm_control/install/inchworm_control/share/inchworm_control/cmake/inchworm_controlConfig.cmake
[14.748s] -- Installing: /home/cambria/MQP/dev_ws/src/inchworm_control/install/inchworm_control/share/inchworm_control/cmake/inchworm_controlConfig-version.cmake
[14.749s] -- Up-to-date: /home/cambria/MQP/dev_ws/src/inchworm_control/install/inchworm_control/share/inchworm_control/package.xml
[14.760s] Invoked command in '/home/cambria/MQP/dev_ws/src/inchworm_control/build/inchworm_control' returned '0': CMAKE_PREFIX_PATH=${CMAKE_PREFIX_PATH}:/opt/ros/foxy /usr/bin/cmake --install /home/cambria/MQP/dev_ws/src/inchworm_control/build/inchworm_control
