[8.569s] DEBUG:colcon:Command line arguments: ['/usr/bin/colcon', 'build']
[8.570s] DEBUG:colcon:Parsed command line arguments: Namespace(allow_overriding=[], ament_cmake_args=None, base_paths=['.'], build_base='build', catkin_cmake_args=None, catkin_skip_building_tests=False, cmake_args=None, cmake_clean_cache=False, cmake_clean_first=False, cmake_force_configure=False, cmake_target=None, cmake_target_skip_unavailable=False, continue_on_error=False, event_handlers=None, executor='parallel', ignore_user_meta=False, install_base='install', log_base=None, log_level=None, main=<bound method BuildVerb.main of <colcon_core.verb.build.BuildVerb object at 0xffff93fa5c10>>, merge_install=False, metas=['./colcon.meta'], packages_above=None, packages_above_and_dependencies=None, packages_above_depth=None, packages_end=None, packages_ignore=None, packages_ignore_regex=None, packages_select=None, packages_select_build_failed=False, packages_select_by_dep=None, packages_select_regex=None, packages_select_test_failures=False, packages_skip=None, packages_skip_build_finished=False, packages_skip_by_dep=None, packages_skip_regex=None, packages_skip_test_passed=False, packages_skip_up_to=None, packages_start=None, packages_up_to=None, packages_up_to_regex=None, parallel_workers=4, paths=None, symlink_install=False, test_result_base=None, verb_extension=<colcon_core.verb.build.BuildVerb object at 0xffff93fa5c10>, verb_name='build', verb_parser=<colcon_defaults.argument_parser.defaults.DefaultArgumentsDecorator object at 0xffff93b85f40>)
[8.935s] Level 1:colcon.colcon_core.package_discovery:discover_packages(colcon_meta) check parameters
[8.935s] Level 1:colcon.colcon_core.package_discovery:discover_packages(recursive) check parameters
[8.935s] Level 1:colcon.colcon_core.package_discovery:discover_packages(ignore) check parameters
[8.936s] Level 1:colcon.colcon_core.package_discovery:discover_packages(path) check parameters
[8.936s] Level 1:colcon.colcon_core.package_discovery:discover_packages(colcon_meta) discover
[8.936s] Level 1:colcon.colcon_core.package_discovery:discover_packages(recursive) discover
[8.936s] INFO:colcon.colcon_core.package_discovery:Crawling recursively for packages in '/home/ubuntu/robot_ws/src/MQP/inchworm_control'
[8.937s] Level 1:colcon.colcon_core.package_identification:_identify(.) by extensions ['ignore', 'ignore_ament_install']
[8.937s] Level 1:colcon.colcon_core.package_identification:_identify(.) by extension 'ignore'
[8.937s] Level 1:colcon.colcon_core.package_identification:_identify(.) by extension 'ignore_ament_install'
[8.937s] Level 1:colcon.colcon_core.package_identification:_identify(.) by extensions ['colcon_pkg']
[8.938s] Level 1:colcon.colcon_core.package_identification:_identify(.) by extension 'colcon_pkg'
[8.938s] Level 1:colcon.colcon_core.package_identification:_identify(.) by extensions ['colcon_meta']
[8.938s] Level 1:colcon.colcon_core.package_identification:_identify(.) by extension 'colcon_meta'
[8.938s] Level 1:colcon.colcon_core.package_identification:_identify(.) by extensions ['ros']
[8.938s] Level 1:colcon.colcon_core.package_identification:_identify(.) by extension 'ros'
[8.986s] DEBUG:colcon.colcon_core.package_identification:Package '.' with type 'ros.ament_cmake' and name 'inchworm_control'
[8.986s] Level 1:colcon.colcon_core.package_discovery:discover_packages(recursive) using defaults
[8.987s] Level 1:colcon.colcon_core.package_discovery:discover_packages(ignore) discover
[8.987s] Level 1:colcon.colcon_core.package_discovery:discover_packages(ignore) using defaults
[8.987s] Level 1:colcon.colcon_core.package_discovery:discover_packages(path) discover
[8.987s] Level 1:colcon.colcon_core.package_discovery:discover_packages(path) using defaults
[9.760s] Level 1:colcon.colcon_core.package_discovery:discover_packages(prefix_path) check parameters
[9.760s] Level 1:colcon.colcon_core.package_discovery:discover_packages(prefix_path) discover
[10.086s] DEBUG:colcon.colcon_installed_package_information.package_discovery:Found 1 installed packages in /home/ubuntu/robot_ws/src/MQP/inchworm_control/install
[10.232s] DEBUG:colcon.colcon_installed_package_information.package_discovery:Found 2 installed packages in /home/ubuntu/robot_ws/install
[10.380s] DEBUG:colcon.colcon_installed_package_information.package_discovery:Found 0 installed packages in /home/ubuntu/robot_ws/src/MQP/inchworm_control/inchworm_control/install
[10.530s] DEBUG:colcon.colcon_installed_package_information.package_discovery:Found 256 installed packages in /opt/ros/foxy
[10.536s] Level 1:colcon.colcon_core.package_discovery:discover_packages(prefix_path) using defaults
[11.117s] Level 5:colcon.colcon_core.verb:set package 'inchworm_control' build argument 'cmake_args' from command line to 'None'
[11.118s] Level 5:colcon.colcon_core.verb:set package 'inchworm_control' build argument 'cmake_target' from command line to 'None'
[11.118s] Level 5:colcon.colcon_core.verb:set package 'inchworm_control' build argument 'cmake_target_skip_unavailable' from command line to 'False'
[11.118s] Level 5:colcon.colcon_core.verb:set package 'inchworm_control' build argument 'cmake_clean_cache' from command line to 'False'
[11.118s] Level 5:colcon.colcon_core.verb:set package 'inchworm_control' build argument 'cmake_clean_first' from command line to 'False'
[11.118s] Level 5:colcon.colcon_core.verb:set package 'inchworm_control' build argument 'cmake_force_configure' from command line to 'False'
[11.118s] Level 5:colcon.colcon_core.verb:set package 'inchworm_control' build argument 'ament_cmake_args' from command line to 'None'
[11.118s] Level 5:colcon.colcon_core.verb:set package 'inchworm_control' build argument 'catkin_cmake_args' from command line to 'None'
[11.118s] Level 5:colcon.colcon_core.verb:set package 'inchworm_control' build argument 'catkin_skip_building_tests' from command line to 'False'
[11.118s] DEBUG:colcon.colcon_core.verb:Building package 'inchworm_control' with the following arguments: {'ament_cmake_args': None, 'build_base': '/home/ubuntu/robot_ws/src/MQP/inchworm_control/build/inchworm_control', 'catkin_cmake_args': None, 'catkin_skip_building_tests': False, 'cmake_args': None, 'cmake_clean_cache': False, 'cmake_clean_first': False, 'cmake_force_configure': False, 'cmake_target': None, 'cmake_target_skip_unavailable': False, 'install_base': '/home/ubuntu/robot_ws/src/MQP/inchworm_control/install/inchworm_control', 'merge_install': False, 'path': '/home/ubuntu/robot_ws/src/MQP/inchworm_control', 'symlink_install': False, 'test_result_base': None}
[11.261s] INFO:colcon.colcon_core.executor:Executing jobs using 'parallel' executor
[11.410s] DEBUG:colcon.colcon_parallel_executor.executor.parallel:run_until_complete
[11.412s] INFO:colcon.colcon_ros.task.ament_cmake.build:Building ROS package in '/home/ubuntu/robot_ws/src/MQP/inchworm_control' with build type 'ament_cmake'
[11.412s] INFO:colcon.colcon_cmake.task.cmake.build:Building CMake package in '/home/ubuntu/robot_ws/src/MQP/inchworm_control'
[11.572s] INFO:colcon.colcon_core.plugin_system:Skipping extension 'colcon_core.shell.bat': Not used on non-Windows systems
[11.573s] INFO:colcon.colcon_core.shell:Skip shell extension 'powershell' for command environment: Not usable outside of PowerShell
[11.573s] DEBUG:colcon.colcon_core.shell:Skip shell extension 'dsv' for command environment
[12.417s] DEBUG:colcon.colcon_core.event_handler.log_command:Invoking command in '/home/ubuntu/robot_ws/src/MQP/inchworm_control/build/inchworm_control': CMAKE_PREFIX_PATH=${CMAKE_PREFIX_PATH}:/home/ubuntu/robot_ws/install/motor_control:/opt/ros/foxy /usr/bin/cmake --build /home/ubuntu/robot_ws/src/MQP/inchworm_control/build/inchworm_control -- -j4 -l4
[13.452s] DEBUG:colcon.colcon_core.event_handler.log_command:Invoked command in '/home/ubuntu/robot_ws/src/MQP/inchworm_control/build/inchworm_control' returned '0': CMAKE_PREFIX_PATH=${CMAKE_PREFIX_PATH}:/home/ubuntu/robot_ws/install/motor_control:/opt/ros/foxy /usr/bin/cmake --build /home/ubuntu/robot_ws/src/MQP/inchworm_control/build/inchworm_control -- -j4 -l4
[13.941s] DEBUG:colcon.colcon_core.event_handler.log_command:Invoking command in '/home/ubuntu/robot_ws/src/MQP/inchworm_control/build/inchworm_control': CMAKE_PREFIX_PATH=${CMAKE_PREFIX_PATH}:/home/ubuntu/robot_ws/install/motor_control:/opt/ros/foxy /usr/bin/cmake --install /home/ubuntu/robot_ws/src/MQP/inchworm_control/build/inchworm_control
[14.402s] Level 1:colcon.colcon_core.environment:create_environment_scripts_only(inchworm_control)
[14.403s] DEBUG:colcon.colcon_core.event_handler.log_command:Invoked command in '/home/ubuntu/robot_ws/src/MQP/inchworm_control/build/inchworm_control' returned '0': CMAKE_PREFIX_PATH=${CMAKE_PREFIX_PATH}:/home/ubuntu/robot_ws/install/motor_control:/opt/ros/foxy /usr/bin/cmake --install /home/ubuntu/robot_ws/src/MQP/inchworm_control/build/inchworm_control
[14.571s] Level 1:colcon.colcon_core.environment:checking '/home/ubuntu/robot_ws/src/MQP/inchworm_control/install/inchworm_control' for CMake module files
[14.576s] Level 1:colcon.colcon_core.environment:checking '/home/ubuntu/robot_ws/src/MQP/inchworm_control/install/inchworm_control' for CMake config files
[14.582s] Level 1:colcon.colcon_core.shell:create_environment_hook('inchworm_control', 'cmake_prefix_path')
[14.738s] INFO:colcon.colcon_core.shell:Creating environment hook '/home/ubuntu/robot_ws/src/MQP/inchworm_control/install/inchworm_control/share/inchworm_control/hook/cmake_prefix_path.ps1'
[14.741s] INFO:colcon.colcon_core.shell:Creating environment descriptor '/home/ubuntu/robot_ws/src/MQP/inchworm_control/install/inchworm_control/share/inchworm_control/hook/cmake_prefix_path.dsv'
[14.743s] INFO:colcon.colcon_core.shell:Creating environment hook '/home/ubuntu/robot_ws/src/MQP/inchworm_control/install/inchworm_control/share/inchworm_control/hook/cmake_prefix_path.sh'
[14.747s] Level 1:colcon.colcon_core.environment:checking '/home/ubuntu/robot_ws/src/MQP/inchworm_control/install/inchworm_control/lib'
[14.748s] Level 1:colcon.colcon_core.shell:create_environment_hook('inchworm_control', 'ld_library_path_lib')
[14.902s] INFO:colcon.colcon_core.shell:Creating environment hook '/home/ubuntu/robot_ws/src/MQP/inchworm_control/install/inchworm_control/share/inchworm_control/hook/ld_library_path_lib.ps1'
[14.904s] INFO:colcon.colcon_core.shell:Creating environment descriptor '/home/ubuntu/robot_ws/src/MQP/inchworm_control/install/inchworm_control/share/inchworm_control/hook/ld_library_path_lib.dsv'
[14.905s] INFO:colcon.colcon_core.shell:Creating environment hook '/home/ubuntu/robot_ws/src/MQP/inchworm_control/install/inchworm_control/share/inchworm_control/hook/ld_library_path_lib.sh'
[14.907s] Level 1:colcon.colcon_core.environment:checking '/home/ubuntu/robot_ws/src/MQP/inchworm_control/install/inchworm_control/bin'
[14.907s] Level 1:colcon.colcon_core.environment:checking '/home/ubuntu/robot_ws/src/MQP/inchworm_control/install/inchworm_control/lib/pkgconfig/inchworm_control.pc'
[14.908s] Level 1:colcon.colcon_core.environment:checking '/home/ubuntu/robot_ws/src/MQP/inchworm_control/install/inchworm_control/lib/python3.8/site-packages'
[14.909s] Level 1:colcon.colcon_core.shell:create_environment_hook('inchworm_control', 'pythonpath')
[15.064s] INFO:colcon.colcon_core.shell:Creating environment hook '/home/ubuntu/robot_ws/src/MQP/inchworm_control/install/inchworm_control/share/inchworm_control/hook/pythonpath.ps1'
[15.066s] INFO:colcon.colcon_core.shell:Creating environment descriptor '/home/ubuntu/robot_ws/src/MQP/inchworm_control/install/inchworm_control/share/inchworm_control/hook/pythonpath.dsv'
[15.068s] INFO:colcon.colcon_core.shell:Creating environment hook '/home/ubuntu/robot_ws/src/MQP/inchworm_control/install/inchworm_control/share/inchworm_control/hook/pythonpath.sh'
[15.070s] Level 1:colcon.colcon_core.environment:checking '/home/ubuntu/robot_ws/src/MQP/inchworm_control/install/inchworm_control/bin'
[15.228s] INFO:colcon.colcon_core.shell:Creating package script '/home/ubuntu/robot_ws/src/MQP/inchworm_control/install/inchworm_control/share/inchworm_control/package.ps1'
[15.231s] INFO:colcon.colcon_core.shell:Creating package descriptor '/home/ubuntu/robot_ws/src/MQP/inchworm_control/install/inchworm_control/share/inchworm_control/package.dsv'
[15.234s] INFO:colcon.colcon_core.shell:Creating package script '/home/ubuntu/robot_ws/src/MQP/inchworm_control/install/inchworm_control/share/inchworm_control/package.sh'
[15.237s] INFO:colcon.colcon_core.shell:Creating package script '/home/ubuntu/robot_ws/src/MQP/inchworm_control/install/inchworm_control/share/inchworm_control/package.bash'
[15.240s] INFO:colcon.colcon_core.shell:Creating package script '/home/ubuntu/robot_ws/src/MQP/inchworm_control/install/inchworm_control/share/inchworm_control/package.zsh'
[15.243s] Level 1:colcon.colcon_core.environment:create_file_with_runtime_dependencies(/home/ubuntu/robot_ws/src/MQP/inchworm_control/install/inchworm_control/share/colcon-core/packages/inchworm_control)
[15.847s] Level 1:colcon.colcon_core.environment:create_environment_scripts_only(inchworm_control)
[16.005s] Level 1:colcon.colcon_core.environment:checking '/home/ubuntu/robot_ws/src/MQP/inchworm_control/install/inchworm_control' for CMake module files
[16.009s] Level 1:colcon.colcon_core.environment:checking '/home/ubuntu/robot_ws/src/MQP/inchworm_control/install/inchworm_control' for CMake config files
[16.014s] Level 1:colcon.colcon_core.shell:create_environment_hook('inchworm_control', 'cmake_prefix_path')
[16.167s] INFO:colcon.colcon_core.shell:Creating environment hook '/home/ubuntu/robot_ws/src/MQP/inchworm_control/install/inchworm_control/share/inchworm_control/hook/cmake_prefix_path.ps1'
[16.170s] INFO:colcon.colcon_core.shell:Creating environment descriptor '/home/ubuntu/robot_ws/src/MQP/inchworm_control/install/inchworm_control/share/inchworm_control/hook/cmake_prefix_path.dsv'
[16.172s] INFO:colcon.colcon_core.shell:Creating environment hook '/home/ubuntu/robot_ws/src/MQP/inchworm_control/install/inchworm_control/share/inchworm_control/hook/cmake_prefix_path.sh'
[16.174s] Level 1:colcon.colcon_core.environment:checking '/home/ubuntu/robot_ws/src/MQP/inchworm_control/install/inchworm_control/lib'
[16.175s] Level 1:colcon.colcon_core.shell:create_environment_hook('inchworm_control', 'ld_library_path_lib')
[16.330s] INFO:colcon.colcon_core.shell:Creating environment hook '/home/ubuntu/robot_ws/src/MQP/inchworm_control/install/inchworm_control/share/inchworm_control/hook/ld_library_path_lib.ps1'
[16.332s] INFO:colcon.colcon_core.shell:Creating environment descriptor '/home/ubuntu/robot_ws/src/MQP/inchworm_control/install/inchworm_control/share/inchworm_control/hook/ld_library_path_lib.dsv'
[16.334s] INFO:colcon.colcon_core.shell:Creating environment hook '/home/ubuntu/robot_ws/src/MQP/inchworm_control/install/inchworm_control/share/inchworm_control/hook/ld_library_path_lib.sh'
[16.335s] Level 1:colcon.colcon_core.environment:checking '/home/ubuntu/robot_ws/src/MQP/inchworm_control/install/inchworm_control/bin'
[16.336s] Level 1:colcon.colcon_core.environment:checking '/home/ubuntu/robot_ws/src/MQP/inchworm_control/install/inchworm_control/lib/pkgconfig/inchworm_control.pc'
[16.337s] Level 1:colcon.colcon_core.environment:checking '/home/ubuntu/robot_ws/src/MQP/inchworm_control/install/inchworm_control/lib/python3.8/site-packages'
[16.337s] Level 1:colcon.colcon_core.shell:create_environment_hook('inchworm_control', 'pythonpath')
[16.489s] INFO:colcon.colcon_core.shell:Creating environment hook '/home/ubuntu/robot_ws/src/MQP/inchworm_control/install/inchworm_control/share/inchworm_control/hook/pythonpath.ps1'
[16.491s] INFO:colcon.colcon_core.shell:Creating environment descriptor '/home/ubuntu/robot_ws/src/MQP/inchworm_control/install/inchworm_control/share/inchworm_control/hook/pythonpath.dsv'
[16.492s] INFO:colcon.colcon_core.shell:Creating environment hook '/home/ubuntu/robot_ws/src/MQP/inchworm_control/install/inchworm_control/share/inchworm_control/hook/pythonpath.sh'
[16.495s] Level 1:colcon.colcon_core.environment:checking '/home/ubuntu/robot_ws/src/MQP/inchworm_control/install/inchworm_control/bin'
[16.651s] INFO:colcon.colcon_core.shell:Creating package script '/home/ubuntu/robot_ws/src/MQP/inchworm_control/install/inchworm_control/share/inchworm_control/package.ps1'
[16.653s] INFO:colcon.colcon_core.shell:Creating package descriptor '/home/ubuntu/robot_ws/src/MQP/inchworm_control/install/inchworm_control/share/inchworm_control/package.dsv'
[16.656s] INFO:colcon.colcon_core.shell:Creating package script '/home/ubuntu/robot_ws/src/MQP/inchworm_control/install/inchworm_control/share/inchworm_control/package.sh'
[16.658s] INFO:colcon.colcon_core.shell:Creating package script '/home/ubuntu/robot_ws/src/MQP/inchworm_control/install/inchworm_control/share/inchworm_control/package.bash'
[16.660s] INFO:colcon.colcon_core.shell:Creating package script '/home/ubuntu/robot_ws/src/MQP/inchworm_control/install/inchworm_control/share/inchworm_control/package.zsh'
[16.662s] Level 1:colcon.colcon_core.environment:create_file_with_runtime_dependencies(/home/ubuntu/robot_ws/src/MQP/inchworm_control/install/inchworm_control/share/colcon-core/packages/inchworm_control)
[16.663s] DEBUG:colcon.colcon_parallel_executor.executor.parallel:closing loop
[16.665s] DEBUG:colcon.colcon_parallel_executor.executor.parallel:loop closed
[16.665s] DEBUG:colcon.colcon_parallel_executor.executor.parallel:run_until_complete finished with '0'
[16.665s] DEBUG:colcon.colcon_core.event_reactor:joining thread
[16.836s] INFO:colcon.colcon_core.plugin_system:Skipping extension 'colcon_notification.desktop_notification.terminal_notifier': Not used on non-Darwin systems
[16.836s] INFO:colcon.colcon_core.plugin_system:Skipping extension 'colcon_notification.desktop_notification.win32': Not used on non-Windows systems
[16.837s] INFO:colcon.colcon_notification.desktop_notification:Sending desktop notification using 'notify2'
[31.098s] DEBUG:colcon.colcon_notification.desktop_notification.notify2:Failed to initialize notify2: org.freedesktop.DBus.Error.TimedOut: Failed to activate service 'org.freedesktop.Notifications': timed out (service_start_timeout=120000ms)
[31.099s] DEBUG:colcon.colcon_core.event_reactor:joined thread
[31.254s] INFO:colcon.colcon_core.shell:Creating prefix script '/home/ubuntu/robot_ws/src/MQP/inchworm_control/install/local_setup.ps1'
[31.261s] INFO:colcon.colcon_core.shell:Creating prefix util module '/home/ubuntu/robot_ws/src/MQP/inchworm_control/install/_local_setup_util_ps1.py'
[31.270s] INFO:colcon.colcon_core.shell:Creating prefix chain script '/home/ubuntu/robot_ws/src/MQP/inchworm_control/install/setup.ps1'
[31.425s] INFO:colcon.colcon_core.shell:Creating prefix script '/home/ubuntu/robot_ws/src/MQP/inchworm_control/install/local_setup.sh'
[31.429s] INFO:colcon.colcon_core.shell:Creating prefix util module '/home/ubuntu/robot_ws/src/MQP/inchworm_control/install/_local_setup_util_sh.py'
[31.431s] INFO:colcon.colcon_core.shell:Creating prefix chain script '/home/ubuntu/robot_ws/src/MQP/inchworm_control/install/setup.sh'
[31.589s] INFO:colcon.colcon_core.shell:Creating prefix script '/home/ubuntu/robot_ws/src/MQP/inchworm_control/install/local_setup.bash'
[31.592s] INFO:colcon.colcon_core.shell:Creating prefix chain script '/home/ubuntu/robot_ws/src/MQP/inchworm_control/install/setup.bash'
[31.748s] INFO:colcon.colcon_core.shell:Creating prefix script '/home/ubuntu/robot_ws/src/MQP/inchworm_control/install/local_setup.zsh'
[31.751s] INFO:colcon.colcon_core.shell:Creating prefix chain script '/home/ubuntu/robot_ws/src/MQP/inchworm_control/install/setup.zsh'
