[1.045s] DEBUG:colcon:Command line arguments: ['/home/cambria/.local/bin/colcon', 'build']
[1.046s] DEBUG:colcon:Parsed command line arguments: Namespace(allow_overriding=[], ament_cmake_args=None, base_paths=['.'], build_base='build', catkin_cmake_args=None, catkin_skip_building_tests=False, cmake_args=None, cmake_clean_cache=False, cmake_clean_first=False, cmake_force_configure=False, cmake_target=None, cmake_target_skip_unavailable=False, continue_on_error=False, event_handlers=None, executor='parallel', ignore_user_meta=False, install_base='install', log_base=None, log_level=None, main=<bound method BuildVerb.main of <colcon_core.verb.build.BuildVerb object at 0x7fb555451fa0>>, merge_install=False, metas=['./colcon.meta'], packages_above=None, packages_above_and_dependencies=None, packages_above_depth=None, packages_end=None, packages_ignore=None, packages_ignore_regex=None, packages_select=None, packages_select_build_failed=False, packages_select_by_dep=None, packages_select_regex=None, packages_select_test_failures=False, packages_skip=None, packages_skip_build_finished=False, packages_skip_by_dep=None, packages_skip_regex=None, packages_skip_test_passed=False, packages_skip_up_to=None, packages_start=None, packages_up_to=None, packages_up_to_regex=None, parallel_workers=4, paths=None, symlink_install=False, test_result_base=None, verb_extension=<colcon_core.verb.build.BuildVerb object at 0x7fb555451fa0>, verb_name='build', verb_parser=<colcon_defaults.argument_parser.defaults.DefaultArgumentsDecorator object at 0x7fb55538db20>)
[1.107s] Level 1:colcon.colcon_core.package_discovery:discover_packages(colcon_meta) check parameters
[1.108s] Level 1:colcon.colcon_core.package_discovery:discover_packages(recursive) check parameters
[1.108s] Level 1:colcon.colcon_core.package_discovery:discover_packages(ignore) check parameters
[1.108s] Level 1:colcon.colcon_core.package_discovery:discover_packages(path) check parameters
[1.108s] Level 1:colcon.colcon_core.package_discovery:discover_packages(colcon_meta) discover
[1.108s] Level 1:colcon.colcon_core.package_discovery:discover_packages(recursive) discover
[1.108s] INFO:colcon.colcon_core.package_discovery:Crawling recursively for packages in '/home/cambria/dev_ws/src'
[1.108s] Level 1:colcon.colcon_core.package_identification:_identify(.) by extensions ['ignore', 'ignore_ament_install']
[1.108s] Level 1:colcon.colcon_core.package_identification:_identify(.) by extension 'ignore'
[1.109s] Level 1:colcon.colcon_core.package_identification:_identify(.) by extension 'ignore_ament_install'
[1.109s] Level 1:colcon.colcon_core.package_identification:_identify(.) by extensions ['colcon_pkg']
[1.109s] Level 1:colcon.colcon_core.package_identification:_identify(.) by extension 'colcon_pkg'
[1.109s] Level 1:colcon.colcon_core.package_identification:_identify(.) by extensions ['colcon_meta']
[1.109s] Level 1:colcon.colcon_core.package_identification:_identify(.) by extension 'colcon_meta'
[1.109s] Level 1:colcon.colcon_core.package_identification:_identify(.) by extensions ['ros']
[1.109s] Level 1:colcon.colcon_core.package_identification:_identify(.) by extension 'ros'
[1.129s] Level 1:colcon.colcon_core.package_identification:_identify(.) by extensions ['cmake', 'python']
[1.129s] Level 1:colcon.colcon_core.package_identification:_identify(.) by extension 'cmake'
[1.129s] Level 1:colcon.colcon_core.package_identification:_identify(.) by extension 'python'
[1.129s] Level 1:colcon.colcon_core.package_identification:_identify(.) by extensions ['python_setup_py']
[1.130s] Level 1:colcon.colcon_core.package_identification:_identify(.) by extension 'python_setup_py'
[1.130s] Level 1:colcon.colcon_core.package_identification:_identify(build) by extensions ['ignore', 'ignore_ament_install']
[1.130s] Level 1:colcon.colcon_core.package_identification:_identify(build) by extension 'ignore'
[1.130s] Level 1:colcon.colcon_core.package_identification:_identify(build) ignored
[1.130s] Level 1:colcon.colcon_core.package_identification:_identify(inchworm_control) by extensions ['ignore', 'ignore_ament_install']
[1.130s] Level 1:colcon.colcon_core.package_identification:_identify(inchworm_control) by extension 'ignore'
[1.131s] Level 1:colcon.colcon_core.package_identification:_identify(inchworm_control) by extension 'ignore_ament_install'
[1.131s] Level 1:colcon.colcon_core.package_identification:_identify(inchworm_control) by extensions ['colcon_pkg']
[1.131s] Level 1:colcon.colcon_core.package_identification:_identify(inchworm_control) by extension 'colcon_pkg'
[1.131s] Level 1:colcon.colcon_core.package_identification:_identify(inchworm_control) by extensions ['colcon_meta']
[1.131s] Level 1:colcon.colcon_core.package_identification:_identify(inchworm_control) by extension 'colcon_meta'
[1.131s] Level 1:colcon.colcon_core.package_identification:_identify(inchworm_control) by extensions ['ros']
[1.131s] Level 1:colcon.colcon_core.package_identification:_identify(inchworm_control) by extension 'ros'
[1.136s] DEBUG:colcon.colcon_core.package_identification:Package 'inchworm_control' with type 'ros.ament_cmake' and name 'inchworm_control'
[1.136s] Level 1:colcon.colcon_core.package_identification:_identify(install) by extensions ['ignore', 'ignore_ament_install']
[1.136s] Level 1:colcon.colcon_core.package_identification:_identify(install) by extension 'ignore'
[1.136s] Level 1:colcon.colcon_core.package_identification:_identify(install) ignored
[1.136s] Level 1:colcon.colcon_core.package_identification:_identify(log) by extensions ['ignore', 'ignore_ament_install']
[1.137s] Level 1:colcon.colcon_core.package_identification:_identify(log) by extension 'ignore'
[1.137s] Level 1:colcon.colcon_core.package_identification:_identify(log) ignored
[1.137s] Level 1:colcon.colcon_core.package_identification:_identify(motor_control) by extensions ['ignore', 'ignore_ament_install']
[1.137s] Level 1:colcon.colcon_core.package_identification:_identify(motor_control) by extension 'ignore'
[1.137s] Level 1:colcon.colcon_core.package_identification:_identify(motor_control) by extension 'ignore_ament_install'
[1.137s] Level 1:colcon.colcon_core.package_identification:_identify(motor_control) by extensions ['colcon_pkg']
[1.137s] Level 1:colcon.colcon_core.package_identification:_identify(motor_control) by extension 'colcon_pkg'
[1.137s] Level 1:colcon.colcon_core.package_identification:_identify(motor_control) by extensions ['colcon_meta']
[1.137s] Level 1:colcon.colcon_core.package_identification:_identify(motor_control) by extension 'colcon_meta'
[1.137s] Level 1:colcon.colcon_core.package_identification:_identify(motor_control) by extensions ['ros']
[1.138s] Level 1:colcon.colcon_core.package_identification:_identify(motor_control) by extension 'ros'
[1.138s] DEBUG:colcon.colcon_core.package_identification:Package 'motor_control' with type 'ros.ament_python' and name 'motor_control'
[1.139s] Level 1:colcon.colcon_core.package_discovery:discover_packages(recursive) using defaults
[1.139s] Level 1:colcon.colcon_core.package_discovery:discover_packages(ignore) discover
[1.139s] Level 1:colcon.colcon_core.package_discovery:discover_packages(ignore) using defaults
[1.139s] Level 1:colcon.colcon_core.package_discovery:discover_packages(path) discover
[1.139s] Level 1:colcon.colcon_core.package_discovery:discover_packages(path) using defaults
[1.201s] Level 1:colcon.colcon_core.package_discovery:discover_packages(prefix_path) check parameters
[1.202s] Level 1:colcon.colcon_core.package_discovery:discover_packages(prefix_path) discover
[1.219s] DEBUG:colcon.colcon_installed_package_information.package_discovery:Found 2 installed packages in /home/cambria/dev_ws/src/install
[1.227s] DEBUG:colcon.colcon_installed_package_information.package_discovery:Found 2 installed packages in /home/cambria/dev_ws/install
[1.236s] DEBUG:colcon.colcon_installed_package_information.package_discovery:Found 256 installed packages in /opt/ros/foxy
[1.239s] Level 1:colcon.colcon_core.package_discovery:discover_packages(prefix_path) using defaults
[1.383s] Level 5:colcon.colcon_core.verb:set package 'inchworm_control' build argument 'cmake_args' from command line to 'None'
[1.384s] Level 5:colcon.colcon_core.verb:set package 'inchworm_control' build argument 'cmake_target' from command line to 'None'
[1.384s] Level 5:colcon.colcon_core.verb:set package 'inchworm_control' build argument 'cmake_target_skip_unavailable' from command line to 'False'
[1.384s] Level 5:colcon.colcon_core.verb:set package 'inchworm_control' build argument 'cmake_clean_cache' from command line to 'False'
[1.384s] Level 5:colcon.colcon_core.verb:set package 'inchworm_control' build argument 'cmake_clean_first' from command line to 'False'
[1.384s] Level 5:colcon.colcon_core.verb:set package 'inchworm_control' build argument 'cmake_force_configure' from command line to 'False'
[1.384s] Level 5:colcon.colcon_core.verb:set package 'inchworm_control' build argument 'ament_cmake_args' from command line to 'None'
[1.384s] Level 5:colcon.colcon_core.verb:set package 'inchworm_control' build argument 'catkin_cmake_args' from command line to 'None'
[1.384s] Level 5:colcon.colcon_core.verb:set package 'inchworm_control' build argument 'catkin_skip_building_tests' from command line to 'False'
[1.384s] DEBUG:colcon.colcon_core.verb:Building package 'inchworm_control' with the following arguments: {'ament_cmake_args': None, 'build_base': '/home/cambria/dev_ws/src/build/inchworm_control', 'catkin_cmake_args': None, 'catkin_skip_building_tests': False, 'cmake_args': None, 'cmake_clean_cache': False, 'cmake_clean_first': False, 'cmake_force_configure': False, 'cmake_target': None, 'cmake_target_skip_unavailable': False, 'install_base': '/home/cambria/dev_ws/src/install/inchworm_control', 'merge_install': False, 'path': '/home/cambria/dev_ws/src/inchworm_control', 'symlink_install': False, 'test_result_base': None}
[1.403s] Level 5:colcon.colcon_core.verb:set package 'motor_control' build argument 'cmake_args' from command line to 'None'
[1.403s] Level 5:colcon.colcon_core.verb:set package 'motor_control' build argument 'cmake_target' from command line to 'None'
[1.403s] Level 5:colcon.colcon_core.verb:set package 'motor_control' build argument 'cmake_target_skip_unavailable' from command line to 'False'
[1.403s] Level 5:colcon.colcon_core.verb:set package 'motor_control' build argument 'cmake_clean_cache' from command line to 'False'
[1.403s] Level 5:colcon.colcon_core.verb:set package 'motor_control' build argument 'cmake_clean_first' from command line to 'False'
[1.403s] Level 5:colcon.colcon_core.verb:set package 'motor_control' build argument 'cmake_force_configure' from command line to 'False'
[1.404s] Level 5:colcon.colcon_core.verb:set package 'motor_control' build argument 'ament_cmake_args' from command line to 'None'
[1.404s] Level 5:colcon.colcon_core.verb:set package 'motor_control' build argument 'catkin_cmake_args' from command line to 'None'
[1.404s] Level 5:colcon.colcon_core.verb:set package 'motor_control' build argument 'catkin_skip_building_tests' from command line to 'False'
[1.404s] DEBUG:colcon.colcon_core.verb:Building package 'motor_control' with the following arguments: {'ament_cmake_args': None, 'build_base': '/home/cambria/dev_ws/src/build/motor_control', 'catkin_cmake_args': None, 'catkin_skip_building_tests': False, 'cmake_args': None, 'cmake_clean_cache': False, 'cmake_clean_first': False, 'cmake_force_configure': False, 'cmake_target': None, 'cmake_target_skip_unavailable': False, 'install_base': '/home/cambria/dev_ws/src/install/motor_control', 'merge_install': False, 'path': '/home/cambria/dev_ws/src/motor_control', 'symlink_install': False, 'test_result_base': None}
[1.408s] INFO:colcon.colcon_core.executor:Executing jobs using 'parallel' executor
[1.435s] DEBUG:colcon.colcon_parallel_executor.executor.parallel:run_until_complete
[1.435s] INFO:colcon.colcon_ros.task.ament_cmake.build:Building ROS package in '/home/cambria/dev_ws/src/inchworm_control' with build type 'ament_cmake'
[1.435s] INFO:colcon.colcon_cmake.task.cmake.build:Building CMake package in '/home/cambria/dev_ws/src/inchworm_control'
[1.456s] INFO:colcon.colcon_core.plugin_system:Skipping extension 'colcon_core.shell.bat': Not used on non-Windows systems
[1.456s] INFO:colcon.colcon_core.shell:Skip shell extension 'powershell' for command environment: Not usable outside of PowerShell
[1.456s] DEBUG:colcon.colcon_core.shell:Skip shell extension 'dsv' for command environment
[1.495s] INFO:colcon.colcon_ros.task.ament_python.build:Building ROS package in '/home/cambria/dev_ws/src/motor_control' with build type 'ament_python'
[1.497s] Level 1:colcon.colcon_core.shell:create_environment_hook('motor_control', 'ament_prefix_path')
[1.519s] INFO:colcon.colcon_core.shell:Creating environment hook '/home/cambria/dev_ws/src/install/motor_control/share/motor_control/hook/ament_prefix_path.ps1'
[1.521s] INFO:colcon.colcon_core.shell:Creating environment descriptor '/home/cambria/dev_ws/src/install/motor_control/share/motor_control/hook/ament_prefix_path.dsv'
[1.521s] INFO:colcon.colcon_core.shell:Creating environment hook '/home/cambria/dev_ws/src/install/motor_control/share/motor_control/hook/ament_prefix_path.sh'
[1.536s] INFO:colcon.colcon_core.shell:Skip shell extension 'powershell' for command environment: Not usable outside of PowerShell
[1.537s] DEBUG:colcon.colcon_core.shell:Skip shell extension 'dsv' for command environment
[1.595s] DEBUG:colcon.colcon_core.event_handler.log_command:Invoking command in '/home/cambria/dev_ws/src/build/inchworm_control': CMAKE_PREFIX_PATH=${CMAKE_PREFIX_PATH}:/home/cambria/dev_ws/src/install/motor_control:/home/cambria/dev_ws/install/motor_control:/opt/ros/foxy /usr/bin/cmake --build /home/cambria/dev_ws/src/build/inchworm_control -- -j4 -l4
[2.497s] INFO:colcon.colcon_core.task.python.build:Building Python package in '/home/cambria/dev_ws/src/motor_control'
[2.513s] INFO:colcon.colcon_core.shell:Skip shell extension 'powershell' for command environment: Not usable outside of PowerShell
[2.513s] DEBUG:colcon.colcon_core.shell:Skip shell extension 'dsv' for command environment
[2.554s] DEBUG:colcon.colcon_core.event_handler.log_command:Invoked command in '/home/cambria/dev_ws/src/build/inchworm_control' returned '0': CMAKE_PREFIX_PATH=${CMAKE_PREFIX_PATH}:/home/cambria/dev_ws/src/install/motor_control:/home/cambria/dev_ws/install/motor_control:/opt/ros/foxy /usr/bin/cmake --build /home/cambria/dev_ws/src/build/inchworm_control -- -j4 -l4
[2.659s] DEBUG:colcon.colcon_core.event_handler.log_command:Invoking command in '/home/cambria/dev_ws/src/build/inchworm_control': CMAKE_PREFIX_PATH=${CMAKE_PREFIX_PATH}:/home/cambria/dev_ws/src/install/motor_control:/home/cambria/dev_ws/install/motor_control:/opt/ros/foxy /usr/bin/cmake --install /home/cambria/dev_ws/src/build/inchworm_control
[2.890s] Level 1:colcon.colcon_core.environment:create_environment_scripts_only(inchworm_control)
[2.897s] DEBUG:colcon.colcon_core.event_handler.log_command:Invoked command in '/home/cambria/dev_ws/src/build/inchworm_control' returned '0': CMAKE_PREFIX_PATH=${CMAKE_PREFIX_PATH}:/home/cambria/dev_ws/src/install/motor_control:/home/cambria/dev_ws/install/motor_control:/opt/ros/foxy /usr/bin/cmake --install /home/cambria/dev_ws/src/build/inchworm_control
[2.917s] Level 1:colcon.colcon_core.environment:checking '/home/cambria/dev_ws/src/install/inchworm_control' for CMake module files
[2.918s] Level 1:colcon.colcon_core.environment:checking '/home/cambria/dev_ws/src/install/inchworm_control' for CMake config files
[2.920s] Level 1:colcon.colcon_core.shell:create_environment_hook('inchworm_control', 'cmake_prefix_path')
[2.931s] INFO:colcon.colcon_core.shell:Creating environment hook '/home/cambria/dev_ws/src/install/inchworm_control/share/inchworm_control/hook/cmake_prefix_path.ps1'
[2.932s] INFO:colcon.colcon_core.shell:Creating environment descriptor '/home/cambria/dev_ws/src/install/inchworm_control/share/inchworm_control/hook/cmake_prefix_path.dsv'
[2.932s] INFO:colcon.colcon_core.shell:Creating environment hook '/home/cambria/dev_ws/src/install/inchworm_control/share/inchworm_control/hook/cmake_prefix_path.sh'
[2.933s] Level 1:colcon.colcon_core.environment:checking '/home/cambria/dev_ws/src/install/inchworm_control/lib'
[2.934s] Level 1:colcon.colcon_core.shell:create_environment_hook('inchworm_control', 'ld_library_path_lib')
[2.945s] INFO:colcon.colcon_core.shell:Creating environment hook '/home/cambria/dev_ws/src/install/inchworm_control/share/inchworm_control/hook/ld_library_path_lib.ps1'
[2.946s] INFO:colcon.colcon_core.shell:Creating environment descriptor '/home/cambria/dev_ws/src/install/inchworm_control/share/inchworm_control/hook/ld_library_path_lib.dsv'
[2.947s] INFO:colcon.colcon_core.shell:Creating environment hook '/home/cambria/dev_ws/src/install/inchworm_control/share/inchworm_control/hook/ld_library_path_lib.sh'
[2.948s] Level 1:colcon.colcon_core.environment:checking '/home/cambria/dev_ws/src/install/inchworm_control/bin'
[2.948s] Level 1:colcon.colcon_core.environment:checking '/home/cambria/dev_ws/src/install/inchworm_control/lib/pkgconfig/inchworm_control.pc'
[2.949s] Level 1:colcon.colcon_core.environment:checking '/home/cambria/dev_ws/src/install/inchworm_control/lib/python3.8/site-packages'
[2.949s] Level 1:colcon.colcon_core.shell:create_environment_hook('inchworm_control', 'pythonpath')
[2.961s] INFO:colcon.colcon_core.shell:Creating environment hook '/home/cambria/dev_ws/src/install/inchworm_control/share/inchworm_control/hook/pythonpath.ps1'
[2.961s] INFO:colcon.colcon_core.shell:Creating environment descriptor '/home/cambria/dev_ws/src/install/inchworm_control/share/inchworm_control/hook/pythonpath.dsv'
[2.962s] INFO:colcon.colcon_core.shell:Creating environment hook '/home/cambria/dev_ws/src/install/inchworm_control/share/inchworm_control/hook/pythonpath.sh'
[2.963s] Level 1:colcon.colcon_core.environment:checking '/home/cambria/dev_ws/src/install/inchworm_control/bin'
[2.975s] INFO:colcon.colcon_core.shell:Creating package script '/home/cambria/dev_ws/src/install/inchworm_control/share/inchworm_control/package.ps1'
[2.977s] INFO:colcon.colcon_core.shell:Creating package descriptor '/home/cambria/dev_ws/src/install/inchworm_control/share/inchworm_control/package.dsv'
[2.978s] INFO:colcon.colcon_core.shell:Creating package script '/home/cambria/dev_ws/src/install/inchworm_control/share/inchworm_control/package.sh'
[2.979s] INFO:colcon.colcon_core.shell:Creating package script '/home/cambria/dev_ws/src/install/inchworm_control/share/inchworm_control/package.bash'
[2.981s] INFO:colcon.colcon_core.shell:Creating package script '/home/cambria/dev_ws/src/install/inchworm_control/share/inchworm_control/package.zsh'
[2.982s] Level 1:colcon.colcon_core.environment:create_file_with_runtime_dependencies(/home/cambria/dev_ws/src/install/inchworm_control/share/colcon-core/packages/inchworm_control)
[3.077s] Level 1:colcon.colcon_core.environment:create_environment_scripts_only(inchworm_control)
[3.101s] Level 1:colcon.colcon_core.environment:checking '/home/cambria/dev_ws/src/install/inchworm_control' for CMake module files
[3.104s] Level 1:colcon.colcon_core.environment:checking '/home/cambria/dev_ws/src/install/inchworm_control' for CMake config files
[3.106s] Level 1:colcon.colcon_core.shell:create_environment_hook('inchworm_control', 'cmake_prefix_path')
[3.125s] INFO:colcon.colcon_core.shell:Creating environment hook '/home/cambria/dev_ws/src/install/inchworm_control/share/inchworm_control/hook/cmake_prefix_path.ps1'
[3.126s] INFO:colcon.colcon_core.shell:Creating environment descriptor '/home/cambria/dev_ws/src/install/inchworm_control/share/inchworm_control/hook/cmake_prefix_path.dsv'
[3.127s] INFO:colcon.colcon_core.shell:Creating environment hook '/home/cambria/dev_ws/src/install/inchworm_control/share/inchworm_control/hook/cmake_prefix_path.sh'
[3.128s] Level 1:colcon.colcon_core.environment:checking '/home/cambria/dev_ws/src/install/inchworm_control/lib'
[3.128s] Level 1:colcon.colcon_core.shell:create_environment_hook('inchworm_control', 'ld_library_path_lib')
[3.139s] INFO:colcon.colcon_core.shell:Creating environment hook '/home/cambria/dev_ws/src/install/inchworm_control/share/inchworm_control/hook/ld_library_path_lib.ps1'
[3.140s] INFO:colcon.colcon_core.shell:Creating environment descriptor '/home/cambria/dev_ws/src/install/inchworm_control/share/inchworm_control/hook/ld_library_path_lib.dsv'
[3.141s] INFO:colcon.colcon_core.shell:Creating environment hook '/home/cambria/dev_ws/src/install/inchworm_control/share/inchworm_control/hook/ld_library_path_lib.sh'
[3.142s] Level 1:colcon.colcon_core.environment:checking '/home/cambria/dev_ws/src/install/inchworm_control/bin'
[3.142s] Level 1:colcon.colcon_core.environment:checking '/home/cambria/dev_ws/src/install/inchworm_control/lib/pkgconfig/inchworm_control.pc'
[3.143s] Level 1:colcon.colcon_core.environment:checking '/home/cambria/dev_ws/src/install/inchworm_control/lib/python3.8/site-packages'
[3.143s] Level 1:colcon.colcon_core.shell:create_environment_hook('inchworm_control', 'pythonpath')
[3.155s] INFO:colcon.colcon_core.shell:Creating environment hook '/home/cambria/dev_ws/src/install/inchworm_control/share/inchworm_control/hook/pythonpath.ps1'
[3.156s] INFO:colcon.colcon_core.shell:Creating environment descriptor '/home/cambria/dev_ws/src/install/inchworm_control/share/inchworm_control/hook/pythonpath.dsv'
[3.156s] INFO:colcon.colcon_core.shell:Creating environment hook '/home/cambria/dev_ws/src/install/inchworm_control/share/inchworm_control/hook/pythonpath.sh'
[3.157s] Level 1:colcon.colcon_core.environment:checking '/home/cambria/dev_ws/src/install/inchworm_control/bin'
[3.169s] INFO:colcon.colcon_core.shell:Creating package script '/home/cambria/dev_ws/src/install/inchworm_control/share/inchworm_control/package.ps1'
[3.171s] INFO:colcon.colcon_core.shell:Creating package descriptor '/home/cambria/dev_ws/src/install/inchworm_control/share/inchworm_control/package.dsv'
[3.172s] INFO:colcon.colcon_core.shell:Creating package script '/home/cambria/dev_ws/src/install/inchworm_control/share/inchworm_control/package.sh'
[3.380s] INFO:colcon.colcon_core.shell:Creating package script '/home/cambria/dev_ws/src/install/inchworm_control/share/inchworm_control/package.bash'
[3.382s] INFO:colcon.colcon_core.shell:Creating package script '/home/cambria/dev_ws/src/install/inchworm_control/share/inchworm_control/package.zsh'
[3.387s] Level 1:colcon.colcon_core.environment:create_file_with_runtime_dependencies(/home/cambria/dev_ws/src/install/inchworm_control/share/colcon-core/packages/inchworm_control)
[3.679s] DEBUG:colcon.colcon_core.event_handler.log_command:Invoking command in '/home/cambria/dev_ws/src/motor_control': PYTHONPATH=/home/cambria/dev_ws/src/build/motor_control/prefix_override:/home/cambria/dev_ws/src/install/motor_control/lib/python3.8/site-packages:${PYTHONPATH} /usr/bin/python3 setup.py egg_info --egg-base ../build/motor_control build --build-base /home/cambria/dev_ws/src/build/motor_control/build install --record /home/cambria/dev_ws/src/build/motor_control/install.log --install-scripts $base/lib/motor_control --single-version-externally-managed
[4.571s] DEBUG:colcon.colcon_core.event_handler.log_command:Invoked command in '/home/cambria/dev_ws/src/motor_control' returned '0': PYTHONPATH=/home/cambria/dev_ws/src/build/motor_control/prefix_override:/home/cambria/dev_ws/src/install/motor_control/lib/python3.8/site-packages:${PYTHONPATH} /usr/bin/python3 setup.py egg_info --egg-base ../build/motor_control build --build-base /home/cambria/dev_ws/src/build/motor_control/build install --record /home/cambria/dev_ws/src/build/motor_control/install.log --install-scripts $base/lib/motor_control --single-version-externally-managed
[4.584s] Level 1:colcon.colcon_core.environment:checking '/home/cambria/dev_ws/src/install/motor_control' for CMake module files
[4.585s] Level 1:colcon.colcon_core.environment:checking '/home/cambria/dev_ws/src/install/motor_control' for CMake config files
[4.586s] Level 1:colcon.colcon_core.environment:checking '/home/cambria/dev_ws/src/install/motor_control/lib'
[4.586s] Level 1:colcon.colcon_core.environment:checking '/home/cambria/dev_ws/src/install/motor_control/bin'
[4.587s] Level 1:colcon.colcon_core.environment:checking '/home/cambria/dev_ws/src/install/motor_control/lib/pkgconfig/motor_control.pc'
[4.587s] Level 1:colcon.colcon_core.environment:checking '/home/cambria/dev_ws/src/install/motor_control/lib/python3.8/site-packages'
[4.587s] Level 1:colcon.colcon_core.shell:create_environment_hook('motor_control', 'pythonpath')
[4.599s] INFO:colcon.colcon_core.shell:Creating environment hook '/home/cambria/dev_ws/src/install/motor_control/share/motor_control/hook/pythonpath.ps1'
[4.599s] INFO:colcon.colcon_core.shell:Creating environment descriptor '/home/cambria/dev_ws/src/install/motor_control/share/motor_control/hook/pythonpath.dsv'
[4.600s] INFO:colcon.colcon_core.shell:Creating environment hook '/home/cambria/dev_ws/src/install/motor_control/share/motor_control/hook/pythonpath.sh'
[4.601s] Level 1:colcon.colcon_core.environment:checking '/home/cambria/dev_ws/src/install/motor_control/bin'
[4.601s] Level 1:colcon.colcon_core.environment:create_environment_scripts_only(motor_control)
[4.616s] INFO:colcon.colcon_core.shell:Creating package script '/home/cambria/dev_ws/src/install/motor_control/share/motor_control/package.ps1'
[4.618s] INFO:colcon.colcon_core.shell:Creating package descriptor '/home/cambria/dev_ws/src/install/motor_control/share/motor_control/package.dsv'
[4.619s] INFO:colcon.colcon_core.shell:Creating package script '/home/cambria/dev_ws/src/install/motor_control/share/motor_control/package.sh'
[4.619s] INFO:colcon.colcon_core.shell:Creating package script '/home/cambria/dev_ws/src/install/motor_control/share/motor_control/package.bash'
[4.620s] INFO:colcon.colcon_core.shell:Creating package script '/home/cambria/dev_ws/src/install/motor_control/share/motor_control/package.zsh'
[4.620s] Level 1:colcon.colcon_core.environment:create_file_with_runtime_dependencies(/home/cambria/dev_ws/src/install/motor_control/share/colcon-core/packages/motor_control)
[4.621s] DEBUG:colcon.colcon_parallel_executor.executor.parallel:closing loop
[4.622s] DEBUG:colcon.colcon_parallel_executor.executor.parallel:loop closed
[4.622s] DEBUG:colcon.colcon_parallel_executor.executor.parallel:run_until_complete finished with '0'
[4.623s] DEBUG:colcon.colcon_core.event_reactor:joining thread
[4.648s] INFO:colcon.colcon_core.plugin_system:Skipping extension 'colcon_notification.desktop_notification.terminal_notifier': Not used on non-Darwin systems
[4.648s] INFO:colcon.colcon_core.plugin_system:Skipping extension 'colcon_notification.desktop_notification.win32': Not used on non-Windows systems
[4.648s] INFO:colcon.colcon_notification.desktop_notification:Sending desktop notification using 'notify2'
[4.690s] DEBUG:colcon.colcon_core.event_reactor:joined thread
[4.708s] INFO:colcon.colcon_core.shell:Creating prefix script '/home/cambria/dev_ws/src/install/local_setup.ps1'
[4.710s] INFO:colcon.colcon_core.shell:Creating prefix util module '/home/cambria/dev_ws/src/install/_local_setup_util_ps1.py'
[4.712s] INFO:colcon.colcon_core.shell:Creating prefix chain script '/home/cambria/dev_ws/src/install/setup.ps1'
[4.723s] INFO:colcon.colcon_core.shell:Creating prefix script '/home/cambria/dev_ws/src/install/local_setup.sh'
[4.725s] INFO:colcon.colcon_core.shell:Creating prefix util module '/home/cambria/dev_ws/src/install/_local_setup_util_sh.py'
[4.726s] INFO:colcon.colcon_core.shell:Creating prefix chain script '/home/cambria/dev_ws/src/install/setup.sh'
[4.737s] INFO:colcon.colcon_core.shell:Creating prefix script '/home/cambria/dev_ws/src/install/local_setup.bash'
[4.738s] INFO:colcon.colcon_core.shell:Creating prefix chain script '/home/cambria/dev_ws/src/install/setup.bash'
[4.751s] INFO:colcon.colcon_core.shell:Creating prefix script '/home/cambria/dev_ws/src/install/local_setup.zsh'
[4.751s] INFO:colcon.colcon_core.shell:Creating prefix chain script '/home/cambria/dev_ws/src/install/setup.zsh'
