[8.714s] DEBUG:colcon:Command line arguments: ['/usr/bin/colcon', 'build']
[8.714s] DEBUG:colcon:Parsed command line arguments: Namespace(allow_overriding=[], ament_cmake_args=None, base_paths=['.'], build_base='build', catkin_cmake_args=None, catkin_skip_building_tests=False, cmake_args=None, cmake_clean_cache=False, cmake_clean_first=False, cmake_force_configure=False, cmake_target=None, cmake_target_skip_unavailable=False, continue_on_error=False, event_handlers=None, executor='parallel', ignore_user_meta=False, install_base='install', log_base=None, log_level=None, main=<bound method BuildVerb.main of <colcon_core.verb.build.BuildVerb object at 0xffffa481c520>>, merge_install=False, metas=['./colcon.meta'], packages_above=None, packages_above_and_dependencies=None, packages_above_depth=None, packages_end=None, packages_ignore=None, packages_ignore_regex=None, packages_select=None, packages_select_build_failed=False, packages_select_by_dep=None, packages_select_regex=None, packages_select_test_failures=False, packages_skip=None, packages_skip_build_finished=False, packages_skip_by_dep=None, packages_skip_regex=None, packages_skip_test_passed=False, packages_skip_up_to=None, packages_start=None, packages_up_to=None, packages_up_to_regex=None, parallel_workers=4, paths=None, symlink_install=False, test_result_base=None, verb_extension=<colcon_core.verb.build.BuildVerb object at 0xffffa481c520>, verb_name='build', verb_parser=<colcon_defaults.argument_parser.defaults.DefaultArgumentsDecorator object at 0xffffa4405160>)
[9.084s] Level 1:colcon.colcon_core.package_discovery:discover_packages(colcon_meta) check parameters
[9.085s] Level 1:colcon.colcon_core.package_discovery:discover_packages(recursive) check parameters
[9.085s] Level 1:colcon.colcon_core.package_discovery:discover_packages(ignore) check parameters
[9.085s] Level 1:colcon.colcon_core.package_discovery:discover_packages(path) check parameters
[9.085s] Level 1:colcon.colcon_core.package_discovery:discover_packages(colcon_meta) discover
[9.085s] Level 1:colcon.colcon_core.package_discovery:discover_packages(recursive) discover
[9.086s] INFO:colcon.colcon_core.package_discovery:Crawling recursively for packages in '/home/ubuntu/robot_ws/src/MQP'
[9.086s] Level 1:colcon.colcon_core.package_identification:_identify(.) by extensions ['ignore', 'ignore_ament_install']
[9.086s] Level 1:colcon.colcon_core.package_identification:_identify(.) by extension 'ignore'
[9.087s] Level 1:colcon.colcon_core.package_identification:_identify(.) by extension 'ignore_ament_install'
[9.087s] Level 1:colcon.colcon_core.package_identification:_identify(.) by extensions ['colcon_pkg']
[9.087s] Level 1:colcon.colcon_core.package_identification:_identify(.) by extension 'colcon_pkg'
[9.087s] Level 1:colcon.colcon_core.package_identification:_identify(.) by extensions ['colcon_meta']
[9.087s] Level 1:colcon.colcon_core.package_identification:_identify(.) by extension 'colcon_meta'
[9.087s] Level 1:colcon.colcon_core.package_identification:_identify(.) by extensions ['ros']
[9.087s] Level 1:colcon.colcon_core.package_identification:_identify(.) by extension 'ros'
[9.128s] Level 1:colcon.colcon_core.package_identification:_identify(.) by extensions ['cmake', 'python']
[9.129s] Level 1:colcon.colcon_core.package_identification:_identify(.) by extension 'cmake'
[9.129s] Level 1:colcon.colcon_core.package_identification:_identify(.) by extension 'python'
[9.129s] Level 1:colcon.colcon_core.package_identification:_identify(.) by extensions ['python_setup_py']
[9.129s] Level 1:colcon.colcon_core.package_identification:_identify(.) by extension 'python_setup_py'
[9.130s] Level 1:colcon.colcon_core.package_identification:_identify(build) by extensions ['ignore', 'ignore_ament_install']
[9.130s] Level 1:colcon.colcon_core.package_identification:_identify(build) by extension 'ignore'
[9.130s] Level 1:colcon.colcon_core.package_identification:_identify(build) ignored
[9.131s] Level 1:colcon.colcon_core.package_identification:_identify(inchworm_control) by extensions ['ignore', 'ignore_ament_install']
[9.131s] Level 1:colcon.colcon_core.package_identification:_identify(inchworm_control) by extension 'ignore'
[9.131s] Level 1:colcon.colcon_core.package_identification:_identify(inchworm_control) by extension 'ignore_ament_install'
[9.132s] Level 1:colcon.colcon_core.package_identification:_identify(inchworm_control) by extensions ['colcon_pkg']
[9.132s] Level 1:colcon.colcon_core.package_identification:_identify(inchworm_control) by extension 'colcon_pkg'
[9.132s] Level 1:colcon.colcon_core.package_identification:_identify(inchworm_control) by extensions ['colcon_meta']
[9.132s] Level 1:colcon.colcon_core.package_identification:_identify(inchworm_control) by extension 'colcon_meta'
[9.132s] Level 1:colcon.colcon_core.package_identification:_identify(inchworm_control) by extensions ['ros']
[9.132s] Level 1:colcon.colcon_core.package_identification:_identify(inchworm_control) by extension 'ros'
[9.142s] DEBUG:colcon.colcon_core.package_identification:Package 'inchworm_control' with type 'ros.ament_cmake' and name 'inchworm_control'
[9.142s] Level 1:colcon.colcon_core.package_identification:_identify(install) by extensions ['ignore', 'ignore_ament_install']
[9.143s] Level 1:colcon.colcon_core.package_identification:_identify(install) by extension 'ignore'
[9.143s] Level 1:colcon.colcon_core.package_identification:_identify(install) ignored
[9.145s] Level 1:colcon.colcon_core.package_identification:_identify(log) by extensions ['ignore', 'ignore_ament_install']
[9.146s] Level 1:colcon.colcon_core.package_identification:_identify(log) by extension 'ignore'
[9.146s] Level 1:colcon.colcon_core.package_identification:_identify(log) ignored
[9.146s] Level 1:colcon.colcon_core.package_discovery:discover_packages(recursive) using defaults
[9.146s] Level 1:colcon.colcon_core.package_discovery:discover_packages(ignore) discover
[9.147s] Level 1:colcon.colcon_core.package_discovery:discover_packages(ignore) using defaults
[9.147s] Level 1:colcon.colcon_core.package_discovery:discover_packages(path) discover
[9.147s] Level 1:colcon.colcon_core.package_discovery:discover_packages(path) using defaults
