[0.090s] Invoking command in '/home/cambria/MQP/dev_ws/src/inchworm_control/build/inchworm_control': CMAKE_PREFIX_PATH=${CMAKE_PREFIX_PATH}:/opt/ros/foxy /usr/bin/cmake --build /home/cambria/MQP/dev_ws/src/inchworm_control/build/inchworm_control -- -j4 -l4
[0.234s] [  3%] Built target inchworm_control__cpp
[0.240s] [ 12%] Built target inchworm_control__rosidl_generator_c
[0.301s] [ 22%] Built target inchworm_control__rosidl_typesupport_cpp
[0.319s] [ 32%] Built target inchworm_control__rosidl_typesupport_fastrtps_cpp
[0.327s] [ 41%] Built target inchworm_control__rosidl_typesupport_introspection_c
[0.351s] [ 51%] Built target inchworm_control__rosidl_typesupport_introspection_cpp
[0.367s] [ 61%] Built target inchworm_control__rosidl_typesupport_c
[0.386s] [ 70%] Built target inchworm_control__rosidl_typesupport_fastrtps_c
[0.436s] [ 70%] Built target inchworm_control
[0.483s] [ 74%] Built target inchworm_control__py
[0.541s] [ 80%] Built target inchworm_control__python
[0.595s] [ 87%] Built target inchworm_control__rosidl_typesupport_c__pyext
[0.613s] [100%] Built target inchworm_control__rosidl_typesupport_fastrtps_c__pyext
[0.614s] [100%] Built target inchworm_control__rosidl_typesupport_introspection_c__pyext
[0.638s] Invoked command in '/home/cambria/MQP/dev_ws/src/inchworm_control/build/inchworm_control' returned '0': CMAKE_PREFIX_PATH=${CMAKE_PREFIX_PATH}:/opt/ros/foxy /usr/bin/cmake --build /home/cambria/MQP/dev_ws/src/inchworm_control/build/inchworm_control -- -j4 -l4
[0.758s] Invoking command in '/home/cambria/MQP/dev_ws/src/inchworm_control/build/inchworm_control': CMAKE_PREFIX_PATH=${CMAKE_PREFIX_PATH}:/opt/ros/foxy /usr/bin/cmake --install /home/cambria/MQP/dev_ws/src/inchworm_control/build/inchworm_control
[0.778s] -- Install configuration: ""
[0.778s] -- Up-to-date: /home/cambria/MQP/dev_ws/src/inchworm_control/install/inchworm_control/share/ament_index/resource_index/rosidl_interfaces/inchworm_control
[0.779s] -- Up-to-date: /home/cambria/MQP/dev_ws/src/inchworm_control/install/inchworm_control/include/inchworm_control
[0.779s] -- Up-to-date: /home/cambria/MQP/dev_ws/src/inchworm_control/install/inchworm_control/include/inchworm_control/msg
[0.779s] -- Up-to-date: /home/cambria/MQP/dev_ws/src/inchworm_control/install/inchworm_control/include/inchworm_control/msg/thruple.h
[0.779s] -- Up-to-date: /home/cambria/MQP/dev_ws/src/inchworm_control/install/inchworm_control/include/inchworm_control/msg/rosidl_generator_c__visibility_control.h
[0.779s] -- Up-to-date: /home/cambria/MQP/dev_ws/src/inchworm_control/install/inchworm_control/include/inchworm_control/msg/detail
[0.780s] -- Up-to-date: /home/cambria/MQP/dev_ws/src/inchworm_control/install/inchworm_control/include/inchworm_control/msg/detail/thruple__struct.h
[0.780s] -- Up-to-date: /home/cambria/MQP/dev_ws/src/inchworm_control/install/inchworm_control/include/inchworm_control/msg/detail/thruple__functions.h
[0.780s] -- Up-to-date: /home/cambria/MQP/dev_ws/src/inchworm_control/install/inchworm_control/include/inchworm_control/msg/detail/thruple__functions.c
[0.780s] -- Up-to-date: /home/cambria/MQP/dev_ws/src/inchworm_control/install/inchworm_control/include/inchworm_control/msg/detail/thruple__type_support.h
[0.780s] -- Up-to-date: /home/cambria/MQP/dev_ws/src/inchworm_control/install/inchworm_control/share/inchworm_control/environment/library_path.sh
[0.780s] -- Up-to-date: /home/cambria/MQP/dev_ws/src/inchworm_control/install/inchworm_control/share/inchworm_control/environment/library_path.dsv
[0.781s] -- Up-to-date: /home/cambria/MQP/dev_ws/src/inchworm_control/install/inchworm_control/lib/libinchworm_control__rosidl_generator_c.so
[0.781s] -- Up-to-date: /home/cambria/MQP/dev_ws/src/inchworm_control/install/inchworm_control/include/inchworm_control
[0.781s] -- Up-to-date: /home/cambria/MQP/dev_ws/src/inchworm_control/install/inchworm_control/include/inchworm_control/msg
[0.781s] -- Up-to-date: /home/cambria/MQP/dev_ws/src/inchworm_control/install/inchworm_control/include/inchworm_control/msg/rosidl_typesupport_fastrtps_c__visibility_control.h
[0.781s] -- Up-to-date: /home/cambria/MQP/dev_ws/src/inchworm_control/install/inchworm_control/include/inchworm_control/msg/detail
[0.782s] -- Up-to-date: /home/cambria/MQP/dev_ws/src/inchworm_control/install/inchworm_control/include/inchworm_control/msg/detail/thruple__rosidl_typesupport_fastrtps_c.h
[0.782s] -- Up-to-date: /home/cambria/MQP/dev_ws/src/inchworm_control/install/inchworm_control/lib/libinchworm_control__rosidl_typesupport_fastrtps_c.so
[0.782s] -- Up-to-date: /home/cambria/MQP/dev_ws/src/inchworm_control/install/inchworm_control/include/inchworm_control
[0.782s] -- Up-to-date: /home/cambria/MQP/dev_ws/src/inchworm_control/install/inchworm_control/include/inchworm_control/msg
[0.783s] -- Up-to-date: /home/cambria/MQP/dev_ws/src/inchworm_control/install/inchworm_control/include/inchworm_control/msg/rosidl_typesupport_fastrtps_cpp__visibility_control.h
[0.783s] -- Up-to-date: /home/cambria/MQP/dev_ws/src/inchworm_control/install/inchworm_control/include/inchworm_control/msg/detail
[0.783s] -- Up-to-date: /home/cambria/MQP/dev_ws/src/inchworm_control/install/inchworm_control/include/inchworm_control/msg/detail/thruple__rosidl_typesupport_fastrtps_cpp.hpp
[0.783s] -- Up-to-date: /home/cambria/MQP/dev_ws/src/inchworm_control/install/inchworm_control/include/inchworm_control/msg/detail/dds_fastrtps
[0.783s] -- Up-to-date: /home/cambria/MQP/dev_ws/src/inchworm_control/install/inchworm_control/lib/libinchworm_control__rosidl_typesupport_fastrtps_cpp.so
[0.784s] -- Up-to-date: /home/cambria/MQP/dev_ws/src/inchworm_control/install/inchworm_control/include/inchworm_control
[0.784s] -- Up-to-date: /home/cambria/MQP/dev_ws/src/inchworm_control/install/inchworm_control/include/inchworm_control/msg
[0.784s] -- Up-to-date: /home/cambria/MQP/dev_ws/src/inchworm_control/install/inchworm_control/include/inchworm_control/msg/rosidl_typesupport_introspection_c__visibility_control.h
[0.784s] -- Up-to-date: /home/cambria/MQP/dev_ws/src/inchworm_control/install/inchworm_control/include/inchworm_control/msg/detail
[0.785s] -- Up-to-date: /home/cambria/MQP/dev_ws/src/inchworm_control/install/inchworm_control/include/inchworm_control/msg/detail/thruple__type_support.c
[0.785s] -- Up-to-date: /home/cambria/MQP/dev_ws/src/inchworm_control/install/inchworm_control/include/inchworm_control/msg/detail/thruple__rosidl_typesupport_introspection_c.h
[0.785s] -- Up-to-date: /home/cambria/MQP/dev_ws/src/inchworm_control/install/inchworm_control/lib/libinchworm_control__rosidl_typesupport_introspection_c.so
[0.786s] -- Up-to-date: /home/cambria/MQP/dev_ws/src/inchworm_control/install/inchworm_control/lib/libinchworm_control__rosidl_typesupport_c.so
[0.787s] -- Up-to-date: /home/cambria/MQP/dev_ws/src/inchworm_control/install/inchworm_control/include/inchworm_control
[0.787s] -- Up-to-date: /home/cambria/MQP/dev_ws/src/inchworm_control/install/inchworm_control/include/inchworm_control/msg
[0.787s] -- Up-to-date: /home/cambria/MQP/dev_ws/src/inchworm_control/install/inchworm_control/include/inchworm_control/msg/rosidl_generator_cpp__visibility_control.hpp
[0.787s] -- Up-to-date: /home/cambria/MQP/dev_ws/src/inchworm_control/install/inchworm_control/include/inchworm_control/msg/detail
[0.788s] -- Up-to-date: /home/cambria/MQP/dev_ws/src/inchworm_control/install/inchworm_control/include/inchworm_control/msg/detail/thruple__struct.hpp
[0.788s] -- Up-to-date: /home/cambria/MQP/dev_ws/src/inchworm_control/install/inchworm_control/include/inchworm_control/msg/detail/thruple__traits.hpp
[0.788s] -- Up-to-date: /home/cambria/MQP/dev_ws/src/inchworm_control/install/inchworm_control/include/inchworm_control/msg/detail/thruple__type_support.hpp
[0.788s] -- Up-to-date: /home/cambria/MQP/dev_ws/src/inchworm_control/install/inchworm_control/include/inchworm_control/msg/detail/thruple__builder.hpp
[0.788s] -- Up-to-date: /home/cambria/MQP/dev_ws/src/inchworm_control/install/inchworm_control/include/inchworm_control/msg/thruple.hpp
[0.789s] -- Up-to-date: /home/cambria/MQP/dev_ws/src/inchworm_control/install/inchworm_control/include/inchworm_control
[0.789s] -- Up-to-date: /home/cambria/MQP/dev_ws/src/inchworm_control/install/inchworm_control/include/inchworm_control/msg
[0.789s] -- Up-to-date: /home/cambria/MQP/dev_ws/src/inchworm_control/install/inchworm_control/include/inchworm_control/msg/detail
[0.789s] -- Up-to-date: /home/cambria/MQP/dev_ws/src/inchworm_control/install/inchworm_control/include/inchworm_control/msg/detail/thruple__rosidl_typesupport_introspection_cpp.hpp
[0.789s] -- Up-to-date: /home/cambria/MQP/dev_ws/src/inchworm_control/install/inchworm_control/include/inchworm_control/msg/detail/thruple__type_support.cpp
[0.789s] -- Up-to-date: /home/cambria/MQP/dev_ws/src/inchworm_control/install/inchworm_control/lib/libinchworm_control__rosidl_typesupport_introspection_cpp.so
[0.789s] -- Up-to-date: /home/cambria/MQP/dev_ws/src/inchworm_control/install/inchworm_control/lib/libinchworm_control__rosidl_typesupport_cpp.so
[0.790s] -- Up-to-date: /home/cambria/MQP/dev_ws/src/inchworm_control/install/inchworm_control/share/inchworm_control/environment/pythonpath.sh
[0.790s] -- Up-to-date: /home/cambria/MQP/dev_ws/src/inchworm_control/install/inchworm_control/share/inchworm_control/environment/pythonpath.dsv
[0.790s] -- Installing: /home/cambria/MQP/dev_ws/src/inchworm_control/install/inchworm_control/lib/python3.8/site-packages/inchworm_control/__init__.py
[0.872s] Compiling '/home/cambria/MQP/dev_ws/src/inchworm_control/install/inchworm_control/lib/python3.8/site-packages/inchworm_control/__init__.py'...
[0.880s] -- Up-to-date: /home/cambria/MQP/dev_ws/src/inchworm_control/install/inchworm_control/lib/python3.8/site-packages/inchworm_control/msg
[0.880s] -- Up-to-date: /home/cambria/MQP/dev_ws/src/inchworm_control/install/inchworm_control/lib/python3.8/site-packages/inchworm_control/msg/_thruple_s.c
[0.880s] -- Up-to-date: /home/cambria/MQP/dev_ws/src/inchworm_control/install/inchworm_control/lib/python3.8/site-packages/inchworm_control/msg/__init__.py
[0.880s] -- Up-to-date: /home/cambria/MQP/dev_ws/src/inchworm_control/install/inchworm_control/lib/python3.8/site-packages/inchworm_control/msg/_thruple.py
[0.881s] -- Up-to-date: /home/cambria/MQP/dev_ws/src/inchworm_control/install/inchworm_control/lib/python3.8/site-packages/inchworm_control/inchworm_control_s__rosidl_typesupport_fastrtps_c.cpython-38-x86_64-linux-gnu.so
[0.882s] -- Up-to-date: /home/cambria/MQP/dev_ws/src/inchworm_control/install/inchworm_control/lib/python3.8/site-packages/inchworm_control/inchworm_control_s__rosidl_typesupport_introspection_c.cpython-38-x86_64-linux-gnu.so
[0.884s] -- Up-to-date: /home/cambria/MQP/dev_ws/src/inchworm_control/install/inchworm_control/lib/python3.8/site-packages/inchworm_control/inchworm_control_s__rosidl_typesupport_c.cpython-38-x86_64-linux-gnu.so
[0.886s] -- Up-to-date: /home/cambria/MQP/dev_ws/src/inchworm_control/install/inchworm_control/lib/libinchworm_control__python.so
[0.886s] -- Up-to-date: /home/cambria/MQP/dev_ws/src/inchworm_control/install/inchworm_control/share/inchworm_control/msg/Thruple.idl
[0.887s] -- Up-to-date: /home/cambria/MQP/dev_ws/src/inchworm_control/install/inchworm_control/share/inchworm_control/msg/Thruple.msg
[0.887s] -- Up-to-date: /home/cambria/MQP/dev_ws/src/inchworm_control/install/inchworm_control/lib/python3.8/site-packages/inchworm_control
[0.888s] -- Up-to-date: /home/cambria/MQP/dev_ws/src/inchworm_control/install/inchworm_control/lib/python3.8/site-packages/inchworm_control/motor_walking.py
[0.888s] -- Up-to-date: /home/cambria/MQP/dev_ws/src/inchworm_control/install/inchworm_control/lib/python3.8/site-packages/inchworm_control/ik.py
[0.889s] -- Up-to-date: /home/cambria/MQP/dev_ws/src/inchworm_control/install/inchworm_control/lib/python3.8/site-packages/inchworm_control/motor_controller.py
[0.889s] -- Up-to-date: /home/cambria/MQP/dev_ws/src/inchworm_control/install/inchworm_control/lib/python3.8/site-packages/inchworm_control/lewansoul_servo_bus
[0.890s] -- Up-to-date: /home/cambria/MQP/dev_ws/src/inchworm_control/install/inchworm_control/lib/python3.8/site-packages/inchworm_control/msg
[0.891s] -- Up-to-date: /home/cambria/MQP/dev_ws/src/inchworm_control/install/inchworm_control/lib/python3.8/site-packages/inchworm_control/msg/Thruple.msg
[0.891s] -- Up-to-date: /home/cambria/MQP/dev_ws/src/inchworm_control/install/inchworm_control/lib/python3.8/site-packages/inchworm_control/log
[0.891s] -- Up-to-date: /home/cambria/MQP/dev_ws/src/inchworm_control/install/inchworm_control/lib/python3.8/site-packages/inchworm_control/log/latest_build
[0.892s] -- Up-to-date: /home/cambria/MQP/dev_ws/src/inchworm_control/install/inchworm_control/lib/python3.8/site-packages/inchworm_control/log/build_2024-02-13_19-54-49
[0.892s] -- Up-to-date: /home/cambria/MQP/dev_ws/src/inchworm_control/install/inchworm_control/lib/python3.8/site-packages/inchworm_control/log/build_2024-02-13_19-54-49/events.log
[0.892s] -- Up-to-date: /home/cambria/MQP/dev_ws/src/inchworm_control/install/inchworm_control/lib/python3.8/site-packages/inchworm_control/log/build_2024-02-13_19-54-49/logger_all.log
[0.892s] -- Up-to-date: /home/cambria/MQP/dev_ws/src/inchworm_control/install/inchworm_control/lib/python3.8/site-packages/inchworm_control/log/COLCON_IGNORE
[0.893s] -- Up-to-date: /home/cambria/MQP/dev_ws/src/inchworm_control/install/inchworm_control/lib/python3.8/site-packages/inchworm_control/log/build_2023-11-15_15-40-00
[0.893s] -- Up-to-date: /home/cambria/MQP/dev_ws/src/inchworm_control/install/inchworm_control/lib/python3.8/site-packages/inchworm_control/log/build_2023-11-15_15-40-00/events.log
[0.893s] -- Up-to-date: /home/cambria/MQP/dev_ws/src/inchworm_control/install/inchworm_control/lib/python3.8/site-packages/inchworm_control/log/build_2023-11-15_15-40-00/logger_all.log
[0.893s] -- Up-to-date: /home/cambria/MQP/dev_ws/src/inchworm_control/install/inchworm_control/lib/python3.8/site-packages/inchworm_control/log/latest
[0.893s] -- Installing: /home/cambria/MQP/dev_ws/src/inchworm_control/install/inchworm_control/lib/python3.8/site-packages/inchworm_control/__init__.py
[0.894s] -- Installing: /home/cambria/MQP/dev_ws/src/inchworm_control/install/inchworm_control/lib/python3.8/site-packages/inchworm_control/motor_publisher.py
[0.894s] -- Up-to-date: /home/cambria/MQP/dev_ws/src/inchworm_control/install/inchworm_control/lib/python3.8/site-packages/inchworm_control/motor_subscriber.py
[0.894s] -- Up-to-date: /home/cambria/MQP/dev_ws/src/inchworm_control/install/inchworm_control/lib/python3.8/site-packages/inchworm_control/scripts
[0.895s] -- Up-to-date: /home/cambria/MQP/dev_ws/src/inchworm_control/install/inchworm_control/lib/python3.8/site-packages/inchworm_control/scripts/movement_command.py
[0.895s] -- Up-to-date: /home/cambria/MQP/dev_ws/src/inchworm_control/install/inchworm_control/lib/python3.8/site-packages/inchworm_control/lewansoul_servo_bus.py
[0.895s] -- Up-to-date: /home/cambria/MQP/dev_ws/src/inchworm_control/install/inchworm_control/lib/python3.8/site-packages/inchworm_control/install
[0.895s] -- Up-to-date: /home/cambria/MQP/dev_ws/src/inchworm_control/install/inchworm_control/lib/python3.8/site-packages/inchworm_control/install/setup.sh
[0.895s] -- Up-to-date: /home/cambria/MQP/dev_ws/src/inchworm_control/install/inchworm_control/lib/python3.8/site-packages/inchworm_control/install/_local_setup_util_ps1.py
[0.896s] -- Up-to-date: /home/cambria/MQP/dev_ws/src/inchworm_control/install/inchworm_control/lib/python3.8/site-packages/inchworm_control/install/setup.ps1
[0.896s] -- Up-to-date: /home/cambria/MQP/dev_ws/src/inchworm_control/install/inchworm_control/lib/python3.8/site-packages/inchworm_control/install/_local_setup_util_sh.py
[0.896s] -- Up-to-date: /home/cambria/MQP/dev_ws/src/inchworm_control/install/inchworm_control/lib/python3.8/site-packages/inchworm_control/install/local_setup.sh
[0.896s] -- Up-to-date: /home/cambria/MQP/dev_ws/src/inchworm_control/install/inchworm_control/lib/python3.8/site-packages/inchworm_control/install/setup.zsh
[0.897s] -- Up-to-date: /home/cambria/MQP/dev_ws/src/inchworm_control/install/inchworm_control/lib/python3.8/site-packages/inchworm_control/install/.colcon_install_layout
[0.897s] -- Up-to-date: /home/cambria/MQP/dev_ws/src/inchworm_control/install/inchworm_control/lib/python3.8/site-packages/inchworm_control/install/COLCON_IGNORE
[0.897s] -- Up-to-date: /home/cambria/MQP/dev_ws/src/inchworm_control/install/inchworm_control/lib/python3.8/site-packages/inchworm_control/install/setup.bash
[0.897s] -- Up-to-date: /home/cambria/MQP/dev_ws/src/inchworm_control/install/inchworm_control/lib/python3.8/site-packages/inchworm_control/install/local_setup.bash
[0.898s] -- Up-to-date: /home/cambria/MQP/dev_ws/src/inchworm_control/install/inchworm_control/lib/python3.8/site-packages/inchworm_control/install/local_setup.zsh
[0.898s] -- Up-to-date: /home/cambria/MQP/dev_ws/src/inchworm_control/install/inchworm_control/lib/python3.8/site-packages/inchworm_control/install/local_setup.ps1
[0.898s] -- Installing: /home/cambria/MQP/dev_ws/src/inchworm_control/install/inchworm_control/lib/python3.8/site-packages/inchworm_control/step_publisher.py
[0.961s] Listing '/home/cambria/MQP/dev_ws/src/inchworm_control/install/inchworm_control/lib/python3.8/site-packages/inchworm_control'...
[0.962s] Compiling '/home/cambria/MQP/dev_ws/src/inchworm_control/install/inchworm_control/lib/python3.8/site-packages/inchworm_control/__init__.py'...
[0.962s] Listing '/home/cambria/MQP/dev_ws/src/inchworm_control/install/inchworm_control/lib/python3.8/site-packages/inchworm_control/build'...
[0.962s] Listing '/home/cambria/MQP/dev_ws/src/inchworm_control/install/inchworm_control/lib/python3.8/site-packages/inchworm_control/install'...
[0.962s] Listing '/home/cambria/MQP/dev_ws/src/inchworm_control/install/inchworm_control/lib/python3.8/site-packages/inchworm_control/lewansoul_servo_bus'...
[0.963s] Listing '/home/cambria/MQP/dev_ws/src/inchworm_control/install/inchworm_control/lib/python3.8/site-packages/inchworm_control/log'...
[0.963s] Listing '/home/cambria/MQP/dev_ws/src/inchworm_control/install/inchworm_control/lib/python3.8/site-packages/inchworm_control/log/build_2023-11-15_15-40-00'...
[0.963s] Listing '/home/cambria/MQP/dev_ws/src/inchworm_control/install/inchworm_control/lib/python3.8/site-packages/inchworm_control/log/build_2024-02-13_19-54-49'...
[0.963s] Compiling '/home/cambria/MQP/dev_ws/src/inchworm_control/install/inchworm_control/lib/python3.8/site-packages/inchworm_control/motor_publisher.py'...
[0.964s] Listing '/home/cambria/MQP/dev_ws/src/inchworm_control/install/inchworm_control/lib/python3.8/site-packages/inchworm_control/msg'...
[0.964s] Listing '/home/cambria/MQP/dev_ws/src/inchworm_control/install/inchworm_control/lib/python3.8/site-packages/inchworm_control/scripts'...
[0.964s] Compiling '/home/cambria/MQP/dev_ws/src/inchworm_control/install/inchworm_control/lib/python3.8/site-packages/inchworm_control/step_publisher.py'...
[0.969s] -- Up-to-date: /home/cambria/MQP/dev_ws/src/inchworm_control/install/inchworm_control/lib/inchworm_control/motor_controller.py
[0.970s] -- Up-to-date: /home/cambria/MQP/dev_ws/src/inchworm_control/install/inchworm_control/lib/inchworm_control/motor_walking.py
[0.970s] -- Installing: /home/cambria/MQP/dev_ws/src/inchworm_control/install/inchworm_control/lib/inchworm_control/motor_publisher.py
[0.970s] -- Installing: /home/cambria/MQP/dev_ws/src/inchworm_control/install/inchworm_control/lib/inchworm_control/step_publisher.py
[0.971s] -- Up-to-date: /home/cambria/MQP/dev_ws/src/inchworm_control/install/inchworm_control/share/inchworm_control/urdf
[0.971s] -- Up-to-date: /home/cambria/MQP/dev_ws/src/inchworm_control/install/inchworm_control/share/inchworm_control/urdf/r2d2.rviz
[0.971s] -- Up-to-date: /home/cambria/MQP/dev_ws/src/inchworm_control/install/inchworm_control/share/inchworm_control/urdf/one_inchworm.urdf
[0.972s] -- Up-to-date: /home/cambria/MQP/dev_ws/src/inchworm_control/install/inchworm_control/share/ament_index/resource_index/package_run_dependencies/inchworm_control
[0.972s] -- Up-to-date: /home/cambria/MQP/dev_ws/src/inchworm_control/install/inchworm_control/share/ament_index/resource_index/parent_prefix_path/inchworm_control
[0.972s] -- Up-to-date: /home/cambria/MQP/dev_ws/src/inchworm_control/install/inchworm_control/share/inchworm_control/environment/ament_prefix_path.sh
[0.973s] -- Up-to-date: /home/cambria/MQP/dev_ws/src/inchworm_control/install/inchworm_control/share/inchworm_control/environment/ament_prefix_path.dsv
[0.973s] -- Up-to-date: /home/cambria/MQP/dev_ws/src/inchworm_control/install/inchworm_control/share/inchworm_control/environment/path.sh
[0.973s] -- Up-to-date: /home/cambria/MQP/dev_ws/src/inchworm_control/install/inchworm_control/share/inchworm_control/environment/path.dsv
[0.973s] -- Up-to-date: /home/cambria/MQP/dev_ws/src/inchworm_control/install/inchworm_control/share/inchworm_control/local_setup.bash
[0.974s] -- Up-to-date: /home/cambria/MQP/dev_ws/src/inchworm_control/install/inchworm_control/share/inchworm_control/local_setup.sh
[0.974s] -- Up-to-date: /home/cambria/MQP/dev_ws/src/inchworm_control/install/inchworm_control/share/inchworm_control/local_setup.zsh
[0.974s] -- Up-to-date: /home/cambria/MQP/dev_ws/src/inchworm_control/install/inchworm_control/share/inchworm_control/local_setup.dsv
[0.975s] -- Installing: /home/cambria/MQP/dev_ws/src/inchworm_control/install/inchworm_control/share/inchworm_control/package.dsv
[0.975s] -- Up-to-date: /home/cambria/MQP/dev_ws/src/inchworm_control/install/inchworm_control/share/ament_index/resource_index/packages/inchworm_control
[0.975s] -- Up-to-date: /home/cambria/MQP/dev_ws/src/inchworm_control/install/inchworm_control/share/inchworm_control/cmake/inchworm_control__rosidl_generator_cExport.cmake
[0.976s] -- Up-to-date: /home/cambria/MQP/dev_ws/src/inchworm_control/install/inchworm_control/share/inchworm_control/cmake/inchworm_control__rosidl_generator_cExport-noconfig.cmake
[0.976s] -- Up-to-date: /home/cambria/MQP/dev_ws/src/inchworm_control/install/inchworm_control/share/inchworm_control/cmake/inchworm_control__rosidl_typesupport_introspection_cExport.cmake
[0.976s] -- Up-to-date: /home/cambria/MQP/dev_ws/src/inchworm_control/install/inchworm_control/share/inchworm_control/cmake/inchworm_control__rosidl_typesupport_introspection_cExport-noconfig.cmake
[0.976s] -- Up-to-date: /home/cambria/MQP/dev_ws/src/inchworm_control/install/inchworm_control/share/inchworm_control/cmake/inchworm_control__rosidl_typesupport_cExport.cmake
[0.977s] -- Up-to-date: /home/cambria/MQP/dev_ws/src/inchworm_control/install/inchworm_control/share/inchworm_control/cmake/inchworm_control__rosidl_typesupport_cExport-noconfig.cmake
[0.977s] -- Up-to-date: /home/cambria/MQP/dev_ws/src/inchworm_control/install/inchworm_control/share/inchworm_control/cmake/inchworm_control__rosidl_generator_cppExport.cmake
[0.977s] -- Up-to-date: /home/cambria/MQP/dev_ws/src/inchworm_control/install/inchworm_control/share/inchworm_control/cmake/inchworm_control__rosidl_typesupport_introspection_cppExport.cmake
[0.977s] -- Up-to-date: /home/cambria/MQP/dev_ws/src/inchworm_control/install/inchworm_control/share/inchworm_control/cmake/inchworm_control__rosidl_typesupport_introspection_cppExport-noconfig.cmake
[0.978s] -- Up-to-date: /home/cambria/MQP/dev_ws/src/inchworm_control/install/inchworm_control/share/inchworm_control/cmake/inchworm_control__rosidl_typesupport_cppExport.cmake
[0.978s] -- Up-to-date: /home/cambria/MQP/dev_ws/src/inchworm_control/install/inchworm_control/share/inchworm_control/cmake/inchworm_control__rosidl_typesupport_cppExport-noconfig.cmake
[0.979s] -- Up-to-date: /home/cambria/MQP/dev_ws/src/inchworm_control/install/inchworm_control/share/inchworm_control/cmake/rosidl_cmake-extras.cmake
[0.979s] -- Up-to-date: /home/cambria/MQP/dev_ws/src/inchworm_control/install/inchworm_control/share/inchworm_control/cmake/ament_cmake_export_dependencies-extras.cmake
[0.979s] -- Up-to-date: /home/cambria/MQP/dev_ws/src/inchworm_control/install/inchworm_control/share/inchworm_control/cmake/ament_cmake_export_libraries-extras.cmake
[0.980s] -- Up-to-date: /home/cambria/MQP/dev_ws/src/inchworm_control/install/inchworm_control/share/inchworm_control/cmake/ament_cmake_export_targets-extras.cmake
[0.980s] -- Up-to-date: /home/cambria/MQP/dev_ws/src/inchworm_control/install/inchworm_control/share/inchworm_control/cmake/ament_cmake_export_include_directories-extras.cmake
[0.980s] -- Up-to-date: /home/cambria/MQP/dev_ws/src/inchworm_control/install/inchworm_control/share/inchworm_control/cmake/rosidl_cmake_export_typesupport_libraries-extras.cmake
[0.980s] -- Up-to-date: /home/cambria/MQP/dev_ws/src/inchworm_control/install/inchworm_control/share/inchworm_control/cmake/rosidl_cmake_export_typesupport_targets-extras.cmake
[0.981s] -- Up-to-date: /home/cambria/MQP/dev_ws/src/inchworm_control/install/inchworm_control/share/inchworm_control/cmake/inchworm_controlConfig.cmake
[0.981s] -- Up-to-date: /home/cambria/MQP/dev_ws/src/inchworm_control/install/inchworm_control/share/inchworm_control/cmake/inchworm_controlConfig-version.cmake
[0.981s] -- Up-to-date: /home/cambria/MQP/dev_ws/src/inchworm_control/install/inchworm_control/share/inchworm_control/package.xml
[0.987s] Invoked command in '/home/cambria/MQP/dev_ws/src/inchworm_control/build/inchworm_control' returned '0': CMAKE_PREFIX_PATH=${CMAKE_PREFIX_PATH}:/opt/ros/foxy /usr/bin/cmake --install /home/cambria/MQP/dev_ws/src/inchworm_control/build/inchworm_control
