[0.064s] Invoking command in '/home/cambria/dev_ws/src/build/inchworm_control': CMAKE_PREFIX_PATH=${CMAKE_PREFIX_PATH}:/home/cambria/dev_ws/src/install/motor_control:/home/cambria/dev_ws/install/motor_control:/opt/ros/foxy /usr/bin/cmake --build /home/cambria/dev_ws/src/build/inchworm_control -- -j4 -l4
[0.168s] [  3%] Built target inchworm_control__cpp
[0.172s] [ 12%] Built target inchworm_control__rosidl_generator_c
[0.235s] [ 22%] Built target inchworm_control__rosidl_typesupport_cpp
[0.237s] [ 32%] Built target inchworm_control__rosidl_typesupport_introspection_c
[0.242s] [ 41%] Built target inchworm_control__rosidl_typesupport_fastrtps_cpp
[0.247s] [ 51%] Built target inchworm_control__rosidl_typesupport_introspection_cpp
[0.286s] [ 61%] Built target inchworm_control__rosidl_typesupport_c
[0.296s] [ 70%] Built target inchworm_control__rosidl_typesupport_fastrtps_c
[0.337s] [ 70%] Built target inchworm_control
[0.381s] [ 74%] Built target inchworm_control__py
[0.433s] [ 80%] Built target inchworm_control__python
[0.485s] [ 87%] Built target inchworm_control__rosidl_typesupport_introspection_c__pyext
[0.497s] [ 93%] Built target inchworm_control__rosidl_typesupport_fastrtps_c__pyext
[0.500s] [100%] Built target inchworm_control__rosidl_typesupport_c__pyext
[0.519s] Invoked command in '/home/cambria/dev_ws/src/build/inchworm_control' returned '0': CMAKE_PREFIX_PATH=${CMAKE_PREFIX_PATH}:/home/cambria/dev_ws/src/install/motor_control:/home/cambria/dev_ws/install/motor_control:/opt/ros/foxy /usr/bin/cmake --build /home/cambria/dev_ws/src/build/inchworm_control -- -j4 -l4
[0.637s] Invoking command in '/home/cambria/dev_ws/src/build/inchworm_control': CMAKE_PREFIX_PATH=${CMAKE_PREFIX_PATH}:/home/cambria/dev_ws/src/install/motor_control:/home/cambria/dev_ws/install/motor_control:/opt/ros/foxy /usr/bin/cmake --install /home/cambria/dev_ws/src/build/inchworm_control
[0.655s] -- Install configuration: ""
[0.656s] -- Up-to-date: /home/cambria/dev_ws/src/install/inchworm_control/share/ament_index/resource_index/rosidl_interfaces/inchworm_control
[0.656s] -- Up-to-date: /home/cambria/dev_ws/src/install/inchworm_control/include/inchworm_control
[0.656s] -- Up-to-date: /home/cambria/dev_ws/src/install/inchworm_control/include/inchworm_control/msg
[0.656s] -- Up-to-date: /home/cambria/dev_ws/src/install/inchworm_control/include/inchworm_control/msg/thruple.h
[0.656s] -- Up-to-date: /home/cambria/dev_ws/src/install/inchworm_control/include/inchworm_control/msg/rosidl_generator_c__visibility_control.h
[0.656s] -- Up-to-date: /home/cambria/dev_ws/src/install/inchworm_control/include/inchworm_control/msg/detail
[0.657s] -- Up-to-date: /home/cambria/dev_ws/src/install/inchworm_control/include/inchworm_control/msg/detail/thruple__struct.h
[0.657s] -- Up-to-date: /home/cambria/dev_ws/src/install/inchworm_control/include/inchworm_control/msg/detail/thruple__functions.h
[0.657s] -- Up-to-date: /home/cambria/dev_ws/src/install/inchworm_control/include/inchworm_control/msg/detail/thruple__functions.c
[0.657s] -- Up-to-date: /home/cambria/dev_ws/src/install/inchworm_control/include/inchworm_control/msg/detail/thruple__type_support.h
[0.657s] -- Up-to-date: /home/cambria/dev_ws/src/install/inchworm_control/share/inchworm_control/environment/library_path.sh
[0.658s] -- Up-to-date: /home/cambria/dev_ws/src/install/inchworm_control/share/inchworm_control/environment/library_path.dsv
[0.658s] -- Up-to-date: /home/cambria/dev_ws/src/install/inchworm_control/lib/libinchworm_control__rosidl_generator_c.so
[0.658s] -- Up-to-date: /home/cambria/dev_ws/src/install/inchworm_control/include/inchworm_control
[0.658s] -- Up-to-date: /home/cambria/dev_ws/src/install/inchworm_control/include/inchworm_control/msg
[0.658s] -- Up-to-date: /home/cambria/dev_ws/src/install/inchworm_control/include/inchworm_control/msg/rosidl_typesupport_fastrtps_c__visibility_control.h
[0.659s] -- Up-to-date: /home/cambria/dev_ws/src/install/inchworm_control/include/inchworm_control/msg/detail
[0.659s] -- Up-to-date: /home/cambria/dev_ws/src/install/inchworm_control/include/inchworm_control/msg/detail/thruple__rosidl_typesupport_fastrtps_c.h
[0.659s] -- Up-to-date: /home/cambria/dev_ws/src/install/inchworm_control/lib/libinchworm_control__rosidl_typesupport_fastrtps_c.so
[0.659s] -- Up-to-date: /home/cambria/dev_ws/src/install/inchworm_control/include/inchworm_control
[0.659s] -- Up-to-date: /home/cambria/dev_ws/src/install/inchworm_control/include/inchworm_control/msg
[0.659s] -- Up-to-date: /home/cambria/dev_ws/src/install/inchworm_control/include/inchworm_control/msg/rosidl_typesupport_fastrtps_cpp__visibility_control.h
[0.660s] -- Up-to-date: /home/cambria/dev_ws/src/install/inchworm_control/include/inchworm_control/msg/detail
[0.660s] -- Up-to-date: /home/cambria/dev_ws/src/install/inchworm_control/include/inchworm_control/msg/detail/thruple__rosidl_typesupport_fastrtps_cpp.hpp
[0.660s] -- Up-to-date: /home/cambria/dev_ws/src/install/inchworm_control/include/inchworm_control/msg/detail/dds_fastrtps
[0.660s] -- Up-to-date: /home/cambria/dev_ws/src/install/inchworm_control/lib/libinchworm_control__rosidl_typesupport_fastrtps_cpp.so
[0.660s] -- Up-to-date: /home/cambria/dev_ws/src/install/inchworm_control/include/inchworm_control
[0.661s] -- Up-to-date: /home/cambria/dev_ws/src/install/inchworm_control/include/inchworm_control/msg
[0.661s] -- Up-to-date: /home/cambria/dev_ws/src/install/inchworm_control/include/inchworm_control/msg/rosidl_typesupport_introspection_c__visibility_control.h
[0.661s] -- Up-to-date: /home/cambria/dev_ws/src/install/inchworm_control/include/inchworm_control/msg/detail
[0.661s] -- Up-to-date: /home/cambria/dev_ws/src/install/inchworm_control/include/inchworm_control/msg/detail/thruple__type_support.c
[0.661s] -- Up-to-date: /home/cambria/dev_ws/src/install/inchworm_control/include/inchworm_control/msg/detail/thruple__rosidl_typesupport_introspection_c.h
[0.661s] -- Up-to-date: /home/cambria/dev_ws/src/install/inchworm_control/lib/libinchworm_control__rosidl_typesupport_introspection_c.so
[0.662s] -- Up-to-date: /home/cambria/dev_ws/src/install/inchworm_control/lib/libinchworm_control__rosidl_typesupport_c.so
[0.663s] -- Up-to-date: /home/cambria/dev_ws/src/install/inchworm_control/include/inchworm_control
[0.663s] -- Up-to-date: /home/cambria/dev_ws/src/install/inchworm_control/include/inchworm_control/msg
[0.663s] -- Up-to-date: /home/cambria/dev_ws/src/install/inchworm_control/include/inchworm_control/msg/rosidl_generator_cpp__visibility_control.hpp
[0.663s] -- Up-to-date: /home/cambria/dev_ws/src/install/inchworm_control/include/inchworm_control/msg/detail
[0.664s] -- Up-to-date: /home/cambria/dev_ws/src/install/inchworm_control/include/inchworm_control/msg/detail/thruple__struct.hpp
[0.664s] -- Up-to-date: /home/cambria/dev_ws/src/install/inchworm_control/include/inchworm_control/msg/detail/thruple__traits.hpp
[0.664s] -- Up-to-date: /home/cambria/dev_ws/src/install/inchworm_control/include/inchworm_control/msg/detail/thruple__type_support.hpp
[0.664s] -- Up-to-date: /home/cambria/dev_ws/src/install/inchworm_control/include/inchworm_control/msg/detail/thruple__builder.hpp
[0.664s] -- Up-to-date: /home/cambria/dev_ws/src/install/inchworm_control/include/inchworm_control/msg/thruple.hpp
[0.664s] -- Up-to-date: /home/cambria/dev_ws/src/install/inchworm_control/include/inchworm_control
[0.665s] -- Up-to-date: /home/cambria/dev_ws/src/install/inchworm_control/include/inchworm_control/msg
[0.665s] -- Up-to-date: /home/cambria/dev_ws/src/install/inchworm_control/include/inchworm_control/msg/detail
[0.665s] -- Up-to-date: /home/cambria/dev_ws/src/install/inchworm_control/include/inchworm_control/msg/detail/thruple__rosidl_typesupport_introspection_cpp.hpp
[0.665s] -- Up-to-date: /home/cambria/dev_ws/src/install/inchworm_control/include/inchworm_control/msg/detail/thruple__type_support.cpp
[0.665s] -- Up-to-date: /home/cambria/dev_ws/src/install/inchworm_control/lib/libinchworm_control__rosidl_typesupport_introspection_cpp.so
[0.665s] -- Up-to-date: /home/cambria/dev_ws/src/install/inchworm_control/lib/libinchworm_control__rosidl_typesupport_cpp.so
[0.666s] -- Up-to-date: /home/cambria/dev_ws/src/install/inchworm_control/share/inchworm_control/environment/pythonpath.sh
[0.666s] -- Up-to-date: /home/cambria/dev_ws/src/install/inchworm_control/share/inchworm_control/environment/pythonpath.dsv
[0.666s] -- Installing: /home/cambria/dev_ws/src/install/inchworm_control/lib/python3.8/site-packages/inchworm_control/__init__.py
[0.722s] Compiling '/home/cambria/dev_ws/src/install/inchworm_control/lib/python3.8/site-packages/inchworm_control/__init__.py'...
[0.730s] -- Up-to-date: /home/cambria/dev_ws/src/install/inchworm_control/lib/python3.8/site-packages/inchworm_control/msg
[0.730s] -- Up-to-date: /home/cambria/dev_ws/src/install/inchworm_control/lib/python3.8/site-packages/inchworm_control/msg/_thruple_s.c
[0.731s] -- Up-to-date: /home/cambria/dev_ws/src/install/inchworm_control/lib/python3.8/site-packages/inchworm_control/msg/__init__.py
[0.731s] -- Up-to-date: /home/cambria/dev_ws/src/install/inchworm_control/lib/python3.8/site-packages/inchworm_control/msg/_thruple.py
[0.731s] -- Up-to-date: /home/cambria/dev_ws/src/install/inchworm_control/lib/python3.8/site-packages/inchworm_control/inchworm_control_s__rosidl_typesupport_fastrtps_c.cpython-38-x86_64-linux-gnu.so
[0.733s] -- Up-to-date: /home/cambria/dev_ws/src/install/inchworm_control/lib/python3.8/site-packages/inchworm_control/inchworm_control_s__rosidl_typesupport_introspection_c.cpython-38-x86_64-linux-gnu.so
[0.734s] -- Up-to-date: /home/cambria/dev_ws/src/install/inchworm_control/lib/python3.8/site-packages/inchworm_control/inchworm_control_s__rosidl_typesupport_c.cpython-38-x86_64-linux-gnu.so
[0.735s] -- Up-to-date: /home/cambria/dev_ws/src/install/inchworm_control/lib/libinchworm_control__python.so
[0.736s] -- Up-to-date: /home/cambria/dev_ws/src/install/inchworm_control/share/inchworm_control/msg/Thruple.idl
[0.736s] -- Up-to-date: /home/cambria/dev_ws/src/install/inchworm_control/share/inchworm_control/msg/Thruple.msg
[0.736s] -- Up-to-date: /home/cambria/dev_ws/src/install/inchworm_control/lib/python3.8/site-packages/inchworm_control
[0.737s] -- Up-to-date: /home/cambria/dev_ws/src/install/inchworm_control/lib/python3.8/site-packages/inchworm_control/motor_walking.py
[0.737s] -- Installing: /home/cambria/dev_ws/src/install/inchworm_control/lib/python3.8/site-packages/inchworm_control/motor_controller.py
[0.738s] -- Up-to-date: /home/cambria/dev_ws/src/install/inchworm_control/lib/python3.8/site-packages/inchworm_control/lewansoul_servo_bus
[0.738s] -- Up-to-date: /home/cambria/dev_ws/src/install/inchworm_control/lib/python3.8/site-packages/inchworm_control/lewansoul_servo_bus/lewansoul_servo_bus.py
[0.739s] -- Up-to-date: /home/cambria/dev_ws/src/install/inchworm_control/lib/python3.8/site-packages/inchworm_control/build
[0.739s] -- Up-to-date: /home/cambria/dev_ws/src/install/inchworm_control/lib/python3.8/site-packages/inchworm_control/build/.built_by
[0.739s] -- Up-to-date: /home/cambria/dev_ws/src/install/inchworm_control/lib/python3.8/site-packages/inchworm_control/build/COLCON_IGNORE
[0.739s] -- Up-to-date: /home/cambria/dev_ws/src/install/inchworm_control/lib/python3.8/site-packages/inchworm_control/msg
[0.739s] -- Up-to-date: /home/cambria/dev_ws/src/install/inchworm_control/lib/python3.8/site-packages/inchworm_control/msg/Thruple.msg
[0.740s] -- Up-to-date: /home/cambria/dev_ws/src/install/inchworm_control/lib/python3.8/site-packages/inchworm_control/log
[0.740s] -- Up-to-date: /home/cambria/dev_ws/src/install/inchworm_control/lib/python3.8/site-packages/inchworm_control/log/latest_build
[0.740s] -- Up-to-date: /home/cambria/dev_ws/src/install/inchworm_control/lib/python3.8/site-packages/inchworm_control/log/COLCON_IGNORE
[0.740s] -- Up-to-date: /home/cambria/dev_ws/src/install/inchworm_control/lib/python3.8/site-packages/inchworm_control/log/build_2023-11-15_15-40-00
[0.740s] -- Up-to-date: /home/cambria/dev_ws/src/install/inchworm_control/lib/python3.8/site-packages/inchworm_control/log/build_2023-11-15_15-40-00/events.log
[0.740s] -- Up-to-date: /home/cambria/dev_ws/src/install/inchworm_control/lib/python3.8/site-packages/inchworm_control/log/build_2023-11-15_15-40-00/logger_all.log
[0.741s] -- Up-to-date: /home/cambria/dev_ws/src/install/inchworm_control/lib/python3.8/site-packages/inchworm_control/log/latest
[0.741s] -- Installing: /home/cambria/dev_ws/src/install/inchworm_control/lib/python3.8/site-packages/inchworm_control/__init__.py
[0.741s] -- Up-to-date: /home/cambria/dev_ws/src/install/inchworm_control/lib/python3.8/site-packages/inchworm_control/motor_publisher.py
[0.741s] -- Up-to-date: /home/cambria/dev_ws/src/install/inchworm_control/lib/python3.8/site-packages/inchworm_control/motor_subscriber.py
[0.741s] -- Up-to-date: /home/cambria/dev_ws/src/install/inchworm_control/lib/python3.8/site-packages/inchworm_control/install
[0.741s] -- Up-to-date: /home/cambria/dev_ws/src/install/inchworm_control/lib/python3.8/site-packages/inchworm_control/install/setup.sh
[0.742s] -- Up-to-date: /home/cambria/dev_ws/src/install/inchworm_control/lib/python3.8/site-packages/inchworm_control/install/_local_setup_util_ps1.py
[0.742s] -- Up-to-date: /home/cambria/dev_ws/src/install/inchworm_control/lib/python3.8/site-packages/inchworm_control/install/setup.ps1
[0.742s] -- Up-to-date: /home/cambria/dev_ws/src/install/inchworm_control/lib/python3.8/site-packages/inchworm_control/install/_local_setup_util_sh.py
[0.742s] -- Up-to-date: /home/cambria/dev_ws/src/install/inchworm_control/lib/python3.8/site-packages/inchworm_control/install/local_setup.sh
[0.742s] -- Up-to-date: /home/cambria/dev_ws/src/install/inchworm_control/lib/python3.8/site-packages/inchworm_control/install/setup.zsh
[0.742s] -- Up-to-date: /home/cambria/dev_ws/src/install/inchworm_control/lib/python3.8/site-packages/inchworm_control/install/.colcon_install_layout
[0.742s] -- Up-to-date: /home/cambria/dev_ws/src/install/inchworm_control/lib/python3.8/site-packages/inchworm_control/install/COLCON_IGNORE
[0.743s] -- Up-to-date: /home/cambria/dev_ws/src/install/inchworm_control/lib/python3.8/site-packages/inchworm_control/install/setup.bash
[0.743s] -- Up-to-date: /home/cambria/dev_ws/src/install/inchworm_control/lib/python3.8/site-packages/inchworm_control/install/local_setup.bash
[0.743s] -- Up-to-date: /home/cambria/dev_ws/src/install/inchworm_control/lib/python3.8/site-packages/inchworm_control/install/local_setup.zsh
[0.743s] -- Up-to-date: /home/cambria/dev_ws/src/install/inchworm_control/lib/python3.8/site-packages/inchworm_control/install/local_setup.ps1
[0.805s] Listing '/home/cambria/dev_ws/src/install/inchworm_control/lib/python3.8/site-packages/inchworm_control'...
[0.805s] Compiling '/home/cambria/dev_ws/src/install/inchworm_control/lib/python3.8/site-packages/inchworm_control/__init__.py'...
[0.805s] Listing '/home/cambria/dev_ws/src/install/inchworm_control/lib/python3.8/site-packages/inchworm_control/build'...
[0.805s] Listing '/home/cambria/dev_ws/src/install/inchworm_control/lib/python3.8/site-packages/inchworm_control/install'...
[0.805s] Listing '/home/cambria/dev_ws/src/install/inchworm_control/lib/python3.8/site-packages/inchworm_control/lewansoul_servo_bus'...
[0.805s] Listing '/home/cambria/dev_ws/src/install/inchworm_control/lib/python3.8/site-packages/inchworm_control/log'...
[0.806s] Listing '/home/cambria/dev_ws/src/install/inchworm_control/lib/python3.8/site-packages/inchworm_control/log/build_2023-11-15_15-40-00'...
[0.806s] Compiling '/home/cambria/dev_ws/src/install/inchworm_control/lib/python3.8/site-packages/inchworm_control/motor_controller.py'...
[0.806s] Listing '/home/cambria/dev_ws/src/install/inchworm_control/lib/python3.8/site-packages/inchworm_control/msg'...
[0.814s] -- Installing: /home/cambria/dev_ws/src/install/inchworm_control/lib/inchworm_control/motor_controller.py
[0.814s] -- Up-to-date: /home/cambria/dev_ws/src/install/inchworm_control/lib/inchworm_control/motor_walking.py
[0.815s] -- Up-to-date: /home/cambria/dev_ws/src/install/inchworm_control/share/ament_index/resource_index/package_run_dependencies/inchworm_control
[0.815s] -- Up-to-date: /home/cambria/dev_ws/src/install/inchworm_control/share/ament_index/resource_index/parent_prefix_path/inchworm_control
[0.816s] -- Up-to-date: /home/cambria/dev_ws/src/install/inchworm_control/share/inchworm_control/environment/ament_prefix_path.sh
[0.816s] -- Up-to-date: /home/cambria/dev_ws/src/install/inchworm_control/share/inchworm_control/environment/ament_prefix_path.dsv
[0.816s] -- Up-to-date: /home/cambria/dev_ws/src/install/inchworm_control/share/inchworm_control/environment/path.sh
[0.817s] -- Up-to-date: /home/cambria/dev_ws/src/install/inchworm_control/share/inchworm_control/environment/path.dsv
[0.817s] -- Up-to-date: /home/cambria/dev_ws/src/install/inchworm_control/share/inchworm_control/local_setup.bash
[0.818s] -- Up-to-date: /home/cambria/dev_ws/src/install/inchworm_control/share/inchworm_control/local_setup.sh
[0.818s] -- Up-to-date: /home/cambria/dev_ws/src/install/inchworm_control/share/inchworm_control/local_setup.zsh
[0.818s] -- Up-to-date: /home/cambria/dev_ws/src/install/inchworm_control/share/inchworm_control/local_setup.dsv
[0.819s] -- Installing: /home/cambria/dev_ws/src/install/inchworm_control/share/inchworm_control/package.dsv
[0.819s] -- Up-to-date: /home/cambria/dev_ws/src/install/inchworm_control/share/ament_index/resource_index/packages/inchworm_control
[0.819s] -- Up-to-date: /home/cambria/dev_ws/src/install/inchworm_control/share/inchworm_control/cmake/inchworm_control__rosidl_generator_cExport.cmake
[0.820s] -- Up-to-date: /home/cambria/dev_ws/src/install/inchworm_control/share/inchworm_control/cmake/inchworm_control__rosidl_generator_cExport-noconfig.cmake
[0.820s] -- Up-to-date: /home/cambria/dev_ws/src/install/inchworm_control/share/inchworm_control/cmake/inchworm_control__rosidl_typesupport_introspection_cExport.cmake
[0.820s] -- Up-to-date: /home/cambria/dev_ws/src/install/inchworm_control/share/inchworm_control/cmake/inchworm_control__rosidl_typesupport_introspection_cExport-noconfig.cmake
[0.821s] -- Up-to-date: /home/cambria/dev_ws/src/install/inchworm_control/share/inchworm_control/cmake/inchworm_control__rosidl_typesupport_cExport.cmake
[0.821s] -- Up-to-date: /home/cambria/dev_ws/src/install/inchworm_control/share/inchworm_control/cmake/inchworm_control__rosidl_typesupport_cExport-noconfig.cmake
[0.821s] -- Up-to-date: /home/cambria/dev_ws/src/install/inchworm_control/share/inchworm_control/cmake/inchworm_control__rosidl_generator_cppExport.cmake
[0.822s] -- Up-to-date: /home/cambria/dev_ws/src/install/inchworm_control/share/inchworm_control/cmake/inchworm_control__rosidl_typesupport_introspection_cppExport.cmake
[0.822s] -- Up-to-date: /home/cambria/dev_ws/src/install/inchworm_control/share/inchworm_control/cmake/inchworm_control__rosidl_typesupport_introspection_cppExport-noconfig.cmake
[0.822s] -- Up-to-date: /home/cambria/dev_ws/src/install/inchworm_control/share/inchworm_control/cmake/inchworm_control__rosidl_typesupport_cppExport.cmake
[0.823s] -- Up-to-date: /home/cambria/dev_ws/src/install/inchworm_control/share/inchworm_control/cmake/inchworm_control__rosidl_typesupport_cppExport-noconfig.cmake
[0.824s] -- Up-to-date: /home/cambria/dev_ws/src/install/inchworm_control/share/inchworm_control/cmake/rosidl_cmake-extras.cmake
[0.825s] -- Up-to-date: /home/cambria/dev_ws/src/install/inchworm_control/share/inchworm_control/cmake/ament_cmake_export_dependencies-extras.cmake
[0.825s] -- Up-to-date: /home/cambria/dev_ws/src/install/inchworm_control/share/inchworm_control/cmake/ament_cmake_export_libraries-extras.cmake
[0.826s] -- Up-to-date: /home/cambria/dev_ws/src/install/inchworm_control/share/inchworm_control/cmake/ament_cmake_export_targets-extras.cmake
[0.826s] -- Up-to-date: /home/cambria/dev_ws/src/install/inchworm_control/share/inchworm_control/cmake/ament_cmake_export_include_directories-extras.cmake
[0.826s] -- Up-to-date: /home/cambria/dev_ws/src/install/inchworm_control/share/inchworm_control/cmake/rosidl_cmake_export_typesupport_libraries-extras.cmake
[0.826s] -- Up-to-date: /home/cambria/dev_ws/src/install/inchworm_control/share/inchworm_control/cmake/rosidl_cmake_export_typesupport_targets-extras.cmake
[0.827s] -- Up-to-date: /home/cambria/dev_ws/src/install/inchworm_control/share/inchworm_control/cmake/inchworm_controlConfig.cmake
[0.827s] -- Up-to-date: /home/cambria/dev_ws/src/install/inchworm_control/share/inchworm_control/cmake/inchworm_controlConfig-version.cmake
[0.827s] -- Up-to-date: /home/cambria/dev_ws/src/install/inchworm_control/share/inchworm_control/package.xml
[0.833s] Invoked command in '/home/cambria/dev_ws/src/build/inchworm_control' returned '0': CMAKE_PREFIX_PATH=${CMAKE_PREFIX_PATH}:/home/cambria/dev_ws/src/install/motor_control:/home/cambria/dev_ws/install/motor_control:/opt/ros/foxy /usr/bin/cmake --install /home/cambria/dev_ws/src/build/inchworm_control
