[8.170s] DEBUG:colcon:Command line arguments: ['/usr/bin/colcon', 'build']
[8.171s] DEBUG:colcon:Parsed command line arguments: Namespace(allow_overriding=[], ament_cmake_args=None, base_paths=['.'], build_base='build', catkin_cmake_args=None, catkin_skip_building_tests=False, cmake_args=None, cmake_clean_cache=False, cmake_clean_first=False, cmake_force_configure=False, cmake_target=None, cmake_target_skip_unavailable=False, continue_on_error=False, event_handlers=None, executor='parallel', ignore_user_meta=False, install_base='install', log_base=None, log_level=None, main=<bound method BuildVerb.main of <colcon_core.verb.build.BuildVerb object at 0xffffba6ee1f0>>, merge_install=False, metas=['./colcon.meta'], packages_above=None, packages_above_and_dependencies=None, packages_above_depth=None, packages_end=None, packages_ignore=None, packages_ignore_regex=None, packages_select=None, packages_select_build_failed=False, packages_select_by_dep=None, packages_select_regex=None, packages_select_test_failures=False, packages_skip=None, packages_skip_build_finished=False, packages_skip_by_dep=None, packages_skip_regex=None, packages_skip_test_passed=False, packages_skip_up_to=None, packages_start=None, packages_up_to=None, packages_up_to_regex=None, parallel_workers=4, paths=None, symlink_install=False, test_result_base=None, verb_extension=<colcon_core.verb.build.BuildVerb object at 0xffffba6ee1f0>, verb_name='build', verb_parser=<colcon_defaults.argument_parser.defaults.DefaultArgumentsDecorator object at 0xffffba321400>)
[8.524s] Level 1:colcon.colcon_core.package_discovery:discover_packages(colcon_meta) check parameters
[8.524s] Level 1:colcon.colcon_core.package_discovery:discover_packages(recursive) check parameters
[8.525s] Level 1:colcon.colcon_core.package_discovery:discover_packages(ignore) check parameters
[8.525s] Level 1:colcon.colcon_core.package_discovery:discover_packages(path) check parameters
[8.525s] Level 1:colcon.colcon_core.package_discovery:discover_packages(colcon_meta) discover
[8.525s] Level 1:colcon.colcon_core.package_discovery:discover_packages(recursive) discover
[8.525s] INFO:colcon.colcon_core.package_discovery:Crawling recursively for packages in '/home/ubuntu/robot_ws/src/MQP/inchworm_control'
[8.526s] Level 1:colcon.colcon_core.package_identification:_identify(.) by extensions ['ignore', 'ignore_ament_install']
[8.526s] Level 1:colcon.colcon_core.package_identification:_identify(.) by extension 'ignore'
[8.526s] Level 1:colcon.colcon_core.package_identification:_identify(.) by extension 'ignore_ament_install'
[8.527s] Level 1:colcon.colcon_core.package_identification:_identify(.) by extensions ['colcon_pkg']
[8.527s] Level 1:colcon.colcon_core.package_identification:_identify(.) by extension 'colcon_pkg'
[8.527s] Level 1:colcon.colcon_core.package_identification:_identify(.) by extensions ['colcon_meta']
[8.528s] Level 1:colcon.colcon_core.package_identification:_identify(.) by extension 'colcon_meta'
[8.528s] Level 1:colcon.colcon_core.package_identification:_identify(.) by extensions ['ros']
[8.528s] Level 1:colcon.colcon_core.package_identification:_identify(.) by extension 'ros'
[8.580s] DEBUG:colcon.colcon_core.package_identification:Package '.' with type 'ros.ament_cmake' and name 'inchworm_control'
[8.580s] Level 1:colcon.colcon_core.package_discovery:discover_packages(recursive) using defaults
[8.580s] Level 1:colcon.colcon_core.package_discovery:discover_packages(ignore) discover
[8.580s] Level 1:colcon.colcon_core.package_discovery:discover_packages(ignore) using defaults
[8.580s] Level 1:colcon.colcon_core.package_discovery:discover_packages(path) discover
[8.581s] Level 1:colcon.colcon_core.package_discovery:discover_packages(path) using defaults
[9.308s] Level 1:colcon.colcon_core.package_discovery:discover_packages(prefix_path) check parameters
[9.308s] Level 1:colcon.colcon_core.package_discovery:discover_packages(prefix_path) discover
[9.584s] DEBUG:colcon.colcon_installed_package_information.package_discovery:Found 2 installed packages in /home/ubuntu/robot_ws/install
[9.756s] DEBUG:colcon.colcon_installed_package_information.package_discovery:Found 0 installed packages in /home/ubuntu/robot_ws/src/MQP/inchworm_control/inchworm_control/install
[9.902s] DEBUG:colcon.colcon_installed_package_information.package_discovery:Found 256 installed packages in /opt/ros/foxy
[9.908s] Level 1:colcon.colcon_core.package_discovery:discover_packages(prefix_path) using defaults
[10.473s] Level 5:colcon.colcon_core.verb:set package 'inchworm_control' build argument 'cmake_args' from command line to 'None'
[10.473s] Level 5:colcon.colcon_core.verb:set package 'inchworm_control' build argument 'cmake_target' from command line to 'None'
[10.474s] Level 5:colcon.colcon_core.verb:set package 'inchworm_control' build argument 'cmake_target_skip_unavailable' from command line to 'False'
[10.474s] Level 5:colcon.colcon_core.verb:set package 'inchworm_control' build argument 'cmake_clean_cache' from command line to 'False'
[10.474s] Level 5:colcon.colcon_core.verb:set package 'inchworm_control' build argument 'cmake_clean_first' from command line to 'False'
[10.474s] Level 5:colcon.colcon_core.verb:set package 'inchworm_control' build argument 'cmake_force_configure' from command line to 'False'
[10.474s] Level 5:colcon.colcon_core.verb:set package 'inchworm_control' build argument 'ament_cmake_args' from command line to 'None'
[10.474s] Level 5:colcon.colcon_core.verb:set package 'inchworm_control' build argument 'catkin_cmake_args' from command line to 'None'
[10.474s] Level 5:colcon.colcon_core.verb:set package 'inchworm_control' build argument 'catkin_skip_building_tests' from command line to 'False'
[10.474s] DEBUG:colcon.colcon_core.verb:Building package 'inchworm_control' with the following arguments: {'ament_cmake_args': None, 'build_base': '/home/ubuntu/robot_ws/src/MQP/inchworm_control/build/inchworm_control', 'catkin_cmake_args': None, 'catkin_skip_building_tests': False, 'cmake_args': None, 'cmake_clean_cache': False, 'cmake_clean_first': False, 'cmake_force_configure': False, 'cmake_target': None, 'cmake_target_skip_unavailable': False, 'install_base': '/home/ubuntu/robot_ws/src/MQP/inchworm_control/install/inchworm_control', 'merge_install': False, 'path': '/home/ubuntu/robot_ws/src/MQP/inchworm_control', 'symlink_install': False, 'test_result_base': None}
[10.612s] INFO:colcon.colcon_core.executor:Executing jobs using 'parallel' executor
[10.752s] DEBUG:colcon.colcon_parallel_executor.executor.parallel:run_until_complete
[10.753s] INFO:colcon.colcon_ros.task.ament_cmake.build:Building ROS package in '/home/ubuntu/robot_ws/src/MQP/inchworm_control' with build type 'ament_cmake'
[10.753s] INFO:colcon.colcon_cmake.task.cmake.build:Building CMake package in '/home/ubuntu/robot_ws/src/MQP/inchworm_control'
[10.906s] INFO:colcon.colcon_core.plugin_system:Skipping extension 'colcon_core.shell.bat': Not used on non-Windows systems
[10.907s] INFO:colcon.colcon_core.shell:Skip shell extension 'powershell' for command environment: Not usable outside of PowerShell
[10.907s] DEBUG:colcon.colcon_core.shell:Skip shell extension 'dsv' for command environment
[11.545s] DEBUG:colcon.colcon_core.event_handler.log_command:Invoking command in '/home/ubuntu/robot_ws/src/MQP/inchworm_control/build/inchworm_control': CMAKE_PREFIX_PATH=${CMAKE_PREFIX_PATH}:/home/ubuntu/robot_ws/install/motor_control:/opt/ros/foxy /usr/bin/cmake --build /home/ubuntu/robot_ws/src/MQP/inchworm_control/build/inchworm_control -- -j4 -l4
[12.670s] DEBUG:colcon.colcon_core.event_handler.log_command:Invoked command in '/home/ubuntu/robot_ws/src/MQP/inchworm_control/build/inchworm_control' returned '0': CMAKE_PREFIX_PATH=${CMAKE_PREFIX_PATH}:/home/ubuntu/robot_ws/install/motor_control:/opt/ros/foxy /usr/bin/cmake --build /home/ubuntu/robot_ws/src/MQP/inchworm_control/build/inchworm_control -- -j4 -l4
[13.111s] DEBUG:colcon.colcon_core.event_handler.log_command:Invoking command in '/home/ubuntu/robot_ws/src/MQP/inchworm_control/build/inchworm_control': CMAKE_PREFIX_PATH=${CMAKE_PREFIX_PATH}:/home/ubuntu/robot_ws/install/motor_control:/opt/ros/foxy /usr/bin/cmake --install /home/ubuntu/robot_ws/src/MQP/inchworm_control/build/inchworm_control
[13.614s] Level 1:colcon.colcon_core.environment:create_environment_scripts_only(inchworm_control)
[13.616s] DEBUG:colcon.colcon_core.event_handler.log_command:Invoked command in '/home/ubuntu/robot_ws/src/MQP/inchworm_control/build/inchworm_control' returned '0': CMAKE_PREFIX_PATH=${CMAKE_PREFIX_PATH}:/home/ubuntu/robot_ws/install/motor_control:/opt/ros/foxy /usr/bin/cmake --install /home/ubuntu/robot_ws/src/MQP/inchworm_control/build/inchworm_control
[13.769s] Level 1:colcon.colcon_core.environment:checking '/home/ubuntu/robot_ws/src/MQP/inchworm_control/install/inchworm_control' for CMake module files
[13.774s] Level 1:colcon.colcon_core.environment:checking '/home/ubuntu/robot_ws/src/MQP/inchworm_control/install/inchworm_control' for CMake config files
[13.779s] Level 1:colcon.colcon_core.shell:create_environment_hook('inchworm_control', 'cmake_prefix_path')
[13.954s] INFO:colcon.colcon_core.shell:Creating environment hook '/home/ubuntu/robot_ws/src/MQP/inchworm_control/install/inchworm_control/share/inchworm_control/hook/cmake_prefix_path.ps1'
[13.957s] INFO:colcon.colcon_core.shell:Creating environment descriptor '/home/ubuntu/robot_ws/src/MQP/inchworm_control/install/inchworm_control/share/inchworm_control/hook/cmake_prefix_path.dsv'
[13.959s] INFO:colcon.colcon_core.shell:Creating environment hook '/home/ubuntu/robot_ws/src/MQP/inchworm_control/install/inchworm_control/share/inchworm_control/hook/cmake_prefix_path.sh'
[13.962s] Level 1:colcon.colcon_core.environment:checking '/home/ubuntu/robot_ws/src/MQP/inchworm_control/install/inchworm_control/lib'
[13.963s] Level 1:colcon.colcon_core.shell:create_environment_hook('inchworm_control', 'ld_library_path_lib')
[14.108s] INFO:colcon.colcon_core.shell:Creating environment hook '/home/ubuntu/robot_ws/src/MQP/inchworm_control/install/inchworm_control/share/inchworm_control/hook/ld_library_path_lib.ps1'
[14.110s] INFO:colcon.colcon_core.shell:Creating environment descriptor '/home/ubuntu/robot_ws/src/MQP/inchworm_control/install/inchworm_control/share/inchworm_control/hook/ld_library_path_lib.dsv'
[14.111s] INFO:colcon.colcon_core.shell:Creating environment hook '/home/ubuntu/robot_ws/src/MQP/inchworm_control/install/inchworm_control/share/inchworm_control/hook/ld_library_path_lib.sh'
[14.113s] Level 1:colcon.colcon_core.environment:checking '/home/ubuntu/robot_ws/src/MQP/inchworm_control/install/inchworm_control/bin'
[14.113s] Level 1:colcon.colcon_core.environment:checking '/home/ubuntu/robot_ws/src/MQP/inchworm_control/install/inchworm_control/lib/pkgconfig/inchworm_control.pc'
[14.114s] Level 1:colcon.colcon_core.environment:checking '/home/ubuntu/robot_ws/src/MQP/inchworm_control/install/inchworm_control/lib/python3.8/site-packages'
[14.115s] Level 1:colcon.colcon_core.shell:create_environment_hook('inchworm_control', 'pythonpath')
[14.258s] INFO:colcon.colcon_core.shell:Creating environment hook '/home/ubuntu/robot_ws/src/MQP/inchworm_control/install/inchworm_control/share/inchworm_control/hook/pythonpath.ps1'
[14.260s] INFO:colcon.colcon_core.shell:Creating environment descriptor '/home/ubuntu/robot_ws/src/MQP/inchworm_control/install/inchworm_control/share/inchworm_control/hook/pythonpath.dsv'
[14.262s] INFO:colcon.colcon_core.shell:Creating environment hook '/home/ubuntu/robot_ws/src/MQP/inchworm_control/install/inchworm_control/share/inchworm_control/hook/pythonpath.sh'
[14.264s] Level 1:colcon.colcon_core.environment:checking '/home/ubuntu/robot_ws/src/MQP/inchworm_control/install/inchworm_control/bin'
[14.446s] INFO:colcon.colcon_core.shell:Creating package script '/home/ubuntu/robot_ws/src/MQP/inchworm_control/install/inchworm_control/share/inchworm_control/package.ps1'
[14.449s] INFO:colcon.colcon_core.shell:Creating package descriptor '/home/ubuntu/robot_ws/src/MQP/inchworm_control/install/inchworm_control/share/inchworm_control/package.dsv'
[14.452s] INFO:colcon.colcon_core.shell:Creating package script '/home/ubuntu/robot_ws/src/MQP/inchworm_control/install/inchworm_control/share/inchworm_control/package.sh'
[14.455s] INFO:colcon.colcon_core.shell:Creating package script '/home/ubuntu/robot_ws/src/MQP/inchworm_control/install/inchworm_control/share/inchworm_control/package.bash'
[14.458s] INFO:colcon.colcon_core.shell:Creating package script '/home/ubuntu/robot_ws/src/MQP/inchworm_control/install/inchworm_control/share/inchworm_control/package.zsh'
[14.461s] Level 1:colcon.colcon_core.environment:create_file_with_runtime_dependencies(/home/ubuntu/robot_ws/src/MQP/inchworm_control/install/inchworm_control/share/colcon-core/packages/inchworm_control)
[15.016s] Level 1:colcon.colcon_core.environment:create_environment_scripts_only(inchworm_control)
[15.159s] Level 1:colcon.colcon_core.environment:checking '/home/ubuntu/robot_ws/src/MQP/inchworm_control/install/inchworm_control' for CMake module files
[15.164s] Level 1:colcon.colcon_core.environment:checking '/home/ubuntu/robot_ws/src/MQP/inchworm_control/install/inchworm_control' for CMake config files
[15.169s] Level 1:colcon.colcon_core.shell:create_environment_hook('inchworm_control', 'cmake_prefix_path')
[15.311s] INFO:colcon.colcon_core.shell:Creating environment hook '/home/ubuntu/robot_ws/src/MQP/inchworm_control/install/inchworm_control/share/inchworm_control/hook/cmake_prefix_path.ps1'
[15.313s] INFO:colcon.colcon_core.shell:Creating environment descriptor '/home/ubuntu/robot_ws/src/MQP/inchworm_control/install/inchworm_control/share/inchworm_control/hook/cmake_prefix_path.dsv'
[15.315s] INFO:colcon.colcon_core.shell:Creating environment hook '/home/ubuntu/robot_ws/src/MQP/inchworm_control/install/inchworm_control/share/inchworm_control/hook/cmake_prefix_path.sh'
[15.318s] Level 1:colcon.colcon_core.environment:checking '/home/ubuntu/robot_ws/src/MQP/inchworm_control/install/inchworm_control/lib'
[15.319s] Level 1:colcon.colcon_core.shell:create_environment_hook('inchworm_control', 'ld_library_path_lib')
[15.464s] INFO:colcon.colcon_core.shell:Creating environment hook '/home/ubuntu/robot_ws/src/MQP/inchworm_control/install/inchworm_control/share/inchworm_control/hook/ld_library_path_lib.ps1'
[15.466s] INFO:colcon.colcon_core.shell:Creating environment descriptor '/home/ubuntu/robot_ws/src/MQP/inchworm_control/install/inchworm_control/share/inchworm_control/hook/ld_library_path_lib.dsv'
[15.468s] INFO:colcon.colcon_core.shell:Creating environment hook '/home/ubuntu/robot_ws/src/MQP/inchworm_control/install/inchworm_control/share/inchworm_control/hook/ld_library_path_lib.sh'
[15.470s] Level 1:colcon.colcon_core.environment:checking '/home/ubuntu/robot_ws/src/MQP/inchworm_control/install/inchworm_control/bin'
[15.470s] Level 1:colcon.colcon_core.environment:checking '/home/ubuntu/robot_ws/src/MQP/inchworm_control/install/inchworm_control/lib/pkgconfig/inchworm_control.pc'
[15.471s] Level 1:colcon.colcon_core.environment:checking '/home/ubuntu/robot_ws/src/MQP/inchworm_control/install/inchworm_control/lib/python3.8/site-packages'
[15.472s] Level 1:colcon.colcon_core.shell:create_environment_hook('inchworm_control', 'pythonpath')
[15.615s] INFO:colcon.colcon_core.shell:Creating environment hook '/home/ubuntu/robot_ws/src/MQP/inchworm_control/install/inchworm_control/share/inchworm_control/hook/pythonpath.ps1'
[15.617s] INFO:colcon.colcon_core.shell:Creating environment descriptor '/home/ubuntu/robot_ws/src/MQP/inchworm_control/install/inchworm_control/share/inchworm_control/hook/pythonpath.dsv'
[15.618s] INFO:colcon.colcon_core.shell:Creating environment hook '/home/ubuntu/robot_ws/src/MQP/inchworm_control/install/inchworm_control/share/inchworm_control/hook/pythonpath.sh'
[15.621s] Level 1:colcon.colcon_core.environment:checking '/home/ubuntu/robot_ws/src/MQP/inchworm_control/install/inchworm_control/bin'
[15.767s] INFO:colcon.colcon_core.shell:Creating package script '/home/ubuntu/robot_ws/src/MQP/inchworm_control/install/inchworm_control/share/inchworm_control/package.ps1'
[15.770s] INFO:colcon.colcon_core.shell:Creating package descriptor '/home/ubuntu/robot_ws/src/MQP/inchworm_control/install/inchworm_control/share/inchworm_control/package.dsv'
[15.772s] INFO:colcon.colcon_core.shell:Creating package script '/home/ubuntu/robot_ws/src/MQP/inchworm_control/install/inchworm_control/share/inchworm_control/package.sh'
[15.775s] INFO:colcon.colcon_core.shell:Creating package script '/home/ubuntu/robot_ws/src/MQP/inchworm_control/install/inchworm_control/share/inchworm_control/package.bash'
[15.777s] INFO:colcon.colcon_core.shell:Creating package script '/home/ubuntu/robot_ws/src/MQP/inchworm_control/install/inchworm_control/share/inchworm_control/package.zsh'
[15.779s] Level 1:colcon.colcon_core.environment:create_file_with_runtime_dependencies(/home/ubuntu/robot_ws/src/MQP/inchworm_control/install/inchworm_control/share/colcon-core/packages/inchworm_control)
[15.780s] DEBUG:colcon.colcon_parallel_executor.executor.parallel:closing loop
[15.781s] DEBUG:colcon.colcon_parallel_executor.executor.parallel:loop closed
[15.782s] DEBUG:colcon.colcon_parallel_executor.executor.parallel:run_until_complete finished with '0'
[15.782s] DEBUG:colcon.colcon_core.event_reactor:joining thread
[15.945s] INFO:colcon.colcon_core.plugin_system:Skipping extension 'colcon_notification.desktop_notification.terminal_notifier': Not used on non-Darwin systems
[15.945s] INFO:colcon.colcon_core.plugin_system:Skipping extension 'colcon_notification.desktop_notification.win32': Not used on non-Windows systems
[15.945s] INFO:colcon.colcon_notification.desktop_notification:Sending desktop notification using 'notify2'
[40.972s] DEBUG:colcon.colcon_notification.desktop_notification.notify2:Failed to initialize notify2: org.freedesktop.DBus.Error.NoReply: Did not receive a reply. Possible causes include: the remote application did not send a reply, the message bus security policy blocked the reply, the reply timeout expired, or the network connection was broken.
[40.973s] DEBUG:colcon.colcon_core.event_reactor:joined thread
[41.120s] INFO:colcon.colcon_core.shell:Creating prefix script '/home/ubuntu/robot_ws/src/MQP/inchworm_control/install/local_setup.ps1'
[41.123s] INFO:colcon.colcon_core.shell:Creating prefix util module '/home/ubuntu/robot_ws/src/MQP/inchworm_control/install/_local_setup_util_ps1.py'
[41.128s] INFO:colcon.colcon_core.shell:Creating prefix chain script '/home/ubuntu/robot_ws/src/MQP/inchworm_control/install/setup.ps1'
[41.270s] INFO:colcon.colcon_core.shell:Creating prefix script '/home/ubuntu/robot_ws/src/MQP/inchworm_control/install/local_setup.sh'
[41.272s] INFO:colcon.colcon_core.shell:Creating prefix util module '/home/ubuntu/robot_ws/src/MQP/inchworm_control/install/_local_setup_util_sh.py'
[41.275s] INFO:colcon.colcon_core.shell:Creating prefix chain script '/home/ubuntu/robot_ws/src/MQP/inchworm_control/install/setup.sh'
[41.417s] INFO:colcon.colcon_core.shell:Creating prefix script '/home/ubuntu/robot_ws/src/MQP/inchworm_control/install/local_setup.bash'
[41.419s] INFO:colcon.colcon_core.shell:Creating prefix chain script '/home/ubuntu/robot_ws/src/MQP/inchworm_control/install/setup.bash'
[41.561s] INFO:colcon.colcon_core.shell:Creating prefix script '/home/ubuntu/robot_ws/src/MQP/inchworm_control/install/local_setup.zsh'
[41.563s] INFO:colcon.colcon_core.shell:Creating prefix chain script '/home/ubuntu/robot_ws/src/MQP/inchworm_control/install/setup.zsh'
