[0.127s] Invoking command in '/home/cambria/dev_ws/src/build/inchworm_control': CMAKE_PREFIX_PATH=${CMAKE_PREFIX_PATH}:/home/cambria/dev_ws/install/motor_control:/opt/ros/foxy /usr/bin/cmake /home/cambria/dev_ws/src/inchworm_control -DCMAKE_INSTALL_PREFIX=/home/cambria/dev_ws/src/install/inchworm_control
[0.257s] -- The C compiler identification is GNU 9.4.0
[0.396s] -- The CXX compiler identification is GNU 9.4.0
[0.411s] -- Check for working C compiler: /usr/bin/cc
[0.543s] -- Check for working C compiler: /usr/bin/cc -- works
[0.545s] -- Detecting C compiler ABI info
[0.670s] -- Detecting C compiler ABI info - done
[0.693s] -- Detecting C compile features
[0.694s] -- Detecting C compile features - done
[0.699s] -- Check for working CXX compiler: /usr/bin/c++
[0.835s] -- Check for working CXX compiler: /usr/bin/c++ -- works
[0.835s] -- Detecting CXX compiler ABI info
[1.000s] -- Detecting CXX compiler ABI info - done
[1.058s] -- Detecting CXX compile features
[1.059s] -- Detecting CXX compile features - done
[1.059s] -- Found ament_cmake: 0.9.12 (/opt/ros/foxy/share/ament_cmake/cmake)
[1.118s] -- Found PythonInterp: /usr/bin/python3 (found suitable version "3.8.10", minimum required is "3") 
[1.118s] -- Using PYTHON_EXECUTABLE: /usr/bin/python3
[1.586s] -- Found rclpy: 1.0.13 (/opt/ros/foxy/share/rclpy/cmake)
[1.588s] -- Found std_msgs: 2.0.5 (/opt/ros/foxy/share/std_msgs/cmake)
[1.641s] -- Using all available rosidl_typesupport_c: rosidl_typesupport_fastrtps_c;rosidl_typesupport_introspection_c
[1.654s] -- Found rosidl_adapter: 1.3.1 (/opt/ros/foxy/share/rosidl_adapter/cmake)
[1.798s] -- Found OpenSSL: /usr/lib/x86_64-linux-gnu/libcrypto.so (found version "1.1.1f")  
[1.849s] -- Found FastRTPS: /opt/ros/foxy/include  
[1.992s] -- Using all available rosidl_typesupport_cpp: rosidl_typesupport_fastrtps_cpp;rosidl_typesupport_introspection_cpp
[2.093s] -- Found rosidl_default_generators: 1.0.1 (/opt/ros/foxy/share/rosidl_default_generators/cmake)
[2.118s] -- Found ament_lint_auto: 0.9.8 (/opt/ros/foxy/share/ament_lint_auto/cmake)
[2.362s] -- Found PythonInterp: /usr/bin/python3 (found version "3.8.10") 
[2.578s] -- Found ament_cmake_ros: 0.9.2 (/opt/ros/foxy/share/ament_cmake_ros/cmake)
[3.121s] -- Using all available rosidl_typesupport_c: rosidl_typesupport_fastrtps_c;rosidl_typesupport_introspection_c
[3.338s] -- Using all available rosidl_typesupport_cpp: rosidl_typesupport_fastrtps_cpp;rosidl_typesupport_introspection_cpp
[3.401s] -- Found PythonInterp: /usr/bin/python3 (found suitable version "3.8.10", minimum required is "3.5") 
[3.402s] -- Found python_cmake_module: 0.8.1 (/opt/ros/foxy/share/python_cmake_module/cmake)
[3.474s] -- Found PythonLibs: /usr/lib/x86_64-linux-gnu/libpython3.8.so (found suitable version "3.8.10", minimum required is "3.5") 
[3.474s] -- Using PYTHON_EXECUTABLE: /usr/bin/python3
[3.475s] -- Using PYTHON_INCLUDE_DIRS: /usr/include/python3.8
[3.475s] -- Using PYTHON_LIBRARIES: /usr/lib/x86_64-linux-gnu/libpython3.8.so
[3.523s] -- Found PythonExtra: .so  
[3.666s] -- Added test 'copyright' to check source files copyright and LICENSE
[3.696s] -- Added test 'flake8' to check Python code syntax and style conventions
[3.700s] -- Added test 'lint_cmake' to check CMake code style
[3.703s] -- Added test 'pep257' to check Python code against some of the style conventions in PEP 257
[3.720s] -- Added test 'xmllint' to check XML markup files
[3.732s] -- Configuring done
[3.834s] -- Generating done
[3.843s] -- Build files have been written to: /home/cambria/dev_ws/src/build/inchworm_control
[3.864s] Invoked command in '/home/cambria/dev_ws/src/build/inchworm_control' returned '0': CMAKE_PREFIX_PATH=${CMAKE_PREFIX_PATH}:/home/cambria/dev_ws/install/motor_control:/opt/ros/foxy /usr/bin/cmake /home/cambria/dev_ws/src/inchworm_control -DCMAKE_INSTALL_PREFIX=/home/cambria/dev_ws/src/install/inchworm_control
[3.871s] Invoking command in '/home/cambria/dev_ws/src/build/inchworm_control': CMAKE_PREFIX_PATH=${CMAKE_PREFIX_PATH}:/home/cambria/dev_ws/install/motor_control:/opt/ros/foxy /usr/bin/cmake --build /home/cambria/dev_ws/src/build/inchworm_control -- -j4 -l4
[3.954s] [35m[1mScanning dependencies of target inchworm_control__cpp[0m
[3.962s] [  3%] [34m[1mGenerating C code for ROS interfaces[0m
[3.981s] [  6%] [34m[1mGenerating C++ code for ROS interfaces[0m
[5.020s] [  6%] Built target inchworm_control__cpp
[5.062s] [35m[1mScanning dependencies of target inchworm_control__rosidl_generator_c[0m
[5.072s] [  9%] [34m[1mGenerating C++ type support dispatch for ROS interfaces[0m
[5.076s] [ 12%] [34m[1mGenerating C++ introspection for ROS interfaces[0m
[5.105s] [ 16%] [34m[1mGenerating C++ type support for eProsima Fast-RTPS[0m
[5.146s] [ 19%] [32mBuilding C object CMakeFiles/inchworm_control__rosidl_generator_c.dir/rosidl_generator_c/inchworm_control/msg/detail/thruple__functions.c.o[0m
[5.482s] [ 22%] [32m[1mLinking C shared library libinchworm_control__rosidl_generator_c.so[0m
[5.733s] [ 22%] Built target inchworm_control__rosidl_generator_c
[5.809s] [ 25%] [34m[1mGenerating C introspection for ROS interfaces[0m
[6.049s] [35m[1mScanning dependencies of target inchworm_control__rosidl_typesupport_fastrtps_cpp[0m
[6.125s] [ 29%] [32mBuilding CXX object CMakeFiles/inchworm_control__rosidl_typesupport_fastrtps_cpp.dir/rosidl_typesupport_fastrtps_cpp/inchworm_control/msg/detail/dds_fastrtps/thruple__type_support.cpp.o[0m
[6.172s] [35m[1mScanning dependencies of target inchworm_control__rosidl_typesupport_cpp[0m
[6.202s] [ 32%] [32mBuilding CXX object CMakeFiles/inchworm_control__rosidl_typesupport_cpp.dir/rosidl_typesupport_cpp/inchworm_control/msg/thruple__type_support.cpp.o[0m
[6.287s] [35m[1mScanning dependencies of target inchworm_control__rosidl_typesupport_introspection_cpp[0m
[6.381s] [ 35%] [32mBuilding CXX object CMakeFiles/inchworm_control__rosidl_typesupport_introspection_cpp.dir/rosidl_typesupport_introspection_cpp/inchworm_control/msg/detail/thruple__type_support.cpp.o[0m
[7.016s] [35m[1mScanning dependencies of target inchworm_control__rosidl_typesupport_introspection_c[0m
[7.159s] [ 38%] [32mBuilding C object CMakeFiles/inchworm_control__rosidl_typesupport_introspection_c.dir/rosidl_typesupport_introspection_c/inchworm_control/msg/detail/thruple__type_support.c.o[0m
[7.426s] [ 41%] [32m[1mLinking C shared library libinchworm_control__rosidl_typesupport_introspection_c.so[0m
[7.708s] [ 41%] Built target inchworm_control__rosidl_typesupport_introspection_c
[7.795s] [ 45%] [34m[1mGenerating C type support dispatch for ROS interfaces[0m
[8.071s] [ 48%] [32m[1mLinking CXX shared library libinchworm_control__rosidl_typesupport_introspection_cpp.so[0m
[8.323s] [ 51%] [32m[1mLinking CXX shared library libinchworm_control__rosidl_typesupport_cpp.so[0m
[8.692s] [ 51%] Built target inchworm_control__rosidl_typesupport_introspection_cpp
[8.724s] [ 54%] [32m[1mLinking CXX shared library libinchworm_control__rosidl_typesupport_fastrtps_cpp.so[0m
[8.833s] [ 54%] Built target inchworm_control__rosidl_typesupport_cpp
[9.054s] [35m[1mScanning dependencies of target inchworm_control__rosidl_typesupport_c[0m
[9.101s] [ 58%] [32mBuilding CXX object CMakeFiles/inchworm_control__rosidl_typesupport_c.dir/rosidl_typesupport_c/inchworm_control/msg/thruple__type_support.cpp.o[0m
[9.201s] [ 61%] [32m[1mLinking CXX shared library libinchworm_control__rosidl_typesupport_c.so[0m
[9.227s] [ 61%] Built target inchworm_control__rosidl_typesupport_fastrtps_cpp
[9.272s] [ 64%] [34m[1mGenerating C type support for eProsima Fast-RTPS[0m
[9.355s] [ 64%] Built target inchworm_control__rosidl_typesupport_c
[10.060s] [35m[1mScanning dependencies of target inchworm_control__rosidl_typesupport_fastrtps_c[0m
[10.115s] [ 67%] [32mBuilding CXX object CMakeFiles/inchworm_control__rosidl_typesupport_fastrtps_c.dir/rosidl_typesupport_fastrtps_c/inchworm_control/msg/detail/thruple__type_support_c.cpp.o[0m
[10.832s] [ 70%] [32m[1mLinking CXX shared library libinchworm_control__rosidl_typesupport_fastrtps_c.so[0m
[10.991s] [ 70%] Built target inchworm_control__rosidl_typesupport_fastrtps_c
[11.006s] [35m[1mScanning dependencies of target inchworm_control[0m
[11.024s] [ 70%] Built target inchworm_control
[11.042s] [35m[1mScanning dependencies of target inchworm_control__py[0m
[11.059s] [ 74%] [34m[1mGenerating Python code for ROS interfaces[0m
[11.828s] [ 74%] Built target inchworm_control__py
[11.845s] [35m[1mScanning dependencies of target inchworm_control__python[0m
[11.889s] [ 77%] [32mBuilding C object CMakeFiles/inchworm_control__python.dir/rosidl_generator_py/inchworm_control/msg/_thruple_s.c.o[0m
[12.114s] [ 80%] [32m[1mLinking C shared library rosidl_generator_py/inchworm_control/libinchworm_control__python.so[0m
[12.197s] [ 80%] Built target inchworm_control__python
[12.215s] [35m[1mScanning dependencies of target inchworm_control__rosidl_typesupport_introspection_c__pyext[0m
[12.220s] [35m[1mScanning dependencies of target inchworm_control__rosidl_typesupport_c__pyext[0m
[12.220s] [35m[1mScanning dependencies of target inchworm_control__rosidl_typesupport_fastrtps_c__pyext[0m
[12.260s] [ 83%] [32mBuilding C object CMakeFiles/inchworm_control__rosidl_typesupport_introspection_c__pyext.dir/rosidl_generator_py/inchworm_control/_inchworm_control_s.ep.rosidl_typesupport_introspection_c.c.o[0m
[12.263s] [ 87%] [32mBuilding C object CMakeFiles/inchworm_control__rosidl_typesupport_c__pyext.dir/rosidl_generator_py/inchworm_control/_inchworm_control_s.ep.rosidl_typesupport_c.c.o[0m
[12.281s] [ 90%] [32mBuilding C object CMakeFiles/inchworm_control__rosidl_typesupport_fastrtps_c__pyext.dir/rosidl_generator_py/inchworm_control/_inchworm_control_s.ep.rosidl_typesupport_fastrtps_c.c.o[0m
[12.509s] [ 93%] [32m[1mLinking C shared library rosidl_generator_py/inchworm_control/inchworm_control_s__rosidl_typesupport_c.cpython-38-x86_64-linux-gnu.so[0m
[12.538s] [ 96%] [32m[1mLinking C shared library rosidl_generator_py/inchworm_control/inchworm_control_s__rosidl_typesupport_introspection_c.cpython-38-x86_64-linux-gnu.so[0m
[12.540s] [100%] [32m[1mLinking CXX shared library rosidl_generator_py/inchworm_control/inchworm_control_s__rosidl_typesupport_fastrtps_c.cpython-38-x86_64-linux-gnu.so[0m
[12.588s] [100%] Built target inchworm_control__rosidl_typesupport_c__pyext
[12.617s] [100%] Built target inchworm_control__rosidl_typesupport_introspection_c__pyext
[12.692s] [100%] Built target inchworm_control__rosidl_typesupport_fastrtps_c__pyext
[12.714s] Invoked command in '/home/cambria/dev_ws/src/build/inchworm_control' returned '0': CMAKE_PREFIX_PATH=${CMAKE_PREFIX_PATH}:/home/cambria/dev_ws/install/motor_control:/opt/ros/foxy /usr/bin/cmake --build /home/cambria/dev_ws/src/build/inchworm_control -- -j4 -l4
[12.836s] Invoking command in '/home/cambria/dev_ws/src/build/inchworm_control': CMAKE_PREFIX_PATH=${CMAKE_PREFIX_PATH}:/home/cambria/dev_ws/install/motor_control:/opt/ros/foxy /usr/bin/cmake --install /home/cambria/dev_ws/src/build/inchworm_control
[12.854s] -- Install configuration: ""
[12.855s] -- Installing: /home/cambria/dev_ws/src/install/inchworm_control/share/ament_index/resource_index/rosidl_interfaces/inchworm_control
[12.855s] -- Installing: /home/cambria/dev_ws/src/install/inchworm_control/include/inchworm_control
[12.855s] -- Installing: /home/cambria/dev_ws/src/install/inchworm_control/include/inchworm_control/msg
[12.856s] -- Installing: /home/cambria/dev_ws/src/install/inchworm_control/include/inchworm_control/msg/thruple.h
[12.858s] -- Installing: /home/cambria/dev_ws/src/install/inchworm_control/include/inchworm_control/msg/rosidl_generator_c__visibility_control.h
[12.859s] -- Installing: /home/cambria/dev_ws/src/install/inchworm_control/include/inchworm_control/msg/detail
[12.859s] -- Installing: /home/cambria/dev_ws/src/install/inchworm_control/include/inchworm_control/msg/detail/thruple__struct.h
[12.859s] -- Installing: /home/cambria/dev_ws/src/install/inchworm_control/include/inchworm_control/msg/detail/thruple__functions.h
[12.859s] -- Installing: /home/cambria/dev_ws/src/install/inchworm_control/include/inchworm_control/msg/detail/thruple__functions.c
[12.860s] -- Installing: /home/cambria/dev_ws/src/install/inchworm_control/include/inchworm_control/msg/detail/thruple__type_support.h
[12.860s] -- Installing: /home/cambria/dev_ws/src/install/inchworm_control/share/inchworm_control/environment/library_path.sh
[12.860s] -- Installing: /home/cambria/dev_ws/src/install/inchworm_control/share/inchworm_control/environment/library_path.dsv
[12.861s] -- Installing: /home/cambria/dev_ws/src/install/inchworm_control/lib/libinchworm_control__rosidl_generator_c.so
[12.861s] -- Set runtime path of "/home/cambria/dev_ws/src/install/inchworm_control/lib/libinchworm_control__rosidl_generator_c.so" to ""
[12.861s] -- Up-to-date: /home/cambria/dev_ws/src/install/inchworm_control/include/inchworm_control
[12.861s] -- Up-to-date: /home/cambria/dev_ws/src/install/inchworm_control/include/inchworm_control/msg
[12.862s] -- Installing: /home/cambria/dev_ws/src/install/inchworm_control/include/inchworm_control/msg/rosidl_typesupport_fastrtps_c__visibility_control.h
[12.862s] -- Up-to-date: /home/cambria/dev_ws/src/install/inchworm_control/include/inchworm_control/msg/detail
[12.862s] -- Installing: /home/cambria/dev_ws/src/install/inchworm_control/include/inchworm_control/msg/detail/thruple__rosidl_typesupport_fastrtps_c.h
[12.863s] -- Installing: /home/cambria/dev_ws/src/install/inchworm_control/lib/libinchworm_control__rosidl_typesupport_fastrtps_c.so
[12.863s] -- Set runtime path of "/home/cambria/dev_ws/src/install/inchworm_control/lib/libinchworm_control__rosidl_typesupport_fastrtps_c.so" to ""
[12.863s] -- Up-to-date: /home/cambria/dev_ws/src/install/inchworm_control/include/inchworm_control
[12.863s] -- Up-to-date: /home/cambria/dev_ws/src/install/inchworm_control/include/inchworm_control/msg
[12.864s] -- Installing: /home/cambria/dev_ws/src/install/inchworm_control/include/inchworm_control/msg/rosidl_typesupport_fastrtps_cpp__visibility_control.h
[12.864s] -- Up-to-date: /home/cambria/dev_ws/src/install/inchworm_control/include/inchworm_control/msg/detail
[12.864s] -- Installing: /home/cambria/dev_ws/src/install/inchworm_control/include/inchworm_control/msg/detail/thruple__rosidl_typesupport_fastrtps_cpp.hpp
[12.864s] -- Installing: /home/cambria/dev_ws/src/install/inchworm_control/include/inchworm_control/msg/detail/dds_fastrtps
[12.865s] -- Installing: /home/cambria/dev_ws/src/install/inchworm_control/lib/libinchworm_control__rosidl_typesupport_fastrtps_cpp.so
[12.865s] -- Set runtime path of "/home/cambria/dev_ws/src/install/inchworm_control/lib/libinchworm_control__rosidl_typesupport_fastrtps_cpp.so" to ""
[12.865s] -- Up-to-date: /home/cambria/dev_ws/src/install/inchworm_control/include/inchworm_control
[12.866s] -- Up-to-date: /home/cambria/dev_ws/src/install/inchworm_control/include/inchworm_control/msg
[12.866s] -- Installing: /home/cambria/dev_ws/src/install/inchworm_control/include/inchworm_control/msg/rosidl_typesupport_introspection_c__visibility_control.h
[12.866s] -- Up-to-date: /home/cambria/dev_ws/src/install/inchworm_control/include/inchworm_control/msg/detail
[12.866s] -- Installing: /home/cambria/dev_ws/src/install/inchworm_control/include/inchworm_control/msg/detail/thruple__type_support.c
[12.867s] -- Installing: /home/cambria/dev_ws/src/install/inchworm_control/include/inchworm_control/msg/detail/thruple__rosidl_typesupport_introspection_c.h
[12.867s] -- Installing: /home/cambria/dev_ws/src/install/inchworm_control/lib/libinchworm_control__rosidl_typesupport_introspection_c.so
[12.867s] -- Set runtime path of "/home/cambria/dev_ws/src/install/inchworm_control/lib/libinchworm_control__rosidl_typesupport_introspection_c.so" to ""
[12.867s] -- Installing: /home/cambria/dev_ws/src/install/inchworm_control/lib/libinchworm_control__rosidl_typesupport_c.so
[12.868s] -- Set runtime path of "/home/cambria/dev_ws/src/install/inchworm_control/lib/libinchworm_control__rosidl_typesupport_c.so" to ""
[12.868s] -- Up-to-date: /home/cambria/dev_ws/src/install/inchworm_control/include/inchworm_control
[12.868s] -- Up-to-date: /home/cambria/dev_ws/src/install/inchworm_control/include/inchworm_control/msg
[12.868s] -- Installing: /home/cambria/dev_ws/src/install/inchworm_control/include/inchworm_control/msg/rosidl_generator_cpp__visibility_control.hpp
[12.869s] -- Up-to-date: /home/cambria/dev_ws/src/install/inchworm_control/include/inchworm_control/msg/detail
[12.869s] -- Installing: /home/cambria/dev_ws/src/install/inchworm_control/include/inchworm_control/msg/detail/thruple__struct.hpp
[12.869s] -- Installing: /home/cambria/dev_ws/src/install/inchworm_control/include/inchworm_control/msg/detail/thruple__traits.hpp
[12.870s] -- Installing: /home/cambria/dev_ws/src/install/inchworm_control/include/inchworm_control/msg/detail/thruple__type_support.hpp
[12.870s] -- Installing: /home/cambria/dev_ws/src/install/inchworm_control/include/inchworm_control/msg/detail/thruple__builder.hpp
[12.870s] -- Installing: /home/cambria/dev_ws/src/install/inchworm_control/include/inchworm_control/msg/thruple.hpp
[12.870s] -- Up-to-date: /home/cambria/dev_ws/src/install/inchworm_control/include/inchworm_control
[12.871s] -- Up-to-date: /home/cambria/dev_ws/src/install/inchworm_control/include/inchworm_control/msg
[12.871s] -- Up-to-date: /home/cambria/dev_ws/src/install/inchworm_control/include/inchworm_control/msg/detail
[12.871s] -- Installing: /home/cambria/dev_ws/src/install/inchworm_control/include/inchworm_control/msg/detail/thruple__rosidl_typesupport_introspection_cpp.hpp
[12.871s] -- Installing: /home/cambria/dev_ws/src/install/inchworm_control/include/inchworm_control/msg/detail/thruple__type_support.cpp
[12.871s] -- Installing: /home/cambria/dev_ws/src/install/inchworm_control/lib/libinchworm_control__rosidl_typesupport_introspection_cpp.so
[12.872s] -- Set runtime path of "/home/cambria/dev_ws/src/install/inchworm_control/lib/libinchworm_control__rosidl_typesupport_introspection_cpp.so" to ""
[12.872s] -- Installing: /home/cambria/dev_ws/src/install/inchworm_control/lib/libinchworm_control__rosidl_typesupport_cpp.so
[12.872s] -- Set runtime path of "/home/cambria/dev_ws/src/install/inchworm_control/lib/libinchworm_control__rosidl_typesupport_cpp.so" to ""
[12.872s] -- Installing: /home/cambria/dev_ws/src/install/inchworm_control/share/inchworm_control/environment/pythonpath.sh
[12.872s] -- Installing: /home/cambria/dev_ws/src/install/inchworm_control/share/inchworm_control/environment/pythonpath.dsv
[12.873s] -- Installing: /home/cambria/dev_ws/src/install/inchworm_control/lib/python3.8/site-packages/inchworm_control/__init__.py
[12.941s] Compiling '/home/cambria/dev_ws/src/install/inchworm_control/lib/python3.8/site-packages/inchworm_control/__init__.py'...
[12.948s] -- Installing: /home/cambria/dev_ws/src/install/inchworm_control/lib/python3.8/site-packages/inchworm_control/msg
[12.949s] -- Installing: /home/cambria/dev_ws/src/install/inchworm_control/lib/python3.8/site-packages/inchworm_control/msg/_thruple_s.c
[12.949s] -- Installing: /home/cambria/dev_ws/src/install/inchworm_control/lib/python3.8/site-packages/inchworm_control/msg/__init__.py
[12.949s] -- Installing: /home/cambria/dev_ws/src/install/inchworm_control/lib/python3.8/site-packages/inchworm_control/msg/_thruple.py
[12.950s] -- Installing: /home/cambria/dev_ws/src/install/inchworm_control/lib/python3.8/site-packages/inchworm_control/inchworm_control_s__rosidl_typesupport_fastrtps_c.cpython-38-x86_64-linux-gnu.so
[12.950s] -- Set runtime path of "/home/cambria/dev_ws/src/install/inchworm_control/lib/python3.8/site-packages/inchworm_control/inchworm_control_s__rosidl_typesupport_fastrtps_c.cpython-38-x86_64-linux-gnu.so" to ""
[12.951s] -- Installing: /home/cambria/dev_ws/src/install/inchworm_control/lib/python3.8/site-packages/inchworm_control/inchworm_control_s__rosidl_typesupport_introspection_c.cpython-38-x86_64-linux-gnu.so
[12.952s] -- Set runtime path of "/home/cambria/dev_ws/src/install/inchworm_control/lib/python3.8/site-packages/inchworm_control/inchworm_control_s__rosidl_typesupport_introspection_c.cpython-38-x86_64-linux-gnu.so" to ""
[12.953s] -- Installing: /home/cambria/dev_ws/src/install/inchworm_control/lib/python3.8/site-packages/inchworm_control/inchworm_control_s__rosidl_typesupport_c.cpython-38-x86_64-linux-gnu.so
[12.954s] -- Set runtime path of "/home/cambria/dev_ws/src/install/inchworm_control/lib/python3.8/site-packages/inchworm_control/inchworm_control_s__rosidl_typesupport_c.cpython-38-x86_64-linux-gnu.so" to ""
[12.954s] -- Installing: /home/cambria/dev_ws/src/install/inchworm_control/lib/libinchworm_control__python.so
[12.955s] -- Set runtime path of "/home/cambria/dev_ws/src/install/inchworm_control/lib/libinchworm_control__python.so" to ""
[12.955s] -- Installing: /home/cambria/dev_ws/src/install/inchworm_control/share/inchworm_control/msg/Thruple.idl
[12.956s] -- Installing: /home/cambria/dev_ws/src/install/inchworm_control/share/inchworm_control/msg/Thruple.msg
[12.956s] -- Up-to-date: /home/cambria/dev_ws/src/install/inchworm_control/lib/python3.8/site-packages/inchworm_control
[12.956s] -- Installing: /home/cambria/dev_ws/src/install/inchworm_control/lib/python3.8/site-packages/inchworm_control/motor_walking.py
[12.957s] -- Installing: /home/cambria/dev_ws/src/install/inchworm_control/lib/python3.8/site-packages/inchworm_control/motor_controller.py
[12.957s] -- Installing: /home/cambria/dev_ws/src/install/inchworm_control/lib/python3.8/site-packages/inchworm_control/lewansoul_servo_bus
[12.958s] -- Installing: /home/cambria/dev_ws/src/install/inchworm_control/lib/python3.8/site-packages/inchworm_control/lewansoul_servo_bus/lewansoul_servo_bus.py
[12.959s] -- Installing: /home/cambria/dev_ws/src/install/inchworm_control/lib/python3.8/site-packages/inchworm_control/build
[12.959s] -- Installing: /home/cambria/dev_ws/src/install/inchworm_control/lib/python3.8/site-packages/inchworm_control/build/.built_by
[12.959s] -- Installing: /home/cambria/dev_ws/src/install/inchworm_control/lib/python3.8/site-packages/inchworm_control/build/COLCON_IGNORE
[12.960s] -- Up-to-date: /home/cambria/dev_ws/src/install/inchworm_control/lib/python3.8/site-packages/inchworm_control/msg
[12.960s] -- Installing: /home/cambria/dev_ws/src/install/inchworm_control/lib/python3.8/site-packages/inchworm_control/msg/Thruple.msg
[12.960s] -- Installing: /home/cambria/dev_ws/src/install/inchworm_control/lib/python3.8/site-packages/inchworm_control/log
[12.962s] -- Installing: /home/cambria/dev_ws/src/install/inchworm_control/lib/python3.8/site-packages/inchworm_control/log/latest_build
[12.962s] -- Installing: /home/cambria/dev_ws/src/install/inchworm_control/lib/python3.8/site-packages/inchworm_control/log/COLCON_IGNORE
[12.962s] -- Installing: /home/cambria/dev_ws/src/install/inchworm_control/lib/python3.8/site-packages/inchworm_control/log/build_2023-11-15_15-40-00
[12.963s] -- Installing: /home/cambria/dev_ws/src/install/inchworm_control/lib/python3.8/site-packages/inchworm_control/log/build_2023-11-15_15-40-00/events.log
[12.963s] -- Installing: /home/cambria/dev_ws/src/install/inchworm_control/lib/python3.8/site-packages/inchworm_control/log/build_2023-11-15_15-40-00/logger_all.log
[12.964s] -- Installing: /home/cambria/dev_ws/src/install/inchworm_control/lib/python3.8/site-packages/inchworm_control/log/latest
[12.964s] -- Installing: /home/cambria/dev_ws/src/install/inchworm_control/lib/python3.8/site-packages/inchworm_control/__init__.py
[12.964s] -- Installing: /home/cambria/dev_ws/src/install/inchworm_control/lib/python3.8/site-packages/inchworm_control/motor_publisher.py
[12.964s] -- Installing: /home/cambria/dev_ws/src/install/inchworm_control/lib/python3.8/site-packages/inchworm_control/motor_subscriber.py
[12.965s] -- Installing: /home/cambria/dev_ws/src/install/inchworm_control/lib/python3.8/site-packages/inchworm_control/install
[12.965s] -- Installing: /home/cambria/dev_ws/src/install/inchworm_control/lib/python3.8/site-packages/inchworm_control/install/setup.sh
[12.965s] -- Installing: /home/cambria/dev_ws/src/install/inchworm_control/lib/python3.8/site-packages/inchworm_control/install/_local_setup_util_ps1.py
[12.965s] -- Installing: /home/cambria/dev_ws/src/install/inchworm_control/lib/python3.8/site-packages/inchworm_control/install/setup.ps1
[12.966s] -- Installing: /home/cambria/dev_ws/src/install/inchworm_control/lib/python3.8/site-packages/inchworm_control/install/_local_setup_util_sh.py
[12.966s] -- Installing: /home/cambria/dev_ws/src/install/inchworm_control/lib/python3.8/site-packages/inchworm_control/install/local_setup.sh
[12.966s] -- Installing: /home/cambria/dev_ws/src/install/inchworm_control/lib/python3.8/site-packages/inchworm_control/install/setup.zsh
[12.966s] -- Installing: /home/cambria/dev_ws/src/install/inchworm_control/lib/python3.8/site-packages/inchworm_control/install/.colcon_install_layout
[12.967s] -- Installing: /home/cambria/dev_ws/src/install/inchworm_control/lib/python3.8/site-packages/inchworm_control/install/COLCON_IGNORE
[12.967s] -- Installing: /home/cambria/dev_ws/src/install/inchworm_control/lib/python3.8/site-packages/inchworm_control/install/setup.bash
[12.967s] -- Installing: /home/cambria/dev_ws/src/install/inchworm_control/lib/python3.8/site-packages/inchworm_control/install/local_setup.bash
[12.967s] -- Installing: /home/cambria/dev_ws/src/install/inchworm_control/lib/python3.8/site-packages/inchworm_control/install/local_setup.zsh
[12.967s] -- Installing: /home/cambria/dev_ws/src/install/inchworm_control/lib/python3.8/site-packages/inchworm_control/install/local_setup.ps1
[13.042s] Listing '/home/cambria/dev_ws/src/install/inchworm_control/lib/python3.8/site-packages/inchworm_control'...
[13.042s] Compiling '/home/cambria/dev_ws/src/install/inchworm_control/lib/python3.8/site-packages/inchworm_control/__init__.py'...
[13.042s] Listing '/home/cambria/dev_ws/src/install/inchworm_control/lib/python3.8/site-packages/inchworm_control/build'...
[13.043s] Listing '/home/cambria/dev_ws/src/install/inchworm_control/lib/python3.8/site-packages/inchworm_control/install'...
[13.043s] Compiling '/home/cambria/dev_ws/src/install/inchworm_control/lib/python3.8/site-packages/inchworm_control/install/_local_setup_util_ps1.py'...
[13.043s] Compiling '/home/cambria/dev_ws/src/install/inchworm_control/lib/python3.8/site-packages/inchworm_control/install/_local_setup_util_sh.py'...
[13.043s] Listing '/home/cambria/dev_ws/src/install/inchworm_control/lib/python3.8/site-packages/inchworm_control/lewansoul_servo_bus'...
[13.044s] Compiling '/home/cambria/dev_ws/src/install/inchworm_control/lib/python3.8/site-packages/inchworm_control/lewansoul_servo_bus/lewansoul_servo_bus.py'...
[13.044s] Listing '/home/cambria/dev_ws/src/install/inchworm_control/lib/python3.8/site-packages/inchworm_control/log'...
[13.044s] Listing '/home/cambria/dev_ws/src/install/inchworm_control/lib/python3.8/site-packages/inchworm_control/log/build_2023-11-15_15-40-00'...
[13.044s] Compiling '/home/cambria/dev_ws/src/install/inchworm_control/lib/python3.8/site-packages/inchworm_control/motor_controller.py'...
[13.044s] Compiling '/home/cambria/dev_ws/src/install/inchworm_control/lib/python3.8/site-packages/inchworm_control/motor_publisher.py'...
[13.045s] Compiling '/home/cambria/dev_ws/src/install/inchworm_control/lib/python3.8/site-packages/inchworm_control/motor_subscriber.py'...
[13.045s] Compiling '/home/cambria/dev_ws/src/install/inchworm_control/lib/python3.8/site-packages/inchworm_control/motor_walking.py'...
[13.045s] Listing '/home/cambria/dev_ws/src/install/inchworm_control/lib/python3.8/site-packages/inchworm_control/msg'...
[13.045s] Compiling '/home/cambria/dev_ws/src/install/inchworm_control/lib/python3.8/site-packages/inchworm_control/msg/__init__.py'...
[13.046s] Compiling '/home/cambria/dev_ws/src/install/inchworm_control/lib/python3.8/site-packages/inchworm_control/msg/_thruple.py'...
[13.049s] -- Installing: /home/cambria/dev_ws/src/install/inchworm_control/lib/inchworm_control/motor_controller.py
[13.049s] -- Installing: /home/cambria/dev_ws/src/install/inchworm_control/lib/inchworm_control/motor_walking.py
[13.050s] -- Installing: /home/cambria/dev_ws/src/install/inchworm_control/share/ament_index/resource_index/package_run_dependencies/inchworm_control
[13.050s] -- Installing: /home/cambria/dev_ws/src/install/inchworm_control/share/ament_index/resource_index/parent_prefix_path/inchworm_control
[13.050s] -- Installing: /home/cambria/dev_ws/src/install/inchworm_control/share/inchworm_control/environment/ament_prefix_path.sh
[13.050s] -- Installing: /home/cambria/dev_ws/src/install/inchworm_control/share/inchworm_control/environment/ament_prefix_path.dsv
[13.051s] -- Installing: /home/cambria/dev_ws/src/install/inchworm_control/share/inchworm_control/environment/path.sh
[13.051s] -- Installing: /home/cambria/dev_ws/src/install/inchworm_control/share/inchworm_control/environment/path.dsv
[13.051s] -- Installing: /home/cambria/dev_ws/src/install/inchworm_control/share/inchworm_control/local_setup.bash
[13.051s] -- Installing: /home/cambria/dev_ws/src/install/inchworm_control/share/inchworm_control/local_setup.sh
[13.052s] -- Installing: /home/cambria/dev_ws/src/install/inchworm_control/share/inchworm_control/local_setup.zsh
[13.052s] -- Installing: /home/cambria/dev_ws/src/install/inchworm_control/share/inchworm_control/local_setup.dsv
[13.053s] -- Installing: /home/cambria/dev_ws/src/install/inchworm_control/share/inchworm_control/package.dsv
[13.053s] -- Installing: /home/cambria/dev_ws/src/install/inchworm_control/share/ament_index/resource_index/packages/inchworm_control
[13.053s] -- Installing: /home/cambria/dev_ws/src/install/inchworm_control/share/inchworm_control/cmake/inchworm_control__rosidl_generator_cExport.cmake
[13.053s] -- Installing: /home/cambria/dev_ws/src/install/inchworm_control/share/inchworm_control/cmake/inchworm_control__rosidl_generator_cExport-noconfig.cmake
[13.054s] -- Installing: /home/cambria/dev_ws/src/install/inchworm_control/share/inchworm_control/cmake/inchworm_control__rosidl_typesupport_introspection_cExport.cmake
[13.054s] -- Installing: /home/cambria/dev_ws/src/install/inchworm_control/share/inchworm_control/cmake/inchworm_control__rosidl_typesupport_introspection_cExport-noconfig.cmake
[13.055s] -- Installing: /home/cambria/dev_ws/src/install/inchworm_control/share/inchworm_control/cmake/inchworm_control__rosidl_typesupport_cExport.cmake
[13.055s] -- Installing: /home/cambria/dev_ws/src/install/inchworm_control/share/inchworm_control/cmake/inchworm_control__rosidl_typesupport_cExport-noconfig.cmake
[13.056s] -- Installing: /home/cambria/dev_ws/src/install/inchworm_control/share/inchworm_control/cmake/inchworm_control__rosidl_generator_cppExport.cmake
[13.056s] -- Installing: /home/cambria/dev_ws/src/install/inchworm_control/share/inchworm_control/cmake/inchworm_control__rosidl_typesupport_introspection_cppExport.cmake
[13.057s] -- Installing: /home/cambria/dev_ws/src/install/inchworm_control/share/inchworm_control/cmake/inchworm_control__rosidl_typesupport_introspection_cppExport-noconfig.cmake
[13.057s] -- Installing: /home/cambria/dev_ws/src/install/inchworm_control/share/inchworm_control/cmake/inchworm_control__rosidl_typesupport_cppExport.cmake
[13.058s] -- Installing: /home/cambria/dev_ws/src/install/inchworm_control/share/inchworm_control/cmake/inchworm_control__rosidl_typesupport_cppExport-noconfig.cmake
[13.059s] -- Installing: /home/cambria/dev_ws/src/install/inchworm_control/share/inchworm_control/cmake/rosidl_cmake-extras.cmake
[13.060s] -- Installing: /home/cambria/dev_ws/src/install/inchworm_control/share/inchworm_control/cmake/ament_cmake_export_dependencies-extras.cmake
[13.060s] -- Installing: /home/cambria/dev_ws/src/install/inchworm_control/share/inchworm_control/cmake/ament_cmake_export_libraries-extras.cmake
[13.060s] -- Installing: /home/cambria/dev_ws/src/install/inchworm_control/share/inchworm_control/cmake/ament_cmake_export_targets-extras.cmake
[13.061s] -- Installing: /home/cambria/dev_ws/src/install/inchworm_control/share/inchworm_control/cmake/ament_cmake_export_include_directories-extras.cmake
[13.061s] -- Installing: /home/cambria/dev_ws/src/install/inchworm_control/share/inchworm_control/cmake/rosidl_cmake_export_typesupport_libraries-extras.cmake
[13.061s] -- Installing: /home/cambria/dev_ws/src/install/inchworm_control/share/inchworm_control/cmake/rosidl_cmake_export_typesupport_targets-extras.cmake
[13.062s] -- Installing: /home/cambria/dev_ws/src/install/inchworm_control/share/inchworm_control/cmake/inchworm_controlConfig.cmake
[13.062s] -- Installing: /home/cambria/dev_ws/src/install/inchworm_control/share/inchworm_control/cmake/inchworm_controlConfig-version.cmake
[13.062s] -- Installing: /home/cambria/dev_ws/src/install/inchworm_control/share/inchworm_control/package.xml
[13.071s] Invoked command in '/home/cambria/dev_ws/src/build/inchworm_control' returned '0': CMAKE_PREFIX_PATH=${CMAKE_PREFIX_PATH}:/home/cambria/dev_ws/install/motor_control:/opt/ros/foxy /usr/bin/cmake --install /home/cambria/dev_ws/src/build/inchworm_control
