[0.925s] Invoking command in '/home/ubuntu/robot_ws/src/MQP/build/inchworm_control': CMAKE_PREFIX_PATH=${CMAKE_PREFIX_PATH}:/home/ubuntu/robot_ws/src/MQP/install/motor_control:/home/ubuntu/robot_ws/install/motor_control:/opt/ros/foxy /usr/bin/cmake --build /home/ubuntu/robot_ws/src/MQP/build/inchworm_control -- -j4 -l4
[1.157s] [  2%] Built target inchworm_control__cpp
[1.168s] [ 12%] Built target inchworm_control__rosidl_generator_c
[1.270s] [ 23%] Built target inchworm_control__rosidl_typesupport_introspection_cpp
[1.279s] [ 33%] Built target inchworm_control__rosidl_typesupport_cpp
[1.287s] [ 43%] Built target inchworm_control__rosidl_typesupport_introspection_c
[1.309s] [ 53%] Built target inchworm_control__rosidl_typesupport_fastrtps_cpp
[1.384s] [ 64%] Built target inchworm_control__rosidl_typesupport_c
[1.444s] [ 74%] Built target inchworm_control__rosidl_typesupport_fastrtps_c
[1.533s] [ 74%] Built target inchworm_control
[1.627s] [ 76%] Built target inchworm_control__py
[1.758s] [ 84%] Built target inchworm_control__python
[1.895s] [ 89%] Built target inchworm_control__rosidl_typesupport_c__pyext
[1.899s] [100%] Built target inchworm_control__rosidl_typesupport_fastrtps_c__pyext
[1.900s] [100%] Built target inchworm_control__rosidl_typesupport_introspection_c__pyext
[1.941s] Invoked command in '/home/ubuntu/robot_ws/src/MQP/build/inchworm_control' returned '0': CMAKE_PREFIX_PATH=${CMAKE_PREFIX_PATH}:/home/ubuntu/robot_ws/src/MQP/install/motor_control:/home/ubuntu/robot_ws/install/motor_control:/opt/ros/foxy /usr/bin/cmake --build /home/ubuntu/robot_ws/src/MQP/build/inchworm_control -- -j4 -l4
[2.417s] Invoking command in '/home/ubuntu/robot_ws/src/MQP/build/inchworm_control': CMAKE_PREFIX_PATH=${CMAKE_PREFIX_PATH}:/home/ubuntu/robot_ws/src/MQP/install/motor_control:/home/ubuntu/robot_ws/install/motor_control:/opt/ros/foxy /usr/bin/cmake --install /home/ubuntu/robot_ws/src/MQP/build/inchworm_control
[2.452s] -- Install configuration: ""
[2.452s] -- Up-to-date: /home/ubuntu/robot_ws/src/MQP/install/inchworm_control/share/ament_index/resource_index/rosidl_interfaces/inchworm_control
[2.453s] -- Up-to-date: /home/ubuntu/robot_ws/src/MQP/install/inchworm_control/include/inchworm_control
[2.453s] -- Up-to-date: /home/ubuntu/robot_ws/src/MQP/install/inchworm_control/include/inchworm_control/msg
[2.454s] -- Up-to-date: /home/ubuntu/robot_ws/src/MQP/install/inchworm_control/include/inchworm_control/msg/detail
[2.454s] -- Up-to-date: /home/ubuntu/robot_ws/src/MQP/install/inchworm_control/include/inchworm_control/msg/detail/tuple__functions.h
[2.455s] -- Up-to-date: /home/ubuntu/robot_ws/src/MQP/install/inchworm_control/include/inchworm_control/msg/detail/thruple__functions.h
[2.455s] -- Up-to-date: /home/ubuntu/robot_ws/src/MQP/install/inchworm_control/include/inchworm_control/msg/detail/tuple__type_support.h
[2.455s] -- Up-to-date: /home/ubuntu/robot_ws/src/MQP/install/inchworm_control/include/inchworm_control/msg/detail/thruple__type_support.h
[2.456s] -- Up-to-date: /home/ubuntu/robot_ws/src/MQP/install/inchworm_control/include/inchworm_control/msg/detail/tuple__struct.h
[2.456s] -- Up-to-date: /home/ubuntu/robot_ws/src/MQP/install/inchworm_control/include/inchworm_control/msg/detail/tuple__functions.c
[2.457s] -- Up-to-date: /home/ubuntu/robot_ws/src/MQP/install/inchworm_control/include/inchworm_control/msg/detail/thruple__functions.c
[2.457s] -- Up-to-date: /home/ubuntu/robot_ws/src/MQP/install/inchworm_control/include/inchworm_control/msg/detail/thruple__struct.h
[2.457s] -- Up-to-date: /home/ubuntu/robot_ws/src/MQP/install/inchworm_control/include/inchworm_control/msg/rosidl_generator_c__visibility_control.h
[2.458s] -- Up-to-date: /home/ubuntu/robot_ws/src/MQP/install/inchworm_control/include/inchworm_control/msg/tuple.h
[2.458s] -- Up-to-date: /home/ubuntu/robot_ws/src/MQP/install/inchworm_control/include/inchworm_control/msg/thruple.h
[2.458s] -- Up-to-date: /home/ubuntu/robot_ws/src/MQP/install/inchworm_control/share/inchworm_control/environment/library_path.sh
[2.459s] -- Up-to-date: /home/ubuntu/robot_ws/src/MQP/install/inchworm_control/share/inchworm_control/environment/library_path.dsv
[2.459s] -- Up-to-date: /home/ubuntu/robot_ws/src/MQP/install/inchworm_control/lib/libinchworm_control__rosidl_generator_c.so
[2.460s] -- Up-to-date: /home/ubuntu/robot_ws/src/MQP/install/inchworm_control/include/inchworm_control
[2.460s] -- Up-to-date: /home/ubuntu/robot_ws/src/MQP/install/inchworm_control/include/inchworm_control/msg
[2.461s] -- Up-to-date: /home/ubuntu/robot_ws/src/MQP/install/inchworm_control/include/inchworm_control/msg/rosidl_typesupport_fastrtps_c__visibility_control.h
[2.461s] -- Up-to-date: /home/ubuntu/robot_ws/src/MQP/install/inchworm_control/include/inchworm_control/msg/detail
[2.461s] -- Up-to-date: /home/ubuntu/robot_ws/src/MQP/install/inchworm_control/include/inchworm_control/msg/detail/tuple__rosidl_typesupport_fastrtps_c.h
[2.462s] -- Up-to-date: /home/ubuntu/robot_ws/src/MQP/install/inchworm_control/include/inchworm_control/msg/detail/thruple__rosidl_typesupport_fastrtps_c.h
[2.462s] -- Up-to-date: /home/ubuntu/robot_ws/src/MQP/install/inchworm_control/lib/libinchworm_control__rosidl_typesupport_fastrtps_c.so
[2.464s] -- Up-to-date: /home/ubuntu/robot_ws/src/MQP/install/inchworm_control/include/inchworm_control
[2.464s] -- Up-to-date: /home/ubuntu/robot_ws/src/MQP/install/inchworm_control/include/inchworm_control/msg
[2.465s] -- Up-to-date: /home/ubuntu/robot_ws/src/MQP/install/inchworm_control/include/inchworm_control/msg/rosidl_typesupport_fastrtps_cpp__visibility_control.h
[2.465s] -- Up-to-date: /home/ubuntu/robot_ws/src/MQP/install/inchworm_control/include/inchworm_control/msg/detail
[2.465s] -- Up-to-date: /home/ubuntu/robot_ws/src/MQP/install/inchworm_control/include/inchworm_control/msg/detail/dds_fastrtps
[2.466s] -- Up-to-date: /home/ubuntu/robot_ws/src/MQP/install/inchworm_control/include/inchworm_control/msg/detail/thruple__rosidl_typesupport_fastrtps_cpp.hpp
[2.466s] -- Up-to-date: /home/ubuntu/robot_ws/src/MQP/install/inchworm_control/include/inchworm_control/msg/detail/tuple__rosidl_typesupport_fastrtps_cpp.hpp
[2.467s] -- Up-to-date: /home/ubuntu/robot_ws/src/MQP/install/inchworm_control/lib/libinchworm_control__rosidl_typesupport_fastrtps_cpp.so
[2.468s] -- Up-to-date: /home/ubuntu/robot_ws/src/MQP/install/inchworm_control/include/inchworm_control
[2.468s] -- Up-to-date: /home/ubuntu/robot_ws/src/MQP/install/inchworm_control/include/inchworm_control/msg
[2.469s] -- Up-to-date: /home/ubuntu/robot_ws/src/MQP/install/inchworm_control/include/inchworm_control/msg/detail
[2.469s] -- Up-to-date: /home/ubuntu/robot_ws/src/MQP/install/inchworm_control/include/inchworm_control/msg/detail/thruple__rosidl_typesupport_introspection_c.h
[2.470s] -- Up-to-date: /home/ubuntu/robot_ws/src/MQP/install/inchworm_control/include/inchworm_control/msg/detail/tuple__type_support.c
[2.470s] -- Up-to-date: /home/ubuntu/robot_ws/src/MQP/install/inchworm_control/include/inchworm_control/msg/detail/thruple__type_support.c
[2.471s] -- Up-to-date: /home/ubuntu/robot_ws/src/MQP/install/inchworm_control/include/inchworm_control/msg/detail/tuple__rosidl_typesupport_introspection_c.h
[2.471s] -- Up-to-date: /home/ubuntu/robot_ws/src/MQP/install/inchworm_control/include/inchworm_control/msg/rosidl_typesupport_introspection_c__visibility_control.h
[2.472s] -- Up-to-date: /home/ubuntu/robot_ws/src/MQP/install/inchworm_control/lib/libinchworm_control__rosidl_typesupport_introspection_c.so
[2.473s] -- Up-to-date: /home/ubuntu/robot_ws/src/MQP/install/inchworm_control/lib/libinchworm_control__rosidl_typesupport_c.so
[2.475s] -- Up-to-date: /home/ubuntu/robot_ws/src/MQP/install/inchworm_control/include/inchworm_control
[2.475s] -- Up-to-date: /home/ubuntu/robot_ws/src/MQP/install/inchworm_control/include/inchworm_control/msg
[2.475s] -- Up-to-date: /home/ubuntu/robot_ws/src/MQP/install/inchworm_control/include/inchworm_control/msg/detail
[2.476s] -- Up-to-date: /home/ubuntu/robot_ws/src/MQP/install/inchworm_control/include/inchworm_control/msg/detail/thruple__builder.hpp
[2.476s] -- Up-to-date: /home/ubuntu/robot_ws/src/MQP/install/inchworm_control/include/inchworm_control/msg/detail/thruple__struct.hpp
[2.477s] -- Up-to-date: /home/ubuntu/robot_ws/src/MQP/install/inchworm_control/include/inchworm_control/msg/detail/tuple__type_support.hpp
[2.477s] -- Up-to-date: /home/ubuntu/robot_ws/src/MQP/install/inchworm_control/include/inchworm_control/msg/detail/tuple__traits.hpp
[2.477s] -- Up-to-date: /home/ubuntu/robot_ws/src/MQP/install/inchworm_control/include/inchworm_control/msg/detail/thruple__type_support.hpp
[2.478s] -- Up-to-date: /home/ubuntu/robot_ws/src/MQP/install/inchworm_control/include/inchworm_control/msg/detail/tuple__builder.hpp
[2.478s] -- Up-to-date: /home/ubuntu/robot_ws/src/MQP/install/inchworm_control/include/inchworm_control/msg/detail/tuple__struct.hpp
[2.479s] -- Up-to-date: /home/ubuntu/robot_ws/src/MQP/install/inchworm_control/include/inchworm_control/msg/detail/thruple__traits.hpp
[2.479s] -- Up-to-date: /home/ubuntu/robot_ws/src/MQP/install/inchworm_control/include/inchworm_control/msg/rosidl_generator_cpp__visibility_control.hpp
[2.480s] -- Up-to-date: /home/ubuntu/robot_ws/src/MQP/install/inchworm_control/include/inchworm_control/msg/tuple.hpp
[2.480s] -- Up-to-date: /home/ubuntu/robot_ws/src/MQP/install/inchworm_control/include/inchworm_control/msg/thruple.hpp
[2.480s] -- Up-to-date: /home/ubuntu/robot_ws/src/MQP/install/inchworm_control/include/inchworm_control
[2.481s] -- Up-to-date: /home/ubuntu/robot_ws/src/MQP/install/inchworm_control/include/inchworm_control/msg
[2.481s] -- Up-to-date: /home/ubuntu/robot_ws/src/MQP/install/inchworm_control/include/inchworm_control/msg/detail
[2.481s] -- Up-to-date: /home/ubuntu/robot_ws/src/MQP/install/inchworm_control/include/inchworm_control/msg/detail/tuple__rosidl_typesupport_introspection_cpp.hpp
[2.482s] -- Up-to-date: /home/ubuntu/robot_ws/src/MQP/install/inchworm_control/include/inchworm_control/msg/detail/thruple__rosidl_typesupport_introspection_cpp.hpp
[2.482s] -- Up-to-date: /home/ubuntu/robot_ws/src/MQP/install/inchworm_control/include/inchworm_control/msg/detail/thruple__type_support.cpp
[2.482s] -- Up-to-date: /home/ubuntu/robot_ws/src/MQP/install/inchworm_control/include/inchworm_control/msg/detail/tuple__type_support.cpp
[2.483s] -- Up-to-date: /home/ubuntu/robot_ws/src/MQP/install/inchworm_control/lib/libinchworm_control__rosidl_typesupport_introspection_cpp.so
[2.483s] -- Up-to-date: /home/ubuntu/robot_ws/src/MQP/install/inchworm_control/lib/libinchworm_control__rosidl_typesupport_cpp.so
[2.485s] -- Up-to-date: /home/ubuntu/robot_ws/src/MQP/install/inchworm_control/share/inchworm_control/environment/pythonpath.sh
[2.485s] -- Up-to-date: /home/ubuntu/robot_ws/src/MQP/install/inchworm_control/share/inchworm_control/environment/pythonpath.dsv
[2.485s] -- Installing: /home/ubuntu/robot_ws/src/MQP/install/inchworm_control/lib/python3.8/site-packages/inchworm_control/__init__.py
[2.612s] Compiling '/home/ubuntu/robot_ws/src/MQP/install/inchworm_control/lib/python3.8/site-packages/inchworm_control/__init__.py'...
[2.636s] -- Up-to-date: /home/ubuntu/robot_ws/src/MQP/install/inchworm_control/lib/python3.8/site-packages/inchworm_control/msg
[2.637s] -- Up-to-date: /home/ubuntu/robot_ws/src/MQP/install/inchworm_control/lib/python3.8/site-packages/inchworm_control/msg/_tuple_s.c
[2.637s] -- Up-to-date: /home/ubuntu/robot_ws/src/MQP/install/inchworm_control/lib/python3.8/site-packages/inchworm_control/msg/_tuple.py
[2.637s] -- Up-to-date: /home/ubuntu/robot_ws/src/MQP/install/inchworm_control/lib/python3.8/site-packages/inchworm_control/msg/_thruple_s.c
[2.638s] -- Up-to-date: /home/ubuntu/robot_ws/src/MQP/install/inchworm_control/lib/python3.8/site-packages/inchworm_control/msg/_thruple.py
[2.638s] -- Up-to-date: /home/ubuntu/robot_ws/src/MQP/install/inchworm_control/lib/python3.8/site-packages/inchworm_control/msg/__init__.py
[2.639s] -- Up-to-date: /home/ubuntu/robot_ws/src/MQP/install/inchworm_control/lib/python3.8/site-packages/inchworm_control/inchworm_control_s__rosidl_typesupport_fastrtps_c.cpython-38-aarch64-linux-gnu.so
[2.642s] -- Up-to-date: /home/ubuntu/robot_ws/src/MQP/install/inchworm_control/lib/python3.8/site-packages/inchworm_control/inchworm_control_s__rosidl_typesupport_introspection_c.cpython-38-aarch64-linux-gnu.so
[2.645s] -- Up-to-date: /home/ubuntu/robot_ws/src/MQP/install/inchworm_control/lib/python3.8/site-packages/inchworm_control/inchworm_control_s__rosidl_typesupport_c.cpython-38-aarch64-linux-gnu.so
[2.647s] -- Up-to-date: /home/ubuntu/robot_ws/src/MQP/install/inchworm_control/lib/libinchworm_control__python.so
[2.649s] -- Up-to-date: /home/ubuntu/robot_ws/src/MQP/install/inchworm_control/share/inchworm_control/msg/Thruple.idl
[2.650s] -- Up-to-date: /home/ubuntu/robot_ws/src/MQP/install/inchworm_control/share/inchworm_control/msg/Tuple.idl
[2.650s] -- Up-to-date: /home/ubuntu/robot_ws/src/MQP/install/inchworm_control/share/inchworm_control/msg/Thruple.msg
[2.651s] -- Up-to-date: /home/ubuntu/robot_ws/src/MQP/install/inchworm_control/share/inchworm_control/msg/Tuple.msg
[2.651s] -- Up-to-date: /home/ubuntu/robot_ws/src/MQP/install/inchworm_control/lib/python3.8/site-packages/inchworm_control
[2.651s] -- Up-to-date: /home/ubuntu/robot_ws/src/MQP/install/inchworm_control/lib/python3.8/site-packages/inchworm_control/motor_walking.py
[2.652s] -- Installing: /home/ubuntu/robot_ws/src/MQP/install/inchworm_control/lib/python3.8/site-packages/inchworm_control/motor_controller.py
[2.652s] -- Up-to-date: /home/ubuntu/robot_ws/src/MQP/install/inchworm_control/lib/python3.8/site-packages/inchworm_control/msg
[2.653s] -- Up-to-date: /home/ubuntu/robot_ws/src/MQP/install/inchworm_control/lib/python3.8/site-packages/inchworm_control/msg/Thruple.msg
[2.653s] -- Up-to-date: /home/ubuntu/robot_ws/src/MQP/install/inchworm_control/lib/python3.8/site-packages/inchworm_control/msg/Tuple.msg
[2.657s] -- Up-to-date: /home/ubuntu/robot_ws/src/MQP/install/inchworm_control/lib/python3.8/site-packages/inchworm_control/motor_subscriber.py
[2.658s] -- Up-to-date: /home/ubuntu/robot_ws/src/MQP/install/inchworm_control/lib/python3.8/site-packages/inchworm_control/scripts
[2.658s] -- Up-to-date: /home/ubuntu/robot_ws/src/MQP/install/inchworm_control/lib/python3.8/site-packages/inchworm_control/scripts/movement_command.py
[2.659s] -- Up-to-date: /home/ubuntu/robot_ws/src/MQP/install/inchworm_control/lib/python3.8/site-packages/inchworm_control/log
[2.660s] -- Up-to-date: /home/ubuntu/robot_ws/src/MQP/install/inchworm_control/lib/python3.8/site-packages/inchworm_control/log/latest
[2.660s] -- Up-to-date: /home/ubuntu/robot_ws/src/MQP/install/inchworm_control/lib/python3.8/site-packages/inchworm_control/log/build_2023-11-15_15-40-00
[2.661s] -- Up-to-date: /home/ubuntu/robot_ws/src/MQP/install/inchworm_control/lib/python3.8/site-packages/inchworm_control/log/build_2023-11-15_15-40-00/logger_all.log
[2.661s] -- Up-to-date: /home/ubuntu/robot_ws/src/MQP/install/inchworm_control/lib/python3.8/site-packages/inchworm_control/log/build_2023-11-15_15-40-00/events.log
[2.661s] -- Up-to-date: /home/ubuntu/robot_ws/src/MQP/install/inchworm_control/lib/python3.8/site-packages/inchworm_control/log/COLCON_IGNORE
[2.662s] -- Up-to-date: /home/ubuntu/robot_ws/src/MQP/install/inchworm_control/lib/python3.8/site-packages/inchworm_control/log/latest_build
[2.662s] -- Up-to-date: /home/ubuntu/robot_ws/src/MQP/install/inchworm_control/lib/python3.8/site-packages/inchworm_control/log/build_2024-02-13_19-54-49
[2.674s] -- Up-to-date: /home/ubuntu/robot_ws/src/MQP/install/inchworm_control/lib/python3.8/site-packages/inchworm_control/log/build_2024-02-13_19-54-49/logger_all.log
[2.675s] -- Up-to-date: /home/ubuntu/robot_ws/src/MQP/install/inchworm_control/lib/python3.8/site-packages/inchworm_control/log/build_2024-02-13_19-54-49/events.log
[2.675s] -- Up-to-date: /home/ubuntu/robot_ws/src/MQP/install/inchworm_control/lib/python3.8/site-packages/inchworm_control/ik.py
[2.676s] -- Up-to-date: /home/ubuntu/robot_ws/src/MQP/install/inchworm_control/lib/python3.8/site-packages/inchworm_control/install
[2.677s] -- Up-to-date: /home/ubuntu/robot_ws/src/MQP/install/inchworm_control/lib/python3.8/site-packages/inchworm_control/install/setup.bash
[2.677s] -- Up-to-date: /home/ubuntu/robot_ws/src/MQP/install/inchworm_control/lib/python3.8/site-packages/inchworm_control/install/setup.zsh
[2.678s] -- Up-to-date: /home/ubuntu/robot_ws/src/MQP/install/inchworm_control/lib/python3.8/site-packages/inchworm_control/install/setup.sh
[2.678s] -- Up-to-date: /home/ubuntu/robot_ws/src/MQP/install/inchworm_control/lib/python3.8/site-packages/inchworm_control/install/_local_setup_util_ps1.py
[2.678s] -- Up-to-date: /home/ubuntu/robot_ws/src/MQP/install/inchworm_control/lib/python3.8/site-packages/inchworm_control/install/COLCON_IGNORE
[2.679s] -- Up-to-date: /home/ubuntu/robot_ws/src/MQP/install/inchworm_control/lib/python3.8/site-packages/inchworm_control/install/.colcon_install_layout
[2.679s] -- Up-to-date: /home/ubuntu/robot_ws/src/MQP/install/inchworm_control/lib/python3.8/site-packages/inchworm_control/install/local_setup.bash
[2.680s] -- Up-to-date: /home/ubuntu/robot_ws/src/MQP/install/inchworm_control/lib/python3.8/site-packages/inchworm_control/install/local_setup.sh
[2.680s] -- Up-to-date: /home/ubuntu/robot_ws/src/MQP/install/inchworm_control/lib/python3.8/site-packages/inchworm_control/install/local_setup.zsh
[2.680s] -- Up-to-date: /home/ubuntu/robot_ws/src/MQP/install/inchworm_control/lib/python3.8/site-packages/inchworm_control/install/setup.ps1
[2.680s] -- Up-to-date: /home/ubuntu/robot_ws/src/MQP/install/inchworm_control/lib/python3.8/site-packages/inchworm_control/install/_local_setup_util_sh.py
[2.681s] -- Up-to-date: /home/ubuntu/robot_ws/src/MQP/install/inchworm_control/lib/python3.8/site-packages/inchworm_control/install/local_setup.ps1
[2.681s] -- Up-to-date: /home/ubuntu/robot_ws/src/MQP/install/inchworm_control/lib/python3.8/site-packages/inchworm_control/build
[2.681s] -- Up-to-date: /home/ubuntu/robot_ws/src/MQP/install/inchworm_control/lib/python3.8/site-packages/inchworm_control/build/COLCON_IGNORE
[2.682s] -- Up-to-date: /home/ubuntu/robot_ws/src/MQP/install/inchworm_control/lib/python3.8/site-packages/inchworm_control/build/.built_by
[2.682s] -- Up-to-date: /home/ubuntu/robot_ws/src/MQP/install/inchworm_control/lib/python3.8/site-packages/inchworm_control/lewansoul_servo_bus.py
[2.682s] -- Up-to-date: /home/ubuntu/robot_ws/src/MQP/install/inchworm_control/lib/python3.8/site-packages/inchworm_control/motor_publisher.py
[2.683s] -- Up-to-date: /home/ubuntu/robot_ws/src/MQP/install/inchworm_control/lib/python3.8/site-packages/inchworm_control/step_publisher.py
[2.683s] -- Installing: /home/ubuntu/robot_ws/src/MQP/install/inchworm_control/lib/python3.8/site-packages/inchworm_control/__init__.py
[2.817s] Listing '/home/ubuntu/robot_ws/src/MQP/install/inchworm_control/lib/python3.8/site-packages/inchworm_control'...
[2.818s] Compiling '/home/ubuntu/robot_ws/src/MQP/install/inchworm_control/lib/python3.8/site-packages/inchworm_control/__init__.py'...
[2.819s] Listing '/home/ubuntu/robot_ws/src/MQP/install/inchworm_control/lib/python3.8/site-packages/inchworm_control/build'...
[2.820s] Listing '/home/ubuntu/robot_ws/src/MQP/install/inchworm_control/lib/python3.8/site-packages/inchworm_control/install'...
[2.822s] Listing '/home/ubuntu/robot_ws/src/MQP/install/inchworm_control/lib/python3.8/site-packages/inchworm_control/lewansoul_servo_bus'...
[2.823s] Listing '/home/ubuntu/robot_ws/src/MQP/install/inchworm_control/lib/python3.8/site-packages/inchworm_control/log'...
[2.824s] Listing '/home/ubuntu/robot_ws/src/MQP/install/inchworm_control/lib/python3.8/site-packages/inchworm_control/log/build_2023-11-15_15-40-00'...
[2.826s] Listing '/home/ubuntu/robot_ws/src/MQP/install/inchworm_control/lib/python3.8/site-packages/inchworm_control/log/build_2024-02-13_19-54-49'...
[2.827s] Compiling '/home/ubuntu/robot_ws/src/MQP/install/inchworm_control/lib/python3.8/site-packages/inchworm_control/motor_controller.py'...
[2.828s] Listing '/home/ubuntu/robot_ws/src/MQP/install/inchworm_control/lib/python3.8/site-packages/inchworm_control/msg'...
[2.829s] Listing '/home/ubuntu/robot_ws/src/MQP/install/inchworm_control/lib/python3.8/site-packages/inchworm_control/scripts'...
[2.840s] -- Installing: /home/ubuntu/robot_ws/src/MQP/install/inchworm_control/lib/inchworm_control/motor_controller.py
[2.841s] -- Up-to-date: /home/ubuntu/robot_ws/src/MQP/install/inchworm_control/lib/inchworm_control/motor_walking.py
[2.842s] -- Up-to-date: /home/ubuntu/robot_ws/src/MQP/install/inchworm_control/lib/inchworm_control/motor_publisher.py
[2.842s] -- Up-to-date: /home/ubuntu/robot_ws/src/MQP/install/inchworm_control/lib/inchworm_control/step_publisher.py
[2.842s] -- Up-to-date: /home/ubuntu/robot_ws/src/MQP/install/inchworm_control/share/inchworm_control/urdf
[2.843s] -- Up-to-date: /home/ubuntu/robot_ws/src/MQP/install/inchworm_control/share/inchworm_control/urdf/one_inchworm.urdf
[2.843s] -- Up-to-date: /home/ubuntu/robot_ws/src/MQP/install/inchworm_control/share/inchworm_control/urdf/r2d2.rviz
[2.844s] -- Up-to-date: /home/ubuntu/robot_ws/src/MQP/install/inchworm_control/share/ament_index/resource_index/package_run_dependencies/inchworm_control
[2.844s] -- Up-to-date: /home/ubuntu/robot_ws/src/MQP/install/inchworm_control/share/ament_index/resource_index/parent_prefix_path/inchworm_control
[2.845s] -- Up-to-date: /home/ubuntu/robot_ws/src/MQP/install/inchworm_control/share/inchworm_control/environment/ament_prefix_path.sh
[2.845s] -- Up-to-date: /home/ubuntu/robot_ws/src/MQP/install/inchworm_control/share/inchworm_control/environment/ament_prefix_path.dsv
[2.846s] -- Up-to-date: /home/ubuntu/robot_ws/src/MQP/install/inchworm_control/share/inchworm_control/environment/path.sh
[2.846s] -- Up-to-date: /home/ubuntu/robot_ws/src/MQP/install/inchworm_control/share/inchworm_control/environment/path.dsv
[2.847s] -- Up-to-date: /home/ubuntu/robot_ws/src/MQP/install/inchworm_control/share/inchworm_control/local_setup.bash
[2.848s] -- Up-to-date: /home/ubuntu/robot_ws/src/MQP/install/inchworm_control/share/inchworm_control/local_setup.sh
[2.849s] -- Up-to-date: /home/ubuntu/robot_ws/src/MQP/install/inchworm_control/share/inchworm_control/local_setup.zsh
[2.849s] -- Up-to-date: /home/ubuntu/robot_ws/src/MQP/install/inchworm_control/share/inchworm_control/local_setup.dsv
[2.849s] -- Installing: /home/ubuntu/robot_ws/src/MQP/install/inchworm_control/share/inchworm_control/package.dsv
[2.850s] -- Up-to-date: /home/ubuntu/robot_ws/src/MQP/install/inchworm_control/share/ament_index/resource_index/packages/inchworm_control
[2.851s] -- Up-to-date: /home/ubuntu/robot_ws/src/MQP/install/inchworm_control/share/inchworm_control/cmake/inchworm_control__rosidl_generator_cExport.cmake
[2.852s] -- Up-to-date: /home/ubuntu/robot_ws/src/MQP/install/inchworm_control/share/inchworm_control/cmake/inchworm_control__rosidl_generator_cExport-noconfig.cmake
[2.852s] -- Up-to-date: /home/ubuntu/robot_ws/src/MQP/install/inchworm_control/share/inchworm_control/cmake/inchworm_control__rosidl_typesupport_introspection_cExport.cmake
[2.853s] -- Up-to-date: /home/ubuntu/robot_ws/src/MQP/install/inchworm_control/share/inchworm_control/cmake/inchworm_control__rosidl_typesupport_introspection_cExport-noconfig.cmake
[2.853s] -- Up-to-date: /home/ubuntu/robot_ws/src/MQP/install/inchworm_control/share/inchworm_control/cmake/inchworm_control__rosidl_typesupport_cExport.cmake
[2.854s] -- Up-to-date: /home/ubuntu/robot_ws/src/MQP/install/inchworm_control/share/inchworm_control/cmake/inchworm_control__rosidl_typesupport_cExport-noconfig.cmake
[2.854s] -- Up-to-date: /home/ubuntu/robot_ws/src/MQP/install/inchworm_control/share/inchworm_control/cmake/inchworm_control__rosidl_generator_cppExport.cmake
[2.855s] -- Up-to-date: /home/ubuntu/robot_ws/src/MQP/install/inchworm_control/share/inchworm_control/cmake/inchworm_control__rosidl_typesupport_introspection_cppExport.cmake
[2.856s] -- Up-to-date: /home/ubuntu/robot_ws/src/MQP/install/inchworm_control/share/inchworm_control/cmake/inchworm_control__rosidl_typesupport_introspection_cppExport-noconfig.cmake
[2.857s] -- Up-to-date: /home/ubuntu/robot_ws/src/MQP/install/inchworm_control/share/inchworm_control/cmake/inchworm_control__rosidl_typesupport_cppExport.cmake
[2.859s] -- Up-to-date: /home/ubuntu/robot_ws/src/MQP/install/inchworm_control/share/inchworm_control/cmake/inchworm_control__rosidl_typesupport_cppExport-noconfig.cmake
[2.860s] -- Up-to-date: /home/ubuntu/robot_ws/src/MQP/install/inchworm_control/share/inchworm_control/cmake/rosidl_cmake-extras.cmake
[2.860s] -- Up-to-date: /home/ubuntu/robot_ws/src/MQP/install/inchworm_control/share/inchworm_control/cmake/ament_cmake_export_dependencies-extras.cmake
[2.861s] -- Up-to-date: /home/ubuntu/robot_ws/src/MQP/install/inchworm_control/share/inchworm_control/cmake/ament_cmake_export_libraries-extras.cmake
[2.861s] -- Up-to-date: /home/ubuntu/robot_ws/src/MQP/install/inchworm_control/share/inchworm_control/cmake/ament_cmake_export_targets-extras.cmake
[2.862s] -- Up-to-date: /home/ubuntu/robot_ws/src/MQP/install/inchworm_control/share/inchworm_control/cmake/ament_cmake_export_include_directories-extras.cmake
[2.862s] -- Up-to-date: /home/ubuntu/robot_ws/src/MQP/install/inchworm_control/share/inchworm_control/cmake/rosidl_cmake_export_typesupport_libraries-extras.cmake
[2.862s] -- Up-to-date: /home/ubuntu/robot_ws/src/MQP/install/inchworm_control/share/inchworm_control/cmake/rosidl_cmake_export_typesupport_targets-extras.cmake
[2.863s] -- Up-to-date: /home/ubuntu/robot_ws/src/MQP/install/inchworm_control/share/inchworm_control/cmake/inchworm_controlConfig.cmake
[2.863s] -- Up-to-date: /home/ubuntu/robot_ws/src/MQP/install/inchworm_control/share/inchworm_control/cmake/inchworm_controlConfig-version.cmake
[2.864s] -- Up-to-date: /home/ubuntu/robot_ws/src/MQP/install/inchworm_control/share/inchworm_control/package.xml
[2.871s] Invoked command in '/home/ubuntu/robot_ws/src/MQP/build/inchworm_control' returned '0': CMAKE_PREFIX_PATH=${CMAKE_PREFIX_PATH}:/home/ubuntu/robot_ws/src/MQP/install/motor_control:/home/ubuntu/robot_ws/install/motor_control:/opt/ros/foxy /usr/bin/cmake --install /home/ubuntu/robot_ws/src/MQP/build/inchworm_control
