[1.106s] Invoking command in '/home/ubuntu/robot_ws/src/MQP/build/inchworm_control': CMAKE_PREFIX_PATH=${CMAKE_PREFIX_PATH}:/home/ubuntu/robot_ws/src/MQP/install/motor_control:/home/ubuntu/robot_ws/install/motor_control:/opt/ros/foxy /usr/bin/cmake --build /home/ubuntu/robot_ws/src/MQP/build/inchworm_control -- -j4 -l4
[1.351s] [  2%] Built target inchworm_control__cpp
[1.368s] [ 12%] Built target inchworm_control__rosidl_generator_c
[1.473s] [ 23%] Built target inchworm_control__rosidl_typesupport_cpp
[1.484s] [ 33%] Built target inchworm_control__rosidl_typesupport_introspection_c
[1.496s] [ 43%] Built target inchworm_control__rosidl_typesupport_introspection_cpp
[1.523s] [ 53%] Built target inchworm_control__rosidl_typesupport_fastrtps_cpp
[1.575s] [ 64%] Built target inchworm_control__rosidl_typesupport_c
[1.657s] [ 74%] Built target inchworm_control__rosidl_typesupport_fastrtps_c
[1.753s] [ 74%] Built target inchworm_control
[1.846s] [ 76%] Built target inchworm_control__py
[1.982s] [ 84%] Built target inchworm_control__python
[2.120s] [ 94%] Built target inchworm_control__rosidl_typesupport_c__pyext
[2.126s] [ 94%] Built target inchworm_control__rosidl_typesupport_introspection_c__pyext
[2.126s] [100%] Built target inchworm_control__rosidl_typesupport_fastrtps_c__pyext
[2.167s] Invoked command in '/home/ubuntu/robot_ws/src/MQP/build/inchworm_control' returned '0': CMAKE_PREFIX_PATH=${CMAKE_PREFIX_PATH}:/home/ubuntu/robot_ws/src/MQP/install/motor_control:/home/ubuntu/robot_ws/install/motor_control:/opt/ros/foxy /usr/bin/cmake --build /home/ubuntu/robot_ws/src/MQP/build/inchworm_control -- -j4 -l4
[2.656s] Invoking command in '/home/ubuntu/robot_ws/src/MQP/build/inchworm_control': CMAKE_PREFIX_PATH=${CMAKE_PREFIX_PATH}:/home/ubuntu/robot_ws/src/MQP/install/motor_control:/home/ubuntu/robot_ws/install/motor_control:/opt/ros/foxy /usr/bin/cmake --install /home/ubuntu/robot_ws/src/MQP/build/inchworm_control
[2.693s] -- Install configuration: ""
[2.693s] -- Up-to-date: /home/ubuntu/robot_ws/src/MQP/install/inchworm_control/share/ament_index/resource_index/rosidl_interfaces/inchworm_control
[2.694s] -- Up-to-date: /home/ubuntu/robot_ws/src/MQP/install/inchworm_control/include/inchworm_control
[2.694s] -- Up-to-date: /home/ubuntu/robot_ws/src/MQP/install/inchworm_control/include/inchworm_control/msg
[2.695s] -- Up-to-date: /home/ubuntu/robot_ws/src/MQP/install/inchworm_control/include/inchworm_control/msg/detail
[2.695s] -- Up-to-date: /home/ubuntu/robot_ws/src/MQP/install/inchworm_control/include/inchworm_control/msg/detail/tuple__functions.h
[2.696s] -- Up-to-date: /home/ubuntu/robot_ws/src/MQP/install/inchworm_control/include/inchworm_control/msg/detail/thruple__functions.h
[2.696s] -- Up-to-date: /home/ubuntu/robot_ws/src/MQP/install/inchworm_control/include/inchworm_control/msg/detail/tuple__type_support.h
[2.696s] -- Up-to-date: /home/ubuntu/robot_ws/src/MQP/install/inchworm_control/include/inchworm_control/msg/detail/thruple__type_support.h
[2.697s] -- Up-to-date: /home/ubuntu/robot_ws/src/MQP/install/inchworm_control/include/inchworm_control/msg/detail/tuple__struct.h
[2.697s] -- Up-to-date: /home/ubuntu/robot_ws/src/MQP/install/inchworm_control/include/inchworm_control/msg/detail/tuple__functions.c
[2.698s] -- Up-to-date: /home/ubuntu/robot_ws/src/MQP/install/inchworm_control/include/inchworm_control/msg/detail/thruple__functions.c
[2.698s] -- Up-to-date: /home/ubuntu/robot_ws/src/MQP/install/inchworm_control/include/inchworm_control/msg/detail/thruple__struct.h
[2.698s] -- Up-to-date: /home/ubuntu/robot_ws/src/MQP/install/inchworm_control/include/inchworm_control/msg/rosidl_generator_c__visibility_control.h
[2.699s] -- Up-to-date: /home/ubuntu/robot_ws/src/MQP/install/inchworm_control/include/inchworm_control/msg/tuple.h
[2.699s] -- Up-to-date: /home/ubuntu/robot_ws/src/MQP/install/inchworm_control/include/inchworm_control/msg/thruple.h
[2.699s] -- Up-to-date: /home/ubuntu/robot_ws/src/MQP/install/inchworm_control/share/inchworm_control/environment/library_path.sh
[2.700s] -- Up-to-date: /home/ubuntu/robot_ws/src/MQP/install/inchworm_control/share/inchworm_control/environment/library_path.dsv
[2.700s] -- Up-to-date: /home/ubuntu/robot_ws/src/MQP/install/inchworm_control/lib/libinchworm_control__rosidl_generator_c.so
[2.701s] -- Up-to-date: /home/ubuntu/robot_ws/src/MQP/install/inchworm_control/include/inchworm_control
[2.701s] -- Up-to-date: /home/ubuntu/robot_ws/src/MQP/install/inchworm_control/include/inchworm_control/msg
[2.701s] -- Up-to-date: /home/ubuntu/robot_ws/src/MQP/install/inchworm_control/include/inchworm_control/msg/rosidl_typesupport_fastrtps_c__visibility_control.h
[2.702s] -- Up-to-date: /home/ubuntu/robot_ws/src/MQP/install/inchworm_control/include/inchworm_control/msg/detail
[2.702s] -- Up-to-date: /home/ubuntu/robot_ws/src/MQP/install/inchworm_control/include/inchworm_control/msg/detail/tuple__rosidl_typesupport_fastrtps_c.h
[2.703s] -- Up-to-date: /home/ubuntu/robot_ws/src/MQP/install/inchworm_control/include/inchworm_control/msg/detail/thruple__rosidl_typesupport_fastrtps_c.h
[2.703s] -- Up-to-date: /home/ubuntu/robot_ws/src/MQP/install/inchworm_control/lib/libinchworm_control__rosidl_typesupport_fastrtps_c.so
[2.705s] -- Up-to-date: /home/ubuntu/robot_ws/src/MQP/install/inchworm_control/include/inchworm_control
[2.705s] -- Up-to-date: /home/ubuntu/robot_ws/src/MQP/install/inchworm_control/include/inchworm_control/msg
[2.706s] -- Up-to-date: /home/ubuntu/robot_ws/src/MQP/install/inchworm_control/include/inchworm_control/msg/rosidl_typesupport_fastrtps_cpp__visibility_control.h
[2.706s] -- Up-to-date: /home/ubuntu/robot_ws/src/MQP/install/inchworm_control/include/inchworm_control/msg/detail
[2.706s] -- Up-to-date: /home/ubuntu/robot_ws/src/MQP/install/inchworm_control/include/inchworm_control/msg/detail/dds_fastrtps
[2.707s] -- Up-to-date: /home/ubuntu/robot_ws/src/MQP/install/inchworm_control/include/inchworm_control/msg/detail/thruple__rosidl_typesupport_fastrtps_cpp.hpp
[2.707s] -- Up-to-date: /home/ubuntu/robot_ws/src/MQP/install/inchworm_control/include/inchworm_control/msg/detail/tuple__rosidl_typesupport_fastrtps_cpp.hpp
[2.708s] -- Up-to-date: /home/ubuntu/robot_ws/src/MQP/install/inchworm_control/lib/libinchworm_control__rosidl_typesupport_fastrtps_cpp.so
[2.709s] -- Up-to-date: /home/ubuntu/robot_ws/src/MQP/install/inchworm_control/include/inchworm_control
[2.710s] -- Up-to-date: /home/ubuntu/robot_ws/src/MQP/install/inchworm_control/include/inchworm_control/msg
[2.710s] -- Up-to-date: /home/ubuntu/robot_ws/src/MQP/install/inchworm_control/include/inchworm_control/msg/detail
[2.711s] -- Up-to-date: /home/ubuntu/robot_ws/src/MQP/install/inchworm_control/include/inchworm_control/msg/detail/thruple__rosidl_typesupport_introspection_c.h
[2.711s] -- Up-to-date: /home/ubuntu/robot_ws/src/MQP/install/inchworm_control/include/inchworm_control/msg/detail/tuple__type_support.c
[2.712s] -- Up-to-date: /home/ubuntu/robot_ws/src/MQP/install/inchworm_control/include/inchworm_control/msg/detail/thruple__type_support.c
[2.712s] -- Up-to-date: /home/ubuntu/robot_ws/src/MQP/install/inchworm_control/include/inchworm_control/msg/detail/tuple__rosidl_typesupport_introspection_c.h
[2.712s] -- Up-to-date: /home/ubuntu/robot_ws/src/MQP/install/inchworm_control/include/inchworm_control/msg/rosidl_typesupport_introspection_c__visibility_control.h
[2.713s] -- Up-to-date: /home/ubuntu/robot_ws/src/MQP/install/inchworm_control/lib/libinchworm_control__rosidl_typesupport_introspection_c.so
[2.715s] -- Up-to-date: /home/ubuntu/robot_ws/src/MQP/install/inchworm_control/lib/libinchworm_control__rosidl_typesupport_c.so
[2.716s] -- Up-to-date: /home/ubuntu/robot_ws/src/MQP/install/inchworm_control/include/inchworm_control
[2.716s] -- Up-to-date: /home/ubuntu/robot_ws/src/MQP/install/inchworm_control/include/inchworm_control/msg
[2.717s] -- Up-to-date: /home/ubuntu/robot_ws/src/MQP/install/inchworm_control/include/inchworm_control/msg/detail
[2.717s] -- Up-to-date: /home/ubuntu/robot_ws/src/MQP/install/inchworm_control/include/inchworm_control/msg/detail/thruple__builder.hpp
[2.717s] -- Up-to-date: /home/ubuntu/robot_ws/src/MQP/install/inchworm_control/include/inchworm_control/msg/detail/thruple__struct.hpp
[2.718s] -- Up-to-date: /home/ubuntu/robot_ws/src/MQP/install/inchworm_control/include/inchworm_control/msg/detail/tuple__type_support.hpp
[2.718s] -- Up-to-date: /home/ubuntu/robot_ws/src/MQP/install/inchworm_control/include/inchworm_control/msg/detail/tuple__traits.hpp
[2.719s] -- Up-to-date: /home/ubuntu/robot_ws/src/MQP/install/inchworm_control/include/inchworm_control/msg/detail/thruple__type_support.hpp
[2.719s] -- Up-to-date: /home/ubuntu/robot_ws/src/MQP/install/inchworm_control/include/inchworm_control/msg/detail/tuple__builder.hpp
[2.720s] -- Up-to-date: /home/ubuntu/robot_ws/src/MQP/install/inchworm_control/include/inchworm_control/msg/detail/tuple__struct.hpp
[2.720s] -- Up-to-date: /home/ubuntu/robot_ws/src/MQP/install/inchworm_control/include/inchworm_control/msg/detail/thruple__traits.hpp
[2.721s] -- Up-to-date: /home/ubuntu/robot_ws/src/MQP/install/inchworm_control/include/inchworm_control/msg/rosidl_generator_cpp__visibility_control.hpp
[2.721s] -- Up-to-date: /home/ubuntu/robot_ws/src/MQP/install/inchworm_control/include/inchworm_control/msg/tuple.hpp
[2.721s] -- Up-to-date: /home/ubuntu/robot_ws/src/MQP/install/inchworm_control/include/inchworm_control/msg/thruple.hpp
[2.722s] -- Up-to-date: /home/ubuntu/robot_ws/src/MQP/install/inchworm_control/include/inchworm_control
[2.722s] -- Up-to-date: /home/ubuntu/robot_ws/src/MQP/install/inchworm_control/include/inchworm_control/msg
[2.723s] -- Up-to-date: /home/ubuntu/robot_ws/src/MQP/install/inchworm_control/include/inchworm_control/msg/detail
[2.723s] -- Up-to-date: /home/ubuntu/robot_ws/src/MQP/install/inchworm_control/include/inchworm_control/msg/detail/tuple__rosidl_typesupport_introspection_cpp.hpp
[2.723s] -- Up-to-date: /home/ubuntu/robot_ws/src/MQP/install/inchworm_control/include/inchworm_control/msg/detail/thruple__rosidl_typesupport_introspection_cpp.hpp
[2.724s] -- Up-to-date: /home/ubuntu/robot_ws/src/MQP/install/inchworm_control/include/inchworm_control/msg/detail/thruple__type_support.cpp
[2.724s] -- Up-to-date: /home/ubuntu/robot_ws/src/MQP/install/inchworm_control/include/inchworm_control/msg/detail/tuple__type_support.cpp
[2.725s] -- Up-to-date: /home/ubuntu/robot_ws/src/MQP/install/inchworm_control/lib/libinchworm_control__rosidl_typesupport_introspection_cpp.so
[2.726s] -- Up-to-date: /home/ubuntu/robot_ws/src/MQP/install/inchworm_control/lib/libinchworm_control__rosidl_typesupport_cpp.so
[2.726s] -- Up-to-date: /home/ubuntu/robot_ws/src/MQP/install/inchworm_control/share/inchworm_control/environment/pythonpath.sh
[2.727s] -- Up-to-date: /home/ubuntu/robot_ws/src/MQP/install/inchworm_control/share/inchworm_control/environment/pythonpath.dsv
[2.727s] -- Installing: /home/ubuntu/robot_ws/src/MQP/install/inchworm_control/lib/python3.8/site-packages/inchworm_control/__init__.py
[2.862s] Compiling '/home/ubuntu/robot_ws/src/MQP/install/inchworm_control/lib/python3.8/site-packages/inchworm_control/__init__.py'...
[2.883s] -- Up-to-date: /home/ubuntu/robot_ws/src/MQP/install/inchworm_control/lib/python3.8/site-packages/inchworm_control/msg
[2.884s] -- Up-to-date: /home/ubuntu/robot_ws/src/MQP/install/inchworm_control/lib/python3.8/site-packages/inchworm_control/msg/_tuple_s.c
[2.884s] -- Up-to-date: /home/ubuntu/robot_ws/src/MQP/install/inchworm_control/lib/python3.8/site-packages/inchworm_control/msg/_tuple.py
[2.884s] -- Up-to-date: /home/ubuntu/robot_ws/src/MQP/install/inchworm_control/lib/python3.8/site-packages/inchworm_control/msg/_thruple_s.c
[2.885s] -- Up-to-date: /home/ubuntu/robot_ws/src/MQP/install/inchworm_control/lib/python3.8/site-packages/inchworm_control/msg/_thruple.py
[2.885s] -- Up-to-date: /home/ubuntu/robot_ws/src/MQP/install/inchworm_control/lib/python3.8/site-packages/inchworm_control/msg/__init__.py
[2.886s] -- Up-to-date: /home/ubuntu/robot_ws/src/MQP/install/inchworm_control/lib/python3.8/site-packages/inchworm_control/inchworm_control_s__rosidl_typesupport_fastrtps_c.cpython-38-aarch64-linux-gnu.so
[2.889s] -- Up-to-date: /home/ubuntu/robot_ws/src/MQP/install/inchworm_control/lib/python3.8/site-packages/inchworm_control/inchworm_control_s__rosidl_typesupport_introspection_c.cpython-38-aarch64-linux-gnu.so
[2.892s] -- Up-to-date: /home/ubuntu/robot_ws/src/MQP/install/inchworm_control/lib/python3.8/site-packages/inchworm_control/inchworm_control_s__rosidl_typesupport_c.cpython-38-aarch64-linux-gnu.so
[2.898s] -- Up-to-date: /home/ubuntu/robot_ws/src/MQP/install/inchworm_control/lib/libinchworm_control__python.so
[2.899s] -- Up-to-date: /home/ubuntu/robot_ws/src/MQP/install/inchworm_control/share/inchworm_control/msg/Thruple.idl
[2.900s] -- Up-to-date: /home/ubuntu/robot_ws/src/MQP/install/inchworm_control/share/inchworm_control/msg/Tuple.idl
[2.900s] -- Up-to-date: /home/ubuntu/robot_ws/src/MQP/install/inchworm_control/share/inchworm_control/msg/Thruple.msg
[2.900s] -- Up-to-date: /home/ubuntu/robot_ws/src/MQP/install/inchworm_control/share/inchworm_control/msg/Tuple.msg
[2.901s] -- Up-to-date: /home/ubuntu/robot_ws/src/MQP/install/inchworm_control/lib/python3.8/site-packages/inchworm_control
[2.901s] -- Up-to-date: /home/ubuntu/robot_ws/src/MQP/install/inchworm_control/lib/python3.8/site-packages/inchworm_control/motor_walking.py
[2.902s] -- Installing: /home/ubuntu/robot_ws/src/MQP/install/inchworm_control/lib/python3.8/site-packages/inchworm_control/motor_controller.py
[2.902s] -- Up-to-date: /home/ubuntu/robot_ws/src/MQP/install/inchworm_control/lib/python3.8/site-packages/inchworm_control/msg
[2.903s] -- Up-to-date: /home/ubuntu/robot_ws/src/MQP/install/inchworm_control/lib/python3.8/site-packages/inchworm_control/msg/Thruple.msg
[2.903s] -- Up-to-date: /home/ubuntu/robot_ws/src/MQP/install/inchworm_control/lib/python3.8/site-packages/inchworm_control/msg/Tuple.msg
[2.904s] -- Up-to-date: /home/ubuntu/robot_ws/src/MQP/install/inchworm_control/lib/python3.8/site-packages/inchworm_control/motor_subscriber.py
[2.904s] -- Up-to-date: /home/ubuntu/robot_ws/src/MQP/install/inchworm_control/lib/python3.8/site-packages/inchworm_control/log
[2.905s] -- Up-to-date: /home/ubuntu/robot_ws/src/MQP/install/inchworm_control/lib/python3.8/site-packages/inchworm_control/log/latest
[2.905s] -- Up-to-date: /home/ubuntu/robot_ws/src/MQP/install/inchworm_control/lib/python3.8/site-packages/inchworm_control/log/build_2024-03-28_22-48-05
[2.905s] -- Up-to-date: /home/ubuntu/robot_ws/src/MQP/install/inchworm_control/lib/python3.8/site-packages/inchworm_control/log/build_2024-03-28_22-48-05/logger_all.log
[2.906s] -- Up-to-date: /home/ubuntu/robot_ws/src/MQP/install/inchworm_control/lib/python3.8/site-packages/inchworm_control/log/build_2024-03-28_22-48-05/events.log
[2.906s] -- Up-to-date: /home/ubuntu/robot_ws/src/MQP/install/inchworm_control/lib/python3.8/site-packages/inchworm_control/log/build_2023-11-15_15-40-00
[2.907s] -- Up-to-date: /home/ubuntu/robot_ws/src/MQP/install/inchworm_control/lib/python3.8/site-packages/inchworm_control/log/build_2023-11-15_15-40-00/logger_all.log
[2.907s] -- Up-to-date: /home/ubuntu/robot_ws/src/MQP/install/inchworm_control/lib/python3.8/site-packages/inchworm_control/log/build_2023-11-15_15-40-00/events.log
[2.907s] -- Up-to-date: /home/ubuntu/robot_ws/src/MQP/install/inchworm_control/lib/python3.8/site-packages/inchworm_control/log/COLCON_IGNORE
[2.908s] -- Up-to-date: /home/ubuntu/robot_ws/src/MQP/install/inchworm_control/lib/python3.8/site-packages/inchworm_control/log/build_2024-03-28_22-48-38
[2.908s] -- Up-to-date: /home/ubuntu/robot_ws/src/MQP/install/inchworm_control/lib/python3.8/site-packages/inchworm_control/log/build_2024-03-28_22-48-38/logger_all.log
[2.909s] -- Up-to-date: /home/ubuntu/robot_ws/src/MQP/install/inchworm_control/lib/python3.8/site-packages/inchworm_control/log/build_2024-03-28_22-48-38/events.log
[2.910s] -- Up-to-date: /home/ubuntu/robot_ws/src/MQP/install/inchworm_control/lib/python3.8/site-packages/inchworm_control/log/latest_build
[2.910s] -- Up-to-date: /home/ubuntu/robot_ws/src/MQP/install/inchworm_control/lib/python3.8/site-packages/inchworm_control/log/build_2024-02-13_19-54-49
[2.911s] -- Up-to-date: /home/ubuntu/robot_ws/src/MQP/install/inchworm_control/lib/python3.8/site-packages/inchworm_control/log/build_2024-02-13_19-54-49/logger_all.log
[2.911s] -- Up-to-date: /home/ubuntu/robot_ws/src/MQP/install/inchworm_control/lib/python3.8/site-packages/inchworm_control/log/build_2024-02-13_19-54-49/events.log
[2.912s] -- Up-to-date: /home/ubuntu/robot_ws/src/MQP/install/inchworm_control/lib/python3.8/site-packages/inchworm_control/ik.py
[2.913s] -- Up-to-date: /home/ubuntu/robot_ws/src/MQP/install/inchworm_control/lib/python3.8/site-packages/inchworm_control/install
[2.913s] -- Up-to-date: /home/ubuntu/robot_ws/src/MQP/install/inchworm_control/lib/python3.8/site-packages/inchworm_control/install/setup.bash
[2.914s] -- Up-to-date: /home/ubuntu/robot_ws/src/MQP/install/inchworm_control/lib/python3.8/site-packages/inchworm_control/install/setup.zsh
[2.914s] -- Up-to-date: /home/ubuntu/robot_ws/src/MQP/install/inchworm_control/lib/python3.8/site-packages/inchworm_control/install/setup.sh
[2.914s] -- Up-to-date: /home/ubuntu/robot_ws/src/MQP/install/inchworm_control/lib/python3.8/site-packages/inchworm_control/install/_local_setup_util_ps1.py
[2.915s] -- Up-to-date: /home/ubuntu/robot_ws/src/MQP/install/inchworm_control/lib/python3.8/site-packages/inchworm_control/install/COLCON_IGNORE
[2.915s] -- Up-to-date: /home/ubuntu/robot_ws/src/MQP/install/inchworm_control/lib/python3.8/site-packages/inchworm_control/install/.colcon_install_layout
[2.916s] -- Up-to-date: /home/ubuntu/robot_ws/src/MQP/install/inchworm_control/lib/python3.8/site-packages/inchworm_control/install/local_setup.bash
[2.916s] -- Up-to-date: /home/ubuntu/robot_ws/src/MQP/install/inchworm_control/lib/python3.8/site-packages/inchworm_control/install/local_setup.sh
[2.917s] -- Up-to-date: /home/ubuntu/robot_ws/src/MQP/install/inchworm_control/lib/python3.8/site-packages/inchworm_control/install/local_setup.zsh
[2.917s] -- Up-to-date: /home/ubuntu/robot_ws/src/MQP/install/inchworm_control/lib/python3.8/site-packages/inchworm_control/install/setup.ps1
[2.918s] -- Up-to-date: /home/ubuntu/robot_ws/src/MQP/install/inchworm_control/lib/python3.8/site-packages/inchworm_control/install/_local_setup_util_sh.py
[2.918s] -- Up-to-date: /home/ubuntu/robot_ws/src/MQP/install/inchworm_control/lib/python3.8/site-packages/inchworm_control/install/local_setup.ps1
[2.919s] -- Up-to-date: /home/ubuntu/robot_ws/src/MQP/install/inchworm_control/lib/python3.8/site-packages/inchworm_control/build
[2.920s] -- Up-to-date: /home/ubuntu/robot_ws/src/MQP/install/inchworm_control/lib/python3.8/site-packages/inchworm_control/build/COLCON_IGNORE
[2.920s] -- Up-to-date: /home/ubuntu/robot_ws/src/MQP/install/inchworm_control/lib/python3.8/site-packages/inchworm_control/build/.built_by
[2.921s] -- Up-to-date: /home/ubuntu/robot_ws/src/MQP/install/inchworm_control/lib/python3.8/site-packages/inchworm_control/lewansoul_servo_bus.py
[2.921s] -- Up-to-date: /home/ubuntu/robot_ws/src/MQP/install/inchworm_control/lib/python3.8/site-packages/inchworm_control/motor_publisher.py
[2.922s] -- Up-to-date: /home/ubuntu/robot_ws/src/MQP/install/inchworm_control/lib/python3.8/site-packages/inchworm_control/step_publisher.py
[2.923s] -- Installing: /home/ubuntu/robot_ws/src/MQP/install/inchworm_control/lib/python3.8/site-packages/inchworm_control/__init__.py
[3.070s] Listing '/home/ubuntu/robot_ws/src/MQP/install/inchworm_control/lib/python3.8/site-packages/inchworm_control'...
[3.072s] Compiling '/home/ubuntu/robot_ws/src/MQP/install/inchworm_control/lib/python3.8/site-packages/inchworm_control/__init__.py'...
[3.073s] Listing '/home/ubuntu/robot_ws/src/MQP/install/inchworm_control/lib/python3.8/site-packages/inchworm_control/build'...
[3.075s] Listing '/home/ubuntu/robot_ws/src/MQP/install/inchworm_control/lib/python3.8/site-packages/inchworm_control/install'...
[3.076s] Listing '/home/ubuntu/robot_ws/src/MQP/install/inchworm_control/lib/python3.8/site-packages/inchworm_control/lewansoul_servo_bus'...
[3.077s] Listing '/home/ubuntu/robot_ws/src/MQP/install/inchworm_control/lib/python3.8/site-packages/inchworm_control/log'...
[3.078s] Listing '/home/ubuntu/robot_ws/src/MQP/install/inchworm_control/lib/python3.8/site-packages/inchworm_control/log/build_2023-11-15_15-40-00'...
[3.079s] Listing '/home/ubuntu/robot_ws/src/MQP/install/inchworm_control/lib/python3.8/site-packages/inchworm_control/log/build_2024-02-13_19-54-49'...
[3.080s] Listing '/home/ubuntu/robot_ws/src/MQP/install/inchworm_control/lib/python3.8/site-packages/inchworm_control/log/build_2024-03-28_22-48-05'...
[3.082s] Listing '/home/ubuntu/robot_ws/src/MQP/install/inchworm_control/lib/python3.8/site-packages/inchworm_control/log/build_2024-03-28_22-48-38'...
[3.083s] Compiling '/home/ubuntu/robot_ws/src/MQP/install/inchworm_control/lib/python3.8/site-packages/inchworm_control/motor_controller.py'...
[3.084s] Listing '/home/ubuntu/robot_ws/src/MQP/install/inchworm_control/lib/python3.8/site-packages/inchworm_control/msg'...
[3.085s] Listing '/home/ubuntu/robot_ws/src/MQP/install/inchworm_control/lib/python3.8/site-packages/inchworm_control/scripts'...
[3.095s] -- Installing: /home/ubuntu/robot_ws/src/MQP/install/inchworm_control/lib/inchworm_control/motor_controller.py
[3.096s] -- Up-to-date: /home/ubuntu/robot_ws/src/MQP/install/inchworm_control/lib/inchworm_control/motor_walking.py
[3.096s] -- Up-to-date: /home/ubuntu/robot_ws/src/MQP/install/inchworm_control/lib/inchworm_control/motor_publisher.py
[3.097s] -- Up-to-date: /home/ubuntu/robot_ws/src/MQP/install/inchworm_control/lib/inchworm_control/step_publisher.py
[3.097s] -- Up-to-date: /home/ubuntu/robot_ws/src/MQP/install/inchworm_control/share/inchworm_control/urdf
[3.097s] -- Up-to-date: /home/ubuntu/robot_ws/src/MQP/install/inchworm_control/share/inchworm_control/urdf/one_inchworm.urdf
[3.098s] -- Up-to-date: /home/ubuntu/robot_ws/src/MQP/install/inchworm_control/share/inchworm_control/urdf/r2d2.rviz
[3.098s] -- Up-to-date: /home/ubuntu/robot_ws/src/MQP/install/inchworm_control/share/ament_index/resource_index/package_run_dependencies/inchworm_control
[3.099s] -- Up-to-date: /home/ubuntu/robot_ws/src/MQP/install/inchworm_control/share/ament_index/resource_index/parent_prefix_path/inchworm_control
[3.099s] -- Up-to-date: /home/ubuntu/robot_ws/src/MQP/install/inchworm_control/share/inchworm_control/environment/ament_prefix_path.sh
[3.100s] -- Up-to-date: /home/ubuntu/robot_ws/src/MQP/install/inchworm_control/share/inchworm_control/environment/ament_prefix_path.dsv
[3.100s] -- Up-to-date: /home/ubuntu/robot_ws/src/MQP/install/inchworm_control/share/inchworm_control/environment/path.sh
[3.101s] -- Up-to-date: /home/ubuntu/robot_ws/src/MQP/install/inchworm_control/share/inchworm_control/environment/path.dsv
[3.101s] -- Up-to-date: /home/ubuntu/robot_ws/src/MQP/install/inchworm_control/share/inchworm_control/local_setup.bash
[3.102s] -- Up-to-date: /home/ubuntu/robot_ws/src/MQP/install/inchworm_control/share/inchworm_control/local_setup.sh
[3.102s] -- Up-to-date: /home/ubuntu/robot_ws/src/MQP/install/inchworm_control/share/inchworm_control/local_setup.zsh
[3.102s] -- Up-to-date: /home/ubuntu/robot_ws/src/MQP/install/inchworm_control/share/inchworm_control/local_setup.dsv
[3.103s] -- Installing: /home/ubuntu/robot_ws/src/MQP/install/inchworm_control/share/inchworm_control/package.dsv
[3.103s] -- Up-to-date: /home/ubuntu/robot_ws/src/MQP/install/inchworm_control/share/ament_index/resource_index/packages/inchworm_control
[3.104s] -- Up-to-date: /home/ubuntu/robot_ws/src/MQP/install/inchworm_control/share/inchworm_control/cmake/inchworm_control__rosidl_generator_cExport.cmake
[3.104s] -- Up-to-date: /home/ubuntu/robot_ws/src/MQP/install/inchworm_control/share/inchworm_control/cmake/inchworm_control__rosidl_generator_cExport-noconfig.cmake
[3.105s] -- Up-to-date: /home/ubuntu/robot_ws/src/MQP/install/inchworm_control/share/inchworm_control/cmake/inchworm_control__rosidl_typesupport_introspection_cExport.cmake
[3.106s] -- Up-to-date: /home/ubuntu/robot_ws/src/MQP/install/inchworm_control/share/inchworm_control/cmake/inchworm_control__rosidl_typesupport_introspection_cExport-noconfig.cmake
[3.107s] -- Up-to-date: /home/ubuntu/robot_ws/src/MQP/install/inchworm_control/share/inchworm_control/cmake/inchworm_control__rosidl_typesupport_cExport.cmake
[3.107s] -- Up-to-date: /home/ubuntu/robot_ws/src/MQP/install/inchworm_control/share/inchworm_control/cmake/inchworm_control__rosidl_typesupport_cExport-noconfig.cmake
[3.108s] -- Up-to-date: /home/ubuntu/robot_ws/src/MQP/install/inchworm_control/share/inchworm_control/cmake/inchworm_control__rosidl_generator_cppExport.cmake
[3.109s] -- Up-to-date: /home/ubuntu/robot_ws/src/MQP/install/inchworm_control/share/inchworm_control/cmake/inchworm_control__rosidl_typesupport_introspection_cppExport.cmake
[3.110s] -- Up-to-date: /home/ubuntu/robot_ws/src/MQP/install/inchworm_control/share/inchworm_control/cmake/inchworm_control__rosidl_typesupport_introspection_cppExport-noconfig.cmake
[3.111s] -- Up-to-date: /home/ubuntu/robot_ws/src/MQP/install/inchworm_control/share/inchworm_control/cmake/inchworm_control__rosidl_typesupport_cppExport.cmake
[3.111s] -- Up-to-date: /home/ubuntu/robot_ws/src/MQP/install/inchworm_control/share/inchworm_control/cmake/inchworm_control__rosidl_typesupport_cppExport-noconfig.cmake
[3.112s] -- Up-to-date: /home/ubuntu/robot_ws/src/MQP/install/inchworm_control/share/inchworm_control/cmake/rosidl_cmake-extras.cmake
[3.112s] -- Up-to-date: /home/ubuntu/robot_ws/src/MQP/install/inchworm_control/share/inchworm_control/cmake/ament_cmake_export_dependencies-extras.cmake
[3.113s] -- Up-to-date: /home/ubuntu/robot_ws/src/MQP/install/inchworm_control/share/inchworm_control/cmake/ament_cmake_export_libraries-extras.cmake
[3.113s] -- Up-to-date: /home/ubuntu/robot_ws/src/MQP/install/inchworm_control/share/inchworm_control/cmake/ament_cmake_export_targets-extras.cmake
[3.114s] -- Up-to-date: /home/ubuntu/robot_ws/src/MQP/install/inchworm_control/share/inchworm_control/cmake/ament_cmake_export_include_directories-extras.cmake
[3.114s] -- Up-to-date: /home/ubuntu/robot_ws/src/MQP/install/inchworm_control/share/inchworm_control/cmake/rosidl_cmake_export_typesupport_libraries-extras.cmake
[3.115s] -- Up-to-date: /home/ubuntu/robot_ws/src/MQP/install/inchworm_control/share/inchworm_control/cmake/rosidl_cmake_export_typesupport_targets-extras.cmake
[3.115s] -- Up-to-date: /home/ubuntu/robot_ws/src/MQP/install/inchworm_control/share/inchworm_control/cmake/inchworm_controlConfig.cmake
[3.116s] -- Up-to-date: /home/ubuntu/robot_ws/src/MQP/install/inchworm_control/share/inchworm_control/cmake/inchworm_controlConfig-version.cmake
[3.116s] -- Up-to-date: /home/ubuntu/robot_ws/src/MQP/install/inchworm_control/share/inchworm_control/package.xml
[3.123s] Invoked command in '/home/ubuntu/robot_ws/src/MQP/build/inchworm_control' returned '0': CMAKE_PREFIX_PATH=${CMAKE_PREFIX_PATH}:/home/ubuntu/robot_ws/src/MQP/install/motor_control:/home/ubuntu/robot_ws/install/motor_control:/opt/ros/foxy /usr/bin/cmake --install /home/ubuntu/robot_ws/src/MQP/build/inchworm_control
