[9.175s] DEBUG:colcon:Command line arguments: ['/usr/bin/colcon', 'build']
[9.175s] DEBUG:colcon:Parsed command line arguments: Namespace(allow_overriding=[], ament_cmake_args=None, base_paths=['.'], build_base='build', catkin_cmake_args=None, catkin_skip_building_tests=False, cmake_args=None, cmake_clean_cache=False, cmake_clean_first=False, cmake_force_configure=False, cmake_target=None, cmake_target_skip_unavailable=False, continue_on_error=False, event_handlers=None, executor='parallel', ignore_user_meta=False, install_base='install', log_base=None, log_level=None, main=<bound method BuildVerb.main of <colcon_core.verb.build.BuildVerb object at 0xffff7f54a400>>, merge_install=False, metas=['./colcon.meta'], packages_above=None, packages_above_and_dependencies=None, packages_above_depth=None, packages_end=None, packages_ignore=None, packages_ignore_regex=None, packages_select=None, packages_select_build_failed=False, packages_select_by_dep=None, packages_select_regex=None, packages_select_test_failures=False, packages_skip=None, packages_skip_build_finished=False, packages_skip_by_dep=None, packages_skip_regex=None, packages_skip_test_passed=False, packages_skip_up_to=None, packages_start=None, packages_up_to=None, packages_up_to_regex=None, parallel_workers=4, paths=None, symlink_install=False, test_result_base=None, verb_extension=<colcon_core.verb.build.BuildVerb object at 0xffff7f54a400>, verb_name='build', verb_parser=<colcon_defaults.argument_parser.defaults.DefaultArgumentsDecorator object at 0xffff7f11f5b0>)
[9.539s] Level 1:colcon.colcon_core.package_discovery:discover_packages(colcon_meta) check parameters
[9.540s] Level 1:colcon.colcon_core.package_discovery:discover_packages(recursive) check parameters
[9.540s] Level 1:colcon.colcon_core.package_discovery:discover_packages(ignore) check parameters
[9.540s] Level 1:colcon.colcon_core.package_discovery:discover_packages(path) check parameters
[9.540s] Level 1:colcon.colcon_core.package_discovery:discover_packages(colcon_meta) discover
[9.541s] Level 1:colcon.colcon_core.package_discovery:discover_packages(recursive) discover
[9.541s] INFO:colcon.colcon_core.package_discovery:Crawling recursively for packages in '/home/ubuntu/robot_ws/src/MQP'
[9.541s] Level 1:colcon.colcon_core.package_identification:_identify(.) by extensions ['ignore', 'ignore_ament_install']
[9.542s] Level 1:colcon.colcon_core.package_identification:_identify(.) by extension 'ignore'
[9.542s] Level 1:colcon.colcon_core.package_identification:_identify(.) by extension 'ignore_ament_install'
[9.542s] Level 1:colcon.colcon_core.package_identification:_identify(.) by extensions ['colcon_pkg']
[9.542s] Level 1:colcon.colcon_core.package_identification:_identify(.) by extension 'colcon_pkg'
[9.542s] Level 1:colcon.colcon_core.package_identification:_identify(.) by extensions ['colcon_meta']
[9.543s] Level 1:colcon.colcon_core.package_identification:_identify(.) by extension 'colcon_meta'
[9.543s] Level 1:colcon.colcon_core.package_identification:_identify(.) by extensions ['ros']
[9.543s] Level 1:colcon.colcon_core.package_identification:_identify(.) by extension 'ros'
[9.583s] Level 1:colcon.colcon_core.package_identification:_identify(.) by extensions ['cmake', 'python']
[9.584s] Level 1:colcon.colcon_core.package_identification:_identify(.) by extension 'cmake'
[9.584s] Level 1:colcon.colcon_core.package_identification:_identify(.) by extension 'python'
[9.584s] Level 1:colcon.colcon_core.package_identification:_identify(.) by extensions ['python_setup_py']
[9.584s] Level 1:colcon.colcon_core.package_identification:_identify(.) by extension 'python_setup_py'
[9.585s] Level 1:colcon.colcon_core.package_identification:_identify(build) by extensions ['ignore', 'ignore_ament_install']
[9.585s] Level 1:colcon.colcon_core.package_identification:_identify(build) by extension 'ignore'
[9.585s] Level 1:colcon.colcon_core.package_identification:_identify(build) ignored
[9.586s] Level 1:colcon.colcon_core.package_identification:_identify(inchworm_control) by extensions ['ignore', 'ignore_ament_install']
[9.586s] Level 1:colcon.colcon_core.package_identification:_identify(inchworm_control) by extension 'ignore'
[9.587s] Level 1:colcon.colcon_core.package_identification:_identify(inchworm_control) by extension 'ignore_ament_install'
[9.587s] Level 1:colcon.colcon_core.package_identification:_identify(inchworm_control) by extensions ['colcon_pkg']
[9.587s] Level 1:colcon.colcon_core.package_identification:_identify(inchworm_control) by extension 'colcon_pkg'
[9.587s] Level 1:colcon.colcon_core.package_identification:_identify(inchworm_control) by extensions ['colcon_meta']
[9.587s] Level 1:colcon.colcon_core.package_identification:_identify(inchworm_control) by extension 'colcon_meta'
[9.587s] Level 1:colcon.colcon_core.package_identification:_identify(inchworm_control) by extensions ['ros']
[9.587s] Level 1:colcon.colcon_core.package_identification:_identify(inchworm_control) by extension 'ros'
[9.596s] DEBUG:colcon.colcon_core.package_identification:Package 'inchworm_control' with type 'ros.ament_cmake' and name 'inchworm_control'
[9.597s] Level 1:colcon.colcon_core.package_identification:_identify(install) by extensions ['ignore', 'ignore_ament_install']
[9.597s] Level 1:colcon.colcon_core.package_identification:_identify(install) by extension 'ignore'
[9.597s] Level 1:colcon.colcon_core.package_identification:_identify(install) ignored
[9.601s] Level 1:colcon.colcon_core.package_identification:_identify(log) by extensions ['ignore', 'ignore_ament_install']
[9.602s] Level 1:colcon.colcon_core.package_identification:_identify(log) by extension 'ignore'
[9.602s] Level 1:colcon.colcon_core.package_identification:_identify(log) ignored
[9.602s] Level 1:colcon.colcon_core.package_discovery:discover_packages(recursive) using defaults
[9.602s] Level 1:colcon.colcon_core.package_discovery:discover_packages(ignore) discover
[9.603s] Level 1:colcon.colcon_core.package_discovery:discover_packages(ignore) using defaults
[9.603s] Level 1:colcon.colcon_core.package_discovery:discover_packages(path) discover
[9.603s] Level 1:colcon.colcon_core.package_discovery:discover_packages(path) using defaults
[10.402s] Level 1:colcon.colcon_core.package_discovery:discover_packages(prefix_path) check parameters
[10.402s] Level 1:colcon.colcon_core.package_discovery:discover_packages(prefix_path) discover
[10.701s] DEBUG:colcon.colcon_installed_package_information.package_discovery:Found 2 installed packages in /home/ubuntu/robot_ws/src/MQP/install
[10.845s] DEBUG:colcon.colcon_installed_package_information.package_discovery:Found 2 installed packages in /home/ubuntu/robot_ws/install
[10.991s] DEBUG:colcon.colcon_installed_package_information.package_discovery:Found 0 installed packages in /home/ubuntu/robot_ws/src/MQP/inchworm_control/inchworm_control/install
[11.140s] DEBUG:colcon.colcon_installed_package_information.package_discovery:Found 256 installed packages in /opt/ros/foxy
[11.147s] Level 1:colcon.colcon_core.package_discovery:discover_packages(prefix_path) using defaults
[11.716s] Level 5:colcon.colcon_core.verb:set package 'inchworm_control' build argument 'cmake_args' from command line to 'None'
[11.716s] Level 5:colcon.colcon_core.verb:set package 'inchworm_control' build argument 'cmake_target' from command line to 'None'
[11.717s] Level 5:colcon.colcon_core.verb:set package 'inchworm_control' build argument 'cmake_target_skip_unavailable' from command line to 'False'
[11.717s] Level 5:colcon.colcon_core.verb:set package 'inchworm_control' build argument 'cmake_clean_cache' from command line to 'False'
[11.717s] Level 5:colcon.colcon_core.verb:set package 'inchworm_control' build argument 'cmake_clean_first' from command line to 'False'
[11.717s] Level 5:colcon.colcon_core.verb:set package 'inchworm_control' build argument 'cmake_force_configure' from command line to 'False'
[11.717s] Level 5:colcon.colcon_core.verb:set package 'inchworm_control' build argument 'ament_cmake_args' from command line to 'None'
[11.717s] Level 5:colcon.colcon_core.verb:set package 'inchworm_control' build argument 'catkin_cmake_args' from command line to 'None'
[11.717s] Level 5:colcon.colcon_core.verb:set package 'inchworm_control' build argument 'catkin_skip_building_tests' from command line to 'False'
[11.717s] DEBUG:colcon.colcon_core.verb:Building package 'inchworm_control' with the following arguments: {'ament_cmake_args': None, 'build_base': '/home/ubuntu/robot_ws/src/MQP/build/inchworm_control', 'catkin_cmake_args': None, 'catkin_skip_building_tests': False, 'cmake_args': None, 'cmake_clean_cache': False, 'cmake_clean_first': False, 'cmake_force_configure': False, 'cmake_target': None, 'cmake_target_skip_unavailable': False, 'install_base': '/home/ubuntu/robot_ws/src/MQP/install/inchworm_control', 'merge_install': False, 'path': '/home/ubuntu/robot_ws/src/MQP/inchworm_control', 'symlink_install': False, 'test_result_base': None}
[11.861s] INFO:colcon.colcon_core.executor:Executing jobs using 'parallel' executor
[12.012s] DEBUG:colcon.colcon_parallel_executor.executor.parallel:run_until_complete
[12.013s] INFO:colcon.colcon_ros.task.ament_cmake.build:Building ROS package in '/home/ubuntu/robot_ws/src/MQP/inchworm_control' with build type 'ament_cmake'
[12.013s] INFO:colcon.colcon_cmake.task.cmake.build:Building CMake package in '/home/ubuntu/robot_ws/src/MQP/inchworm_control'
[12.188s] INFO:colcon.colcon_core.plugin_system:Skipping extension 'colcon_core.shell.bat': Not used on non-Windows systems
[12.189s] INFO:colcon.colcon_core.shell:Skip shell extension 'powershell' for command environment: Not usable outside of PowerShell
[12.190s] DEBUG:colcon.colcon_core.shell:Skip shell extension 'dsv' for command environment
[13.044s] DEBUG:colcon.colcon_core.event_handler.log_command:Invoking command in '/home/ubuntu/robot_ws/src/MQP/build/inchworm_control': CMAKE_PREFIX_PATH=${CMAKE_PREFIX_PATH}:/home/ubuntu/robot_ws/src/MQP/install/motor_control:/home/ubuntu/robot_ws/install/motor_control:/opt/ros/foxy /usr/bin/cmake --build /home/ubuntu/robot_ws/src/MQP/build/inchworm_control -- -j4 -l4
[14.080s] DEBUG:colcon.colcon_core.event_handler.log_command:Invoked command in '/home/ubuntu/robot_ws/src/MQP/build/inchworm_control' returned '0': CMAKE_PREFIX_PATH=${CMAKE_PREFIX_PATH}:/home/ubuntu/robot_ws/src/MQP/install/motor_control:/home/ubuntu/robot_ws/install/motor_control:/opt/ros/foxy /usr/bin/cmake --build /home/ubuntu/robot_ws/src/MQP/build/inchworm_control -- -j4 -l4
[14.567s] DEBUG:colcon.colcon_core.event_handler.log_command:Invoking command in '/home/ubuntu/robot_ws/src/MQP/build/inchworm_control': CMAKE_PREFIX_PATH=${CMAKE_PREFIX_PATH}:/home/ubuntu/robot_ws/src/MQP/install/motor_control:/home/ubuntu/robot_ws/install/motor_control:/opt/ros/foxy /usr/bin/cmake --install /home/ubuntu/robot_ws/src/MQP/build/inchworm_control
[15.025s] Level 1:colcon.colcon_core.environment:create_environment_scripts_only(inchworm_control)
[15.026s] DEBUG:colcon.colcon_core.event_handler.log_command:Invoked command in '/home/ubuntu/robot_ws/src/MQP/build/inchworm_control' returned '0': CMAKE_PREFIX_PATH=${CMAKE_PREFIX_PATH}:/home/ubuntu/robot_ws/src/MQP/install/motor_control:/home/ubuntu/robot_ws/install/motor_control:/opt/ros/foxy /usr/bin/cmake --install /home/ubuntu/robot_ws/src/MQP/build/inchworm_control
[15.192s] Level 1:colcon.colcon_core.environment:checking '/home/ubuntu/robot_ws/src/MQP/install/inchworm_control' for CMake module files
[15.195s] Level 1:colcon.colcon_core.environment:checking '/home/ubuntu/robot_ws/src/MQP/install/inchworm_control' for CMake config files
[15.201s] Level 1:colcon.colcon_core.shell:create_environment_hook('inchworm_control', 'cmake_prefix_path')
[15.353s] INFO:colcon.colcon_core.shell:Creating environment hook '/home/ubuntu/robot_ws/src/MQP/install/inchworm_control/share/inchworm_control/hook/cmake_prefix_path.ps1'
[15.355s] INFO:colcon.colcon_core.shell:Creating environment descriptor '/home/ubuntu/robot_ws/src/MQP/install/inchworm_control/share/inchworm_control/hook/cmake_prefix_path.dsv'
[15.357s] INFO:colcon.colcon_core.shell:Creating environment hook '/home/ubuntu/robot_ws/src/MQP/install/inchworm_control/share/inchworm_control/hook/cmake_prefix_path.sh'
[15.361s] Level 1:colcon.colcon_core.environment:checking '/home/ubuntu/robot_ws/src/MQP/install/inchworm_control/lib'
[15.362s] Level 1:colcon.colcon_core.shell:create_environment_hook('inchworm_control', 'ld_library_path_lib')
[15.517s] INFO:colcon.colcon_core.shell:Creating environment hook '/home/ubuntu/robot_ws/src/MQP/install/inchworm_control/share/inchworm_control/hook/ld_library_path_lib.ps1'
[15.519s] INFO:colcon.colcon_core.shell:Creating environment descriptor '/home/ubuntu/robot_ws/src/MQP/install/inchworm_control/share/inchworm_control/hook/ld_library_path_lib.dsv'
[15.520s] INFO:colcon.colcon_core.shell:Creating environment hook '/home/ubuntu/robot_ws/src/MQP/install/inchworm_control/share/inchworm_control/hook/ld_library_path_lib.sh'
[15.522s] Level 1:colcon.colcon_core.environment:checking '/home/ubuntu/robot_ws/src/MQP/install/inchworm_control/bin'
[15.522s] Level 1:colcon.colcon_core.environment:checking '/home/ubuntu/robot_ws/src/MQP/install/inchworm_control/lib/pkgconfig/inchworm_control.pc'
[15.523s] Level 1:colcon.colcon_core.environment:checking '/home/ubuntu/robot_ws/src/MQP/install/inchworm_control/lib/python3.8/site-packages'
[15.523s] Level 1:colcon.colcon_core.shell:create_environment_hook('inchworm_control', 'pythonpath')
[15.680s] INFO:colcon.colcon_core.shell:Creating environment hook '/home/ubuntu/robot_ws/src/MQP/install/inchworm_control/share/inchworm_control/hook/pythonpath.ps1'
[15.682s] INFO:colcon.colcon_core.shell:Creating environment descriptor '/home/ubuntu/robot_ws/src/MQP/install/inchworm_control/share/inchworm_control/hook/pythonpath.dsv'
[15.684s] INFO:colcon.colcon_core.shell:Creating environment hook '/home/ubuntu/robot_ws/src/MQP/install/inchworm_control/share/inchworm_control/hook/pythonpath.sh'
[15.687s] Level 1:colcon.colcon_core.environment:checking '/home/ubuntu/robot_ws/src/MQP/install/inchworm_control/bin'
[15.840s] INFO:colcon.colcon_core.shell:Creating package script '/home/ubuntu/robot_ws/src/MQP/install/inchworm_control/share/inchworm_control/package.ps1'
[15.844s] INFO:colcon.colcon_core.shell:Creating package descriptor '/home/ubuntu/robot_ws/src/MQP/install/inchworm_control/share/inchworm_control/package.dsv'
[15.846s] INFO:colcon.colcon_core.shell:Creating package script '/home/ubuntu/robot_ws/src/MQP/install/inchworm_control/share/inchworm_control/package.sh'
[15.850s] INFO:colcon.colcon_core.shell:Creating package script '/home/ubuntu/robot_ws/src/MQP/install/inchworm_control/share/inchworm_control/package.bash'
[15.853s] INFO:colcon.colcon_core.shell:Creating package script '/home/ubuntu/robot_ws/src/MQP/install/inchworm_control/share/inchworm_control/package.zsh'
[15.856s] Level 1:colcon.colcon_core.environment:create_file_with_runtime_dependencies(/home/ubuntu/robot_ws/src/MQP/install/inchworm_control/share/colcon-core/packages/inchworm_control)
[16.446s] Level 1:colcon.colcon_core.environment:create_environment_scripts_only(inchworm_control)
[16.598s] Level 1:colcon.colcon_core.environment:checking '/home/ubuntu/robot_ws/src/MQP/install/inchworm_control' for CMake module files
[16.602s] Level 1:colcon.colcon_core.environment:checking '/home/ubuntu/robot_ws/src/MQP/install/inchworm_control' for CMake config files
[16.608s] Level 1:colcon.colcon_core.shell:create_environment_hook('inchworm_control', 'cmake_prefix_path')
[16.755s] INFO:colcon.colcon_core.shell:Creating environment hook '/home/ubuntu/robot_ws/src/MQP/install/inchworm_control/share/inchworm_control/hook/cmake_prefix_path.ps1'
[16.757s] INFO:colcon.colcon_core.shell:Creating environment descriptor '/home/ubuntu/robot_ws/src/MQP/install/inchworm_control/share/inchworm_control/hook/cmake_prefix_path.dsv'
[16.759s] INFO:colcon.colcon_core.shell:Creating environment hook '/home/ubuntu/robot_ws/src/MQP/install/inchworm_control/share/inchworm_control/hook/cmake_prefix_path.sh'
[16.762s] Level 1:colcon.colcon_core.environment:checking '/home/ubuntu/robot_ws/src/MQP/install/inchworm_control/lib'
[16.763s] Level 1:colcon.colcon_core.shell:create_environment_hook('inchworm_control', 'ld_library_path_lib')
[16.915s] INFO:colcon.colcon_core.shell:Creating environment hook '/home/ubuntu/robot_ws/src/MQP/install/inchworm_control/share/inchworm_control/hook/ld_library_path_lib.ps1'
[16.916s] INFO:colcon.colcon_core.shell:Creating environment descriptor '/home/ubuntu/robot_ws/src/MQP/install/inchworm_control/share/inchworm_control/hook/ld_library_path_lib.dsv'
[16.918s] INFO:colcon.colcon_core.shell:Creating environment hook '/home/ubuntu/robot_ws/src/MQP/install/inchworm_control/share/inchworm_control/hook/ld_library_path_lib.sh'
[16.920s] Level 1:colcon.colcon_core.environment:checking '/home/ubuntu/robot_ws/src/MQP/install/inchworm_control/bin'
[16.920s] Level 1:colcon.colcon_core.environment:checking '/home/ubuntu/robot_ws/src/MQP/install/inchworm_control/lib/pkgconfig/inchworm_control.pc'
[16.921s] Level 1:colcon.colcon_core.environment:checking '/home/ubuntu/robot_ws/src/MQP/install/inchworm_control/lib/python3.8/site-packages'
[16.921s] Level 1:colcon.colcon_core.shell:create_environment_hook('inchworm_control', 'pythonpath')
[17.073s] INFO:colcon.colcon_core.shell:Creating environment hook '/home/ubuntu/robot_ws/src/MQP/install/inchworm_control/share/inchworm_control/hook/pythonpath.ps1'
[17.075s] INFO:colcon.colcon_core.shell:Creating environment descriptor '/home/ubuntu/robot_ws/src/MQP/install/inchworm_control/share/inchworm_control/hook/pythonpath.dsv'
[17.077s] INFO:colcon.colcon_core.shell:Creating environment hook '/home/ubuntu/robot_ws/src/MQP/install/inchworm_control/share/inchworm_control/hook/pythonpath.sh'
[17.079s] Level 1:colcon.colcon_core.environment:checking '/home/ubuntu/robot_ws/src/MQP/install/inchworm_control/bin'
[17.232s] INFO:colcon.colcon_core.shell:Creating package script '/home/ubuntu/robot_ws/src/MQP/install/inchworm_control/share/inchworm_control/package.ps1'
[17.235s] INFO:colcon.colcon_core.shell:Creating package descriptor '/home/ubuntu/robot_ws/src/MQP/install/inchworm_control/share/inchworm_control/package.dsv'
[17.237s] INFO:colcon.colcon_core.shell:Creating package script '/home/ubuntu/robot_ws/src/MQP/install/inchworm_control/share/inchworm_control/package.sh'
[17.240s] INFO:colcon.colcon_core.shell:Creating package script '/home/ubuntu/robot_ws/src/MQP/install/inchworm_control/share/inchworm_control/package.bash'
[17.242s] INFO:colcon.colcon_core.shell:Creating package script '/home/ubuntu/robot_ws/src/MQP/install/inchworm_control/share/inchworm_control/package.zsh'
[17.244s] Level 1:colcon.colcon_core.environment:create_file_with_runtime_dependencies(/home/ubuntu/robot_ws/src/MQP/install/inchworm_control/share/colcon-core/packages/inchworm_control)
[17.245s] DEBUG:colcon.colcon_parallel_executor.executor.parallel:closing loop
[17.246s] DEBUG:colcon.colcon_parallel_executor.executor.parallel:loop closed
[17.247s] DEBUG:colcon.colcon_parallel_executor.executor.parallel:run_until_complete finished with '0'
[17.247s] DEBUG:colcon.colcon_core.event_reactor:joining thread
[17.414s] INFO:colcon.colcon_core.plugin_system:Skipping extension 'colcon_notification.desktop_notification.terminal_notifier': Not used on non-Darwin systems
[17.415s] INFO:colcon.colcon_core.plugin_system:Skipping extension 'colcon_notification.desktop_notification.win32': Not used on non-Windows systems
[17.415s] INFO:colcon.colcon_notification.desktop_notification:Sending desktop notification using 'notify2'
