[0.821s] Invoking command in '/home/ubuntu/robot_ws/src/MQP/inchworm_control/build/inchworm_control': CMAKE_PREFIX_PATH=${CMAKE_PREFIX_PATH}:/home/ubuntu/robot_ws/install/motor_control:/opt/ros/foxy /usr/bin/cmake /home/ubuntu/robot_ws/src/MQP/inchworm_control -DCMAKE_INSTALL_PREFIX=/home/ubuntu/robot_ws/src/MQP/inchworm_control/install/inchworm_control
[1.966s] -- The C compiler identification is GNU 9.4.0
[2.746s] -- The CXX compiler identification is GNU 9.4.0
[2.788s] -- Check for working C compiler: /usr/bin/cc
[3.125s] -- Check for working C compiler: /usr/bin/cc -- works
[3.134s] -- Detecting C compiler ABI info
[3.436s] -- Detecting C compiler ABI info - done
[3.480s] -- Detecting C compile features
[3.483s] -- Detecting C compile features - done
[3.495s] -- Check for working CXX compiler: /usr/bin/c++
[3.823s] -- Check for working CXX compiler: /usr/bin/c++ -- works
[3.827s] -- Detecting CXX compiler ABI info
[4.148s] -- Detecting CXX compiler ABI info - done
[4.188s] -- Detecting CXX compile features
[4.190s] -- Detecting CXX compile features - done
[4.242s] -- Found ament_cmake: 0.9.12 (/opt/ros/foxy/share/ament_cmake/cmake)
[4.393s] -- Found PythonInterp: /usr/bin/python3 (found suitable version "3.8.10", minimum required is "3") 
[4.394s] -- Using PYTHON_EXECUTABLE: /usr/bin/python3
[5.736s] -- Found rclpy: 1.0.13 (/opt/ros/foxy/share/rclpy/cmake)
[5.757s] -- Found std_msgs: 2.0.5 (/opt/ros/foxy/share/std_msgs/cmake)
[6.062s] -- Using all available rosidl_typesupport_c: rosidl_typesupport_fastrtps_c;rosidl_typesupport_introspection_c
[6.146s] -- Found rosidl_adapter: 1.3.1 (/opt/ros/foxy/share/rosidl_adapter/cmake)
[6.815s] -- Found OpenSSL: /usr/lib/aarch64-linux-gnu/libcrypto.so (found version "1.1.1f")  
[7.060s] -- Found FastRTPS: /opt/ros/foxy/include  
[7.708s] -- Using all available rosidl_typesupport_cpp: rosidl_typesupport_fastrtps_cpp;rosidl_typesupport_introspection_cpp
[7.990s] -- Found rosidl_default_generators: 1.0.1 (/opt/ros/foxy/share/rosidl_default_generators/cmake)
[8.087s] -- Found ament_lint_auto: 0.9.8 (/opt/ros/foxy/share/ament_lint_auto/cmake)
[9.236s] -- Found PythonInterp: /usr/bin/python3 (found version "3.8.10") 
[9.682s] -- Found ament_cmake_ros: 0.9.2 (/opt/ros/foxy/share/ament_cmake_ros/cmake)
[10.912s] -- Using all available rosidl_typesupport_c: rosidl_typesupport_fastrtps_c;rosidl_typesupport_introspection_c
[11.209s] -- Using all available rosidl_typesupport_cpp: rosidl_typesupport_fastrtps_cpp;rosidl_typesupport_introspection_cpp
[11.316s] -- Found PythonInterp: /usr/bin/python3 (found suitable version "3.8.10", minimum required is "3.5") 
[11.338s] -- Found python_cmake_module: 0.8.1 (/opt/ros/foxy/share/python_cmake_module/cmake)
[11.469s] -- Found PythonLibs: /usr/lib/aarch64-linux-gnu/libpython3.8.so (found suitable version "3.8.10", minimum required is "3.5") 
[11.470s] -- Using PYTHON_EXECUTABLE: /usr/bin/python3
[11.471s] -- Using PYTHON_INCLUDE_DIRS: /usr/include/python3.8
[11.471s] -- Using PYTHON_LIBRARIES: /usr/lib/aarch64-linux-gnu/libpython3.8.so
[11.562s] -- Found PythonExtra: .so  
[11.861s] -- Added test 'copyright' to check source files copyright and LICENSE
[12.151s] -- Added test 'cppcheck' to perform static code analysis on C / C++ code
[12.158s] -- Configured cppcheck include dirs: $<BUILD_INTERFACE:/home/ubuntu/robot_ws/src/MQP/inchworm_control/build/inchworm_control/rosidl_generator_c>;/home/ubuntu/robot_ws/src/MQP/inchworm_control/build/inchworm_control/rosidl_generator_c;/home/ubuntu/robot_ws/src/MQP/inchworm_control/build/inchworm_control/rosidl_generator_cpp;/home/ubuntu/robot_ws/src/MQP/inchworm_control/build/inchworm_control/rosidl_typesupport_fastrtps_c;/home/ubuntu/robot_ws/src/MQP/inchworm_control/build/inchworm_control/rosidl_typesupport_fastrtps_cpp;$<BUILD_INTERFACE:/home/ubuntu/robot_ws/src/MQP/inchworm_control/build/inchworm_control/rosidl_typesupport_introspection_c>;$<BUILD_INTERFACE:/home/ubuntu/robot_ws/src/MQP/inchworm_control/build/inchworm_control/rosidl_typesupport_c>;$<BUILD_INTERFACE:/home/ubuntu/robot_ws/src/MQP/inchworm_control/build/inchworm_control/rosidl_generator_cpp>;/home/ubuntu/robot_ws/src/MQP/inchworm_control/build/inchworm_control/rosidl_generator_py
[12.159s] -- Configured cppcheck exclude dirs and/or files: 
[12.450s] -- Added test 'cpplint' to check C / C++ code against the Google style
[12.450s] -- Configured cpplint exclude dirs and/or files: 
[12.493s] -- Added test 'flake8' to check Python code syntax and style conventions
[12.571s] -- Added test 'lint_cmake' to check CMake code style
[12.614s] -- Added test 'pep257' to check Python code against some of the style conventions in PEP 257
[12.906s] -- Added test 'uncrustify' to check C / C++ code style
[12.907s] -- Configured uncrustify additional arguments: 
[12.949s] -- Added test 'xmllint' to check XML markup files
[13.018s] -- Configuring done
[13.251s] -- Generating done
[13.267s] -- Build files have been written to: /home/ubuntu/robot_ws/src/MQP/inchworm_control/build/inchworm_control
[13.304s] Invoked command in '/home/ubuntu/robot_ws/src/MQP/inchworm_control/build/inchworm_control' returned '0': CMAKE_PREFIX_PATH=${CMAKE_PREFIX_PATH}:/home/ubuntu/robot_ws/install/motor_control:/opt/ros/foxy /usr/bin/cmake /home/ubuntu/robot_ws/src/MQP/inchworm_control -DCMAKE_INSTALL_PREFIX=/home/ubuntu/robot_ws/src/MQP/inchworm_control/install/inchworm_control
[13.317s] Invoking command in '/home/ubuntu/robot_ws/src/MQP/inchworm_control/build/inchworm_control': CMAKE_PREFIX_PATH=${CMAKE_PREFIX_PATH}:/home/ubuntu/robot_ws/install/motor_control:/opt/ros/foxy /usr/bin/cmake --build /home/ubuntu/robot_ws/src/MQP/inchworm_control/build/inchworm_control -- -j4 -l4
[13.509s] [35m[1mScanning dependencies of target inchworm_control__cpp[0m
[13.511s] [  3%] [34m[1mGenerating C code for ROS interfaces[0m
[13.571s] [  6%] [34m[1mGenerating C++ code for ROS interfaces[0m
[14.807s] [35m[1mScanning dependencies of target inchworm_control__rosidl_generator_c[0m
[14.839s] [  6%] Built target inchworm_control__cpp
[14.901s] [  9%] [34m[1mGenerating C++ type support dispatch for ROS interfaces[0m
[14.911s] [ 12%] [32mBuilding C object CMakeFiles/inchworm_control__rosidl_generator_c.dir/rosidl_generator_c/inchworm_control/msg/detail/thruple__functions.c.o[0m
[14.929s] [ 16%] [34m[1mGenerating C++ introspection for ROS interfaces[0m
[14.943s] [ 19%] [34m[1mGenerating C++ type support for eProsima Fast-RTPS[0m
[15.643s] [ 22%] [32m[1mLinking C shared library libinchworm_control__rosidl_generator_c.so[0m
[16.256s] [ 22%] Built target inchworm_control__rosidl_generator_c
[16.439s] [ 25%] [34m[1mGenerating C introspection for ROS interfaces[0m
[16.845s] [35m[1mScanning dependencies of target inchworm_control__rosidl_typesupport_cpp[0m
[16.921s] [35m[1mScanning dependencies of target inchworm_control__rosidl_typesupport_introspection_cpp[0m
[17.049s] [ 29%] [32mBuilding CXX object CMakeFiles/inchworm_control__rosidl_typesupport_cpp.dir/rosidl_typesupport_cpp/inchworm_control/msg/thruple__type_support.cpp.o[0m
[17.085s] [35m[1mScanning dependencies of target inchworm_control__rosidl_typesupport_fastrtps_cpp[0m
[17.151s] [ 32%] [32mBuilding CXX object CMakeFiles/inchworm_control__rosidl_typesupport_introspection_cpp.dir/rosidl_typesupport_introspection_cpp/inchworm_control/msg/detail/thruple__type_support.cpp.o[0m
[17.395s] [ 35%] [32mBuilding CXX object CMakeFiles/inchworm_control__rosidl_typesupport_fastrtps_cpp.dir/rosidl_typesupport_fastrtps_cpp/inchworm_control/msg/detail/dds_fastrtps/thruple__type_support.cpp.o[0m
[18.562s] [35m[1mScanning dependencies of target inchworm_control__rosidl_typesupport_introspection_c[0m
[18.737s] [ 38%] [32mBuilding C object CMakeFiles/inchworm_control__rosidl_typesupport_introspection_c.dir/rosidl_typesupport_introspection_c/inchworm_control/msg/detail/thruple__type_support.c.o[0m
[19.195s] [ 41%] [32m[1mLinking C shared library libinchworm_control__rosidl_typesupport_introspection_c.so[0m
[19.662s] [ 41%] Built target inchworm_control__rosidl_typesupport_introspection_c
[19.801s] [ 45%] [34m[1mGenerating C type support dispatch for ROS interfaces[0m
[19.971s] [ 48%] [32m[1mLinking CXX shared library libinchworm_control__rosidl_typesupport_introspection_cpp.so[0m
[20.063s] [ 51%] [32m[1mLinking CXX shared library libinchworm_control__rosidl_typesupport_cpp.so[0m
[20.416s] [ 51%] Built target inchworm_control__rosidl_typesupport_introspection_cpp
[20.564s] [ 51%] Built target inchworm_control__rosidl_typesupport_cpp
[21.297s] [ 54%] [32m[1mLinking CXX shared library libinchworm_control__rosidl_typesupport_fastrtps_cpp.so[0m
[21.313s] [35m[1mScanning dependencies of target inchworm_control__rosidl_typesupport_c[0m
[21.437s] [ 58%] [32mBuilding CXX object CMakeFiles/inchworm_control__rosidl_typesupport_c.dir/rosidl_typesupport_c/inchworm_control/msg/thruple__type_support.cpp.o[0m
[21.693s] [ 61%] [32m[1mLinking CXX shared library libinchworm_control__rosidl_typesupport_c.so[0m
[21.869s] [ 61%] Built target inchworm_control__rosidl_typesupport_fastrtps_cpp
[21.933s] [ 61%] Built target inchworm_control__rosidl_typesupport_c
[21.942s] [ 64%] [34m[1mGenerating C type support for eProsima Fast-RTPS[0m
[23.210s] [35m[1mScanning dependencies of target inchworm_control__rosidl_typesupport_fastrtps_c[0m
[23.335s] [ 67%] [32mBuilding CXX object CMakeFiles/inchworm_control__rosidl_typesupport_fastrtps_c.dir/rosidl_typesupport_fastrtps_c/inchworm_control/msg/detail/thruple__type_support_c.cpp.o[0m
[25.275s] [ 70%] [32m[1mLinking CXX shared library libinchworm_control__rosidl_typesupport_fastrtps_c.so[0m
[25.665s] [ 70%] Built target inchworm_control__rosidl_typesupport_fastrtps_c
[25.705s] [35m[1mScanning dependencies of target inchworm_control[0m
[25.748s] [ 70%] Built target inchworm_control
[25.794s] [35m[1mScanning dependencies of target inchworm_control__py[0m
[25.840s] [ 74%] [34m[1mGenerating Python code for ROS interfaces[0m
[27.783s] [ 74%] Built target inchworm_control__py
[27.826s] [35m[1mScanning dependencies of target inchworm_control__python[0m
[27.993s] [ 77%] [32mBuilding C object CMakeFiles/inchworm_control__python.dir/rosidl_generator_py/inchworm_control/msg/_thruple_s.c.o[0m
[28.458s] [ 80%] [32m[1mLinking C shared library rosidl_generator_py/inchworm_control/libinchworm_control__python.so[0m
[28.667s] [ 80%] Built target inchworm_control__python
[28.717s] [35m[1mScanning dependencies of target inchworm_control__rosidl_typesupport_introspection_c__pyext[0m
[28.717s] [35m[1mScanning dependencies of target inchworm_control__rosidl_typesupport_c__pyext[0m
[28.719s] [35m[1mScanning dependencies of target inchworm_control__rosidl_typesupport_fastrtps_c__pyext[0m
[28.877s] [ 83%] [32mBuilding C object CMakeFiles/inchworm_control__rosidl_typesupport_introspection_c__pyext.dir/rosidl_generator_py/inchworm_control/_inchworm_control_s.ep.rosidl_typesupport_introspection_c.c.o[0m
[28.920s] [ 87%] [32mBuilding C object CMakeFiles/inchworm_control__rosidl_typesupport_c__pyext.dir/rosidl_generator_py/inchworm_control/_inchworm_control_s.ep.rosidl_typesupport_c.c.o[0m
[28.926s] [ 90%] [32mBuilding C object CMakeFiles/inchworm_control__rosidl_typesupport_fastrtps_c__pyext.dir/rosidl_generator_py/inchworm_control/_inchworm_control_s.ep.rosidl_typesupport_fastrtps_c.c.o[0m
[29.446s] [ 93%] [32m[1mLinking C shared library rosidl_generator_py/inchworm_control/inchworm_control_s__rosidl_typesupport_introspection_c.cpython-38-aarch64-linux-gnu.so[0m
[29.485s] [ 96%] [32m[1mLinking CXX shared library rosidl_generator_py/inchworm_control/inchworm_control_s__rosidl_typesupport_fastrtps_c.cpython-38-aarch64-linux-gnu.so[0m
[29.570s] [100%] [32m[1mLinking C shared library rosidl_generator_py/inchworm_control/inchworm_control_s__rosidl_typesupport_c.cpython-38-aarch64-linux-gnu.so[0m
[29.778s] [100%] Built target inchworm_control__rosidl_typesupport_introspection_c__pyext
[29.882s] [100%] Built target inchworm_control__rosidl_typesupport_c__pyext
[29.914s] [100%] Built target inchworm_control__rosidl_typesupport_fastrtps_c__pyext
[29.968s] Invoked command in '/home/ubuntu/robot_ws/src/MQP/inchworm_control/build/inchworm_control' returned '0': CMAKE_PREFIX_PATH=${CMAKE_PREFIX_PATH}:/home/ubuntu/robot_ws/install/motor_control:/opt/ros/foxy /usr/bin/cmake --build /home/ubuntu/robot_ws/src/MQP/inchworm_control/build/inchworm_control -- -j4 -l4
[30.493s] Invoking command in '/home/ubuntu/robot_ws/src/MQP/inchworm_control/build/inchworm_control': CMAKE_PREFIX_PATH=${CMAKE_PREFIX_PATH}:/home/ubuntu/robot_ws/install/motor_control:/opt/ros/foxy /usr/bin/cmake --install /home/ubuntu/robot_ws/src/MQP/inchworm_control/build/inchworm_control
[30.531s] -- Install configuration: ""
[30.532s] -- Installing: /home/ubuntu/robot_ws/src/MQP/inchworm_control/install/inchworm_control/share/ament_index/resource_index/rosidl_interfaces/inchworm_control
[30.533s] -- Up-to-date: /home/ubuntu/robot_ws/src/MQP/inchworm_control/install/inchworm_control/include/inchworm_control
[30.534s] -- Up-to-date: /home/ubuntu/robot_ws/src/MQP/inchworm_control/install/inchworm_control/include/inchworm_control/msg
[30.534s] -- Up-to-date: /home/ubuntu/robot_ws/src/MQP/inchworm_control/install/inchworm_control/include/inchworm_control/msg/detail
[30.535s] -- Installing: /home/ubuntu/robot_ws/src/MQP/inchworm_control/install/inchworm_control/include/inchworm_control/msg/detail/thruple__functions.h
[30.536s] -- Installing: /home/ubuntu/robot_ws/src/MQP/inchworm_control/install/inchworm_control/include/inchworm_control/msg/detail/thruple__type_support.h
[30.537s] -- Installing: /home/ubuntu/robot_ws/src/MQP/inchworm_control/install/inchworm_control/include/inchworm_control/msg/detail/thruple__functions.c
[30.538s] -- Installing: /home/ubuntu/robot_ws/src/MQP/inchworm_control/install/inchworm_control/include/inchworm_control/msg/detail/thruple__struct.h
[30.539s] -- Installing: /home/ubuntu/robot_ws/src/MQP/inchworm_control/install/inchworm_control/include/inchworm_control/msg/rosidl_generator_c__visibility_control.h
[30.540s] -- Installing: /home/ubuntu/robot_ws/src/MQP/inchworm_control/install/inchworm_control/include/inchworm_control/msg/thruple.h
[30.542s] -- Up-to-date: /home/ubuntu/robot_ws/src/MQP/inchworm_control/install/inchworm_control/share/inchworm_control/environment/library_path.sh
[30.543s] -- Installing: /home/ubuntu/robot_ws/src/MQP/inchworm_control/install/inchworm_control/share/inchworm_control/environment/library_path.dsv
[30.545s] -- Installing: /home/ubuntu/robot_ws/src/MQP/inchworm_control/install/inchworm_control/lib/libinchworm_control__rosidl_generator_c.so
[30.548s] -- Set runtime path of "/home/ubuntu/robot_ws/src/MQP/inchworm_control/install/inchworm_control/lib/libinchworm_control__rosidl_generator_c.so" to ""
[30.549s] -- Up-to-date: /home/ubuntu/robot_ws/src/MQP/inchworm_control/install/inchworm_control/include/inchworm_control
[30.550s] -- Up-to-date: /home/ubuntu/robot_ws/src/MQP/inchworm_control/install/inchworm_control/include/inchworm_control/msg
[30.551s] -- Installing: /home/ubuntu/robot_ws/src/MQP/inchworm_control/install/inchworm_control/include/inchworm_control/msg/rosidl_typesupport_fastrtps_c__visibility_control.h
[30.551s] -- Up-to-date: /home/ubuntu/robot_ws/src/MQP/inchworm_control/install/inchworm_control/include/inchworm_control/msg/detail
[30.552s] -- Installing: /home/ubuntu/robot_ws/src/MQP/inchworm_control/install/inchworm_control/include/inchworm_control/msg/detail/thruple__rosidl_typesupport_fastrtps_c.h
[30.553s] -- Installing: /home/ubuntu/robot_ws/src/MQP/inchworm_control/install/inchworm_control/lib/libinchworm_control__rosidl_typesupport_fastrtps_c.so
[30.557s] -- Set runtime path of "/home/ubuntu/robot_ws/src/MQP/inchworm_control/install/inchworm_control/lib/libinchworm_control__rosidl_typesupport_fastrtps_c.so" to ""
[30.561s] -- Up-to-date: /home/ubuntu/robot_ws/src/MQP/inchworm_control/install/inchworm_control/include/inchworm_control
[30.562s] -- Up-to-date: /home/ubuntu/robot_ws/src/MQP/inchworm_control/install/inchworm_control/include/inchworm_control/msg
[30.563s] -- Installing: /home/ubuntu/robot_ws/src/MQP/inchworm_control/install/inchworm_control/include/inchworm_control/msg/rosidl_typesupport_fastrtps_cpp__visibility_control.h
[30.565s] -- Up-to-date: /home/ubuntu/robot_ws/src/MQP/inchworm_control/install/inchworm_control/include/inchworm_control/msg/detail
[30.566s] -- Up-to-date: /home/ubuntu/robot_ws/src/MQP/inchworm_control/install/inchworm_control/include/inchworm_control/msg/detail/dds_fastrtps
[30.567s] -- Installing: /home/ubuntu/robot_ws/src/MQP/inchworm_control/install/inchworm_control/include/inchworm_control/msg/detail/thruple__rosidl_typesupport_fastrtps_cpp.hpp
[30.568s] -- Installing: /home/ubuntu/robot_ws/src/MQP/inchworm_control/install/inchworm_control/lib/libinchworm_control__rosidl_typesupport_fastrtps_cpp.so
[30.574s] -- Set runtime path of "/home/ubuntu/robot_ws/src/MQP/inchworm_control/install/inchworm_control/lib/libinchworm_control__rosidl_typesupport_fastrtps_cpp.so" to ""
[30.575s] -- Up-to-date: /home/ubuntu/robot_ws/src/MQP/inchworm_control/install/inchworm_control/include/inchworm_control
[30.575s] -- Up-to-date: /home/ubuntu/robot_ws/src/MQP/inchworm_control/install/inchworm_control/include/inchworm_control/msg
[30.576s] -- Up-to-date: /home/ubuntu/robot_ws/src/MQP/inchworm_control/install/inchworm_control/include/inchworm_control/msg/detail
[30.576s] -- Installing: /home/ubuntu/robot_ws/src/MQP/inchworm_control/install/inchworm_control/include/inchworm_control/msg/detail/thruple__rosidl_typesupport_introspection_c.h
[30.577s] -- Installing: /home/ubuntu/robot_ws/src/MQP/inchworm_control/install/inchworm_control/include/inchworm_control/msg/detail/thruple__type_support.c
[30.578s] -- Installing: /home/ubuntu/robot_ws/src/MQP/inchworm_control/install/inchworm_control/include/inchworm_control/msg/rosidl_typesupport_introspection_c__visibility_control.h
[30.580s] -- Installing: /home/ubuntu/robot_ws/src/MQP/inchworm_control/install/inchworm_control/lib/libinchworm_control__rosidl_typesupport_introspection_c.so
[30.583s] -- Set runtime path of "/home/ubuntu/robot_ws/src/MQP/inchworm_control/install/inchworm_control/lib/libinchworm_control__rosidl_typesupport_introspection_c.so" to ""
[30.590s] -- Installing: /home/ubuntu/robot_ws/src/MQP/inchworm_control/install/inchworm_control/lib/libinchworm_control__rosidl_typesupport_c.so
[30.594s] -- Set runtime path of "/home/ubuntu/robot_ws/src/MQP/inchworm_control/install/inchworm_control/lib/libinchworm_control__rosidl_typesupport_c.so" to ""
[30.595s] -- Up-to-date: /home/ubuntu/robot_ws/src/MQP/inchworm_control/install/inchworm_control/include/inchworm_control
[30.595s] -- Up-to-date: /home/ubuntu/robot_ws/src/MQP/inchworm_control/install/inchworm_control/include/inchworm_control/msg
[30.596s] -- Up-to-date: /home/ubuntu/robot_ws/src/MQP/inchworm_control/install/inchworm_control/include/inchworm_control/msg/detail
[30.597s] -- Installing: /home/ubuntu/robot_ws/src/MQP/inchworm_control/install/inchworm_control/include/inchworm_control/msg/detail/thruple__builder.hpp
[30.597s] -- Installing: /home/ubuntu/robot_ws/src/MQP/inchworm_control/install/inchworm_control/include/inchworm_control/msg/detail/thruple__struct.hpp
[30.598s] -- Installing: /home/ubuntu/robot_ws/src/MQP/inchworm_control/install/inchworm_control/include/inchworm_control/msg/detail/thruple__type_support.hpp
[30.599s] -- Installing: /home/ubuntu/robot_ws/src/MQP/inchworm_control/install/inchworm_control/include/inchworm_control/msg/detail/thruple__traits.hpp
[30.599s] -- Installing: /home/ubuntu/robot_ws/src/MQP/inchworm_control/install/inchworm_control/include/inchworm_control/msg/rosidl_generator_cpp__visibility_control.hpp
[30.601s] -- Installing: /home/ubuntu/robot_ws/src/MQP/inchworm_control/install/inchworm_control/include/inchworm_control/msg/thruple.hpp
[30.604s] -- Up-to-date: /home/ubuntu/robot_ws/src/MQP/inchworm_control/install/inchworm_control/include/inchworm_control
[30.605s] -- Up-to-date: /home/ubuntu/robot_ws/src/MQP/inchworm_control/install/inchworm_control/include/inchworm_control/msg
[30.606s] -- Up-to-date: /home/ubuntu/robot_ws/src/MQP/inchworm_control/install/inchworm_control/include/inchworm_control/msg/detail
[30.606s] -- Installing: /home/ubuntu/robot_ws/src/MQP/inchworm_control/install/inchworm_control/include/inchworm_control/msg/detail/thruple__rosidl_typesupport_introspection_cpp.hpp
[30.607s] -- Installing: /home/ubuntu/robot_ws/src/MQP/inchworm_control/install/inchworm_control/include/inchworm_control/msg/detail/thruple__type_support.cpp
[30.616s] -- Installing: /home/ubuntu/robot_ws/src/MQP/inchworm_control/install/inchworm_control/lib/libinchworm_control__rosidl_typesupport_introspection_cpp.so
[30.616s] -- Set runtime path of "/home/ubuntu/robot_ws/src/MQP/inchworm_control/install/inchworm_control/lib/libinchworm_control__rosidl_typesupport_introspection_cpp.so" to ""
[30.619s] -- Installing: /home/ubuntu/robot_ws/src/MQP/inchworm_control/install/inchworm_control/lib/libinchworm_control__rosidl_typesupport_cpp.so
[30.621s] -- Set runtime path of "/home/ubuntu/robot_ws/src/MQP/inchworm_control/install/inchworm_control/lib/libinchworm_control__rosidl_typesupport_cpp.so" to ""
[30.622s] -- Installing: /home/ubuntu/robot_ws/src/MQP/inchworm_control/install/inchworm_control/share/inchworm_control/environment/pythonpath.sh
[30.623s] -- Installing: /home/ubuntu/robot_ws/src/MQP/inchworm_control/install/inchworm_control/share/inchworm_control/environment/pythonpath.dsv
[30.625s] -- Installing: /home/ubuntu/robot_ws/src/MQP/inchworm_control/install/inchworm_control/lib/python3.8/site-packages/inchworm_control/__init__.py
[30.784s] Compiling '/home/ubuntu/robot_ws/src/MQP/inchworm_control/install/inchworm_control/lib/python3.8/site-packages/inchworm_control/__init__.py'...
[30.813s] -- Up-to-date: /home/ubuntu/robot_ws/src/MQP/inchworm_control/install/inchworm_control/lib/python3.8/site-packages/inchworm_control/msg
[30.818s] -- Installing: /home/ubuntu/robot_ws/src/MQP/inchworm_control/install/inchworm_control/lib/python3.8/site-packages/inchworm_control/msg/_thruple_s.c
[30.818s] -- Installing: /home/ubuntu/robot_ws/src/MQP/inchworm_control/install/inchworm_control/lib/python3.8/site-packages/inchworm_control/msg/_thruple.py
[30.822s] -- Installing: /home/ubuntu/robot_ws/src/MQP/inchworm_control/install/inchworm_control/lib/python3.8/site-packages/inchworm_control/msg/__init__.py
[30.823s] -- Installing: /home/ubuntu/robot_ws/src/MQP/inchworm_control/install/inchworm_control/lib/python3.8/site-packages/inchworm_control/inchworm_control_s__rosidl_typesupport_fastrtps_c.cpython-38-aarch64-linux-gnu.so
[30.835s] -- Set runtime path of "/home/ubuntu/robot_ws/src/MQP/inchworm_control/install/inchworm_control/lib/python3.8/site-packages/inchworm_control/inchworm_control_s__rosidl_typesupport_fastrtps_c.cpython-38-aarch64-linux-gnu.so" to ""
[30.835s] -- Installing: /home/ubuntu/robot_ws/src/MQP/inchworm_control/install/inchworm_control/lib/python3.8/site-packages/inchworm_control/inchworm_control_s__rosidl_typesupport_introspection_c.cpython-38-aarch64-linux-gnu.so
[30.836s] -- Set runtime path of "/home/ubuntu/robot_ws/src/MQP/inchworm_control/install/inchworm_control/lib/python3.8/site-packages/inchworm_control/inchworm_control_s__rosidl_typesupport_introspection_c.cpython-38-aarch64-linux-gnu.so" to ""
[30.836s] -- Installing: /home/ubuntu/robot_ws/src/MQP/inchworm_control/install/inchworm_control/lib/python3.8/site-packages/inchworm_control/inchworm_control_s__rosidl_typesupport_c.cpython-38-aarch64-linux-gnu.so
[30.837s] -- Set runtime path of "/home/ubuntu/robot_ws/src/MQP/inchworm_control/install/inchworm_control/lib/python3.8/site-packages/inchworm_control/inchworm_control_s__rosidl_typesupport_c.cpython-38-aarch64-linux-gnu.so" to ""
[30.837s] -- Installing: /home/ubuntu/robot_ws/src/MQP/inchworm_control/install/inchworm_control/lib/libinchworm_control__python.so
[30.839s] -- Set runtime path of "/home/ubuntu/robot_ws/src/MQP/inchworm_control/install/inchworm_control/lib/libinchworm_control__python.so" to ""
[30.840s] -- Installing: /home/ubuntu/robot_ws/src/MQP/inchworm_control/install/inchworm_control/share/inchworm_control/msg/Thruple.idl
[30.841s] -- Up-to-date: /home/ubuntu/robot_ws/src/MQP/inchworm_control/install/inchworm_control/share/inchworm_control/msg/Thruple.msg
[30.842s] -- Up-to-date: /home/ubuntu/robot_ws/src/MQP/inchworm_control/install/inchworm_control/lib/python3.8/site-packages/inchworm_control
[30.842s] -- Installing: /home/ubuntu/robot_ws/src/MQP/inchworm_control/install/inchworm_control/lib/python3.8/site-packages/inchworm_control/motor_walking.py
[30.843s] -- Installing: /home/ubuntu/robot_ws/src/MQP/inchworm_control/install/inchworm_control/lib/python3.8/site-packages/inchworm_control/motor_controller.py
[30.850s] -- Up-to-date: /home/ubuntu/robot_ws/src/MQP/inchworm_control/install/inchworm_control/lib/python3.8/site-packages/inchworm_control/msg
[30.851s] -- Up-to-date: /home/ubuntu/robot_ws/src/MQP/inchworm_control/install/inchworm_control/lib/python3.8/site-packages/inchworm_control/msg/Thruple.msg
[30.851s] -- Up-to-date: /home/ubuntu/robot_ws/src/MQP/inchworm_control/install/inchworm_control/lib/python3.8/site-packages/inchworm_control/motor_subscriber.py
[30.852s] -- Up-to-date: /home/ubuntu/robot_ws/src/MQP/inchworm_control/install/inchworm_control/lib/python3.8/site-packages/inchworm_control/scripts
[30.852s] -- Installing: /home/ubuntu/robot_ws/src/MQP/inchworm_control/install/inchworm_control/lib/python3.8/site-packages/inchworm_control/scripts/movement_command.py
[30.853s] -- Up-to-date: /home/ubuntu/robot_ws/src/MQP/inchworm_control/install/inchworm_control/lib/python3.8/site-packages/inchworm_control/log
[30.853s] -- Up-to-date: /home/ubuntu/robot_ws/src/MQP/inchworm_control/install/inchworm_control/lib/python3.8/site-packages/inchworm_control/log/latest
[30.853s] -- Up-to-date: /home/ubuntu/robot_ws/src/MQP/inchworm_control/install/inchworm_control/lib/python3.8/site-packages/inchworm_control/log/build_2023-11-15_15-40-00
[30.854s] -- Up-to-date: /home/ubuntu/robot_ws/src/MQP/inchworm_control/install/inchworm_control/lib/python3.8/site-packages/inchworm_control/log/build_2023-11-15_15-40-00/logger_all.log
[30.855s] -- Up-to-date: /home/ubuntu/robot_ws/src/MQP/inchworm_control/install/inchworm_control/lib/python3.8/site-packages/inchworm_control/log/build_2023-11-15_15-40-00/events.log
[30.855s] -- Installing: /home/ubuntu/robot_ws/src/MQP/inchworm_control/install/inchworm_control/lib/python3.8/site-packages/inchworm_control/log/COLCON_IGNORE
[30.856s] -- Up-to-date: /home/ubuntu/robot_ws/src/MQP/inchworm_control/install/inchworm_control/lib/python3.8/site-packages/inchworm_control/log/latest_build
[30.856s] -- Up-to-date: /home/ubuntu/robot_ws/src/MQP/inchworm_control/install/inchworm_control/lib/python3.8/site-packages/inchworm_control/log/build_2024-02-13_19-54-49
[30.857s] -- Installing: /home/ubuntu/robot_ws/src/MQP/inchworm_control/install/inchworm_control/lib/python3.8/site-packages/inchworm_control/log/build_2024-02-13_19-54-49/logger_all.log
[30.858s] -- Installing: /home/ubuntu/robot_ws/src/MQP/inchworm_control/install/inchworm_control/lib/python3.8/site-packages/inchworm_control/log/build_2024-02-13_19-54-49/events.log
[30.858s] -- Installing: /home/ubuntu/robot_ws/src/MQP/inchworm_control/install/inchworm_control/lib/python3.8/site-packages/inchworm_control/ik.py
[30.860s] -- Up-to-date: /home/ubuntu/robot_ws/src/MQP/inchworm_control/install/inchworm_control/lib/python3.8/site-packages/inchworm_control/install
[30.860s] -- Installing: /home/ubuntu/robot_ws/src/MQP/inchworm_control/install/inchworm_control/lib/python3.8/site-packages/inchworm_control/install/setup.bash
[30.861s] -- Installing: /home/ubuntu/robot_ws/src/MQP/inchworm_control/install/inchworm_control/lib/python3.8/site-packages/inchworm_control/install/setup.zsh
[30.863s] -- Installing: /home/ubuntu/robot_ws/src/MQP/inchworm_control/install/inchworm_control/lib/python3.8/site-packages/inchworm_control/install/setup.sh
[30.865s] -- Installing: /home/ubuntu/robot_ws/src/MQP/inchworm_control/install/inchworm_control/lib/python3.8/site-packages/inchworm_control/install/_local_setup_util_ps1.py
[30.867s] -- Up-to-date: /home/ubuntu/robot_ws/src/MQP/inchworm_control/install/inchworm_control/lib/python3.8/site-packages/inchworm_control/install/COLCON_IGNORE
[30.869s] -- Up-to-date: /home/ubuntu/robot_ws/src/MQP/inchworm_control/install/inchworm_control/lib/python3.8/site-packages/inchworm_control/install/.colcon_install_layout
[30.870s] -- Installing: /home/ubuntu/robot_ws/src/MQP/inchworm_control/install/inchworm_control/lib/python3.8/site-packages/inchworm_control/install/local_setup.bash
[30.871s] -- Installing: /home/ubuntu/robot_ws/src/MQP/inchworm_control/install/inchworm_control/lib/python3.8/site-packages/inchworm_control/install/local_setup.sh
[30.871s] -- Installing: /home/ubuntu/robot_ws/src/MQP/inchworm_control/install/inchworm_control/lib/python3.8/site-packages/inchworm_control/install/local_setup.zsh
[30.888s] -- Installing: /home/ubuntu/robot_ws/src/MQP/inchworm_control/install/inchworm_control/lib/python3.8/site-packages/inchworm_control/install/setup.ps1
[30.888s] -- Installing: /home/ubuntu/robot_ws/src/MQP/inchworm_control/install/inchworm_control/lib/python3.8/site-packages/inchworm_control/install/_local_setup_util_sh.py
[30.889s] -- Installing: /home/ubuntu/robot_ws/src/MQP/inchworm_control/install/inchworm_control/lib/python3.8/site-packages/inchworm_control/install/local_setup.ps1
[30.889s] -- Up-to-date: /home/ubuntu/robot_ws/src/MQP/inchworm_control/install/inchworm_control/lib/python3.8/site-packages/inchworm_control/build
[30.890s] -- Installing: /home/ubuntu/robot_ws/src/MQP/inchworm_control/install/inchworm_control/lib/python3.8/site-packages/inchworm_control/build/COLCON_IGNORE
[30.890s] -- Installing: /home/ubuntu/robot_ws/src/MQP/inchworm_control/install/inchworm_control/lib/python3.8/site-packages/inchworm_control/build/.built_by
[30.891s] -- Up-to-date: /home/ubuntu/robot_ws/src/MQP/inchworm_control/install/inchworm_control/lib/python3.8/site-packages/inchworm_control/lewansoul_servo_bus.py
[30.891s] -- Up-to-date: /home/ubuntu/robot_ws/src/MQP/inchworm_control/install/inchworm_control/lib/python3.8/site-packages/inchworm_control/motor_publisher.py
[30.892s] -- Installing: /home/ubuntu/robot_ws/src/MQP/inchworm_control/install/inchworm_control/lib/python3.8/site-packages/inchworm_control/step_publisher.py
[30.892s] -- Installing: /home/ubuntu/robot_ws/src/MQP/inchworm_control/install/inchworm_control/lib/python3.8/site-packages/inchworm_control/__init__.py
[31.130s] Listing '/home/ubuntu/robot_ws/src/MQP/inchworm_control/install/inchworm_control/lib/python3.8/site-packages/inchworm_control'...
[31.132s] Compiling '/home/ubuntu/robot_ws/src/MQP/inchworm_control/install/inchworm_control/lib/python3.8/site-packages/inchworm_control/__init__.py'...
[31.133s] Listing '/home/ubuntu/robot_ws/src/MQP/inchworm_control/install/inchworm_control/lib/python3.8/site-packages/inchworm_control/build'...
[31.147s] Compiling '/home/ubuntu/robot_ws/src/MQP/inchworm_control/install/inchworm_control/lib/python3.8/site-packages/inchworm_control/ik.py'...
[31.148s] Listing '/home/ubuntu/robot_ws/src/MQP/inchworm_control/install/inchworm_control/lib/python3.8/site-packages/inchworm_control/install'...
[31.149s] Compiling '/home/ubuntu/robot_ws/src/MQP/inchworm_control/install/inchworm_control/lib/python3.8/site-packages/inchworm_control/install/_local_setup_util_ps1.py'...
[31.151s] Compiling '/home/ubuntu/robot_ws/src/MQP/inchworm_control/install/inchworm_control/lib/python3.8/site-packages/inchworm_control/install/_local_setup_util_sh.py'...
[31.152s] Compiling '/home/ubuntu/robot_ws/src/MQP/inchworm_control/install/inchworm_control/lib/python3.8/site-packages/inchworm_control/lewansoul_servo_bus.py'...
[31.154s] Listing '/home/ubuntu/robot_ws/src/MQP/inchworm_control/install/inchworm_control/lib/python3.8/site-packages/inchworm_control/log'...
[31.155s] Listing '/home/ubuntu/robot_ws/src/MQP/inchworm_control/install/inchworm_control/lib/python3.8/site-packages/inchworm_control/log/build_2023-11-15_15-40-00'...
[31.156s] Listing '/home/ubuntu/robot_ws/src/MQP/inchworm_control/install/inchworm_control/lib/python3.8/site-packages/inchworm_control/log/build_2024-02-13_19-54-49'...
[31.157s] Compiling '/home/ubuntu/robot_ws/src/MQP/inchworm_control/install/inchworm_control/lib/python3.8/site-packages/inchworm_control/motor_controller.py'...
[31.161s] Compiling '/home/ubuntu/robot_ws/src/MQP/inchworm_control/install/inchworm_control/lib/python3.8/site-packages/inchworm_control/motor_publisher.py'...
[31.169s] Compiling '/home/ubuntu/robot_ws/src/MQP/inchworm_control/install/inchworm_control/lib/python3.8/site-packages/inchworm_control/motor_subscriber.py'...
[31.172s] Compiling '/home/ubuntu/robot_ws/src/MQP/inchworm_control/install/inchworm_control/lib/python3.8/site-packages/inchworm_control/motor_walking.py'...
[31.173s] Listing '/home/ubuntu/robot_ws/src/MQP/inchworm_control/install/inchworm_control/lib/python3.8/site-packages/inchworm_control/msg'...
[31.173s] Compiling '/home/ubuntu/robot_ws/src/MQP/inchworm_control/install/inchworm_control/lib/python3.8/site-packages/inchworm_control/msg/__init__.py'...
[31.174s] Compiling '/home/ubuntu/robot_ws/src/MQP/inchworm_control/install/inchworm_control/lib/python3.8/site-packages/inchworm_control/msg/_thruple.py'...
[31.175s] Listing '/home/ubuntu/robot_ws/src/MQP/inchworm_control/install/inchworm_control/lib/python3.8/site-packages/inchworm_control/scripts'...
[31.179s] Compiling '/home/ubuntu/robot_ws/src/MQP/inchworm_control/install/inchworm_control/lib/python3.8/site-packages/inchworm_control/scripts/movement_command.py'...
[31.180s] Compiling '/home/ubuntu/robot_ws/src/MQP/inchworm_control/install/inchworm_control/lib/python3.8/site-packages/inchworm_control/step_publisher.py'...
[31.181s] -- Installing: /home/ubuntu/robot_ws/src/MQP/inchworm_control/install/inchworm_control/lib/inchworm_control/motor_controller.py
[31.183s] -- Installing: /home/ubuntu/robot_ws/src/MQP/inchworm_control/install/inchworm_control/lib/inchworm_control/motor_walking.py
[31.184s] -- Up-to-date: /home/ubuntu/robot_ws/src/MQP/inchworm_control/install/inchworm_control/lib/inchworm_control/motor_publisher.py
[31.185s] -- Installing: /home/ubuntu/robot_ws/src/MQP/inchworm_control/install/inchworm_control/lib/inchworm_control/step_publisher.py
[31.185s] -- Up-to-date: /home/ubuntu/robot_ws/src/MQP/inchworm_control/install/inchworm_control/share/inchworm_control/urdf
[31.186s] -- Up-to-date: /home/ubuntu/robot_ws/src/MQP/inchworm_control/install/inchworm_control/share/inchworm_control/urdf/one_inchworm.urdf
[31.186s] -- Up-to-date: /home/ubuntu/robot_ws/src/MQP/inchworm_control/install/inchworm_control/share/inchworm_control/urdf/r2d2.rviz
[31.187s] -- Installing: /home/ubuntu/robot_ws/src/MQP/inchworm_control/install/inchworm_control/share/ament_index/resource_index/package_run_dependencies/inchworm_control
[31.187s] -- Installing: /home/ubuntu/robot_ws/src/MQP/inchworm_control/install/inchworm_control/share/ament_index/resource_index/parent_prefix_path/inchworm_control
[31.188s] -- Up-to-date: /home/ubuntu/robot_ws/src/MQP/inchworm_control/install/inchworm_control/share/inchworm_control/environment/ament_prefix_path.sh
[31.189s] -- Installing: /home/ubuntu/robot_ws/src/MQP/inchworm_control/install/inchworm_control/share/inchworm_control/environment/ament_prefix_path.dsv
[31.189s] -- Up-to-date: /home/ubuntu/robot_ws/src/MQP/inchworm_control/install/inchworm_control/share/inchworm_control/environment/path.sh
[31.190s] -- Installing: /home/ubuntu/robot_ws/src/MQP/inchworm_control/install/inchworm_control/share/inchworm_control/environment/path.dsv
[31.191s] -- Installing: /home/ubuntu/robot_ws/src/MQP/inchworm_control/install/inchworm_control/share/inchworm_control/local_setup.bash
[31.191s] -- Installing: /home/ubuntu/robot_ws/src/MQP/inchworm_control/install/inchworm_control/share/inchworm_control/local_setup.sh
[31.192s] -- Installing: /home/ubuntu/robot_ws/src/MQP/inchworm_control/install/inchworm_control/share/inchworm_control/local_setup.zsh
[31.192s] -- Installing: /home/ubuntu/robot_ws/src/MQP/inchworm_control/install/inchworm_control/share/inchworm_control/local_setup.dsv
[31.193s] -- Installing: /home/ubuntu/robot_ws/src/MQP/inchworm_control/install/inchworm_control/share/inchworm_control/package.dsv
[31.194s] -- Installing: /home/ubuntu/robot_ws/src/MQP/inchworm_control/install/inchworm_control/share/ament_index/resource_index/packages/inchworm_control
[31.194s] -- Installing: /home/ubuntu/robot_ws/src/MQP/inchworm_control/install/inchworm_control/share/inchworm_control/cmake/inchworm_control__rosidl_generator_cExport.cmake
[31.195s] -- Installing: /home/ubuntu/robot_ws/src/MQP/inchworm_control/install/inchworm_control/share/inchworm_control/cmake/inchworm_control__rosidl_generator_cExport-noconfig.cmake
[31.196s] -- Installing: /home/ubuntu/robot_ws/src/MQP/inchworm_control/install/inchworm_control/share/inchworm_control/cmake/inchworm_control__rosidl_typesupport_introspection_cExport.cmake
[31.196s] -- Installing: /home/ubuntu/robot_ws/src/MQP/inchworm_control/install/inchworm_control/share/inchworm_control/cmake/inchworm_control__rosidl_typesupport_introspection_cExport-noconfig.cmake
[31.198s] -- Installing: /home/ubuntu/robot_ws/src/MQP/inchworm_control/install/inchworm_control/share/inchworm_control/cmake/inchworm_control__rosidl_typesupport_cExport.cmake
[31.200s] -- Installing: /home/ubuntu/robot_ws/src/MQP/inchworm_control/install/inchworm_control/share/inchworm_control/cmake/inchworm_control__rosidl_typesupport_cExport-noconfig.cmake
[31.204s] -- Installing: /home/ubuntu/robot_ws/src/MQP/inchworm_control/install/inchworm_control/share/inchworm_control/cmake/inchworm_control__rosidl_generator_cppExport.cmake
[31.206s] -- Installing: /home/ubuntu/robot_ws/src/MQP/inchworm_control/install/inchworm_control/share/inchworm_control/cmake/inchworm_control__rosidl_typesupport_introspection_cppExport.cmake
[31.208s] -- Installing: /home/ubuntu/robot_ws/src/MQP/inchworm_control/install/inchworm_control/share/inchworm_control/cmake/inchworm_control__rosidl_typesupport_introspection_cppExport-noconfig.cmake
[31.211s] -- Installing: /home/ubuntu/robot_ws/src/MQP/inchworm_control/install/inchworm_control/share/inchworm_control/cmake/inchworm_control__rosidl_typesupport_cppExport.cmake
[31.213s] -- Installing: /home/ubuntu/robot_ws/src/MQP/inchworm_control/install/inchworm_control/share/inchworm_control/cmake/inchworm_control__rosidl_typesupport_cppExport-noconfig.cmake
[31.215s] -- Installing: /home/ubuntu/robot_ws/src/MQP/inchworm_control/install/inchworm_control/share/inchworm_control/cmake/rosidl_cmake-extras.cmake
[31.218s] -- Installing: /home/ubuntu/robot_ws/src/MQP/inchworm_control/install/inchworm_control/share/inchworm_control/cmake/ament_cmake_export_dependencies-extras.cmake
[31.220s] -- Installing: /home/ubuntu/robot_ws/src/MQP/inchworm_control/install/inchworm_control/share/inchworm_control/cmake/ament_cmake_export_libraries-extras.cmake
[31.222s] -- Installing: /home/ubuntu/robot_ws/src/MQP/inchworm_control/install/inchworm_control/share/inchworm_control/cmake/ament_cmake_export_targets-extras.cmake
[31.223s] -- Installing: /home/ubuntu/robot_ws/src/MQP/inchworm_control/install/inchworm_control/share/inchworm_control/cmake/ament_cmake_export_include_directories-extras.cmake
[31.225s] -- Installing: /home/ubuntu/robot_ws/src/MQP/inchworm_control/install/inchworm_control/share/inchworm_control/cmake/rosidl_cmake_export_typesupport_libraries-extras.cmake
[31.226s] -- Installing: /home/ubuntu/robot_ws/src/MQP/inchworm_control/install/inchworm_control/share/inchworm_control/cmake/rosidl_cmake_export_typesupport_targets-extras.cmake
[31.228s] -- Installing: /home/ubuntu/robot_ws/src/MQP/inchworm_control/install/inchworm_control/share/inchworm_control/cmake/inchworm_controlConfig.cmake
[31.229s] -- Installing: /home/ubuntu/robot_ws/src/MQP/inchworm_control/install/inchworm_control/share/inchworm_control/cmake/inchworm_controlConfig-version.cmake
[31.231s] -- Up-to-date: /home/ubuntu/robot_ws/src/MQP/inchworm_control/install/inchworm_control/share/inchworm_control/package.xml
[31.239s] Invoked command in '/home/ubuntu/robot_ws/src/MQP/inchworm_control/build/inchworm_control' returned '0': CMAKE_PREFIX_PATH=${CMAKE_PREFIX_PATH}:/home/ubuntu/robot_ws/install/motor_control:/opt/ros/foxy /usr/bin/cmake --install /home/ubuntu/robot_ws/src/MQP/inchworm_control/build/inchworm_control
