[1.030s] DEBUG:colcon:Command line arguments: ['/home/cambria/.local/bin/colcon', 'build']
[1.031s] DEBUG:colcon:Parsed command line arguments: Namespace(allow_overriding=[], ament_cmake_args=None, base_paths=['.'], build_base='build', catkin_cmake_args=None, catkin_skip_building_tests=False, cmake_args=None, cmake_clean_cache=False, cmake_clean_first=False, cmake_force_configure=False, cmake_target=None, cmake_target_skip_unavailable=False, continue_on_error=False, event_handlers=None, executor='parallel', ignore_user_meta=False, install_base='install', log_base=None, log_level=None, main=<bound method BuildVerb.main of <colcon_core.verb.build.BuildVerb object at 0x7f380bda5100>>, merge_install=False, metas=['./colcon.meta'], packages_above=None, packages_above_and_dependencies=None, packages_above_depth=None, packages_end=None, packages_ignore=None, packages_ignore_regex=None, packages_select=None, packages_select_build_failed=False, packages_select_by_dep=None, packages_select_regex=None, packages_select_test_failures=False, packages_skip=None, packages_skip_build_finished=False, packages_skip_by_dep=None, packages_skip_regex=None, packages_skip_test_passed=False, packages_skip_up_to=None, packages_start=None, packages_up_to=None, packages_up_to_regex=None, parallel_workers=4, paths=None, symlink_install=False, test_result_base=None, verb_extension=<colcon_core.verb.build.BuildVerb object at 0x7f380bda5100>, verb_name='build', verb_parser=<colcon_defaults.argument_parser.defaults.DefaultArgumentsDecorator object at 0x7f380bcfa3d0>)
[1.115s] Level 1:colcon.colcon_core.package_discovery:discover_packages(colcon_meta) check parameters
[1.115s] Level 1:colcon.colcon_core.package_discovery:discover_packages(recursive) check parameters
[1.115s] Level 1:colcon.colcon_core.package_discovery:discover_packages(ignore) check parameters
[1.115s] Level 1:colcon.colcon_core.package_discovery:discover_packages(path) check parameters
[1.115s] Level 1:colcon.colcon_core.package_discovery:discover_packages(colcon_meta) discover
[1.115s] Level 1:colcon.colcon_core.package_discovery:discover_packages(recursive) discover
[1.115s] INFO:colcon.colcon_core.package_discovery:Crawling recursively for packages in '/home/cambria/dev_ws/src'
[1.116s] Level 1:colcon.colcon_core.package_identification:_identify(.) by extensions ['ignore', 'ignore_ament_install']
[1.116s] Level 1:colcon.colcon_core.package_identification:_identify(.) by extension 'ignore'
[1.116s] Level 1:colcon.colcon_core.package_identification:_identify(.) by extension 'ignore_ament_install'
[1.116s] Level 1:colcon.colcon_core.package_identification:_identify(.) by extensions ['colcon_pkg']
[1.116s] Level 1:colcon.colcon_core.package_identification:_identify(.) by extension 'colcon_pkg'
[1.116s] Level 1:colcon.colcon_core.package_identification:_identify(.) by extensions ['colcon_meta']
[1.117s] Level 1:colcon.colcon_core.package_identification:_identify(.) by extension 'colcon_meta'
[1.117s] Level 1:colcon.colcon_core.package_identification:_identify(.) by extensions ['ros']
[1.117s] Level 1:colcon.colcon_core.package_identification:_identify(.) by extension 'ros'
[1.136s] Level 1:colcon.colcon_core.package_identification:_identify(.) by extensions ['cmake', 'python']
[1.136s] Level 1:colcon.colcon_core.package_identification:_identify(.) by extension 'cmake'
[1.136s] Level 1:colcon.colcon_core.package_identification:_identify(.) by extension 'python'
[1.136s] Level 1:colcon.colcon_core.package_identification:_identify(.) by extensions ['python_setup_py']
[1.136s] Level 1:colcon.colcon_core.package_identification:_identify(.) by extension 'python_setup_py'
[1.136s] Level 1:colcon.colcon_core.package_identification:_identify(build) by extensions ['ignore', 'ignore_ament_install']
[1.137s] Level 1:colcon.colcon_core.package_identification:_identify(build) by extension 'ignore'
[1.137s] Level 1:colcon.colcon_core.package_identification:_identify(build) ignored
[1.137s] Level 1:colcon.colcon_core.package_identification:_identify(inchworm_control) by extensions ['ignore', 'ignore_ament_install']
[1.137s] Level 1:colcon.colcon_core.package_identification:_identify(inchworm_control) by extension 'ignore'
[1.137s] Level 1:colcon.colcon_core.package_identification:_identify(inchworm_control) by extension 'ignore_ament_install'
[1.138s] Level 1:colcon.colcon_core.package_identification:_identify(inchworm_control) by extensions ['colcon_pkg']
[1.138s] Level 1:colcon.colcon_core.package_identification:_identify(inchworm_control) by extension 'colcon_pkg'
[1.138s] Level 1:colcon.colcon_core.package_identification:_identify(inchworm_control) by extensions ['colcon_meta']
[1.138s] Level 1:colcon.colcon_core.package_identification:_identify(inchworm_control) by extension 'colcon_meta'
[1.138s] Level 1:colcon.colcon_core.package_identification:_identify(inchworm_control) by extensions ['ros']
[1.138s] Level 1:colcon.colcon_core.package_identification:_identify(inchworm_control) by extension 'ros'
[1.143s] DEBUG:colcon.colcon_core.package_identification:Package 'inchworm_control' with type 'ros.ament_cmake' and name 'inchworm_control'
[1.143s] Level 1:colcon.colcon_core.package_identification:_identify(install) by extensions ['ignore', 'ignore_ament_install']
[1.143s] Level 1:colcon.colcon_core.package_identification:_identify(install) by extension 'ignore'
[1.143s] Level 1:colcon.colcon_core.package_identification:_identify(install) ignored
[1.144s] Level 1:colcon.colcon_core.package_identification:_identify(log) by extensions ['ignore', 'ignore_ament_install']
[1.144s] Level 1:colcon.colcon_core.package_identification:_identify(log) by extension 'ignore'
[1.144s] Level 1:colcon.colcon_core.package_identification:_identify(log) ignored
[1.144s] Level 1:colcon.colcon_core.package_identification:_identify(motor_control) by extensions ['ignore', 'ignore_ament_install']
[1.145s] Level 1:colcon.colcon_core.package_identification:_identify(motor_control) by extension 'ignore'
[1.145s] Level 1:colcon.colcon_core.package_identification:_identify(motor_control) by extension 'ignore_ament_install'
[1.145s] Level 1:colcon.colcon_core.package_identification:_identify(motor_control) by extensions ['colcon_pkg']
[1.145s] Level 1:colcon.colcon_core.package_identification:_identify(motor_control) by extension 'colcon_pkg'
[1.145s] Level 1:colcon.colcon_core.package_identification:_identify(motor_control) by extensions ['colcon_meta']
[1.145s] Level 1:colcon.colcon_core.package_identification:_identify(motor_control) by extension 'colcon_meta'
[1.145s] Level 1:colcon.colcon_core.package_identification:_identify(motor_control) by extensions ['ros']
[1.145s] Level 1:colcon.colcon_core.package_identification:_identify(motor_control) by extension 'ros'
[1.146s] DEBUG:colcon.colcon_core.package_identification:Package 'motor_control' with type 'ros.ament_python' and name 'motor_control'
[1.146s] Level 1:colcon.colcon_core.package_discovery:discover_packages(recursive) using defaults
[1.147s] Level 1:colcon.colcon_core.package_discovery:discover_packages(ignore) discover
[1.147s] Level 1:colcon.colcon_core.package_discovery:discover_packages(ignore) using defaults
[1.147s] Level 1:colcon.colcon_core.package_discovery:discover_packages(path) discover
[1.147s] Level 1:colcon.colcon_core.package_discovery:discover_packages(path) using defaults
[1.210s] Level 1:colcon.colcon_core.package_discovery:discover_packages(prefix_path) check parameters
[1.210s] Level 1:colcon.colcon_core.package_discovery:discover_packages(prefix_path) discover
[1.227s] DEBUG:colcon.colcon_installed_package_information.package_discovery:Found 2 installed packages in /home/cambria/dev_ws/install
[1.236s] DEBUG:colcon.colcon_installed_package_information.package_discovery:Found 256 installed packages in /opt/ros/foxy
[1.239s] Level 1:colcon.colcon_core.package_discovery:discover_packages(prefix_path) using defaults
[1.383s] Level 5:colcon.colcon_core.verb:set package 'inchworm_control' build argument 'cmake_args' from command line to 'None'
[1.383s] Level 5:colcon.colcon_core.verb:set package 'inchworm_control' build argument 'cmake_target' from command line to 'None'
[1.383s] Level 5:colcon.colcon_core.verb:set package 'inchworm_control' build argument 'cmake_target_skip_unavailable' from command line to 'False'
[1.383s] Level 5:colcon.colcon_core.verb:set package 'inchworm_control' build argument 'cmake_clean_cache' from command line to 'False'
[1.383s] Level 5:colcon.colcon_core.verb:set package 'inchworm_control' build argument 'cmake_clean_first' from command line to 'False'
[1.383s] Level 5:colcon.colcon_core.verb:set package 'inchworm_control' build argument 'cmake_force_configure' from command line to 'False'
[1.383s] Level 5:colcon.colcon_core.verb:set package 'inchworm_control' build argument 'ament_cmake_args' from command line to 'None'
[1.383s] Level 5:colcon.colcon_core.verb:set package 'inchworm_control' build argument 'catkin_cmake_args' from command line to 'None'
[1.383s] Level 5:colcon.colcon_core.verb:set package 'inchworm_control' build argument 'catkin_skip_building_tests' from command line to 'False'
[1.383s] DEBUG:colcon.colcon_core.verb:Building package 'inchworm_control' with the following arguments: {'ament_cmake_args': None, 'build_base': '/home/cambria/dev_ws/src/build/inchworm_control', 'catkin_cmake_args': None, 'catkin_skip_building_tests': False, 'cmake_args': None, 'cmake_clean_cache': False, 'cmake_clean_first': False, 'cmake_force_configure': False, 'cmake_target': None, 'cmake_target_skip_unavailable': False, 'install_base': '/home/cambria/dev_ws/src/install/inchworm_control', 'merge_install': False, 'path': '/home/cambria/dev_ws/src/inchworm_control', 'symlink_install': False, 'test_result_base': None}
[1.401s] Level 5:colcon.colcon_core.verb:set package 'motor_control' build argument 'cmake_args' from command line to 'None'
[1.401s] Level 5:colcon.colcon_core.verb:set package 'motor_control' build argument 'cmake_target' from command line to 'None'
[1.401s] Level 5:colcon.colcon_core.verb:set package 'motor_control' build argument 'cmake_target_skip_unavailable' from command line to 'False'
[1.401s] Level 5:colcon.colcon_core.verb:set package 'motor_control' build argument 'cmake_clean_cache' from command line to 'False'
[1.401s] Level 5:colcon.colcon_core.verb:set package 'motor_control' build argument 'cmake_clean_first' from command line to 'False'
[1.401s] Level 5:colcon.colcon_core.verb:set package 'motor_control' build argument 'cmake_force_configure' from command line to 'False'
[1.402s] Level 5:colcon.colcon_core.verb:set package 'motor_control' build argument 'ament_cmake_args' from command line to 'None'
[1.402s] Level 5:colcon.colcon_core.verb:set package 'motor_control' build argument 'catkin_cmake_args' from command line to 'None'
[1.402s] Level 5:colcon.colcon_core.verb:set package 'motor_control' build argument 'catkin_skip_building_tests' from command line to 'False'
[1.402s] DEBUG:colcon.colcon_core.verb:Building package 'motor_control' with the following arguments: {'ament_cmake_args': None, 'build_base': '/home/cambria/dev_ws/src/build/motor_control', 'catkin_cmake_args': None, 'catkin_skip_building_tests': False, 'cmake_args': None, 'cmake_clean_cache': False, 'cmake_clean_first': False, 'cmake_force_configure': False, 'cmake_target': None, 'cmake_target_skip_unavailable': False, 'install_base': '/home/cambria/dev_ws/src/install/motor_control', 'merge_install': False, 'path': '/home/cambria/dev_ws/src/motor_control', 'symlink_install': False, 'test_result_base': None}
[1.406s] INFO:colcon.colcon_core.executor:Executing jobs using 'parallel' executor
[1.432s] DEBUG:colcon.colcon_parallel_executor.executor.parallel:run_until_complete
[1.433s] INFO:colcon.colcon_ros.task.ament_cmake.build:Building ROS package in '/home/cambria/dev_ws/src/inchworm_control' with build type 'ament_cmake'
[1.433s] INFO:colcon.colcon_cmake.task.cmake.build:Building CMake package in '/home/cambria/dev_ws/src/inchworm_control'
[1.454s] INFO:colcon.colcon_core.plugin_system:Skipping extension 'colcon_core.shell.bat': Not used on non-Windows systems
[1.454s] INFO:colcon.colcon_core.shell:Skip shell extension 'powershell' for command environment: Not usable outside of PowerShell
[1.454s] DEBUG:colcon.colcon_core.shell:Skip shell extension 'dsv' for command environment
[1.485s] INFO:colcon.colcon_ros.task.ament_python.build:Building ROS package in '/home/cambria/dev_ws/src/motor_control' with build type 'ament_python'
[1.486s] Level 1:colcon.colcon_core.shell:create_environment_hook('motor_control', 'ament_prefix_path')
[1.506s] INFO:colcon.colcon_core.shell:Creating environment hook '/home/cambria/dev_ws/src/install/motor_control/share/motor_control/hook/ament_prefix_path.ps1'
[1.507s] INFO:colcon.colcon_core.shell:Creating environment descriptor '/home/cambria/dev_ws/src/install/motor_control/share/motor_control/hook/ament_prefix_path.dsv'
[1.508s] INFO:colcon.colcon_core.shell:Creating environment hook '/home/cambria/dev_ws/src/install/motor_control/share/motor_control/hook/ament_prefix_path.sh'
[1.521s] INFO:colcon.colcon_core.shell:Skip shell extension 'powershell' for command environment: Not usable outside of PowerShell
[1.521s] DEBUG:colcon.colcon_core.shell:Skip shell extension 'dsv' for command environment
[1.565s] DEBUG:colcon.colcon_core.event_handler.log_command:Invoking command in '/home/cambria/dev_ws/src/build/inchworm_control': CMAKE_PREFIX_PATH=${CMAKE_PREFIX_PATH}:/home/cambria/dev_ws/install/motor_control:/opt/ros/foxy /usr/bin/cmake /home/cambria/dev_ws/src/inchworm_control -DCMAKE_INSTALL_PREFIX=/home/cambria/dev_ws/src/install/inchworm_control
[2.483s] INFO:colcon.colcon_core.task.python.build:Building Python package in '/home/cambria/dev_ws/src/motor_control'
[2.512s] INFO:colcon.colcon_core.shell:Skip shell extension 'powershell' for command environment: Not usable outside of PowerShell
[2.513s] DEBUG:colcon.colcon_core.shell:Skip shell extension 'dsv' for command environment
[3.705s] DEBUG:colcon.colcon_core.event_handler.log_command:Invoking command in '/home/cambria/dev_ws/src/motor_control': PYTHONPATH=/home/cambria/dev_ws/src/build/motor_control/prefix_override:/home/cambria/dev_ws/src/install/motor_control/lib/python3.8/site-packages:${PYTHONPATH} /usr/bin/python3 setup.py egg_info --egg-base ../build/motor_control build --build-base /home/cambria/dev_ws/src/build/motor_control/build install --record /home/cambria/dev_ws/src/build/motor_control/install.log --install-scripts $base/lib/motor_control --single-version-externally-managed
[4.782s] DEBUG:colcon.colcon_core.event_handler.log_command:Invoked command in '/home/cambria/dev_ws/src/motor_control' returned '0': PYTHONPATH=/home/cambria/dev_ws/src/build/motor_control/prefix_override:/home/cambria/dev_ws/src/install/motor_control/lib/python3.8/site-packages:${PYTHONPATH} /usr/bin/python3 setup.py egg_info --egg-base ../build/motor_control build --build-base /home/cambria/dev_ws/src/build/motor_control/build install --record /home/cambria/dev_ws/src/build/motor_control/install.log --install-scripts $base/lib/motor_control --single-version-externally-managed
[4.801s] Level 1:colcon.colcon_core.environment:checking '/home/cambria/dev_ws/src/install/motor_control' for CMake module files
[4.802s] Level 1:colcon.colcon_core.environment:checking '/home/cambria/dev_ws/src/install/motor_control' for CMake config files
[4.803s] Level 1:colcon.colcon_core.environment:checking '/home/cambria/dev_ws/src/install/motor_control/lib'
[4.803s] Level 1:colcon.colcon_core.environment:checking '/home/cambria/dev_ws/src/install/motor_control/bin'
[4.804s] Level 1:colcon.colcon_core.environment:checking '/home/cambria/dev_ws/src/install/motor_control/lib/pkgconfig/motor_control.pc'
[4.804s] Level 1:colcon.colcon_core.environment:checking '/home/cambria/dev_ws/src/install/motor_control/lib/python3.8/site-packages'
[4.804s] Level 1:colcon.colcon_core.shell:create_environment_hook('motor_control', 'pythonpath')
[4.817s] INFO:colcon.colcon_core.shell:Creating environment hook '/home/cambria/dev_ws/src/install/motor_control/share/motor_control/hook/pythonpath.ps1'
[4.817s] INFO:colcon.colcon_core.shell:Creating environment descriptor '/home/cambria/dev_ws/src/install/motor_control/share/motor_control/hook/pythonpath.dsv'
[4.818s] INFO:colcon.colcon_core.shell:Creating environment hook '/home/cambria/dev_ws/src/install/motor_control/share/motor_control/hook/pythonpath.sh'
[4.819s] Level 1:colcon.colcon_core.environment:checking '/home/cambria/dev_ws/src/install/motor_control/bin'
[4.819s] Level 1:colcon.colcon_core.environment:create_environment_scripts_only(motor_control)
[4.831s] INFO:colcon.colcon_core.shell:Creating package script '/home/cambria/dev_ws/src/install/motor_control/share/motor_control/package.ps1'
[4.834s] INFO:colcon.colcon_core.shell:Creating package descriptor '/home/cambria/dev_ws/src/install/motor_control/share/motor_control/package.dsv'
[4.836s] INFO:colcon.colcon_core.shell:Creating package script '/home/cambria/dev_ws/src/install/motor_control/share/motor_control/package.sh'
[4.840s] INFO:colcon.colcon_core.shell:Creating package script '/home/cambria/dev_ws/src/install/motor_control/share/motor_control/package.bash'
[4.843s] INFO:colcon.colcon_core.shell:Creating package script '/home/cambria/dev_ws/src/install/motor_control/share/motor_control/package.zsh'
[4.845s] Level 1:colcon.colcon_core.environment:create_file_with_runtime_dependencies(/home/cambria/dev_ws/src/install/motor_control/share/colcon-core/packages/motor_control)
[5.302s] DEBUG:colcon.colcon_core.event_handler.log_command:Invoked command in '/home/cambria/dev_ws/src/build/inchworm_control' returned '0': CMAKE_PREFIX_PATH=${CMAKE_PREFIX_PATH}:/home/cambria/dev_ws/install/motor_control:/opt/ros/foxy /usr/bin/cmake /home/cambria/dev_ws/src/inchworm_control -DCMAKE_INSTALL_PREFIX=/home/cambria/dev_ws/src/install/inchworm_control
[5.309s] DEBUG:colcon.colcon_core.event_handler.log_command:Invoking command in '/home/cambria/dev_ws/src/build/inchworm_control': CMAKE_PREFIX_PATH=${CMAKE_PREFIX_PATH}:/home/cambria/dev_ws/install/motor_control:/opt/ros/foxy /usr/bin/cmake --build /home/cambria/dev_ws/src/build/inchworm_control -- -j4 -l4
[14.152s] DEBUG:colcon.colcon_core.event_handler.log_command:Invoked command in '/home/cambria/dev_ws/src/build/inchworm_control' returned '0': CMAKE_PREFIX_PATH=${CMAKE_PREFIX_PATH}:/home/cambria/dev_ws/install/motor_control:/opt/ros/foxy /usr/bin/cmake --build /home/cambria/dev_ws/src/build/inchworm_control -- -j4 -l4
[14.275s] DEBUG:colcon.colcon_core.event_handler.log_command:Invoking command in '/home/cambria/dev_ws/src/build/inchworm_control': CMAKE_PREFIX_PATH=${CMAKE_PREFIX_PATH}:/home/cambria/dev_ws/install/motor_control:/opt/ros/foxy /usr/bin/cmake --install /home/cambria/dev_ws/src/build/inchworm_control
[14.503s] Level 1:colcon.colcon_core.environment:create_environment_scripts_only(inchworm_control)
[14.509s] DEBUG:colcon.colcon_core.event_handler.log_command:Invoked command in '/home/cambria/dev_ws/src/build/inchworm_control' returned '0': CMAKE_PREFIX_PATH=${CMAKE_PREFIX_PATH}:/home/cambria/dev_ws/install/motor_control:/opt/ros/foxy /usr/bin/cmake --install /home/cambria/dev_ws/src/build/inchworm_control
[14.520s] Level 1:colcon.colcon_core.environment:checking '/home/cambria/dev_ws/src/install/inchworm_control' for CMake module files
[14.521s] Level 1:colcon.colcon_core.environment:checking '/home/cambria/dev_ws/src/install/inchworm_control' for CMake config files
[14.523s] Level 1:colcon.colcon_core.shell:create_environment_hook('inchworm_control', 'cmake_prefix_path')
[14.534s] INFO:colcon.colcon_core.shell:Creating environment hook '/home/cambria/dev_ws/src/install/inchworm_control/share/inchworm_control/hook/cmake_prefix_path.ps1'
[14.535s] INFO:colcon.colcon_core.shell:Creating environment descriptor '/home/cambria/dev_ws/src/install/inchworm_control/share/inchworm_control/hook/cmake_prefix_path.dsv'
[14.535s] INFO:colcon.colcon_core.shell:Creating environment hook '/home/cambria/dev_ws/src/install/inchworm_control/share/inchworm_control/hook/cmake_prefix_path.sh'
[14.536s] Level 1:colcon.colcon_core.environment:checking '/home/cambria/dev_ws/src/install/inchworm_control/lib'
[14.536s] Level 1:colcon.colcon_core.shell:create_environment_hook('inchworm_control', 'ld_library_path_lib')
[14.548s] INFO:colcon.colcon_core.shell:Creating environment hook '/home/cambria/dev_ws/src/install/inchworm_control/share/inchworm_control/hook/ld_library_path_lib.ps1'
[14.549s] INFO:colcon.colcon_core.shell:Creating environment descriptor '/home/cambria/dev_ws/src/install/inchworm_control/share/inchworm_control/hook/ld_library_path_lib.dsv'
[14.550s] INFO:colcon.colcon_core.shell:Creating environment hook '/home/cambria/dev_ws/src/install/inchworm_control/share/inchworm_control/hook/ld_library_path_lib.sh'
[14.551s] Level 1:colcon.colcon_core.environment:checking '/home/cambria/dev_ws/src/install/inchworm_control/bin'
[14.551s] Level 1:colcon.colcon_core.environment:checking '/home/cambria/dev_ws/src/install/inchworm_control/lib/pkgconfig/inchworm_control.pc'
[14.551s] Level 1:colcon.colcon_core.environment:checking '/home/cambria/dev_ws/src/install/inchworm_control/lib/python3.8/site-packages'
[14.551s] Level 1:colcon.colcon_core.shell:create_environment_hook('inchworm_control', 'pythonpath')
[14.563s] INFO:colcon.colcon_core.shell:Creating environment hook '/home/cambria/dev_ws/src/install/inchworm_control/share/inchworm_control/hook/pythonpath.ps1'
[14.564s] INFO:colcon.colcon_core.shell:Creating environment descriptor '/home/cambria/dev_ws/src/install/inchworm_control/share/inchworm_control/hook/pythonpath.dsv'
[14.564s] INFO:colcon.colcon_core.shell:Creating environment hook '/home/cambria/dev_ws/src/install/inchworm_control/share/inchworm_control/hook/pythonpath.sh'
[14.565s] Level 1:colcon.colcon_core.environment:checking '/home/cambria/dev_ws/src/install/inchworm_control/bin'
[14.576s] INFO:colcon.colcon_core.shell:Creating package script '/home/cambria/dev_ws/src/install/inchworm_control/share/inchworm_control/package.ps1'
[14.577s] INFO:colcon.colcon_core.shell:Creating package descriptor '/home/cambria/dev_ws/src/install/inchworm_control/share/inchworm_control/package.dsv'
[14.578s] INFO:colcon.colcon_core.shell:Creating package script '/home/cambria/dev_ws/src/install/inchworm_control/share/inchworm_control/package.sh'
[14.579s] INFO:colcon.colcon_core.shell:Creating package script '/home/cambria/dev_ws/src/install/inchworm_control/share/inchworm_control/package.bash'
[14.579s] INFO:colcon.colcon_core.shell:Creating package script '/home/cambria/dev_ws/src/install/inchworm_control/share/inchworm_control/package.zsh'
[14.580s] Level 1:colcon.colcon_core.environment:create_file_with_runtime_dependencies(/home/cambria/dev_ws/src/install/inchworm_control/share/colcon-core/packages/inchworm_control)
[14.689s] Level 1:colcon.colcon_core.environment:create_environment_scripts_only(inchworm_control)
[14.704s] Level 1:colcon.colcon_core.environment:checking '/home/cambria/dev_ws/src/install/inchworm_control' for CMake module files
[14.705s] Level 1:colcon.colcon_core.environment:checking '/home/cambria/dev_ws/src/install/inchworm_control' for CMake config files
[14.707s] Level 1:colcon.colcon_core.shell:create_environment_hook('inchworm_control', 'cmake_prefix_path')
[14.720s] INFO:colcon.colcon_core.shell:Creating environment hook '/home/cambria/dev_ws/src/install/inchworm_control/share/inchworm_control/hook/cmake_prefix_path.ps1'
[14.721s] INFO:colcon.colcon_core.shell:Creating environment descriptor '/home/cambria/dev_ws/src/install/inchworm_control/share/inchworm_control/hook/cmake_prefix_path.dsv'
[14.721s] INFO:colcon.colcon_core.shell:Creating environment hook '/home/cambria/dev_ws/src/install/inchworm_control/share/inchworm_control/hook/cmake_prefix_path.sh'
[14.722s] Level 1:colcon.colcon_core.environment:checking '/home/cambria/dev_ws/src/install/inchworm_control/lib'
[14.722s] Level 1:colcon.colcon_core.shell:create_environment_hook('inchworm_control', 'ld_library_path_lib')
[14.734s] INFO:colcon.colcon_core.shell:Creating environment hook '/home/cambria/dev_ws/src/install/inchworm_control/share/inchworm_control/hook/ld_library_path_lib.ps1'
[14.735s] INFO:colcon.colcon_core.shell:Creating environment descriptor '/home/cambria/dev_ws/src/install/inchworm_control/share/inchworm_control/hook/ld_library_path_lib.dsv'
[14.736s] INFO:colcon.colcon_core.shell:Creating environment hook '/home/cambria/dev_ws/src/install/inchworm_control/share/inchworm_control/hook/ld_library_path_lib.sh'
[14.736s] Level 1:colcon.colcon_core.environment:checking '/home/cambria/dev_ws/src/install/inchworm_control/bin'
[14.736s] Level 1:colcon.colcon_core.environment:checking '/home/cambria/dev_ws/src/install/inchworm_control/lib/pkgconfig/inchworm_control.pc'
[14.737s] Level 1:colcon.colcon_core.environment:checking '/home/cambria/dev_ws/src/install/inchworm_control/lib/python3.8/site-packages'
[14.737s] Level 1:colcon.colcon_core.shell:create_environment_hook('inchworm_control', 'pythonpath')
[14.749s] INFO:colcon.colcon_core.shell:Creating environment hook '/home/cambria/dev_ws/src/install/inchworm_control/share/inchworm_control/hook/pythonpath.ps1'
[14.750s] INFO:colcon.colcon_core.shell:Creating environment descriptor '/home/cambria/dev_ws/src/install/inchworm_control/share/inchworm_control/hook/pythonpath.dsv'
[14.751s] INFO:colcon.colcon_core.shell:Creating environment hook '/home/cambria/dev_ws/src/install/inchworm_control/share/inchworm_control/hook/pythonpath.sh'
[14.751s] Level 1:colcon.colcon_core.environment:checking '/home/cambria/dev_ws/src/install/inchworm_control/bin'
[14.767s] INFO:colcon.colcon_core.shell:Creating package script '/home/cambria/dev_ws/src/install/inchworm_control/share/inchworm_control/package.ps1'
[14.769s] INFO:colcon.colcon_core.shell:Creating package descriptor '/home/cambria/dev_ws/src/install/inchworm_control/share/inchworm_control/package.dsv'
[14.771s] INFO:colcon.colcon_core.shell:Creating package script '/home/cambria/dev_ws/src/install/inchworm_control/share/inchworm_control/package.sh'
[14.773s] INFO:colcon.colcon_core.shell:Creating package script '/home/cambria/dev_ws/src/install/inchworm_control/share/inchworm_control/package.bash'
[14.774s] INFO:colcon.colcon_core.shell:Creating package script '/home/cambria/dev_ws/src/install/inchworm_control/share/inchworm_control/package.zsh'
[14.775s] Level 1:colcon.colcon_core.environment:create_file_with_runtime_dependencies(/home/cambria/dev_ws/src/install/inchworm_control/share/colcon-core/packages/inchworm_control)
[14.776s] DEBUG:colcon.colcon_parallel_executor.executor.parallel:closing loop
[14.777s] DEBUG:colcon.colcon_parallel_executor.executor.parallel:loop closed
[14.778s] DEBUG:colcon.colcon_parallel_executor.executor.parallel:run_until_complete finished with '0'
[14.778s] DEBUG:colcon.colcon_core.event_reactor:joining thread
[14.804s] INFO:colcon.colcon_core.plugin_system:Skipping extension 'colcon_notification.desktop_notification.terminal_notifier': Not used on non-Darwin systems
[14.805s] INFO:colcon.colcon_core.plugin_system:Skipping extension 'colcon_notification.desktop_notification.win32': Not used on non-Windows systems
[14.805s] INFO:colcon.colcon_notification.desktop_notification:Sending desktop notification using 'notify2'
[14.848s] DEBUG:colcon.colcon_core.event_reactor:joined thread
[14.869s] INFO:colcon.colcon_core.shell:Creating prefix script '/home/cambria/dev_ws/src/install/local_setup.ps1'
[14.873s] INFO:colcon.colcon_core.shell:Creating prefix util module '/home/cambria/dev_ws/src/install/_local_setup_util_ps1.py'
[14.877s] INFO:colcon.colcon_core.shell:Creating prefix chain script '/home/cambria/dev_ws/src/install/setup.ps1'
[14.895s] INFO:colcon.colcon_core.shell:Creating prefix script '/home/cambria/dev_ws/src/install/local_setup.sh'
[14.897s] INFO:colcon.colcon_core.shell:Creating prefix util module '/home/cambria/dev_ws/src/install/_local_setup_util_sh.py'
[14.899s] INFO:colcon.colcon_core.shell:Creating prefix chain script '/home/cambria/dev_ws/src/install/setup.sh'
[14.916s] INFO:colcon.colcon_core.shell:Creating prefix script '/home/cambria/dev_ws/src/install/local_setup.bash'
[14.918s] INFO:colcon.colcon_core.shell:Creating prefix chain script '/home/cambria/dev_ws/src/install/setup.bash'
[14.931s] INFO:colcon.colcon_core.shell:Creating prefix script '/home/cambria/dev_ws/src/install/local_setup.zsh'
[14.932s] INFO:colcon.colcon_core.shell:Creating prefix chain script '/home/cambria/dev_ws/src/install/setup.zsh'
