[8.298s] DEBUG:colcon:Command line arguments: ['/usr/bin/colcon', 'build', '--packages-select', 'inchworm_control']
[8.299s] DEBUG:colcon:Parsed command line arguments: Namespace(allow_overriding=[], ament_cmake_args=None, base_paths=['.'], build_base='build', catkin_cmake_args=None, catkin_skip_building_tests=False, cmake_args=None, cmake_clean_cache=False, cmake_clean_first=False, cmake_force_configure=False, cmake_target=None, cmake_target_skip_unavailable=False, continue_on_error=False, event_handlers=None, executor='parallel', ignore_user_meta=False, install_base='install', log_base=None, log_level=None, main=<bound method BuildVerb.main of <colcon_core.verb.build.BuildVerb object at 0xffff80de6a90>>, merge_install=False, metas=['./colcon.meta'], packages_above=None, packages_above_and_dependencies=None, packages_above_depth=None, packages_end=None, packages_ignore=None, packages_ignore_regex=None, packages_select=['inchworm_control'], packages_select_build_failed=False, packages_select_by_dep=None, packages_select_regex=None, packages_select_test_failures=False, packages_skip=None, packages_skip_build_finished=False, packages_skip_by_dep=None, packages_skip_regex=None, packages_skip_test_passed=False, packages_skip_up_to=None, packages_start=None, packages_up_to=None, packages_up_to_regex=None, parallel_workers=4, paths=None, symlink_install=False, test_result_base=None, verb_extension=<colcon_core.verb.build.BuildVerb object at 0xffff80de6a90>, verb_name='build', verb_parser=<colcon_defaults.argument_parser.defaults.DefaultArgumentsDecorator object at 0xffff80a109a0>)
[8.653s] Level 1:colcon.colcon_core.package_discovery:discover_packages(colcon_meta) check parameters
[8.654s] Level 1:colcon.colcon_core.package_discovery:discover_packages(recursive) check parameters
[8.654s] Level 1:colcon.colcon_core.package_discovery:discover_packages(ignore) check parameters
[8.654s] Level 1:colcon.colcon_core.package_discovery:discover_packages(path) check parameters
[8.655s] Level 1:colcon.colcon_core.package_discovery:discover_packages(colcon_meta) discover
[8.655s] Level 1:colcon.colcon_core.package_discovery:discover_packages(recursive) discover
[8.655s] INFO:colcon.colcon_core.package_discovery:Crawling recursively for packages in '/home/ubuntu/robot_ws/src/MQP'
[8.656s] Level 1:colcon.colcon_core.package_identification:_identify(.) by extensions ['ignore', 'ignore_ament_install']
[8.656s] Level 1:colcon.colcon_core.package_identification:_identify(.) by extension 'ignore'
[8.657s] Level 1:colcon.colcon_core.package_identification:_identify(.) by extension 'ignore_ament_install'
[8.657s] Level 1:colcon.colcon_core.package_identification:_identify(.) by extensions ['colcon_pkg']
[8.657s] Level 1:colcon.colcon_core.package_identification:_identify(.) by extension 'colcon_pkg'
[8.658s] Level 1:colcon.colcon_core.package_identification:_identify(.) by extensions ['colcon_meta']
[8.658s] Level 1:colcon.colcon_core.package_identification:_identify(.) by extension 'colcon_meta'
[8.658s] Level 1:colcon.colcon_core.package_identification:_identify(.) by extensions ['ros']
[8.658s] Level 1:colcon.colcon_core.package_identification:_identify(.) by extension 'ros'
[8.701s] Level 1:colcon.colcon_core.package_identification:_identify(.) by extensions ['cmake', 'python']
[8.701s] Level 1:colcon.colcon_core.package_identification:_identify(.) by extension 'cmake'
[8.701s] Level 1:colcon.colcon_core.package_identification:_identify(.) by extension 'python'
[8.701s] Level 1:colcon.colcon_core.package_identification:_identify(.) by extensions ['python_setup_py']
[8.701s] Level 1:colcon.colcon_core.package_identification:_identify(.) by extension 'python_setup_py'
[8.702s] Level 1:colcon.colcon_core.package_identification:_identify(build) by extensions ['ignore', 'ignore_ament_install']
[8.702s] Level 1:colcon.colcon_core.package_identification:_identify(build) by extension 'ignore'
[8.702s] Level 1:colcon.colcon_core.package_identification:_identify(build) ignored
[8.703s] Level 1:colcon.colcon_core.package_identification:_identify(inchworm_control) by extensions ['ignore', 'ignore_ament_install']
[8.703s] Level 1:colcon.colcon_core.package_identification:_identify(inchworm_control) by extension 'ignore'
[8.704s] Level 1:colcon.colcon_core.package_identification:_identify(inchworm_control) by extension 'ignore_ament_install'
[8.704s] Level 1:colcon.colcon_core.package_identification:_identify(inchworm_control) by extensions ['colcon_pkg']
[8.704s] Level 1:colcon.colcon_core.package_identification:_identify(inchworm_control) by extension 'colcon_pkg'
[8.704s] Level 1:colcon.colcon_core.package_identification:_identify(inchworm_control) by extensions ['colcon_meta']
[8.704s] Level 1:colcon.colcon_core.package_identification:_identify(inchworm_control) by extension 'colcon_meta'
[8.705s] Level 1:colcon.colcon_core.package_identification:_identify(inchworm_control) by extensions ['ros']
[8.705s] Level 1:colcon.colcon_core.package_identification:_identify(inchworm_control) by extension 'ros'
[8.714s] DEBUG:colcon.colcon_core.package_identification:Package 'inchworm_control' with type 'ros.ament_cmake' and name 'inchworm_control'
[8.714s] Level 1:colcon.colcon_core.package_identification:_identify(install) by extensions ['ignore', 'ignore_ament_install']
[8.715s] Level 1:colcon.colcon_core.package_identification:_identify(install) by extension 'ignore'
[8.715s] Level 1:colcon.colcon_core.package_identification:_identify(install) ignored
[8.717s] Level 1:colcon.colcon_core.package_identification:_identify(log) by extensions ['ignore', 'ignore_ament_install']
[8.717s] Level 1:colcon.colcon_core.package_identification:_identify(log) by extension 'ignore'
[8.718s] Level 1:colcon.colcon_core.package_identification:_identify(log) ignored
[8.718s] Level 1:colcon.colcon_core.package_discovery:discover_packages(recursive) using defaults
[8.718s] Level 1:colcon.colcon_core.package_discovery:discover_packages(ignore) discover
[8.718s] Level 1:colcon.colcon_core.package_discovery:discover_packages(ignore) using defaults
[8.718s] Level 1:colcon.colcon_core.package_discovery:discover_packages(path) discover
[8.718s] Level 1:colcon.colcon_core.package_discovery:discover_packages(path) using defaults
[9.461s] Level 1:colcon.colcon_core.package_discovery:discover_packages(prefix_path) check parameters
[9.461s] Level 1:colcon.colcon_core.package_discovery:discover_packages(prefix_path) discover
[9.740s] DEBUG:colcon.colcon_installed_package_information.package_discovery:Found 2 installed packages in /home/ubuntu/robot_ws/src/MQP/install
[9.879s] DEBUG:colcon.colcon_installed_package_information.package_discovery:Found 2 installed packages in /home/ubuntu/robot_ws/install
[10.017s] DEBUG:colcon.colcon_installed_package_information.package_discovery:Found 0 installed packages in /home/ubuntu/robot_ws/src/MQP/inchworm_control/inchworm_control/install
[10.160s] DEBUG:colcon.colcon_installed_package_information.package_discovery:Found 256 installed packages in /opt/ros/foxy
[10.166s] Level 1:colcon.colcon_core.package_discovery:discover_packages(prefix_path) using defaults
[10.770s] Level 5:colcon.colcon_core.verb:set package 'inchworm_control' build argument 'cmake_args' from command line to 'None'
[10.771s] Level 5:colcon.colcon_core.verb:set package 'inchworm_control' build argument 'cmake_target' from command line to 'None'
[10.771s] Level 5:colcon.colcon_core.verb:set package 'inchworm_control' build argument 'cmake_target_skip_unavailable' from command line to 'False'
[10.771s] Level 5:colcon.colcon_core.verb:set package 'inchworm_control' build argument 'cmake_clean_cache' from command line to 'False'
[10.771s] Level 5:colcon.colcon_core.verb:set package 'inchworm_control' build argument 'cmake_clean_first' from command line to 'False'
[10.771s] Level 5:colcon.colcon_core.verb:set package 'inchworm_control' build argument 'cmake_force_configure' from command line to 'False'
[10.771s] Level 5:colcon.colcon_core.verb:set package 'inchworm_control' build argument 'ament_cmake_args' from command line to 'None'
[10.771s] Level 5:colcon.colcon_core.verb:set package 'inchworm_control' build argument 'catkin_cmake_args' from command line to 'None'
[10.772s] Level 5:colcon.colcon_core.verb:set package 'inchworm_control' build argument 'catkin_skip_building_tests' from command line to 'False'
[10.772s] DEBUG:colcon.colcon_core.verb:Building package 'inchworm_control' with the following arguments: {'ament_cmake_args': None, 'build_base': '/home/ubuntu/robot_ws/src/MQP/build/inchworm_control', 'catkin_cmake_args': None, 'catkin_skip_building_tests': False, 'cmake_args': None, 'cmake_clean_cache': False, 'cmake_clean_first': False, 'cmake_force_configure': False, 'cmake_target': None, 'cmake_target_skip_unavailable': False, 'install_base': '/home/ubuntu/robot_ws/src/MQP/install/inchworm_control', 'merge_install': False, 'path': '/home/ubuntu/robot_ws/src/MQP/inchworm_control', 'symlink_install': False, 'test_result_base': None}
[10.909s] INFO:colcon.colcon_core.executor:Executing jobs using 'parallel' executor
[11.052s] DEBUG:colcon.colcon_parallel_executor.executor.parallel:run_until_complete
[11.053s] INFO:colcon.colcon_ros.task.ament_cmake.build:Building ROS package in '/home/ubuntu/robot_ws/src/MQP/inchworm_control' with build type 'ament_cmake'
[11.054s] INFO:colcon.colcon_cmake.task.cmake.build:Building CMake package in '/home/ubuntu/robot_ws/src/MQP/inchworm_control'
[11.211s] INFO:colcon.colcon_core.plugin_system:Skipping extension 'colcon_core.shell.bat': Not used on non-Windows systems
[11.212s] INFO:colcon.colcon_core.shell:Skip shell extension 'powershell' for command environment: Not usable outside of PowerShell
[11.212s] DEBUG:colcon.colcon_core.shell:Skip shell extension 'dsv' for command environment
[12.002s] DEBUG:colcon.colcon_core.event_handler.log_command:Invoking command in '/home/ubuntu/robot_ws/src/MQP/build/inchworm_control': CMAKE_PREFIX_PATH=${CMAKE_PREFIX_PATH}:/home/ubuntu/robot_ws/src/MQP/install/motor_control:/home/ubuntu/robot_ws/install/motor_control:/opt/ros/foxy /usr/bin/cmake --build /home/ubuntu/robot_ws/src/MQP/build/inchworm_control -- -j4 -l4
[13.046s] DEBUG:colcon.colcon_core.event_handler.log_command:Invoked command in '/home/ubuntu/robot_ws/src/MQP/build/inchworm_control' returned '0': CMAKE_PREFIX_PATH=${CMAKE_PREFIX_PATH}:/home/ubuntu/robot_ws/src/MQP/install/motor_control:/home/ubuntu/robot_ws/install/motor_control:/opt/ros/foxy /usr/bin/cmake --build /home/ubuntu/robot_ws/src/MQP/build/inchworm_control -- -j4 -l4
[13.529s] DEBUG:colcon.colcon_core.event_handler.log_command:Invoking command in '/home/ubuntu/robot_ws/src/MQP/build/inchworm_control': CMAKE_PREFIX_PATH=${CMAKE_PREFIX_PATH}:/home/ubuntu/robot_ws/src/MQP/install/motor_control:/home/ubuntu/robot_ws/install/motor_control:/opt/ros/foxy /usr/bin/cmake --install /home/ubuntu/robot_ws/src/MQP/build/inchworm_control
[13.972s] Level 1:colcon.colcon_core.environment:create_environment_scripts_only(inchworm_control)
[13.974s] DEBUG:colcon.colcon_core.event_handler.log_command:Invoked command in '/home/ubuntu/robot_ws/src/MQP/build/inchworm_control' returned '0': CMAKE_PREFIX_PATH=${CMAKE_PREFIX_PATH}:/home/ubuntu/robot_ws/src/MQP/install/motor_control:/home/ubuntu/robot_ws/install/motor_control:/opt/ros/foxy /usr/bin/cmake --install /home/ubuntu/robot_ws/src/MQP/build/inchworm_control
[14.138s] Level 1:colcon.colcon_core.environment:checking '/home/ubuntu/robot_ws/src/MQP/install/inchworm_control' for CMake module files
[14.142s] Level 1:colcon.colcon_core.environment:checking '/home/ubuntu/robot_ws/src/MQP/install/inchworm_control' for CMake config files
[14.147s] Level 1:colcon.colcon_core.shell:create_environment_hook('inchworm_control', 'cmake_prefix_path')
[14.294s] INFO:colcon.colcon_core.shell:Creating environment hook '/home/ubuntu/robot_ws/src/MQP/install/inchworm_control/share/inchworm_control/hook/cmake_prefix_path.ps1'
[14.297s] INFO:colcon.colcon_core.shell:Creating environment descriptor '/home/ubuntu/robot_ws/src/MQP/install/inchworm_control/share/inchworm_control/hook/cmake_prefix_path.dsv'
[14.299s] INFO:colcon.colcon_core.shell:Creating environment hook '/home/ubuntu/robot_ws/src/MQP/install/inchworm_control/share/inchworm_control/hook/cmake_prefix_path.sh'
[14.303s] Level 1:colcon.colcon_core.environment:checking '/home/ubuntu/robot_ws/src/MQP/install/inchworm_control/lib'
[14.304s] Level 1:colcon.colcon_core.shell:create_environment_hook('inchworm_control', 'ld_library_path_lib')
[14.452s] INFO:colcon.colcon_core.shell:Creating environment hook '/home/ubuntu/robot_ws/src/MQP/install/inchworm_control/share/inchworm_control/hook/ld_library_path_lib.ps1'
[14.454s] INFO:colcon.colcon_core.shell:Creating environment descriptor '/home/ubuntu/robot_ws/src/MQP/install/inchworm_control/share/inchworm_control/hook/ld_library_path_lib.dsv'
[14.456s] INFO:colcon.colcon_core.shell:Creating environment hook '/home/ubuntu/robot_ws/src/MQP/install/inchworm_control/share/inchworm_control/hook/ld_library_path_lib.sh'
[14.458s] Level 1:colcon.colcon_core.environment:checking '/home/ubuntu/robot_ws/src/MQP/install/inchworm_control/bin'
[14.458s] Level 1:colcon.colcon_core.environment:checking '/home/ubuntu/robot_ws/src/MQP/install/inchworm_control/lib/pkgconfig/inchworm_control.pc'
[14.459s] Level 1:colcon.colcon_core.environment:checking '/home/ubuntu/robot_ws/src/MQP/install/inchworm_control/lib/python3.8/site-packages'
[14.459s] Level 1:colcon.colcon_core.shell:create_environment_hook('inchworm_control', 'pythonpath')
[14.609s] INFO:colcon.colcon_core.shell:Creating environment hook '/home/ubuntu/robot_ws/src/MQP/install/inchworm_control/share/inchworm_control/hook/pythonpath.ps1'
[14.611s] INFO:colcon.colcon_core.shell:Creating environment descriptor '/home/ubuntu/robot_ws/src/MQP/install/inchworm_control/share/inchworm_control/hook/pythonpath.dsv'
[14.613s] INFO:colcon.colcon_core.shell:Creating environment hook '/home/ubuntu/robot_ws/src/MQP/install/inchworm_control/share/inchworm_control/hook/pythonpath.sh'
[14.616s] Level 1:colcon.colcon_core.environment:checking '/home/ubuntu/robot_ws/src/MQP/install/inchworm_control/bin'
[14.761s] INFO:colcon.colcon_core.shell:Creating package script '/home/ubuntu/robot_ws/src/MQP/install/inchworm_control/share/inchworm_control/package.ps1'
[14.764s] INFO:colcon.colcon_core.shell:Creating package descriptor '/home/ubuntu/robot_ws/src/MQP/install/inchworm_control/share/inchworm_control/package.dsv'
[14.767s] INFO:colcon.colcon_core.shell:Creating package script '/home/ubuntu/robot_ws/src/MQP/install/inchworm_control/share/inchworm_control/package.sh'
[14.771s] INFO:colcon.colcon_core.shell:Creating package script '/home/ubuntu/robot_ws/src/MQP/install/inchworm_control/share/inchworm_control/package.bash'
[14.774s] INFO:colcon.colcon_core.shell:Creating package script '/home/ubuntu/robot_ws/src/MQP/install/inchworm_control/share/inchworm_control/package.zsh'
[14.777s] Level 1:colcon.colcon_core.environment:create_file_with_runtime_dependencies(/home/ubuntu/robot_ws/src/MQP/install/inchworm_control/share/colcon-core/packages/inchworm_control)
[15.355s] Level 1:colcon.colcon_core.environment:create_environment_scripts_only(inchworm_control)
[15.499s] Level 1:colcon.colcon_core.environment:checking '/home/ubuntu/robot_ws/src/MQP/install/inchworm_control' for CMake module files
[15.503s] Level 1:colcon.colcon_core.environment:checking '/home/ubuntu/robot_ws/src/MQP/install/inchworm_control' for CMake config files
[15.509s] Level 1:colcon.colcon_core.shell:create_environment_hook('inchworm_control', 'cmake_prefix_path')
[15.656s] INFO:colcon.colcon_core.shell:Creating environment hook '/home/ubuntu/robot_ws/src/MQP/install/inchworm_control/share/inchworm_control/hook/cmake_prefix_path.ps1'
[15.658s] INFO:colcon.colcon_core.shell:Creating environment descriptor '/home/ubuntu/robot_ws/src/MQP/install/inchworm_control/share/inchworm_control/hook/cmake_prefix_path.dsv'
[15.660s] INFO:colcon.colcon_core.shell:Creating environment hook '/home/ubuntu/robot_ws/src/MQP/install/inchworm_control/share/inchworm_control/hook/cmake_prefix_path.sh'
[15.662s] Level 1:colcon.colcon_core.environment:checking '/home/ubuntu/robot_ws/src/MQP/install/inchworm_control/lib'
[15.663s] Level 1:colcon.colcon_core.shell:create_environment_hook('inchworm_control', 'ld_library_path_lib')
[15.845s] INFO:colcon.colcon_core.shell:Creating environment hook '/home/ubuntu/robot_ws/src/MQP/install/inchworm_control/share/inchworm_control/hook/ld_library_path_lib.ps1'
[15.848s] INFO:colcon.colcon_core.shell:Creating environment descriptor '/home/ubuntu/robot_ws/src/MQP/install/inchworm_control/share/inchworm_control/hook/ld_library_path_lib.dsv'
[15.849s] INFO:colcon.colcon_core.shell:Creating environment hook '/home/ubuntu/robot_ws/src/MQP/install/inchworm_control/share/inchworm_control/hook/ld_library_path_lib.sh'
[15.851s] Level 1:colcon.colcon_core.environment:checking '/home/ubuntu/robot_ws/src/MQP/install/inchworm_control/bin'
[15.851s] Level 1:colcon.colcon_core.environment:checking '/home/ubuntu/robot_ws/src/MQP/install/inchworm_control/lib/pkgconfig/inchworm_control.pc'
[15.852s] Level 1:colcon.colcon_core.environment:checking '/home/ubuntu/robot_ws/src/MQP/install/inchworm_control/lib/python3.8/site-packages'
[15.853s] Level 1:colcon.colcon_core.shell:create_environment_hook('inchworm_control', 'pythonpath')
[16.002s] INFO:colcon.colcon_core.shell:Creating environment hook '/home/ubuntu/robot_ws/src/MQP/install/inchworm_control/share/inchworm_control/hook/pythonpath.ps1'
[16.004s] INFO:colcon.colcon_core.shell:Creating environment descriptor '/home/ubuntu/robot_ws/src/MQP/install/inchworm_control/share/inchworm_control/hook/pythonpath.dsv'
[16.006s] INFO:colcon.colcon_core.shell:Creating environment hook '/home/ubuntu/robot_ws/src/MQP/install/inchworm_control/share/inchworm_control/hook/pythonpath.sh'
[16.008s] Level 1:colcon.colcon_core.environment:checking '/home/ubuntu/robot_ws/src/MQP/install/inchworm_control/bin'
[16.153s] INFO:colcon.colcon_core.shell:Creating package script '/home/ubuntu/robot_ws/src/MQP/install/inchworm_control/share/inchworm_control/package.ps1'
[16.155s] INFO:colcon.colcon_core.shell:Creating package descriptor '/home/ubuntu/robot_ws/src/MQP/install/inchworm_control/share/inchworm_control/package.dsv'
[16.158s] INFO:colcon.colcon_core.shell:Creating package script '/home/ubuntu/robot_ws/src/MQP/install/inchworm_control/share/inchworm_control/package.sh'
[16.160s] INFO:colcon.colcon_core.shell:Creating package script '/home/ubuntu/robot_ws/src/MQP/install/inchworm_control/share/inchworm_control/package.bash'
[16.162s] INFO:colcon.colcon_core.shell:Creating package script '/home/ubuntu/robot_ws/src/MQP/install/inchworm_control/share/inchworm_control/package.zsh'
[16.164s] Level 1:colcon.colcon_core.environment:create_file_with_runtime_dependencies(/home/ubuntu/robot_ws/src/MQP/install/inchworm_control/share/colcon-core/packages/inchworm_control)
[16.165s] DEBUG:colcon.colcon_parallel_executor.executor.parallel:closing loop
[16.166s] DEBUG:colcon.colcon_parallel_executor.executor.parallel:loop closed
[16.167s] DEBUG:colcon.colcon_parallel_executor.executor.parallel:run_until_complete finished with '0'
[16.167s] DEBUG:colcon.colcon_core.event_reactor:joining thread
[16.331s] INFO:colcon.colcon_core.plugin_system:Skipping extension 'colcon_notification.desktop_notification.terminal_notifier': Not used on non-Darwin systems
[16.331s] INFO:colcon.colcon_core.plugin_system:Skipping extension 'colcon_notification.desktop_notification.win32': Not used on non-Windows systems
[16.331s] INFO:colcon.colcon_notification.desktop_notification:Sending desktop notification using 'notify2'
[19.554s] DEBUG:colcon.colcon_notification.desktop_notification.notify2:Failed to initialize notify2: org.freedesktop.DBus.Error.TimedOut: Failed to activate service 'org.freedesktop.Notifications': timed out (service_start_timeout=120000ms)
[19.555s] DEBUG:colcon.colcon_core.event_reactor:joined thread
[19.802s] INFO:colcon.colcon_core.shell:Creating prefix script '/home/ubuntu/robot_ws/src/MQP/install/local_setup.ps1'
[19.807s] INFO:colcon.colcon_core.shell:Creating prefix util module '/home/ubuntu/robot_ws/src/MQP/install/_local_setup_util_ps1.py'
[19.814s] INFO:colcon.colcon_core.shell:Creating prefix chain script '/home/ubuntu/robot_ws/src/MQP/install/setup.ps1'
[20.079s] INFO:colcon.colcon_core.shell:Creating prefix script '/home/ubuntu/robot_ws/src/MQP/install/local_setup.sh'
[20.083s] INFO:colcon.colcon_core.shell:Creating prefix util module '/home/ubuntu/robot_ws/src/MQP/install/_local_setup_util_sh.py'
[20.086s] INFO:colcon.colcon_core.shell:Creating prefix chain script '/home/ubuntu/robot_ws/src/MQP/install/setup.sh'
[20.398s] INFO:colcon.colcon_core.shell:Creating prefix script '/home/ubuntu/robot_ws/src/MQP/install/local_setup.bash'
[20.402s] INFO:colcon.colcon_core.shell:Creating prefix chain script '/home/ubuntu/robot_ws/src/MQP/install/setup.bash'
[20.694s] INFO:colcon.colcon_core.shell:Creating prefix script '/home/ubuntu/robot_ws/src/MQP/install/local_setup.zsh'
[20.699s] INFO:colcon.colcon_core.shell:Creating prefix chain script '/home/ubuntu/robot_ws/src/MQP/install/setup.zsh'
