[8.460s] DEBUG:colcon:Command line arguments: ['/usr/bin/colcon', 'build']
[8.461s] DEBUG:colcon:Parsed command line arguments: Namespace(allow_overriding=[], ament_cmake_args=None, base_paths=['.'], build_base='build', catkin_cmake_args=None, catkin_skip_building_tests=False, cmake_args=None, cmake_clean_cache=False, cmake_clean_first=False, cmake_force_configure=False, cmake_target=None, cmake_target_skip_unavailable=False, continue_on_error=False, event_handlers=None, executor='parallel', ignore_user_meta=False, install_base='install', log_base=None, log_level=None, main=<bound method BuildVerb.main of <colcon_core.verb.build.BuildVerb object at 0xffffbbb1f400>>, merge_install=False, metas=['./colcon.meta'], packages_above=None, packages_above_and_dependencies=None, packages_above_depth=None, packages_end=None, packages_ignore=None, packages_ignore_regex=None, packages_select=None, packages_select_build_failed=False, packages_select_by_dep=None, packages_select_regex=None, packages_select_test_failures=False, packages_skip=None, packages_skip_build_finished=False, packages_skip_by_dep=None, packages_skip_regex=None, packages_skip_test_passed=False, packages_skip_up_to=None, packages_start=None, packages_up_to=None, packages_up_to_regex=None, parallel_workers=4, paths=None, symlink_install=False, test_result_base=None, verb_extension=<colcon_core.verb.build.BuildVerb object at 0xffffbbb1f400>, verb_name='build', verb_parser=<colcon_defaults.argument_parser.defaults.DefaultArgumentsDecorator object at 0xffffbb7075e0>)
[8.827s] Level 1:colcon.colcon_core.package_discovery:discover_packages(colcon_meta) check parameters
[8.827s] Level 1:colcon.colcon_core.package_discovery:discover_packages(recursive) check parameters
[8.827s] Level 1:colcon.colcon_core.package_discovery:discover_packages(ignore) check parameters
[8.827s] Level 1:colcon.colcon_core.package_discovery:discover_packages(path) check parameters
[8.827s] Level 1:colcon.colcon_core.package_discovery:discover_packages(colcon_meta) discover
[8.828s] Level 1:colcon.colcon_core.package_discovery:discover_packages(recursive) discover
[8.828s] INFO:colcon.colcon_core.package_discovery:Crawling recursively for packages in '/home/ubuntu/robot_ws/src/MQP'
[8.828s] Level 1:colcon.colcon_core.package_identification:_identify(.) by extensions ['ignore', 'ignore_ament_install']
[8.829s] Level 1:colcon.colcon_core.package_identification:_identify(.) by extension 'ignore'
[8.829s] Level 1:colcon.colcon_core.package_identification:_identify(.) by extension 'ignore_ament_install'
[8.829s] Level 1:colcon.colcon_core.package_identification:_identify(.) by extensions ['colcon_pkg']
[8.829s] Level 1:colcon.colcon_core.package_identification:_identify(.) by extension 'colcon_pkg'
[8.829s] Level 1:colcon.colcon_core.package_identification:_identify(.) by extensions ['colcon_meta']
[8.829s] Level 1:colcon.colcon_core.package_identification:_identify(.) by extension 'colcon_meta'
[8.830s] Level 1:colcon.colcon_core.package_identification:_identify(.) by extensions ['ros']
[8.830s] Level 1:colcon.colcon_core.package_identification:_identify(.) by extension 'ros'
[8.871s] Level 1:colcon.colcon_core.package_identification:_identify(.) by extensions ['cmake', 'python']
[8.871s] Level 1:colcon.colcon_core.package_identification:_identify(.) by extension 'cmake'
[8.871s] Level 1:colcon.colcon_core.package_identification:_identify(.) by extension 'python'
[8.871s] Level 1:colcon.colcon_core.package_identification:_identify(.) by extensions ['python_setup_py']
[8.871s] Level 1:colcon.colcon_core.package_identification:_identify(.) by extension 'python_setup_py'
[8.872s] Level 1:colcon.colcon_core.package_identification:_identify(build) by extensions ['ignore', 'ignore_ament_install']
[8.872s] Level 1:colcon.colcon_core.package_identification:_identify(build) by extension 'ignore'
[8.872s] Level 1:colcon.colcon_core.package_identification:_identify(build) ignored
[8.873s] Level 1:colcon.colcon_core.package_identification:_identify(inchworm_control) by extensions ['ignore', 'ignore_ament_install']
[8.873s] Level 1:colcon.colcon_core.package_identification:_identify(inchworm_control) by extension 'ignore'
[8.874s] Level 1:colcon.colcon_core.package_identification:_identify(inchworm_control) by extension 'ignore_ament_install'
[8.874s] Level 1:colcon.colcon_core.package_identification:_identify(inchworm_control) by extensions ['colcon_pkg']
[8.874s] Level 1:colcon.colcon_core.package_identification:_identify(inchworm_control) by extension 'colcon_pkg'
[8.874s] Level 1:colcon.colcon_core.package_identification:_identify(inchworm_control) by extensions ['colcon_meta']
[8.874s] Level 1:colcon.colcon_core.package_identification:_identify(inchworm_control) by extension 'colcon_meta'
[8.875s] Level 1:colcon.colcon_core.package_identification:_identify(inchworm_control) by extensions ['ros']
[8.875s] Level 1:colcon.colcon_core.package_identification:_identify(inchworm_control) by extension 'ros'
[8.883s] DEBUG:colcon.colcon_core.package_identification:Package 'inchworm_control' with type 'ros.ament_cmake' and name 'inchworm_control'
[8.884s] Level 1:colcon.colcon_core.package_identification:_identify(install) by extensions ['ignore', 'ignore_ament_install']
[8.884s] Level 1:colcon.colcon_core.package_identification:_identify(install) by extension 'ignore'
[8.885s] Level 1:colcon.colcon_core.package_identification:_identify(install) ignored
[8.889s] Level 1:colcon.colcon_core.package_identification:_identify(log) by extensions ['ignore', 'ignore_ament_install']
[8.889s] Level 1:colcon.colcon_core.package_identification:_identify(log) by extension 'ignore'
[8.889s] Level 1:colcon.colcon_core.package_identification:_identify(log) ignored
[8.889s] Level 1:colcon.colcon_core.package_discovery:discover_packages(recursive) using defaults
[8.890s] Level 1:colcon.colcon_core.package_discovery:discover_packages(ignore) discover
[8.890s] Level 1:colcon.colcon_core.package_discovery:discover_packages(ignore) using defaults
[8.890s] Level 1:colcon.colcon_core.package_discovery:discover_packages(path) discover
[8.890s] Level 1:colcon.colcon_core.package_discovery:discover_packages(path) using defaults
[9.682s] Level 1:colcon.colcon_core.package_discovery:discover_packages(prefix_path) check parameters
[9.682s] Level 1:colcon.colcon_core.package_discovery:discover_packages(prefix_path) discover
[9.971s] DEBUG:colcon.colcon_installed_package_information.package_discovery:Found 2 installed packages in /home/ubuntu/robot_ws/src/MQP/install
[10.116s] DEBUG:colcon.colcon_installed_package_information.package_discovery:Found 2 installed packages in /home/ubuntu/robot_ws/install
[10.259s] DEBUG:colcon.colcon_installed_package_information.package_discovery:Found 0 installed packages in /home/ubuntu/robot_ws/src/MQP/inchworm_control/inchworm_control/install
[10.407s] DEBUG:colcon.colcon_installed_package_information.package_discovery:Found 256 installed packages in /opt/ros/foxy
[10.413s] Level 1:colcon.colcon_core.package_discovery:discover_packages(prefix_path) using defaults
[10.985s] Level 5:colcon.colcon_core.verb:set package 'inchworm_control' build argument 'cmake_args' from command line to 'None'
[10.985s] Level 5:colcon.colcon_core.verb:set package 'inchworm_control' build argument 'cmake_target' from command line to 'None'
[10.985s] Level 5:colcon.colcon_core.verb:set package 'inchworm_control' build argument 'cmake_target_skip_unavailable' from command line to 'False'
[10.985s] Level 5:colcon.colcon_core.verb:set package 'inchworm_control' build argument 'cmake_clean_cache' from command line to 'False'
[10.985s] Level 5:colcon.colcon_core.verb:set package 'inchworm_control' build argument 'cmake_clean_first' from command line to 'False'
[10.985s] Level 5:colcon.colcon_core.verb:set package 'inchworm_control' build argument 'cmake_force_configure' from command line to 'False'
[10.986s] Level 5:colcon.colcon_core.verb:set package 'inchworm_control' build argument 'ament_cmake_args' from command line to 'None'
[10.986s] Level 5:colcon.colcon_core.verb:set package 'inchworm_control' build argument 'catkin_cmake_args' from command line to 'None'
[10.986s] Level 5:colcon.colcon_core.verb:set package 'inchworm_control' build argument 'catkin_skip_building_tests' from command line to 'False'
[10.986s] DEBUG:colcon.colcon_core.verb:Building package 'inchworm_control' with the following arguments: {'ament_cmake_args': None, 'build_base': '/home/ubuntu/robot_ws/src/MQP/build/inchworm_control', 'catkin_cmake_args': None, 'catkin_skip_building_tests': False, 'cmake_args': None, 'cmake_clean_cache': False, 'cmake_clean_first': False, 'cmake_force_configure': False, 'cmake_target': None, 'cmake_target_skip_unavailable': False, 'install_base': '/home/ubuntu/robot_ws/src/MQP/install/inchworm_control', 'merge_install': False, 'path': '/home/ubuntu/robot_ws/src/MQP/inchworm_control', 'symlink_install': False, 'test_result_base': None}
[11.128s] INFO:colcon.colcon_core.executor:Executing jobs using 'parallel' executor
[11.271s] DEBUG:colcon.colcon_parallel_executor.executor.parallel:run_until_complete
[11.272s] INFO:colcon.colcon_ros.task.ament_cmake.build:Building ROS package in '/home/ubuntu/robot_ws/src/MQP/inchworm_control' with build type 'ament_cmake'
[11.273s] INFO:colcon.colcon_cmake.task.cmake.build:Building CMake package in '/home/ubuntu/robot_ws/src/MQP/inchworm_control'
[11.432s] INFO:colcon.colcon_core.plugin_system:Skipping extension 'colcon_core.shell.bat': Not used on non-Windows systems
[11.433s] INFO:colcon.colcon_core.shell:Skip shell extension 'powershell' for command environment: Not usable outside of PowerShell
[11.433s] DEBUG:colcon.colcon_core.shell:Skip shell extension 'dsv' for command environment
[12.332s] DEBUG:colcon.colcon_core.event_handler.log_command:Invoking command in '/home/ubuntu/robot_ws/src/MQP/build/inchworm_control': CMAKE_PREFIX_PATH=${CMAKE_PREFIX_PATH}:/home/ubuntu/robot_ws/src/MQP/install/motor_control:/home/ubuntu/robot_ws/install/motor_control:/opt/ros/foxy /usr/bin/cmake --build /home/ubuntu/robot_ws/src/MQP/build/inchworm_control -- -j4 -l4
[13.471s] DEBUG:colcon.colcon_core.event_handler.log_command:Invoked command in '/home/ubuntu/robot_ws/src/MQP/build/inchworm_control' returned '0': CMAKE_PREFIX_PATH=${CMAKE_PREFIX_PATH}:/home/ubuntu/robot_ws/src/MQP/install/motor_control:/home/ubuntu/robot_ws/install/motor_control:/opt/ros/foxy /usr/bin/cmake --build /home/ubuntu/robot_ws/src/MQP/build/inchworm_control -- -j4 -l4
[13.967s] DEBUG:colcon.colcon_core.event_handler.log_command:Invoking command in '/home/ubuntu/robot_ws/src/MQP/build/inchworm_control': CMAKE_PREFIX_PATH=${CMAKE_PREFIX_PATH}:/home/ubuntu/robot_ws/src/MQP/install/motor_control:/home/ubuntu/robot_ws/install/motor_control:/opt/ros/foxy /usr/bin/cmake --install /home/ubuntu/robot_ws/src/MQP/build/inchworm_control
[14.442s] Level 1:colcon.colcon_core.environment:create_environment_scripts_only(inchworm_control)
[14.444s] DEBUG:colcon.colcon_core.event_handler.log_command:Invoked command in '/home/ubuntu/robot_ws/src/MQP/build/inchworm_control' returned '0': CMAKE_PREFIX_PATH=${CMAKE_PREFIX_PATH}:/home/ubuntu/robot_ws/src/MQP/install/motor_control:/home/ubuntu/robot_ws/install/motor_control:/opt/ros/foxy /usr/bin/cmake --install /home/ubuntu/robot_ws/src/MQP/build/inchworm_control
[14.630s] Level 1:colcon.colcon_core.environment:checking '/home/ubuntu/robot_ws/src/MQP/install/inchworm_control' for CMake module files
[14.634s] Level 1:colcon.colcon_core.environment:checking '/home/ubuntu/robot_ws/src/MQP/install/inchworm_control' for CMake config files
[14.640s] Level 1:colcon.colcon_core.shell:create_environment_hook('inchworm_control', 'cmake_prefix_path')
[14.795s] INFO:colcon.colcon_core.shell:Creating environment hook '/home/ubuntu/robot_ws/src/MQP/install/inchworm_control/share/inchworm_control/hook/cmake_prefix_path.ps1'
[14.797s] INFO:colcon.colcon_core.shell:Creating environment descriptor '/home/ubuntu/robot_ws/src/MQP/install/inchworm_control/share/inchworm_control/hook/cmake_prefix_path.dsv'
[14.799s] INFO:colcon.colcon_core.shell:Creating environment hook '/home/ubuntu/robot_ws/src/MQP/install/inchworm_control/share/inchworm_control/hook/cmake_prefix_path.sh'
[14.803s] Level 1:colcon.colcon_core.environment:checking '/home/ubuntu/robot_ws/src/MQP/install/inchworm_control/lib'
[14.804s] Level 1:colcon.colcon_core.shell:create_environment_hook('inchworm_control', 'ld_library_path_lib')
[14.960s] INFO:colcon.colcon_core.shell:Creating environment hook '/home/ubuntu/robot_ws/src/MQP/install/inchworm_control/share/inchworm_control/hook/ld_library_path_lib.ps1'
[14.963s] INFO:colcon.colcon_core.shell:Creating environment descriptor '/home/ubuntu/robot_ws/src/MQP/install/inchworm_control/share/inchworm_control/hook/ld_library_path_lib.dsv'
[14.964s] INFO:colcon.colcon_core.shell:Creating environment hook '/home/ubuntu/robot_ws/src/MQP/install/inchworm_control/share/inchworm_control/hook/ld_library_path_lib.sh'
[14.966s] Level 1:colcon.colcon_core.environment:checking '/home/ubuntu/robot_ws/src/MQP/install/inchworm_control/bin'
[14.967s] Level 1:colcon.colcon_core.environment:checking '/home/ubuntu/robot_ws/src/MQP/install/inchworm_control/lib/pkgconfig/inchworm_control.pc'
[14.968s] Level 1:colcon.colcon_core.environment:checking '/home/ubuntu/robot_ws/src/MQP/install/inchworm_control/lib/python3.8/site-packages'
[14.968s] Level 1:colcon.colcon_core.shell:create_environment_hook('inchworm_control', 'pythonpath')
[15.122s] INFO:colcon.colcon_core.shell:Creating environment hook '/home/ubuntu/robot_ws/src/MQP/install/inchworm_control/share/inchworm_control/hook/pythonpath.ps1'
[15.123s] INFO:colcon.colcon_core.shell:Creating environment descriptor '/home/ubuntu/robot_ws/src/MQP/install/inchworm_control/share/inchworm_control/hook/pythonpath.dsv'
[15.125s] INFO:colcon.colcon_core.shell:Creating environment hook '/home/ubuntu/robot_ws/src/MQP/install/inchworm_control/share/inchworm_control/hook/pythonpath.sh'
[15.127s] Level 1:colcon.colcon_core.environment:checking '/home/ubuntu/robot_ws/src/MQP/install/inchworm_control/bin'
[15.285s] INFO:colcon.colcon_core.shell:Creating package script '/home/ubuntu/robot_ws/src/MQP/install/inchworm_control/share/inchworm_control/package.ps1'
[15.288s] INFO:colcon.colcon_core.shell:Creating package descriptor '/home/ubuntu/robot_ws/src/MQP/install/inchworm_control/share/inchworm_control/package.dsv'
[15.291s] INFO:colcon.colcon_core.shell:Creating package script '/home/ubuntu/robot_ws/src/MQP/install/inchworm_control/share/inchworm_control/package.sh'
[15.294s] INFO:colcon.colcon_core.shell:Creating package script '/home/ubuntu/robot_ws/src/MQP/install/inchworm_control/share/inchworm_control/package.bash'
[15.297s] INFO:colcon.colcon_core.shell:Creating package script '/home/ubuntu/robot_ws/src/MQP/install/inchworm_control/share/inchworm_control/package.zsh'
[15.300s] Level 1:colcon.colcon_core.environment:create_file_with_runtime_dependencies(/home/ubuntu/robot_ws/src/MQP/install/inchworm_control/share/colcon-core/packages/inchworm_control)
[15.884s] Level 1:colcon.colcon_core.environment:create_environment_scripts_only(inchworm_control)
[16.038s] Level 1:colcon.colcon_core.environment:checking '/home/ubuntu/robot_ws/src/MQP/install/inchworm_control' for CMake module files
[16.042s] Level 1:colcon.colcon_core.environment:checking '/home/ubuntu/robot_ws/src/MQP/install/inchworm_control' for CMake config files
[16.048s] Level 1:colcon.colcon_core.shell:create_environment_hook('inchworm_control', 'cmake_prefix_path')
[16.203s] INFO:colcon.colcon_core.shell:Creating environment hook '/home/ubuntu/robot_ws/src/MQP/install/inchworm_control/share/inchworm_control/hook/cmake_prefix_path.ps1'
[16.205s] INFO:colcon.colcon_core.shell:Creating environment descriptor '/home/ubuntu/robot_ws/src/MQP/install/inchworm_control/share/inchworm_control/hook/cmake_prefix_path.dsv'
[16.206s] INFO:colcon.colcon_core.shell:Creating environment hook '/home/ubuntu/robot_ws/src/MQP/install/inchworm_control/share/inchworm_control/hook/cmake_prefix_path.sh'
[16.209s] Level 1:colcon.colcon_core.environment:checking '/home/ubuntu/robot_ws/src/MQP/install/inchworm_control/lib'
[16.209s] Level 1:colcon.colcon_core.shell:create_environment_hook('inchworm_control', 'ld_library_path_lib')
[16.365s] INFO:colcon.colcon_core.shell:Creating environment hook '/home/ubuntu/robot_ws/src/MQP/install/inchworm_control/share/inchworm_control/hook/ld_library_path_lib.ps1'
[16.367s] INFO:colcon.colcon_core.shell:Creating environment descriptor '/home/ubuntu/robot_ws/src/MQP/install/inchworm_control/share/inchworm_control/hook/ld_library_path_lib.dsv'
[16.368s] INFO:colcon.colcon_core.shell:Creating environment hook '/home/ubuntu/robot_ws/src/MQP/install/inchworm_control/share/inchworm_control/hook/ld_library_path_lib.sh'
[16.370s] Level 1:colcon.colcon_core.environment:checking '/home/ubuntu/robot_ws/src/MQP/install/inchworm_control/bin'
[16.370s] Level 1:colcon.colcon_core.environment:checking '/home/ubuntu/robot_ws/src/MQP/install/inchworm_control/lib/pkgconfig/inchworm_control.pc'
[16.371s] Level 1:colcon.colcon_core.environment:checking '/home/ubuntu/robot_ws/src/MQP/install/inchworm_control/lib/python3.8/site-packages'
[16.372s] Level 1:colcon.colcon_core.shell:create_environment_hook('inchworm_control', 'pythonpath')
[16.540s] INFO:colcon.colcon_core.shell:Creating environment hook '/home/ubuntu/robot_ws/src/MQP/install/inchworm_control/share/inchworm_control/hook/pythonpath.ps1'
[16.542s] INFO:colcon.colcon_core.shell:Creating environment descriptor '/home/ubuntu/robot_ws/src/MQP/install/inchworm_control/share/inchworm_control/hook/pythonpath.dsv'
[16.543s] INFO:colcon.colcon_core.shell:Creating environment hook '/home/ubuntu/robot_ws/src/MQP/install/inchworm_control/share/inchworm_control/hook/pythonpath.sh'
[16.545s] Level 1:colcon.colcon_core.environment:checking '/home/ubuntu/robot_ws/src/MQP/install/inchworm_control/bin'
[16.701s] INFO:colcon.colcon_core.shell:Creating package script '/home/ubuntu/robot_ws/src/MQP/install/inchworm_control/share/inchworm_control/package.ps1'
[16.703s] INFO:colcon.colcon_core.shell:Creating package descriptor '/home/ubuntu/robot_ws/src/MQP/install/inchworm_control/share/inchworm_control/package.dsv'
[16.706s] INFO:colcon.colcon_core.shell:Creating package script '/home/ubuntu/robot_ws/src/MQP/install/inchworm_control/share/inchworm_control/package.sh'
[16.708s] INFO:colcon.colcon_core.shell:Creating package script '/home/ubuntu/robot_ws/src/MQP/install/inchworm_control/share/inchworm_control/package.bash'
[16.710s] INFO:colcon.colcon_core.shell:Creating package script '/home/ubuntu/robot_ws/src/MQP/install/inchworm_control/share/inchworm_control/package.zsh'
[16.712s] Level 1:colcon.colcon_core.environment:create_file_with_runtime_dependencies(/home/ubuntu/robot_ws/src/MQP/install/inchworm_control/share/colcon-core/packages/inchworm_control)
[16.714s] DEBUG:colcon.colcon_parallel_executor.executor.parallel:closing loop
[16.715s] DEBUG:colcon.colcon_parallel_executor.executor.parallel:loop closed
[16.715s] DEBUG:colcon.colcon_parallel_executor.executor.parallel:run_until_complete finished with '0'
[16.715s] DEBUG:colcon.colcon_core.event_reactor:joining thread
[16.884s] INFO:colcon.colcon_core.plugin_system:Skipping extension 'colcon_notification.desktop_notification.terminal_notifier': Not used on non-Darwin systems
[16.884s] INFO:colcon.colcon_core.plugin_system:Skipping extension 'colcon_notification.desktop_notification.win32': Not used on non-Windows systems
[16.885s] INFO:colcon.colcon_notification.desktop_notification:Sending desktop notification using 'notify2'
