[0.918s] Invoking command in '/home/ubuntu/robot_ws/src/MQP/build/inchworm_control': CMAKE_PREFIX_PATH=${CMAKE_PREFIX_PATH}:/home/ubuntu/robot_ws/src/MQP/install/motor_control:/home/ubuntu/robot_ws/install/motor_control:/opt/ros/foxy /usr/bin/cmake --build /home/ubuntu/robot_ws/src/MQP/build/inchworm_control -- -j4 -l4
[1.158s] [  3%] Built target inchworm_control__cpp
[1.166s] [ 12%] Built target inchworm_control__rosidl_generator_c
[1.274s] [ 25%] Built target inchworm_control__rosidl_typesupport_cpp
[1.278s] [ 32%] Built target inchworm_control__rosidl_typesupport_introspection_c
[1.298s] [ 41%] Built target inchworm_control__rosidl_typesupport_introspection_cpp
[1.306s] [ 51%] Built target inchworm_control__rosidl_typesupport_fastrtps_cpp
[1.378s] [ 61%] Built target inchworm_control__rosidl_typesupport_c
[1.440s] [ 70%] Built target inchworm_control__rosidl_typesupport_fastrtps_c
[1.534s] [ 70%] Built target inchworm_control
[1.628s] [ 74%] Built target inchworm_control__py
[1.758s] [ 80%] Built target inchworm_control__python
[1.893s] [ 87%] Built target inchworm_control__rosidl_typesupport_c__pyext
[1.901s] [ 93%] Built target inchworm_control__rosidl_typesupport_introspection_c__pyext
[1.912s] [100%] Built target inchworm_control__rosidl_typesupport_fastrtps_c__pyext
[1.956s] Invoked command in '/home/ubuntu/robot_ws/src/MQP/build/inchworm_control' returned '0': CMAKE_PREFIX_PATH=${CMAKE_PREFIX_PATH}:/home/ubuntu/robot_ws/src/MQP/install/motor_control:/home/ubuntu/robot_ws/install/motor_control:/opt/ros/foxy /usr/bin/cmake --build /home/ubuntu/robot_ws/src/MQP/build/inchworm_control -- -j4 -l4
[2.337s] Invoking command in '/home/ubuntu/robot_ws/src/MQP/build/inchworm_control': CMAKE_PREFIX_PATH=${CMAKE_PREFIX_PATH}:/home/ubuntu/robot_ws/src/MQP/install/motor_control:/home/ubuntu/robot_ws/install/motor_control:/opt/ros/foxy /usr/bin/cmake --install /home/ubuntu/robot_ws/src/MQP/build/inchworm_control
[2.375s] -- Install configuration: ""
[2.375s] -- Up-to-date: /home/ubuntu/robot_ws/src/MQP/install/inchworm_control/share/ament_index/resource_index/rosidl_interfaces/inchworm_control
[2.376s] -- Up-to-date: /home/ubuntu/robot_ws/src/MQP/install/inchworm_control/include/inchworm_control
[2.376s] -- Up-to-date: /home/ubuntu/robot_ws/src/MQP/install/inchworm_control/include/inchworm_control/msg
[2.377s] -- Up-to-date: /home/ubuntu/robot_ws/src/MQP/install/inchworm_control/include/inchworm_control/msg/detail
[2.377s] -- Up-to-date: /home/ubuntu/robot_ws/src/MQP/install/inchworm_control/include/inchworm_control/msg/detail/thruple__functions.h
[2.378s] -- Up-to-date: /home/ubuntu/robot_ws/src/MQP/install/inchworm_control/include/inchworm_control/msg/detail/thruple__type_support.h
[2.378s] -- Up-to-date: /home/ubuntu/robot_ws/src/MQP/install/inchworm_control/include/inchworm_control/msg/detail/thruple__functions.c
[2.378s] -- Up-to-date: /home/ubuntu/robot_ws/src/MQP/install/inchworm_control/include/inchworm_control/msg/detail/thruple__struct.h
[2.379s] -- Up-to-date: /home/ubuntu/robot_ws/src/MQP/install/inchworm_control/include/inchworm_control/msg/rosidl_generator_c__visibility_control.h
[2.379s] -- Up-to-date: /home/ubuntu/robot_ws/src/MQP/install/inchworm_control/include/inchworm_control/msg/thruple.h
[2.380s] -- Up-to-date: /home/ubuntu/robot_ws/src/MQP/install/inchworm_control/share/inchworm_control/environment/library_path.sh
[2.380s] -- Up-to-date: /home/ubuntu/robot_ws/src/MQP/install/inchworm_control/share/inchworm_control/environment/library_path.dsv
[2.380s] -- Up-to-date: /home/ubuntu/robot_ws/src/MQP/install/inchworm_control/lib/libinchworm_control__rosidl_generator_c.so
[2.381s] -- Up-to-date: /home/ubuntu/robot_ws/src/MQP/install/inchworm_control/include/inchworm_control
[2.381s] -- Up-to-date: /home/ubuntu/robot_ws/src/MQP/install/inchworm_control/include/inchworm_control/msg
[2.382s] -- Up-to-date: /home/ubuntu/robot_ws/src/MQP/install/inchworm_control/include/inchworm_control/msg/rosidl_typesupport_fastrtps_c__visibility_control.h
[2.382s] -- Up-to-date: /home/ubuntu/robot_ws/src/MQP/install/inchworm_control/include/inchworm_control/msg/detail
[2.382s] -- Up-to-date: /home/ubuntu/robot_ws/src/MQP/install/inchworm_control/include/inchworm_control/msg/detail/thruple__rosidl_typesupport_fastrtps_c.h
[2.383s] -- Up-to-date: /home/ubuntu/robot_ws/src/MQP/install/inchworm_control/lib/libinchworm_control__rosidl_typesupport_fastrtps_c.so
[2.385s] -- Up-to-date: /home/ubuntu/robot_ws/src/MQP/install/inchworm_control/include/inchworm_control
[2.385s] -- Up-to-date: /home/ubuntu/robot_ws/src/MQP/install/inchworm_control/include/inchworm_control/msg
[2.386s] -- Up-to-date: /home/ubuntu/robot_ws/src/MQP/install/inchworm_control/include/inchworm_control/msg/rosidl_typesupport_fastrtps_cpp__visibility_control.h
[2.386s] -- Up-to-date: /home/ubuntu/robot_ws/src/MQP/install/inchworm_control/include/inchworm_control/msg/detail
[2.386s] -- Up-to-date: /home/ubuntu/robot_ws/src/MQP/install/inchworm_control/include/inchworm_control/msg/detail/dds_fastrtps
[2.387s] -- Up-to-date: /home/ubuntu/robot_ws/src/MQP/install/inchworm_control/include/inchworm_control/msg/detail/thruple__rosidl_typesupport_fastrtps_cpp.hpp
[2.388s] -- Up-to-date: /home/ubuntu/robot_ws/src/MQP/install/inchworm_control/lib/libinchworm_control__rosidl_typesupport_fastrtps_cpp.so
[2.389s] -- Up-to-date: /home/ubuntu/robot_ws/src/MQP/install/inchworm_control/include/inchworm_control
[2.389s] -- Up-to-date: /home/ubuntu/robot_ws/src/MQP/install/inchworm_control/include/inchworm_control/msg
[2.390s] -- Up-to-date: /home/ubuntu/robot_ws/src/MQP/install/inchworm_control/include/inchworm_control/msg/detail
[2.390s] -- Up-to-date: /home/ubuntu/robot_ws/src/MQP/install/inchworm_control/include/inchworm_control/msg/detail/thruple__rosidl_typesupport_introspection_c.h
[2.391s] -- Up-to-date: /home/ubuntu/robot_ws/src/MQP/install/inchworm_control/include/inchworm_control/msg/detail/thruple__type_support.c
[2.392s] -- Up-to-date: /home/ubuntu/robot_ws/src/MQP/install/inchworm_control/include/inchworm_control/msg/rosidl_typesupport_introspection_c__visibility_control.h
[2.392s] -- Up-to-date: /home/ubuntu/robot_ws/src/MQP/install/inchworm_control/lib/libinchworm_control__rosidl_typesupport_introspection_c.so
[2.394s] -- Up-to-date: /home/ubuntu/robot_ws/src/MQP/install/inchworm_control/lib/libinchworm_control__rosidl_typesupport_c.so
[2.395s] -- Up-to-date: /home/ubuntu/robot_ws/src/MQP/install/inchworm_control/include/inchworm_control
[2.395s] -- Up-to-date: /home/ubuntu/robot_ws/src/MQP/install/inchworm_control/include/inchworm_control/msg
[2.396s] -- Up-to-date: /home/ubuntu/robot_ws/src/MQP/install/inchworm_control/include/inchworm_control/msg/detail
[2.396s] -- Up-to-date: /home/ubuntu/robot_ws/src/MQP/install/inchworm_control/include/inchworm_control/msg/detail/thruple__builder.hpp
[2.397s] -- Up-to-date: /home/ubuntu/robot_ws/src/MQP/install/inchworm_control/include/inchworm_control/msg/detail/thruple__struct.hpp
[2.397s] -- Up-to-date: /home/ubuntu/robot_ws/src/MQP/install/inchworm_control/include/inchworm_control/msg/detail/thruple__type_support.hpp
[2.397s] -- Up-to-date: /home/ubuntu/robot_ws/src/MQP/install/inchworm_control/include/inchworm_control/msg/detail/thruple__traits.hpp
[2.398s] -- Up-to-date: /home/ubuntu/robot_ws/src/MQP/install/inchworm_control/include/inchworm_control/msg/rosidl_generator_cpp__visibility_control.hpp
[2.398s] -- Up-to-date: /home/ubuntu/robot_ws/src/MQP/install/inchworm_control/include/inchworm_control/msg/thruple.hpp
[2.399s] -- Up-to-date: /home/ubuntu/robot_ws/src/MQP/install/inchworm_control/include/inchworm_control
[2.399s] -- Up-to-date: /home/ubuntu/robot_ws/src/MQP/install/inchworm_control/include/inchworm_control/msg
[2.399s] -- Up-to-date: /home/ubuntu/robot_ws/src/MQP/install/inchworm_control/include/inchworm_control/msg/detail
[2.400s] -- Up-to-date: /home/ubuntu/robot_ws/src/MQP/install/inchworm_control/include/inchworm_control/msg/detail/thruple__rosidl_typesupport_introspection_cpp.hpp
[2.400s] -- Up-to-date: /home/ubuntu/robot_ws/src/MQP/install/inchworm_control/include/inchworm_control/msg/detail/thruple__type_support.cpp
[2.400s] -- Up-to-date: /home/ubuntu/robot_ws/src/MQP/install/inchworm_control/lib/libinchworm_control__rosidl_typesupport_introspection_cpp.so
[2.402s] -- Up-to-date: /home/ubuntu/robot_ws/src/MQP/install/inchworm_control/lib/libinchworm_control__rosidl_typesupport_cpp.so
[2.403s] -- Up-to-date: /home/ubuntu/robot_ws/src/MQP/install/inchworm_control/share/inchworm_control/environment/pythonpath.sh
[2.404s] -- Up-to-date: /home/ubuntu/robot_ws/src/MQP/install/inchworm_control/share/inchworm_control/environment/pythonpath.dsv
[2.404s] -- Installing: /home/ubuntu/robot_ws/src/MQP/install/inchworm_control/lib/python3.8/site-packages/inchworm_control/__init__.py
[2.534s] Compiling '/home/ubuntu/robot_ws/src/MQP/install/inchworm_control/lib/python3.8/site-packages/inchworm_control/__init__.py'...
[2.554s] -- Up-to-date: /home/ubuntu/robot_ws/src/MQP/install/inchworm_control/lib/python3.8/site-packages/inchworm_control/msg
[2.555s] -- Up-to-date: /home/ubuntu/robot_ws/src/MQP/install/inchworm_control/lib/python3.8/site-packages/inchworm_control/msg/_thruple_s.c
[2.555s] -- Up-to-date: /home/ubuntu/robot_ws/src/MQP/install/inchworm_control/lib/python3.8/site-packages/inchworm_control/msg/_thruple.py
[2.555s] -- Up-to-date: /home/ubuntu/robot_ws/src/MQP/install/inchworm_control/lib/python3.8/site-packages/inchworm_control/msg/__init__.py
[2.557s] -- Up-to-date: /home/ubuntu/robot_ws/src/MQP/install/inchworm_control/lib/python3.8/site-packages/inchworm_control/inchworm_control_s__rosidl_typesupport_fastrtps_c.cpython-38-aarch64-linux-gnu.so
[2.561s] -- Up-to-date: /home/ubuntu/robot_ws/src/MQP/install/inchworm_control/lib/python3.8/site-packages/inchworm_control/inchworm_control_s__rosidl_typesupport_introspection_c.cpython-38-aarch64-linux-gnu.so
[2.563s] -- Up-to-date: /home/ubuntu/robot_ws/src/MQP/install/inchworm_control/lib/python3.8/site-packages/inchworm_control/inchworm_control_s__rosidl_typesupport_c.cpython-38-aarch64-linux-gnu.so
[2.565s] -- Up-to-date: /home/ubuntu/robot_ws/src/MQP/install/inchworm_control/lib/libinchworm_control__python.so
[2.567s] -- Up-to-date: /home/ubuntu/robot_ws/src/MQP/install/inchworm_control/share/inchworm_control/msg/Thruple.idl
[2.567s] -- Up-to-date: /home/ubuntu/robot_ws/src/MQP/install/inchworm_control/share/inchworm_control/msg/Thruple.msg
[2.568s] -- Up-to-date: /home/ubuntu/robot_ws/src/MQP/install/inchworm_control/lib/python3.8/site-packages/inchworm_control
[2.568s] -- Up-to-date: /home/ubuntu/robot_ws/src/MQP/install/inchworm_control/lib/python3.8/site-packages/inchworm_control/motor_walking.py
[2.569s] -- Up-to-date: /home/ubuntu/robot_ws/src/MQP/install/inchworm_control/lib/python3.8/site-packages/inchworm_control/motor_controller.py
[2.569s] -- Up-to-date: /home/ubuntu/robot_ws/src/MQP/install/inchworm_control/lib/python3.8/site-packages/inchworm_control/msg
[2.570s] -- Up-to-date: /home/ubuntu/robot_ws/src/MQP/install/inchworm_control/lib/python3.8/site-packages/inchworm_control/msg/Thruple.msg
[2.570s] -- Up-to-date: /home/ubuntu/robot_ws/src/MQP/install/inchworm_control/lib/python3.8/site-packages/inchworm_control/motor_subscriber.py
[2.570s] -- Up-to-date: /home/ubuntu/robot_ws/src/MQP/install/inchworm_control/lib/python3.8/site-packages/inchworm_control/scripts
[2.571s] -- Up-to-date: /home/ubuntu/robot_ws/src/MQP/install/inchworm_control/lib/python3.8/site-packages/inchworm_control/scripts/movement_command.py
[2.571s] -- Up-to-date: /home/ubuntu/robot_ws/src/MQP/install/inchworm_control/lib/python3.8/site-packages/inchworm_control/log
[2.572s] -- Up-to-date: /home/ubuntu/robot_ws/src/MQP/install/inchworm_control/lib/python3.8/site-packages/inchworm_control/log/latest
[2.572s] -- Up-to-date: /home/ubuntu/robot_ws/src/MQP/install/inchworm_control/lib/python3.8/site-packages/inchworm_control/log/build_2023-11-15_15-40-00
[2.573s] -- Up-to-date: /home/ubuntu/robot_ws/src/MQP/install/inchworm_control/lib/python3.8/site-packages/inchworm_control/log/build_2023-11-15_15-40-00/logger_all.log
[2.573s] -- Up-to-date: /home/ubuntu/robot_ws/src/MQP/install/inchworm_control/lib/python3.8/site-packages/inchworm_control/log/build_2023-11-15_15-40-00/events.log
[2.573s] -- Up-to-date: /home/ubuntu/robot_ws/src/MQP/install/inchworm_control/lib/python3.8/site-packages/inchworm_control/log/COLCON_IGNORE
[2.574s] -- Up-to-date: /home/ubuntu/robot_ws/src/MQP/install/inchworm_control/lib/python3.8/site-packages/inchworm_control/log/latest_build
[2.574s] -- Up-to-date: /home/ubuntu/robot_ws/src/MQP/install/inchworm_control/lib/python3.8/site-packages/inchworm_control/log/build_2024-02-13_19-54-49
[2.575s] -- Up-to-date: /home/ubuntu/robot_ws/src/MQP/install/inchworm_control/lib/python3.8/site-packages/inchworm_control/log/build_2024-02-13_19-54-49/logger_all.log
[2.575s] -- Up-to-date: /home/ubuntu/robot_ws/src/MQP/install/inchworm_control/lib/python3.8/site-packages/inchworm_control/log/build_2024-02-13_19-54-49/events.log
[2.576s] -- Installing: /home/ubuntu/robot_ws/src/MQP/install/inchworm_control/lib/python3.8/site-packages/inchworm_control/ik.py
[2.576s] -- Up-to-date: /home/ubuntu/robot_ws/src/MQP/install/inchworm_control/lib/python3.8/site-packages/inchworm_control/install
[2.577s] -- Up-to-date: /home/ubuntu/robot_ws/src/MQP/install/inchworm_control/lib/python3.8/site-packages/inchworm_control/install/setup.bash
[2.577s] -- Up-to-date: /home/ubuntu/robot_ws/src/MQP/install/inchworm_control/lib/python3.8/site-packages/inchworm_control/install/setup.zsh
[2.578s] -- Up-to-date: /home/ubuntu/robot_ws/src/MQP/install/inchworm_control/lib/python3.8/site-packages/inchworm_control/install/setup.sh
[2.584s] -- Up-to-date: /home/ubuntu/robot_ws/src/MQP/install/inchworm_control/lib/python3.8/site-packages/inchworm_control/install/_local_setup_util_ps1.py
[2.584s] -- Up-to-date: /home/ubuntu/robot_ws/src/MQP/install/inchworm_control/lib/python3.8/site-packages/inchworm_control/install/COLCON_IGNORE
[2.585s] -- Up-to-date: /home/ubuntu/robot_ws/src/MQP/install/inchworm_control/lib/python3.8/site-packages/inchworm_control/install/.colcon_install_layout
[2.585s] -- Up-to-date: /home/ubuntu/robot_ws/src/MQP/install/inchworm_control/lib/python3.8/site-packages/inchworm_control/install/local_setup.bash
[2.586s] -- Up-to-date: /home/ubuntu/robot_ws/src/MQP/install/inchworm_control/lib/python3.8/site-packages/inchworm_control/install/local_setup.sh
[2.586s] -- Up-to-date: /home/ubuntu/robot_ws/src/MQP/install/inchworm_control/lib/python3.8/site-packages/inchworm_control/install/local_setup.zsh
[2.586s] -- Up-to-date: /home/ubuntu/robot_ws/src/MQP/install/inchworm_control/lib/python3.8/site-packages/inchworm_control/install/setup.ps1
[2.587s] -- Up-to-date: /home/ubuntu/robot_ws/src/MQP/install/inchworm_control/lib/python3.8/site-packages/inchworm_control/install/_local_setup_util_sh.py
[2.587s] -- Up-to-date: /home/ubuntu/robot_ws/src/MQP/install/inchworm_control/lib/python3.8/site-packages/inchworm_control/install/local_setup.ps1
[2.588s] -- Up-to-date: /home/ubuntu/robot_ws/src/MQP/install/inchworm_control/lib/python3.8/site-packages/inchworm_control/build
[2.588s] -- Up-to-date: /home/ubuntu/robot_ws/src/MQP/install/inchworm_control/lib/python3.8/site-packages/inchworm_control/build/COLCON_IGNORE
[2.588s] -- Up-to-date: /home/ubuntu/robot_ws/src/MQP/install/inchworm_control/lib/python3.8/site-packages/inchworm_control/build/.built_by
[2.589s] -- Up-to-date: /home/ubuntu/robot_ws/src/MQP/install/inchworm_control/lib/python3.8/site-packages/inchworm_control/lewansoul_servo_bus.py
[2.589s] -- Up-to-date: /home/ubuntu/robot_ws/src/MQP/install/inchworm_control/lib/python3.8/site-packages/inchworm_control/motor_publisher.py
[2.590s] -- Up-to-date: /home/ubuntu/robot_ws/src/MQP/install/inchworm_control/lib/python3.8/site-packages/inchworm_control/step_publisher.py
[2.590s] -- Installing: /home/ubuntu/robot_ws/src/MQP/install/inchworm_control/lib/python3.8/site-packages/inchworm_control/__init__.py
[2.722s] Listing '/home/ubuntu/robot_ws/src/MQP/install/inchworm_control/lib/python3.8/site-packages/inchworm_control'...
[2.723s] Compiling '/home/ubuntu/robot_ws/src/MQP/install/inchworm_control/lib/python3.8/site-packages/inchworm_control/__init__.py'...
[2.724s] Listing '/home/ubuntu/robot_ws/src/MQP/install/inchworm_control/lib/python3.8/site-packages/inchworm_control/build'...
[2.725s] Compiling '/home/ubuntu/robot_ws/src/MQP/install/inchworm_control/lib/python3.8/site-packages/inchworm_control/ik.py'...
[2.730s] Listing '/home/ubuntu/robot_ws/src/MQP/install/inchworm_control/lib/python3.8/site-packages/inchworm_control/install'...
[2.731s] Listing '/home/ubuntu/robot_ws/src/MQP/install/inchworm_control/lib/python3.8/site-packages/inchworm_control/lewansoul_servo_bus'...
[2.732s] Listing '/home/ubuntu/robot_ws/src/MQP/install/inchworm_control/lib/python3.8/site-packages/inchworm_control/log'...
[2.733s] Listing '/home/ubuntu/robot_ws/src/MQP/install/inchworm_control/lib/python3.8/site-packages/inchworm_control/log/build_2023-11-15_15-40-00'...
[2.734s] Listing '/home/ubuntu/robot_ws/src/MQP/install/inchworm_control/lib/python3.8/site-packages/inchworm_control/log/build_2024-02-13_19-54-49'...
[2.734s] Listing '/home/ubuntu/robot_ws/src/MQP/install/inchworm_control/lib/python3.8/site-packages/inchworm_control/msg'...
[2.736s] Listing '/home/ubuntu/robot_ws/src/MQP/install/inchworm_control/lib/python3.8/site-packages/inchworm_control/scripts'...
[2.744s] -- Up-to-date: /home/ubuntu/robot_ws/src/MQP/install/inchworm_control/lib/inchworm_control/motor_controller.py
[2.745s] -- Up-to-date: /home/ubuntu/robot_ws/src/MQP/install/inchworm_control/lib/inchworm_control/motor_walking.py
[2.745s] -- Up-to-date: /home/ubuntu/robot_ws/src/MQP/install/inchworm_control/lib/inchworm_control/motor_publisher.py
[2.746s] -- Up-to-date: /home/ubuntu/robot_ws/src/MQP/install/inchworm_control/lib/inchworm_control/step_publisher.py
[2.747s] -- Up-to-date: /home/ubuntu/robot_ws/src/MQP/install/inchworm_control/share/inchworm_control/urdf
[2.747s] -- Up-to-date: /home/ubuntu/robot_ws/src/MQP/install/inchworm_control/share/inchworm_control/urdf/one_inchworm.urdf
[2.748s] -- Up-to-date: /home/ubuntu/robot_ws/src/MQP/install/inchworm_control/share/inchworm_control/urdf/r2d2.rviz
[2.748s] -- Up-to-date: /home/ubuntu/robot_ws/src/MQP/install/inchworm_control/share/ament_index/resource_index/package_run_dependencies/inchworm_control
[2.749s] -- Up-to-date: /home/ubuntu/robot_ws/src/MQP/install/inchworm_control/share/ament_index/resource_index/parent_prefix_path/inchworm_control
[2.749s] -- Up-to-date: /home/ubuntu/robot_ws/src/MQP/install/inchworm_control/share/inchworm_control/environment/ament_prefix_path.sh
[2.750s] -- Up-to-date: /home/ubuntu/robot_ws/src/MQP/install/inchworm_control/share/inchworm_control/environment/ament_prefix_path.dsv
[2.750s] -- Up-to-date: /home/ubuntu/robot_ws/src/MQP/install/inchworm_control/share/inchworm_control/environment/path.sh
[2.751s] -- Up-to-date: /home/ubuntu/robot_ws/src/MQP/install/inchworm_control/share/inchworm_control/environment/path.dsv
[2.751s] -- Up-to-date: /home/ubuntu/robot_ws/src/MQP/install/inchworm_control/share/inchworm_control/local_setup.bash
[2.752s] -- Up-to-date: /home/ubuntu/robot_ws/src/MQP/install/inchworm_control/share/inchworm_control/local_setup.sh
[2.752s] -- Up-to-date: /home/ubuntu/robot_ws/src/MQP/install/inchworm_control/share/inchworm_control/local_setup.zsh
[2.753s] -- Up-to-date: /home/ubuntu/robot_ws/src/MQP/install/inchworm_control/share/inchworm_control/local_setup.dsv
[2.753s] -- Installing: /home/ubuntu/robot_ws/src/MQP/install/inchworm_control/share/inchworm_control/package.dsv
[2.754s] -- Up-to-date: /home/ubuntu/robot_ws/src/MQP/install/inchworm_control/share/ament_index/resource_index/packages/inchworm_control
[2.754s] -- Up-to-date: /home/ubuntu/robot_ws/src/MQP/install/inchworm_control/share/inchworm_control/cmake/inchworm_control__rosidl_generator_cExport.cmake
[2.754s] -- Up-to-date: /home/ubuntu/robot_ws/src/MQP/install/inchworm_control/share/inchworm_control/cmake/inchworm_control__rosidl_generator_cExport-noconfig.cmake
[2.755s] -- Up-to-date: /home/ubuntu/robot_ws/src/MQP/install/inchworm_control/share/inchworm_control/cmake/inchworm_control__rosidl_typesupport_introspection_cExport.cmake
[2.755s] -- Up-to-date: /home/ubuntu/robot_ws/src/MQP/install/inchworm_control/share/inchworm_control/cmake/inchworm_control__rosidl_typesupport_introspection_cExport-noconfig.cmake
[2.756s] -- Up-to-date: /home/ubuntu/robot_ws/src/MQP/install/inchworm_control/share/inchworm_control/cmake/inchworm_control__rosidl_typesupport_cExport.cmake
[2.757s] -- Up-to-date: /home/ubuntu/robot_ws/src/MQP/install/inchworm_control/share/inchworm_control/cmake/inchworm_control__rosidl_typesupport_cExport-noconfig.cmake
[2.758s] -- Up-to-date: /home/ubuntu/robot_ws/src/MQP/install/inchworm_control/share/inchworm_control/cmake/inchworm_control__rosidl_generator_cppExport.cmake
[2.759s] -- Up-to-date: /home/ubuntu/robot_ws/src/MQP/install/inchworm_control/share/inchworm_control/cmake/inchworm_control__rosidl_typesupport_introspection_cppExport.cmake
[2.760s] -- Up-to-date: /home/ubuntu/robot_ws/src/MQP/install/inchworm_control/share/inchworm_control/cmake/inchworm_control__rosidl_typesupport_introspection_cppExport-noconfig.cmake
[2.761s] -- Up-to-date: /home/ubuntu/robot_ws/src/MQP/install/inchworm_control/share/inchworm_control/cmake/inchworm_control__rosidl_typesupport_cppExport.cmake
[2.772s] -- Up-to-date: /home/ubuntu/robot_ws/src/MQP/install/inchworm_control/share/inchworm_control/cmake/inchworm_control__rosidl_typesupport_cppExport-noconfig.cmake
[2.779s] -- Up-to-date: /home/ubuntu/robot_ws/src/MQP/install/inchworm_control/share/inchworm_control/cmake/rosidl_cmake-extras.cmake
[2.779s] -- Up-to-date: /home/ubuntu/robot_ws/src/MQP/install/inchworm_control/share/inchworm_control/cmake/ament_cmake_export_dependencies-extras.cmake
[2.780s] -- Up-to-date: /home/ubuntu/robot_ws/src/MQP/install/inchworm_control/share/inchworm_control/cmake/ament_cmake_export_libraries-extras.cmake
[2.780s] -- Up-to-date: /home/ubuntu/robot_ws/src/MQP/install/inchworm_control/share/inchworm_control/cmake/ament_cmake_export_targets-extras.cmake
[2.780s] -- Up-to-date: /home/ubuntu/robot_ws/src/MQP/install/inchworm_control/share/inchworm_control/cmake/ament_cmake_export_include_directories-extras.cmake
[2.780s] -- Up-to-date: /home/ubuntu/robot_ws/src/MQP/install/inchworm_control/share/inchworm_control/cmake/rosidl_cmake_export_typesupport_libraries-extras.cmake
[2.781s] -- Up-to-date: /home/ubuntu/robot_ws/src/MQP/install/inchworm_control/share/inchworm_control/cmake/rosidl_cmake_export_typesupport_targets-extras.cmake
[2.781s] -- Up-to-date: /home/ubuntu/robot_ws/src/MQP/install/inchworm_control/share/inchworm_control/cmake/inchworm_controlConfig.cmake
[2.782s] -- Up-to-date: /home/ubuntu/robot_ws/src/MQP/install/inchworm_control/share/inchworm_control/cmake/inchworm_controlConfig-version.cmake
[2.782s] -- Up-to-date: /home/ubuntu/robot_ws/src/MQP/install/inchworm_control/share/inchworm_control/package.xml
[2.783s] Invoked command in '/home/ubuntu/robot_ws/src/MQP/build/inchworm_control' returned '0': CMAKE_PREFIX_PATH=${CMAKE_PREFIX_PATH}:/home/ubuntu/robot_ws/src/MQP/install/motor_control:/home/ubuntu/robot_ws/install/motor_control:/opt/ros/foxy /usr/bin/cmake --install /home/ubuntu/robot_ws/src/MQP/build/inchworm_control
