[1.015s] Invoking command in '/home/ubuntu/robot_ws/src/MQP/inchworm_control/build/inchworm_control': CMAKE_PREFIX_PATH=${CMAKE_PREFIX_PATH}:/home/ubuntu/robot_ws/install/motor_control:/opt/ros/foxy /usr/bin/cmake --build /home/ubuntu/robot_ws/src/MQP/inchworm_control/build/inchworm_control -- -j4 -l4
[1.253s] [  2%] Built target inchworm_control__cpp
[1.268s] [ 12%] Built target inchworm_control__rosidl_generator_c
[1.381s] [ 23%] Built target inchworm_control__rosidl_typesupport_introspection_cpp
[1.382s] [ 33%] Built target inchworm_control__rosidl_typesupport_cpp
[1.390s] [ 43%] Built target inchworm_control__rosidl_typesupport_introspection_c
[1.418s] [ 53%] Built target inchworm_control__rosidl_typesupport_fastrtps_cpp
[1.488s] [ 64%] Built target inchworm_control__rosidl_typesupport_c
[1.554s] [ 74%] Built target inchworm_control__rosidl_typesupport_fastrtps_c
[1.645s] [ 74%] Built target inchworm_control
[1.737s] [ 76%] Built target inchworm_control__py
[1.872s] [ 84%] Built target inchworm_control__python
[2.012s] [ 89%] Built target inchworm_control__rosidl_typesupport_c__pyext
[2.023s] [ 94%] Built target inchworm_control__rosidl_typesupport_introspection_c__pyext
[2.024s] [100%] Built target inchworm_control__rosidl_typesupport_fastrtps_c__pyext
[2.073s] Invoked command in '/home/ubuntu/robot_ws/src/MQP/inchworm_control/build/inchworm_control' returned '0': CMAKE_PREFIX_PATH=${CMAKE_PREFIX_PATH}:/home/ubuntu/robot_ws/install/motor_control:/opt/ros/foxy /usr/bin/cmake --build /home/ubuntu/robot_ws/src/MQP/inchworm_control/build/inchworm_control -- -j4 -l4
[2.573s] Invoking command in '/home/ubuntu/robot_ws/src/MQP/inchworm_control/build/inchworm_control': CMAKE_PREFIX_PATH=${CMAKE_PREFIX_PATH}:/home/ubuntu/robot_ws/install/motor_control:/opt/ros/foxy /usr/bin/cmake --install /home/ubuntu/robot_ws/src/MQP/inchworm_control/build/inchworm_control
[2.608s] -- Install configuration: ""
[2.609s] -- Up-to-date: /home/ubuntu/robot_ws/src/MQP/inchworm_control/install/inchworm_control/share/ament_index/resource_index/rosidl_interfaces/inchworm_control
[2.609s] -- Up-to-date: /home/ubuntu/robot_ws/src/MQP/inchworm_control/install/inchworm_control/include/inchworm_control
[2.610s] -- Up-to-date: /home/ubuntu/robot_ws/src/MQP/inchworm_control/install/inchworm_control/include/inchworm_control/msg
[2.610s] -- Up-to-date: /home/ubuntu/robot_ws/src/MQP/inchworm_control/install/inchworm_control/include/inchworm_control/msg/detail
[2.611s] -- Up-to-date: /home/ubuntu/robot_ws/src/MQP/inchworm_control/install/inchworm_control/include/inchworm_control/msg/detail/tuple__functions.h
[2.611s] -- Up-to-date: /home/ubuntu/robot_ws/src/MQP/inchworm_control/install/inchworm_control/include/inchworm_control/msg/detail/thruple__functions.h
[2.612s] -- Up-to-date: /home/ubuntu/robot_ws/src/MQP/inchworm_control/install/inchworm_control/include/inchworm_control/msg/detail/tuple__type_support.h
[2.612s] -- Up-to-date: /home/ubuntu/robot_ws/src/MQP/inchworm_control/install/inchworm_control/include/inchworm_control/msg/detail/thruple__type_support.h
[2.612s] -- Up-to-date: /home/ubuntu/robot_ws/src/MQP/inchworm_control/install/inchworm_control/include/inchworm_control/msg/detail/tuple__struct.h
[2.613s] -- Up-to-date: /home/ubuntu/robot_ws/src/MQP/inchworm_control/install/inchworm_control/include/inchworm_control/msg/detail/tuple__functions.c
[2.613s] -- Up-to-date: /home/ubuntu/robot_ws/src/MQP/inchworm_control/install/inchworm_control/include/inchworm_control/msg/detail/thruple__functions.c
[2.614s] -- Up-to-date: /home/ubuntu/robot_ws/src/MQP/inchworm_control/install/inchworm_control/include/inchworm_control/msg/detail/thruple__struct.h
[2.614s] -- Up-to-date: /home/ubuntu/robot_ws/src/MQP/inchworm_control/install/inchworm_control/include/inchworm_control/msg/rosidl_generator_c__visibility_control.h
[2.614s] -- Up-to-date: /home/ubuntu/robot_ws/src/MQP/inchworm_control/install/inchworm_control/include/inchworm_control/msg/tuple.h
[2.615s] -- Up-to-date: /home/ubuntu/robot_ws/src/MQP/inchworm_control/install/inchworm_control/include/inchworm_control/msg/thruple.h
[2.615s] -- Up-to-date: /home/ubuntu/robot_ws/src/MQP/inchworm_control/install/inchworm_control/share/inchworm_control/environment/library_path.sh
[2.615s] -- Up-to-date: /home/ubuntu/robot_ws/src/MQP/inchworm_control/install/inchworm_control/share/inchworm_control/environment/library_path.dsv
[2.616s] -- Up-to-date: /home/ubuntu/robot_ws/src/MQP/inchworm_control/install/inchworm_control/lib/libinchworm_control__rosidl_generator_c.so
[2.616s] -- Up-to-date: /home/ubuntu/robot_ws/src/MQP/inchworm_control/install/inchworm_control/include/inchworm_control
[2.617s] -- Up-to-date: /home/ubuntu/robot_ws/src/MQP/inchworm_control/install/inchworm_control/include/inchworm_control/msg
[2.617s] -- Up-to-date: /home/ubuntu/robot_ws/src/MQP/inchworm_control/install/inchworm_control/include/inchworm_control/msg/rosidl_typesupport_fastrtps_c__visibility_control.h
[2.618s] -- Up-to-date: /home/ubuntu/robot_ws/src/MQP/inchworm_control/install/inchworm_control/include/inchworm_control/msg/detail
[2.618s] -- Up-to-date: /home/ubuntu/robot_ws/src/MQP/inchworm_control/install/inchworm_control/include/inchworm_control/msg/detail/tuple__rosidl_typesupport_fastrtps_c.h
[2.618s] -- Up-to-date: /home/ubuntu/robot_ws/src/MQP/inchworm_control/install/inchworm_control/include/inchworm_control/msg/detail/thruple__rosidl_typesupport_fastrtps_c.h
[2.620s] -- Up-to-date: /home/ubuntu/robot_ws/src/MQP/inchworm_control/install/inchworm_control/lib/libinchworm_control__rosidl_typesupport_fastrtps_c.so
[2.621s] -- Up-to-date: /home/ubuntu/robot_ws/src/MQP/inchworm_control/install/inchworm_control/include/inchworm_control
[2.621s] -- Up-to-date: /home/ubuntu/robot_ws/src/MQP/inchworm_control/install/inchworm_control/include/inchworm_control/msg
[2.622s] -- Up-to-date: /home/ubuntu/robot_ws/src/MQP/inchworm_control/install/inchworm_control/include/inchworm_control/msg/rosidl_typesupport_fastrtps_cpp__visibility_control.h
[2.622s] -- Up-to-date: /home/ubuntu/robot_ws/src/MQP/inchworm_control/install/inchworm_control/include/inchworm_control/msg/detail
[2.622s] -- Up-to-date: /home/ubuntu/robot_ws/src/MQP/inchworm_control/install/inchworm_control/include/inchworm_control/msg/detail/dds_fastrtps
[2.623s] -- Up-to-date: /home/ubuntu/robot_ws/src/MQP/inchworm_control/install/inchworm_control/include/inchworm_control/msg/detail/thruple__rosidl_typesupport_fastrtps_cpp.hpp
[2.623s] -- Up-to-date: /home/ubuntu/robot_ws/src/MQP/inchworm_control/install/inchworm_control/include/inchworm_control/msg/detail/tuple__rosidl_typesupport_fastrtps_cpp.hpp
[2.624s] -- Up-to-date: /home/ubuntu/robot_ws/src/MQP/inchworm_control/install/inchworm_control/lib/libinchworm_control__rosidl_typesupport_fastrtps_cpp.so
[2.627s] -- Up-to-date: /home/ubuntu/robot_ws/src/MQP/inchworm_control/install/inchworm_control/include/inchworm_control
[2.627s] -- Up-to-date: /home/ubuntu/robot_ws/src/MQP/inchworm_control/install/inchworm_control/include/inchworm_control/msg
[2.628s] -- Up-to-date: /home/ubuntu/robot_ws/src/MQP/inchworm_control/install/inchworm_control/include/inchworm_control/msg/detail
[2.628s] -- Up-to-date: /home/ubuntu/robot_ws/src/MQP/inchworm_control/install/inchworm_control/include/inchworm_control/msg/detail/thruple__rosidl_typesupport_introspection_c.h
[2.628s] -- Up-to-date: /home/ubuntu/robot_ws/src/MQP/inchworm_control/install/inchworm_control/include/inchworm_control/msg/detail/tuple__type_support.c
[2.629s] -- Up-to-date: /home/ubuntu/robot_ws/src/MQP/inchworm_control/install/inchworm_control/include/inchworm_control/msg/detail/thruple__type_support.c
[2.629s] -- Up-to-date: /home/ubuntu/robot_ws/src/MQP/inchworm_control/install/inchworm_control/include/inchworm_control/msg/detail/tuple__rosidl_typesupport_introspection_c.h
[2.630s] -- Up-to-date: /home/ubuntu/robot_ws/src/MQP/inchworm_control/install/inchworm_control/include/inchworm_control/msg/rosidl_typesupport_introspection_c__visibility_control.h
[2.630s] -- Up-to-date: /home/ubuntu/robot_ws/src/MQP/inchworm_control/install/inchworm_control/lib/libinchworm_control__rosidl_typesupport_introspection_c.so
[2.632s] -- Up-to-date: /home/ubuntu/robot_ws/src/MQP/inchworm_control/install/inchworm_control/lib/libinchworm_control__rosidl_typesupport_c.so
[2.634s] -- Up-to-date: /home/ubuntu/robot_ws/src/MQP/inchworm_control/install/inchworm_control/include/inchworm_control
[2.635s] -- Up-to-date: /home/ubuntu/robot_ws/src/MQP/inchworm_control/install/inchworm_control/include/inchworm_control/msg
[2.637s] -- Up-to-date: /home/ubuntu/robot_ws/src/MQP/inchworm_control/install/inchworm_control/include/inchworm_control/msg/detail
[2.638s] -- Up-to-date: /home/ubuntu/robot_ws/src/MQP/inchworm_control/install/inchworm_control/include/inchworm_control/msg/detail/thruple__builder.hpp
[2.638s] -- Up-to-date: /home/ubuntu/robot_ws/src/MQP/inchworm_control/install/inchworm_control/include/inchworm_control/msg/detail/thruple__struct.hpp
[2.638s] -- Up-to-date: /home/ubuntu/robot_ws/src/MQP/inchworm_control/install/inchworm_control/include/inchworm_control/msg/detail/tuple__type_support.hpp
[2.639s] -- Up-to-date: /home/ubuntu/robot_ws/src/MQP/inchworm_control/install/inchworm_control/include/inchworm_control/msg/detail/tuple__traits.hpp
[2.639s] -- Up-to-date: /home/ubuntu/robot_ws/src/MQP/inchworm_control/install/inchworm_control/include/inchworm_control/msg/detail/thruple__type_support.hpp
[2.640s] -- Up-to-date: /home/ubuntu/robot_ws/src/MQP/inchworm_control/install/inchworm_control/include/inchworm_control/msg/detail/tuple__builder.hpp
[2.640s] -- Up-to-date: /home/ubuntu/robot_ws/src/MQP/inchworm_control/install/inchworm_control/include/inchworm_control/msg/detail/tuple__struct.hpp
[2.640s] -- Up-to-date: /home/ubuntu/robot_ws/src/MQP/inchworm_control/install/inchworm_control/include/inchworm_control/msg/detail/thruple__traits.hpp
[2.641s] -- Up-to-date: /home/ubuntu/robot_ws/src/MQP/inchworm_control/install/inchworm_control/include/inchworm_control/msg/rosidl_generator_cpp__visibility_control.hpp
[2.641s] -- Up-to-date: /home/ubuntu/robot_ws/src/MQP/inchworm_control/install/inchworm_control/include/inchworm_control/msg/tuple.hpp
[2.641s] -- Up-to-date: /home/ubuntu/robot_ws/src/MQP/inchworm_control/install/inchworm_control/include/inchworm_control/msg/thruple.hpp
[2.642s] -- Up-to-date: /home/ubuntu/robot_ws/src/MQP/inchworm_control/install/inchworm_control/include/inchworm_control
[2.642s] -- Up-to-date: /home/ubuntu/robot_ws/src/MQP/inchworm_control/install/inchworm_control/include/inchworm_control/msg
[2.642s] -- Up-to-date: /home/ubuntu/robot_ws/src/MQP/inchworm_control/install/inchworm_control/include/inchworm_control/msg/detail
[2.643s] -- Up-to-date: /home/ubuntu/robot_ws/src/MQP/inchworm_control/install/inchworm_control/include/inchworm_control/msg/detail/tuple__rosidl_typesupport_introspection_cpp.hpp
[2.643s] -- Up-to-date: /home/ubuntu/robot_ws/src/MQP/inchworm_control/install/inchworm_control/include/inchworm_control/msg/detail/thruple__rosidl_typesupport_introspection_cpp.hpp
[2.643s] -- Up-to-date: /home/ubuntu/robot_ws/src/MQP/inchworm_control/install/inchworm_control/include/inchworm_control/msg/detail/thruple__type_support.cpp
[2.644s] -- Up-to-date: /home/ubuntu/robot_ws/src/MQP/inchworm_control/install/inchworm_control/include/inchworm_control/msg/detail/tuple__type_support.cpp
[2.644s] -- Up-to-date: /home/ubuntu/robot_ws/src/MQP/inchworm_control/install/inchworm_control/lib/libinchworm_control__rosidl_typesupport_introspection_cpp.so
[2.645s] -- Up-to-date: /home/ubuntu/robot_ws/src/MQP/inchworm_control/install/inchworm_control/lib/libinchworm_control__rosidl_typesupport_cpp.so
[2.645s] -- Up-to-date: /home/ubuntu/robot_ws/src/MQP/inchworm_control/install/inchworm_control/share/inchworm_control/environment/pythonpath.sh
[2.645s] -- Up-to-date: /home/ubuntu/robot_ws/src/MQP/inchworm_control/install/inchworm_control/share/inchworm_control/environment/pythonpath.dsv
[2.646s] -- Installing: /home/ubuntu/robot_ws/src/MQP/inchworm_control/install/inchworm_control/lib/python3.8/site-packages/inchworm_control/__init__.py
[2.780s] Compiling '/home/ubuntu/robot_ws/src/MQP/inchworm_control/install/inchworm_control/lib/python3.8/site-packages/inchworm_control/__init__.py'...
[2.802s] -- Up-to-date: /home/ubuntu/robot_ws/src/MQP/inchworm_control/install/inchworm_control/lib/python3.8/site-packages/inchworm_control/msg
[2.802s] -- Up-to-date: /home/ubuntu/robot_ws/src/MQP/inchworm_control/install/inchworm_control/lib/python3.8/site-packages/inchworm_control/msg/_tuple_s.c
[2.802s] -- Up-to-date: /home/ubuntu/robot_ws/src/MQP/inchworm_control/install/inchworm_control/lib/python3.8/site-packages/inchworm_control/msg/_tuple.py
[2.803s] -- Up-to-date: /home/ubuntu/robot_ws/src/MQP/inchworm_control/install/inchworm_control/lib/python3.8/site-packages/inchworm_control/msg/_thruple_s.c
[2.803s] -- Up-to-date: /home/ubuntu/robot_ws/src/MQP/inchworm_control/install/inchworm_control/lib/python3.8/site-packages/inchworm_control/msg/_thruple.py
[2.804s] -- Up-to-date: /home/ubuntu/robot_ws/src/MQP/inchworm_control/install/inchworm_control/lib/python3.8/site-packages/inchworm_control/msg/__init__.py
[2.805s] -- Up-to-date: /home/ubuntu/robot_ws/src/MQP/inchworm_control/install/inchworm_control/lib/python3.8/site-packages/inchworm_control/inchworm_control_s__rosidl_typesupport_fastrtps_c.cpython-38-aarch64-linux-gnu.so
[2.808s] -- Up-to-date: /home/ubuntu/robot_ws/src/MQP/inchworm_control/install/inchworm_control/lib/python3.8/site-packages/inchworm_control/inchworm_control_s__rosidl_typesupport_introspection_c.cpython-38-aarch64-linux-gnu.so
[2.811s] -- Up-to-date: /home/ubuntu/robot_ws/src/MQP/inchworm_control/install/inchworm_control/lib/python3.8/site-packages/inchworm_control/inchworm_control_s__rosidl_typesupport_c.cpython-38-aarch64-linux-gnu.so
[2.813s] -- Up-to-date: /home/ubuntu/robot_ws/src/MQP/inchworm_control/install/inchworm_control/lib/libinchworm_control__python.so
[2.814s] -- Up-to-date: /home/ubuntu/robot_ws/src/MQP/inchworm_control/install/inchworm_control/share/inchworm_control/msg/Thruple.idl
[2.815s] -- Up-to-date: /home/ubuntu/robot_ws/src/MQP/inchworm_control/install/inchworm_control/share/inchworm_control/msg/Tuple.idl
[2.815s] -- Up-to-date: /home/ubuntu/robot_ws/src/MQP/inchworm_control/install/inchworm_control/share/inchworm_control/msg/Thruple.msg
[2.816s] -- Up-to-date: /home/ubuntu/robot_ws/src/MQP/inchworm_control/install/inchworm_control/share/inchworm_control/msg/Tuple.msg
[2.816s] -- Up-to-date: /home/ubuntu/robot_ws/src/MQP/inchworm_control/install/inchworm_control/lib/python3.8/site-packages/inchworm_control
[2.817s] -- Up-to-date: /home/ubuntu/robot_ws/src/MQP/inchworm_control/install/inchworm_control/lib/python3.8/site-packages/inchworm_control/motor_walking.py
[2.817s] -- Installing: /home/ubuntu/robot_ws/src/MQP/inchworm_control/install/inchworm_control/lib/python3.8/site-packages/inchworm_control/motor_controller.py
[2.818s] -- Up-to-date: /home/ubuntu/robot_ws/src/MQP/inchworm_control/install/inchworm_control/lib/python3.8/site-packages/inchworm_control/msg
[2.818s] -- Up-to-date: /home/ubuntu/robot_ws/src/MQP/inchworm_control/install/inchworm_control/lib/python3.8/site-packages/inchworm_control/msg/Thruple.msg
[2.819s] -- Up-to-date: /home/ubuntu/robot_ws/src/MQP/inchworm_control/install/inchworm_control/lib/python3.8/site-packages/inchworm_control/msg/Tuple.msg
[2.819s] -- Up-to-date: /home/ubuntu/robot_ws/src/MQP/inchworm_control/install/inchworm_control/lib/python3.8/site-packages/inchworm_control/motor_subscriber.py
[2.820s] -- Up-to-date: /home/ubuntu/robot_ws/src/MQP/inchworm_control/install/inchworm_control/lib/python3.8/site-packages/inchworm_control/log
[2.820s] -- Up-to-date: /home/ubuntu/robot_ws/src/MQP/inchworm_control/install/inchworm_control/lib/python3.8/site-packages/inchworm_control/log/latest
[2.821s] -- Up-to-date: /home/ubuntu/robot_ws/src/MQP/inchworm_control/install/inchworm_control/lib/python3.8/site-packages/inchworm_control/log/build_2024-03-28_22-48-05
[2.821s] -- Up-to-date: /home/ubuntu/robot_ws/src/MQP/inchworm_control/install/inchworm_control/lib/python3.8/site-packages/inchworm_control/log/build_2024-03-28_22-48-05/logger_all.log
[2.821s] -- Up-to-date: /home/ubuntu/robot_ws/src/MQP/inchworm_control/install/inchworm_control/lib/python3.8/site-packages/inchworm_control/log/build_2024-03-28_22-48-05/events.log
[2.822s] -- Up-to-date: /home/ubuntu/robot_ws/src/MQP/inchworm_control/install/inchworm_control/lib/python3.8/site-packages/inchworm_control/log/build_2023-11-15_15-40-00
[2.822s] -- Up-to-date: /home/ubuntu/robot_ws/src/MQP/inchworm_control/install/inchworm_control/lib/python3.8/site-packages/inchworm_control/log/build_2023-11-15_15-40-00/logger_all.log
[2.823s] -- Up-to-date: /home/ubuntu/robot_ws/src/MQP/inchworm_control/install/inchworm_control/lib/python3.8/site-packages/inchworm_control/log/build_2023-11-15_15-40-00/events.log
[2.823s] -- Up-to-date: /home/ubuntu/robot_ws/src/MQP/inchworm_control/install/inchworm_control/lib/python3.8/site-packages/inchworm_control/log/COLCON_IGNORE
[2.823s] -- Up-to-date: /home/ubuntu/robot_ws/src/MQP/inchworm_control/install/inchworm_control/lib/python3.8/site-packages/inchworm_control/log/build_2024-03-28_22-48-38
[2.824s] -- Up-to-date: /home/ubuntu/robot_ws/src/MQP/inchworm_control/install/inchworm_control/lib/python3.8/site-packages/inchworm_control/log/build_2024-03-28_22-48-38/logger_all.log
[2.824s] -- Up-to-date: /home/ubuntu/robot_ws/src/MQP/inchworm_control/install/inchworm_control/lib/python3.8/site-packages/inchworm_control/log/build_2024-03-28_22-48-38/events.log
[2.825s] -- Up-to-date: /home/ubuntu/robot_ws/src/MQP/inchworm_control/install/inchworm_control/lib/python3.8/site-packages/inchworm_control/log/latest_build
[2.825s] -- Up-to-date: /home/ubuntu/robot_ws/src/MQP/inchworm_control/install/inchworm_control/lib/python3.8/site-packages/inchworm_control/log/build_2024-02-13_19-54-49
[2.827s] -- Up-to-date: /home/ubuntu/robot_ws/src/MQP/inchworm_control/install/inchworm_control/lib/python3.8/site-packages/inchworm_control/log/build_2024-02-13_19-54-49/logger_all.log
[2.827s] -- Up-to-date: /home/ubuntu/robot_ws/src/MQP/inchworm_control/install/inchworm_control/lib/python3.8/site-packages/inchworm_control/log/build_2024-02-13_19-54-49/events.log
[2.828s] -- Up-to-date: /home/ubuntu/robot_ws/src/MQP/inchworm_control/install/inchworm_control/lib/python3.8/site-packages/inchworm_control/ik.py
[2.828s] -- Up-to-date: /home/ubuntu/robot_ws/src/MQP/inchworm_control/install/inchworm_control/lib/python3.8/site-packages/inchworm_control/install
[2.828s] -- Up-to-date: /home/ubuntu/robot_ws/src/MQP/inchworm_control/install/inchworm_control/lib/python3.8/site-packages/inchworm_control/install/setup.bash
[2.829s] -- Up-to-date: /home/ubuntu/robot_ws/src/MQP/inchworm_control/install/inchworm_control/lib/python3.8/site-packages/inchworm_control/install/setup.zsh
[2.829s] -- Up-to-date: /home/ubuntu/robot_ws/src/MQP/inchworm_control/install/inchworm_control/lib/python3.8/site-packages/inchworm_control/install/setup.sh
[2.829s] -- Up-to-date: /home/ubuntu/robot_ws/src/MQP/inchworm_control/install/inchworm_control/lib/python3.8/site-packages/inchworm_control/install/_local_setup_util_ps1.py
[2.830s] -- Up-to-date: /home/ubuntu/robot_ws/src/MQP/inchworm_control/install/inchworm_control/lib/python3.8/site-packages/inchworm_control/install/COLCON_IGNORE
[2.830s] -- Up-to-date: /home/ubuntu/robot_ws/src/MQP/inchworm_control/install/inchworm_control/lib/python3.8/site-packages/inchworm_control/install/.colcon_install_layout
[2.830s] -- Up-to-date: /home/ubuntu/robot_ws/src/MQP/inchworm_control/install/inchworm_control/lib/python3.8/site-packages/inchworm_control/install/local_setup.bash
[2.831s] -- Up-to-date: /home/ubuntu/robot_ws/src/MQP/inchworm_control/install/inchworm_control/lib/python3.8/site-packages/inchworm_control/install/local_setup.sh
[2.832s] -- Up-to-date: /home/ubuntu/robot_ws/src/MQP/inchworm_control/install/inchworm_control/lib/python3.8/site-packages/inchworm_control/install/local_setup.zsh
[2.833s] -- Up-to-date: /home/ubuntu/robot_ws/src/MQP/inchworm_control/install/inchworm_control/lib/python3.8/site-packages/inchworm_control/install/setup.ps1
[2.833s] -- Up-to-date: /home/ubuntu/robot_ws/src/MQP/inchworm_control/install/inchworm_control/lib/python3.8/site-packages/inchworm_control/install/_local_setup_util_sh.py
[2.833s] -- Up-to-date: /home/ubuntu/robot_ws/src/MQP/inchworm_control/install/inchworm_control/lib/python3.8/site-packages/inchworm_control/install/local_setup.ps1
[2.834s] -- Up-to-date: /home/ubuntu/robot_ws/src/MQP/inchworm_control/install/inchworm_control/lib/python3.8/site-packages/inchworm_control/build
[2.834s] -- Up-to-date: /home/ubuntu/robot_ws/src/MQP/inchworm_control/install/inchworm_control/lib/python3.8/site-packages/inchworm_control/build/COLCON_IGNORE
[2.834s] -- Up-to-date: /home/ubuntu/robot_ws/src/MQP/inchworm_control/install/inchworm_control/lib/python3.8/site-packages/inchworm_control/build/.built_by
[2.835s] -- Up-to-date: /home/ubuntu/robot_ws/src/MQP/inchworm_control/install/inchworm_control/lib/python3.8/site-packages/inchworm_control/lewansoul_servo_bus.py
[2.835s] -- Up-to-date: /home/ubuntu/robot_ws/src/MQP/inchworm_control/install/inchworm_control/lib/python3.8/site-packages/inchworm_control/motor_publisher.py
[2.836s] -- Up-to-date: /home/ubuntu/robot_ws/src/MQP/inchworm_control/install/inchworm_control/lib/python3.8/site-packages/inchworm_control/step_publisher.py
[2.836s] -- Installing: /home/ubuntu/robot_ws/src/MQP/inchworm_control/install/inchworm_control/lib/python3.8/site-packages/inchworm_control/__init__.py
[3.005s] Listing '/home/ubuntu/robot_ws/src/MQP/inchworm_control/install/inchworm_control/lib/python3.8/site-packages/inchworm_control'...
[3.006s] Compiling '/home/ubuntu/robot_ws/src/MQP/inchworm_control/install/inchworm_control/lib/python3.8/site-packages/inchworm_control/__init__.py'...
[3.008s] Listing '/home/ubuntu/robot_ws/src/MQP/inchworm_control/install/inchworm_control/lib/python3.8/site-packages/inchworm_control/build'...
[3.009s] Listing '/home/ubuntu/robot_ws/src/MQP/inchworm_control/install/inchworm_control/lib/python3.8/site-packages/inchworm_control/install'...
[3.010s] Listing '/home/ubuntu/robot_ws/src/MQP/inchworm_control/install/inchworm_control/lib/python3.8/site-packages/inchworm_control/log'...
[3.011s] Listing '/home/ubuntu/robot_ws/src/MQP/inchworm_control/install/inchworm_control/lib/python3.8/site-packages/inchworm_control/log/build_2023-11-15_15-40-00'...
[3.012s] Listing '/home/ubuntu/robot_ws/src/MQP/inchworm_control/install/inchworm_control/lib/python3.8/site-packages/inchworm_control/log/build_2024-02-13_19-54-49'...
[3.013s] Listing '/home/ubuntu/robot_ws/src/MQP/inchworm_control/install/inchworm_control/lib/python3.8/site-packages/inchworm_control/log/build_2024-03-28_22-48-05'...
[3.014s] Listing '/home/ubuntu/robot_ws/src/MQP/inchworm_control/install/inchworm_control/lib/python3.8/site-packages/inchworm_control/log/build_2024-03-28_22-48-38'...
[3.016s] Compiling '/home/ubuntu/robot_ws/src/MQP/inchworm_control/install/inchworm_control/lib/python3.8/site-packages/inchworm_control/motor_controller.py'...
[3.017s] Listing '/home/ubuntu/robot_ws/src/MQP/inchworm_control/install/inchworm_control/lib/python3.8/site-packages/inchworm_control/msg'...
[3.018s] Listing '/home/ubuntu/robot_ws/src/MQP/inchworm_control/install/inchworm_control/lib/python3.8/site-packages/inchworm_control/scripts'...
[3.029s] -- Installing: /home/ubuntu/robot_ws/src/MQP/inchworm_control/install/inchworm_control/lib/inchworm_control/motor_controller.py
[3.031s] -- Up-to-date: /home/ubuntu/robot_ws/src/MQP/inchworm_control/install/inchworm_control/lib/inchworm_control/motor_walking.py
[3.031s] -- Up-to-date: /home/ubuntu/robot_ws/src/MQP/inchworm_control/install/inchworm_control/lib/inchworm_control/motor_publisher.py
[3.033s] -- Up-to-date: /home/ubuntu/robot_ws/src/MQP/inchworm_control/install/inchworm_control/lib/inchworm_control/step_publisher.py
[3.035s] -- Up-to-date: /home/ubuntu/robot_ws/src/MQP/inchworm_control/install/inchworm_control/share/inchworm_control/urdf
[3.036s] -- Up-to-date: /home/ubuntu/robot_ws/src/MQP/inchworm_control/install/inchworm_control/share/inchworm_control/urdf/one_inchworm.urdf
[3.036s] -- Up-to-date: /home/ubuntu/robot_ws/src/MQP/inchworm_control/install/inchworm_control/share/inchworm_control/urdf/r2d2.rviz
[3.037s] -- Up-to-date: /home/ubuntu/robot_ws/src/MQP/inchworm_control/install/inchworm_control/share/ament_index/resource_index/package_run_dependencies/inchworm_control
[3.037s] -- Up-to-date: /home/ubuntu/robot_ws/src/MQP/inchworm_control/install/inchworm_control/share/ament_index/resource_index/parent_prefix_path/inchworm_control
[3.038s] -- Up-to-date: /home/ubuntu/robot_ws/src/MQP/inchworm_control/install/inchworm_control/share/inchworm_control/environment/ament_prefix_path.sh
[3.038s] -- Up-to-date: /home/ubuntu/robot_ws/src/MQP/inchworm_control/install/inchworm_control/share/inchworm_control/environment/ament_prefix_path.dsv
[3.039s] -- Up-to-date: /home/ubuntu/robot_ws/src/MQP/inchworm_control/install/inchworm_control/share/inchworm_control/environment/path.sh
[3.039s] -- Up-to-date: /home/ubuntu/robot_ws/src/MQP/inchworm_control/install/inchworm_control/share/inchworm_control/environment/path.dsv
[3.040s] -- Up-to-date: /home/ubuntu/robot_ws/src/MQP/inchworm_control/install/inchworm_control/share/inchworm_control/local_setup.bash
[3.040s] -- Up-to-date: /home/ubuntu/robot_ws/src/MQP/inchworm_control/install/inchworm_control/share/inchworm_control/local_setup.sh
[3.041s] -- Up-to-date: /home/ubuntu/robot_ws/src/MQP/inchworm_control/install/inchworm_control/share/inchworm_control/local_setup.zsh
[3.041s] -- Up-to-date: /home/ubuntu/robot_ws/src/MQP/inchworm_control/install/inchworm_control/share/inchworm_control/local_setup.dsv
[3.042s] -- Installing: /home/ubuntu/robot_ws/src/MQP/inchworm_control/install/inchworm_control/share/inchworm_control/package.dsv
[3.042s] -- Up-to-date: /home/ubuntu/robot_ws/src/MQP/inchworm_control/install/inchworm_control/share/ament_index/resource_index/packages/inchworm_control
[3.043s] -- Up-to-date: /home/ubuntu/robot_ws/src/MQP/inchworm_control/install/inchworm_control/share/inchworm_control/cmake/inchworm_control__rosidl_generator_cExport.cmake
[3.043s] -- Up-to-date: /home/ubuntu/robot_ws/src/MQP/inchworm_control/install/inchworm_control/share/inchworm_control/cmake/inchworm_control__rosidl_generator_cExport-noconfig.cmake
[3.044s] -- Up-to-date: /home/ubuntu/robot_ws/src/MQP/inchworm_control/install/inchworm_control/share/inchworm_control/cmake/inchworm_control__rosidl_typesupport_introspection_cExport.cmake
[3.044s] -- Up-to-date: /home/ubuntu/robot_ws/src/MQP/inchworm_control/install/inchworm_control/share/inchworm_control/cmake/inchworm_control__rosidl_typesupport_introspection_cExport-noconfig.cmake
[3.045s] -- Up-to-date: /home/ubuntu/robot_ws/src/MQP/inchworm_control/install/inchworm_control/share/inchworm_control/cmake/inchworm_control__rosidl_typesupport_cExport.cmake
[3.046s] -- Up-to-date: /home/ubuntu/robot_ws/src/MQP/inchworm_control/install/inchworm_control/share/inchworm_control/cmake/inchworm_control__rosidl_typesupport_cExport-noconfig.cmake
[3.047s] -- Up-to-date: /home/ubuntu/robot_ws/src/MQP/inchworm_control/install/inchworm_control/share/inchworm_control/cmake/inchworm_control__rosidl_generator_cppExport.cmake
[3.048s] -- Up-to-date: /home/ubuntu/robot_ws/src/MQP/inchworm_control/install/inchworm_control/share/inchworm_control/cmake/inchworm_control__rosidl_typesupport_introspection_cppExport.cmake
[3.049s] -- Up-to-date: /home/ubuntu/robot_ws/src/MQP/inchworm_control/install/inchworm_control/share/inchworm_control/cmake/inchworm_control__rosidl_typesupport_introspection_cppExport-noconfig.cmake
[3.050s] -- Up-to-date: /home/ubuntu/robot_ws/src/MQP/inchworm_control/install/inchworm_control/share/inchworm_control/cmake/inchworm_control__rosidl_typesupport_cppExport.cmake
[3.050s] -- Up-to-date: /home/ubuntu/robot_ws/src/MQP/inchworm_control/install/inchworm_control/share/inchworm_control/cmake/inchworm_control__rosidl_typesupport_cppExport-noconfig.cmake
[3.053s] -- Up-to-date: /home/ubuntu/robot_ws/src/MQP/inchworm_control/install/inchworm_control/share/inchworm_control/cmake/rosidl_cmake-extras.cmake
[3.054s] -- Up-to-date: /home/ubuntu/robot_ws/src/MQP/inchworm_control/install/inchworm_control/share/inchworm_control/cmake/ament_cmake_export_dependencies-extras.cmake
[3.054s] -- Up-to-date: /home/ubuntu/robot_ws/src/MQP/inchworm_control/install/inchworm_control/share/inchworm_control/cmake/ament_cmake_export_libraries-extras.cmake
[3.056s] -- Up-to-date: /home/ubuntu/robot_ws/src/MQP/inchworm_control/install/inchworm_control/share/inchworm_control/cmake/ament_cmake_export_targets-extras.cmake
[3.057s] -- Up-to-date: /home/ubuntu/robot_ws/src/MQP/inchworm_control/install/inchworm_control/share/inchworm_control/cmake/ament_cmake_export_include_directories-extras.cmake
[3.057s] -- Up-to-date: /home/ubuntu/robot_ws/src/MQP/inchworm_control/install/inchworm_control/share/inchworm_control/cmake/rosidl_cmake_export_typesupport_libraries-extras.cmake
[3.058s] -- Up-to-date: /home/ubuntu/robot_ws/src/MQP/inchworm_control/install/inchworm_control/share/inchworm_control/cmake/rosidl_cmake_export_typesupport_targets-extras.cmake
[3.058s] -- Up-to-date: /home/ubuntu/robot_ws/src/MQP/inchworm_control/install/inchworm_control/share/inchworm_control/cmake/inchworm_controlConfig.cmake
[3.058s] -- Up-to-date: /home/ubuntu/robot_ws/src/MQP/inchworm_control/install/inchworm_control/share/inchworm_control/cmake/inchworm_controlConfig-version.cmake
[3.059s] -- Up-to-date: /home/ubuntu/robot_ws/src/MQP/inchworm_control/install/inchworm_control/share/inchworm_control/package.xml
[3.063s] Invoked command in '/home/ubuntu/robot_ws/src/MQP/inchworm_control/build/inchworm_control' returned '0': CMAKE_PREFIX_PATH=${CMAKE_PREFIX_PATH}:/home/ubuntu/robot_ws/install/motor_control:/opt/ros/foxy /usr/bin/cmake --install /home/ubuntu/robot_ws/src/MQP/inchworm_control/build/inchworm_control
