[11.608s] DEBUG:colcon:Command line arguments: ['/usr/bin/colcon', 'build']
[11.608s] DEBUG:colcon:Parsed command line arguments: Namespace(allow_overriding=[], ament_cmake_args=None, base_paths=['.'], build_base='build', catkin_cmake_args=None, catkin_skip_building_tests=False, cmake_args=None, cmake_clean_cache=False, cmake_clean_first=False, cmake_force_configure=False, cmake_target=None, cmake_target_skip_unavailable=False, continue_on_error=False, event_handlers=None, executor='parallel', ignore_user_meta=False, install_base='install', log_base=None, log_level=None, main=<bound method BuildVerb.main of <colcon_core.verb.build.BuildVerb object at 0xffff965dd400>>, merge_install=False, metas=['./colcon.meta'], packages_above=None, packages_above_and_dependencies=None, packages_above_depth=None, packages_end=None, packages_ignore=None, packages_ignore_regex=None, packages_select=None, packages_select_build_failed=False, packages_select_by_dep=None, packages_select_regex=None, packages_select_test_failures=False, packages_skip=None, packages_skip_build_finished=False, packages_skip_by_dep=None, packages_skip_regex=None, packages_skip_test_passed=False, packages_skip_up_to=None, packages_start=None, packages_up_to=None, packages_up_to_regex=None, parallel_workers=4, paths=None, symlink_install=False, test_result_base=None, verb_extension=<colcon_core.verb.build.BuildVerb object at 0xffff965dd400>, verb_name='build', verb_parser=<colcon_defaults.argument_parser.defaults.DefaultArgumentsDecorator object at 0xffff961c55b0>)
[12.022s] Level 1:colcon.colcon_core.package_discovery:discover_packages(colcon_meta) check parameters
[12.023s] Level 1:colcon.colcon_core.package_discovery:discover_packages(recursive) check parameters
[12.023s] Level 1:colcon.colcon_core.package_discovery:discover_packages(ignore) check parameters
[12.023s] Level 1:colcon.colcon_core.package_discovery:discover_packages(path) check parameters
[12.023s] Level 1:colcon.colcon_core.package_discovery:discover_packages(colcon_meta) discover
[12.023s] Level 1:colcon.colcon_core.package_discovery:discover_packages(recursive) discover
[12.024s] INFO:colcon.colcon_core.package_discovery:Crawling recursively for packages in '/home/ubuntu/robot_ws/src/MQP'
[12.024s] Level 1:colcon.colcon_core.package_identification:_identify(.) by extensions ['ignore', 'ignore_ament_install']
[12.024s] Level 1:colcon.colcon_core.package_identification:_identify(.) by extension 'ignore'
[12.025s] Level 1:colcon.colcon_core.package_identification:_identify(.) by extension 'ignore_ament_install'
[12.025s] Level 1:colcon.colcon_core.package_identification:_identify(.) by extensions ['colcon_pkg']
[12.025s] Level 1:colcon.colcon_core.package_identification:_identify(.) by extension 'colcon_pkg'
[12.025s] Level 1:colcon.colcon_core.package_identification:_identify(.) by extensions ['colcon_meta']
[12.025s] Level 1:colcon.colcon_core.package_identification:_identify(.) by extension 'colcon_meta'
[12.025s] Level 1:colcon.colcon_core.package_identification:_identify(.) by extensions ['ros']
[12.026s] Level 1:colcon.colcon_core.package_identification:_identify(.) by extension 'ros'
[12.070s] Level 1:colcon.colcon_core.package_identification:_identify(.) by extensions ['cmake', 'python']
[12.070s] Level 1:colcon.colcon_core.package_identification:_identify(.) by extension 'cmake'
[12.070s] Level 1:colcon.colcon_core.package_identification:_identify(.) by extension 'python'
[12.071s] Level 1:colcon.colcon_core.package_identification:_identify(.) by extensions ['python_setup_py']
[12.071s] Level 1:colcon.colcon_core.package_identification:_identify(.) by extension 'python_setup_py'
[12.072s] Level 1:colcon.colcon_core.package_identification:_identify(build) by extensions ['ignore', 'ignore_ament_install']
[12.072s] Level 1:colcon.colcon_core.package_identification:_identify(build) by extension 'ignore'
[12.072s] Level 1:colcon.colcon_core.package_identification:_identify(build) ignored
[12.073s] Level 1:colcon.colcon_core.package_identification:_identify(inchworm_control) by extensions ['ignore', 'ignore_ament_install']
[12.074s] Level 1:colcon.colcon_core.package_identification:_identify(inchworm_control) by extension 'ignore'
[12.074s] Level 1:colcon.colcon_core.package_identification:_identify(inchworm_control) by extension 'ignore_ament_install'
[12.074s] Level 1:colcon.colcon_core.package_identification:_identify(inchworm_control) by extensions ['colcon_pkg']
[12.074s] Level 1:colcon.colcon_core.package_identification:_identify(inchworm_control) by extension 'colcon_pkg'
[12.075s] Level 1:colcon.colcon_core.package_identification:_identify(inchworm_control) by extensions ['colcon_meta']
[12.075s] Level 1:colcon.colcon_core.package_identification:_identify(inchworm_control) by extension 'colcon_meta'
[12.075s] Level 1:colcon.colcon_core.package_identification:_identify(inchworm_control) by extensions ['ros']
[12.075s] Level 1:colcon.colcon_core.package_identification:_identify(inchworm_control) by extension 'ros'
[12.084s] DEBUG:colcon.colcon_core.package_identification:Package 'inchworm_control' with type 'ros.ament_cmake' and name 'inchworm_control'
[12.085s] Level 1:colcon.colcon_core.package_identification:_identify(install) by extensions ['ignore', 'ignore_ament_install']
[12.085s] Level 1:colcon.colcon_core.package_identification:_identify(install) by extension 'ignore'
[12.085s] Level 1:colcon.colcon_core.package_identification:_identify(install) ignored
[12.090s] Level 1:colcon.colcon_core.package_identification:_identify(log) by extensions ['ignore', 'ignore_ament_install']
[12.090s] Level 1:colcon.colcon_core.package_identification:_identify(log) by extension 'ignore'
[12.090s] Level 1:colcon.colcon_core.package_identification:_identify(log) ignored
[12.091s] Level 1:colcon.colcon_core.package_discovery:discover_packages(recursive) using defaults
[12.091s] Level 1:colcon.colcon_core.package_discovery:discover_packages(ignore) discover
[12.091s] Level 1:colcon.colcon_core.package_discovery:discover_packages(ignore) using defaults
[12.091s] Level 1:colcon.colcon_core.package_discovery:discover_packages(path) discover
[12.091s] Level 1:colcon.colcon_core.package_discovery:discover_packages(path) using defaults
[13.038s] Level 1:colcon.colcon_core.package_discovery:discover_packages(prefix_path) check parameters
[13.038s] Level 1:colcon.colcon_core.package_discovery:discover_packages(prefix_path) discover
[13.423s] DEBUG:colcon.colcon_installed_package_information.package_discovery:Found 2 installed packages in /home/ubuntu/robot_ws/src/MQP/install
[13.583s] DEBUG:colcon.colcon_installed_package_information.package_discovery:Found 2 installed packages in /home/ubuntu/robot_ws/install
[13.748s] DEBUG:colcon.colcon_installed_package_information.package_discovery:Found 0 installed packages in /home/ubuntu/robot_ws/src/MQP/inchworm_control/inchworm_control/install
[13.915s] DEBUG:colcon.colcon_installed_package_information.package_discovery:Found 256 installed packages in /opt/ros/foxy
[13.921s] Level 1:colcon.colcon_core.package_discovery:discover_packages(prefix_path) using defaults
[14.556s] Level 5:colcon.colcon_core.verb:set package 'inchworm_control' build argument 'cmake_args' from command line to 'None'
[14.556s] Level 5:colcon.colcon_core.verb:set package 'inchworm_control' build argument 'cmake_target' from command line to 'None'
[14.556s] Level 5:colcon.colcon_core.verb:set package 'inchworm_control' build argument 'cmake_target_skip_unavailable' from command line to 'False'
[14.557s] Level 5:colcon.colcon_core.verb:set package 'inchworm_control' build argument 'cmake_clean_cache' from command line to 'False'
[14.557s] Level 5:colcon.colcon_core.verb:set package 'inchworm_control' build argument 'cmake_clean_first' from command line to 'False'
[14.557s] Level 5:colcon.colcon_core.verb:set package 'inchworm_control' build argument 'cmake_force_configure' from command line to 'False'
[14.557s] Level 5:colcon.colcon_core.verb:set package 'inchworm_control' build argument 'ament_cmake_args' from command line to 'None'
[14.557s] Level 5:colcon.colcon_core.verb:set package 'inchworm_control' build argument 'catkin_cmake_args' from command line to 'None'
[14.557s] Level 5:colcon.colcon_core.verb:set package 'inchworm_control' build argument 'catkin_skip_building_tests' from command line to 'False'
[14.557s] DEBUG:colcon.colcon_core.verb:Building package 'inchworm_control' with the following arguments: {'ament_cmake_args': None, 'build_base': '/home/ubuntu/robot_ws/src/MQP/build/inchworm_control', 'catkin_cmake_args': None, 'catkin_skip_building_tests': False, 'cmake_args': None, 'cmake_clean_cache': False, 'cmake_clean_first': False, 'cmake_force_configure': False, 'cmake_target': None, 'cmake_target_skip_unavailable': False, 'install_base': '/home/ubuntu/robot_ws/src/MQP/install/inchworm_control', 'merge_install': False, 'path': '/home/ubuntu/robot_ws/src/MQP/inchworm_control', 'symlink_install': False, 'test_result_base': None}
[14.713s] INFO:colcon.colcon_core.executor:Executing jobs using 'parallel' executor
[14.884s] DEBUG:colcon.colcon_parallel_executor.executor.parallel:run_until_complete
[14.885s] INFO:colcon.colcon_ros.task.ament_cmake.build:Building ROS package in '/home/ubuntu/robot_ws/src/MQP/inchworm_control' with build type 'ament_cmake'
[14.885s] INFO:colcon.colcon_cmake.task.cmake.build:Building CMake package in '/home/ubuntu/robot_ws/src/MQP/inchworm_control'
[15.053s] INFO:colcon.colcon_core.plugin_system:Skipping extension 'colcon_core.shell.bat': Not used on non-Windows systems
[15.054s] INFO:colcon.colcon_core.shell:Skip shell extension 'powershell' for command environment: Not usable outside of PowerShell
[15.055s] DEBUG:colcon.colcon_core.shell:Skip shell extension 'dsv' for command environment
[15.974s] DEBUG:colcon.colcon_core.event_handler.log_command:Invoking command in '/home/ubuntu/robot_ws/src/MQP/build/inchworm_control': CMAKE_PREFIX_PATH=${CMAKE_PREFIX_PATH}:/home/ubuntu/robot_ws/src/MQP/install/motor_control:/home/ubuntu/robot_ws/install/motor_control:/opt/ros/foxy /usr/bin/cmake --build /home/ubuntu/robot_ws/src/MQP/build/inchworm_control -- -j4 -l4
[17.039s] DEBUG:colcon.colcon_core.event_handler.log_command:Invoked command in '/home/ubuntu/robot_ws/src/MQP/build/inchworm_control' returned '0': CMAKE_PREFIX_PATH=${CMAKE_PREFIX_PATH}:/home/ubuntu/robot_ws/src/MQP/install/motor_control:/home/ubuntu/robot_ws/install/motor_control:/opt/ros/foxy /usr/bin/cmake --build /home/ubuntu/robot_ws/src/MQP/build/inchworm_control -- -j4 -l4
[17.529s] DEBUG:colcon.colcon_core.event_handler.log_command:Invoking command in '/home/ubuntu/robot_ws/src/MQP/build/inchworm_control': CMAKE_PREFIX_PATH=${CMAKE_PREFIX_PATH}:/home/ubuntu/robot_ws/src/MQP/install/motor_control:/home/ubuntu/robot_ws/install/motor_control:/opt/ros/foxy /usr/bin/cmake --install /home/ubuntu/robot_ws/src/MQP/build/inchworm_control
[18.040s] Level 1:colcon.colcon_core.environment:create_environment_scripts_only(inchworm_control)
[18.054s] DEBUG:colcon.colcon_core.event_handler.log_command:Invoked command in '/home/ubuntu/robot_ws/src/MQP/build/inchworm_control' returned '0': CMAKE_PREFIX_PATH=${CMAKE_PREFIX_PATH}:/home/ubuntu/robot_ws/src/MQP/install/motor_control:/home/ubuntu/robot_ws/install/motor_control:/opt/ros/foxy /usr/bin/cmake --install /home/ubuntu/robot_ws/src/MQP/build/inchworm_control
[18.262s] Level 1:colcon.colcon_core.environment:checking '/home/ubuntu/robot_ws/src/MQP/install/inchworm_control' for CMake module files
[18.266s] Level 1:colcon.colcon_core.environment:checking '/home/ubuntu/robot_ws/src/MQP/install/inchworm_control' for CMake config files
[18.272s] Level 1:colcon.colcon_core.shell:create_environment_hook('inchworm_control', 'cmake_prefix_path')
[18.467s] INFO:colcon.colcon_core.shell:Creating environment hook '/home/ubuntu/robot_ws/src/MQP/install/inchworm_control/share/inchworm_control/hook/cmake_prefix_path.ps1'
[18.471s] INFO:colcon.colcon_core.shell:Creating environment descriptor '/home/ubuntu/robot_ws/src/MQP/install/inchworm_control/share/inchworm_control/hook/cmake_prefix_path.dsv'
[18.473s] INFO:colcon.colcon_core.shell:Creating environment hook '/home/ubuntu/robot_ws/src/MQP/install/inchworm_control/share/inchworm_control/hook/cmake_prefix_path.sh'
[18.478s] Level 1:colcon.colcon_core.environment:checking '/home/ubuntu/robot_ws/src/MQP/install/inchworm_control/lib'
[18.479s] Level 1:colcon.colcon_core.shell:create_environment_hook('inchworm_control', 'ld_library_path_lib')
[18.711s] INFO:colcon.colcon_core.shell:Creating environment hook '/home/ubuntu/robot_ws/src/MQP/install/inchworm_control/share/inchworm_control/hook/ld_library_path_lib.ps1'
[18.713s] INFO:colcon.colcon_core.shell:Creating environment descriptor '/home/ubuntu/robot_ws/src/MQP/install/inchworm_control/share/inchworm_control/hook/ld_library_path_lib.dsv'
[18.715s] INFO:colcon.colcon_core.shell:Creating environment hook '/home/ubuntu/robot_ws/src/MQP/install/inchworm_control/share/inchworm_control/hook/ld_library_path_lib.sh'
[18.717s] Level 1:colcon.colcon_core.environment:checking '/home/ubuntu/robot_ws/src/MQP/install/inchworm_control/bin'
[18.718s] Level 1:colcon.colcon_core.environment:checking '/home/ubuntu/robot_ws/src/MQP/install/inchworm_control/lib/pkgconfig/inchworm_control.pc'
[18.719s] Level 1:colcon.colcon_core.environment:checking '/home/ubuntu/robot_ws/src/MQP/install/inchworm_control/lib/python3.8/site-packages'
[18.719s] Level 1:colcon.colcon_core.shell:create_environment_hook('inchworm_control', 'pythonpath')
[18.960s] INFO:colcon.colcon_core.shell:Creating environment hook '/home/ubuntu/robot_ws/src/MQP/install/inchworm_control/share/inchworm_control/hook/pythonpath.ps1'
[18.962s] INFO:colcon.colcon_core.shell:Creating environment descriptor '/home/ubuntu/robot_ws/src/MQP/install/inchworm_control/share/inchworm_control/hook/pythonpath.dsv'
[18.965s] INFO:colcon.colcon_core.shell:Creating environment hook '/home/ubuntu/robot_ws/src/MQP/install/inchworm_control/share/inchworm_control/hook/pythonpath.sh'
[18.968s] Level 1:colcon.colcon_core.environment:checking '/home/ubuntu/robot_ws/src/MQP/install/inchworm_control/bin'
[19.195s] INFO:colcon.colcon_core.shell:Creating package script '/home/ubuntu/robot_ws/src/MQP/install/inchworm_control/share/inchworm_control/package.ps1'
[19.199s] INFO:colcon.colcon_core.shell:Creating package descriptor '/home/ubuntu/robot_ws/src/MQP/install/inchworm_control/share/inchworm_control/package.dsv'
[19.202s] INFO:colcon.colcon_core.shell:Creating package script '/home/ubuntu/robot_ws/src/MQP/install/inchworm_control/share/inchworm_control/package.sh'
[19.206s] INFO:colcon.colcon_core.shell:Creating package script '/home/ubuntu/robot_ws/src/MQP/install/inchworm_control/share/inchworm_control/package.bash'
[19.209s] INFO:colcon.colcon_core.shell:Creating package script '/home/ubuntu/robot_ws/src/MQP/install/inchworm_control/share/inchworm_control/package.zsh'
[19.213s] Level 1:colcon.colcon_core.environment:create_file_with_runtime_dependencies(/home/ubuntu/robot_ws/src/MQP/install/inchworm_control/share/colcon-core/packages/inchworm_control)
[19.875s] Level 1:colcon.colcon_core.environment:create_environment_scripts_only(inchworm_control)
[20.095s] Level 1:colcon.colcon_core.environment:checking '/home/ubuntu/robot_ws/src/MQP/install/inchworm_control' for CMake module files
[20.100s] Level 1:colcon.colcon_core.environment:checking '/home/ubuntu/robot_ws/src/MQP/install/inchworm_control' for CMake config files
[20.107s] Level 1:colcon.colcon_core.shell:create_environment_hook('inchworm_control', 'cmake_prefix_path')
[20.430s] INFO:colcon.colcon_core.shell:Creating environment hook '/home/ubuntu/robot_ws/src/MQP/install/inchworm_control/share/inchworm_control/hook/cmake_prefix_path.ps1'
[20.433s] INFO:colcon.colcon_core.shell:Creating environment descriptor '/home/ubuntu/robot_ws/src/MQP/install/inchworm_control/share/inchworm_control/hook/cmake_prefix_path.dsv'
[20.435s] INFO:colcon.colcon_core.shell:Creating environment hook '/home/ubuntu/robot_ws/src/MQP/install/inchworm_control/share/inchworm_control/hook/cmake_prefix_path.sh'
[20.440s] Level 1:colcon.colcon_core.environment:checking '/home/ubuntu/robot_ws/src/MQP/install/inchworm_control/lib'
[20.442s] Level 1:colcon.colcon_core.shell:create_environment_hook('inchworm_control', 'ld_library_path_lib')
[20.835s] INFO:colcon.colcon_core.shell:Creating environment hook '/home/ubuntu/robot_ws/src/MQP/install/inchworm_control/share/inchworm_control/hook/ld_library_path_lib.ps1'
[20.838s] INFO:colcon.colcon_core.shell:Creating environment descriptor '/home/ubuntu/robot_ws/src/MQP/install/inchworm_control/share/inchworm_control/hook/ld_library_path_lib.dsv'
[20.842s] INFO:colcon.colcon_core.shell:Creating environment hook '/home/ubuntu/robot_ws/src/MQP/install/inchworm_control/share/inchworm_control/hook/ld_library_path_lib.sh'
[20.846s] Level 1:colcon.colcon_core.environment:checking '/home/ubuntu/robot_ws/src/MQP/install/inchworm_control/bin'
[20.847s] Level 1:colcon.colcon_core.environment:checking '/home/ubuntu/robot_ws/src/MQP/install/inchworm_control/lib/pkgconfig/inchworm_control.pc'
[20.848s] Level 1:colcon.colcon_core.environment:checking '/home/ubuntu/robot_ws/src/MQP/install/inchworm_control/lib/python3.8/site-packages'
[20.849s] Level 1:colcon.colcon_core.shell:create_environment_hook('inchworm_control', 'pythonpath')
[21.261s] INFO:colcon.colcon_core.shell:Creating environment hook '/home/ubuntu/robot_ws/src/MQP/install/inchworm_control/share/inchworm_control/hook/pythonpath.ps1'
[21.266s] INFO:colcon.colcon_core.shell:Creating environment descriptor '/home/ubuntu/robot_ws/src/MQP/install/inchworm_control/share/inchworm_control/hook/pythonpath.dsv'
[21.272s] INFO:colcon.colcon_core.shell:Creating environment hook '/home/ubuntu/robot_ws/src/MQP/install/inchworm_control/share/inchworm_control/hook/pythonpath.sh'
[21.278s] Level 1:colcon.colcon_core.environment:checking '/home/ubuntu/robot_ws/src/MQP/install/inchworm_control/bin'
[21.567s] INFO:colcon.colcon_core.shell:Creating package script '/home/ubuntu/robot_ws/src/MQP/install/inchworm_control/share/inchworm_control/package.ps1'
[21.572s] INFO:colcon.colcon_core.shell:Creating package descriptor '/home/ubuntu/robot_ws/src/MQP/install/inchworm_control/share/inchworm_control/package.dsv'
[21.578s] INFO:colcon.colcon_core.shell:Creating package script '/home/ubuntu/robot_ws/src/MQP/install/inchworm_control/share/inchworm_control/package.sh'
[21.582s] INFO:colcon.colcon_core.shell:Creating package script '/home/ubuntu/robot_ws/src/MQP/install/inchworm_control/share/inchworm_control/package.bash'
[21.586s] INFO:colcon.colcon_core.shell:Creating package script '/home/ubuntu/robot_ws/src/MQP/install/inchworm_control/share/inchworm_control/package.zsh'
[21.590s] Level 1:colcon.colcon_core.environment:create_file_with_runtime_dependencies(/home/ubuntu/robot_ws/src/MQP/install/inchworm_control/share/colcon-core/packages/inchworm_control)
[21.596s] DEBUG:colcon.colcon_parallel_executor.executor.parallel:closing loop
[21.597s] DEBUG:colcon.colcon_parallel_executor.executor.parallel:loop closed
[21.598s] DEBUG:colcon.colcon_parallel_executor.executor.parallel:run_until_complete finished with '0'
[21.598s] DEBUG:colcon.colcon_core.event_reactor:joining thread
[21.939s] INFO:colcon.colcon_core.plugin_system:Skipping extension 'colcon_notification.desktop_notification.terminal_notifier': Not used on non-Darwin systems
[21.940s] INFO:colcon.colcon_core.plugin_system:Skipping extension 'colcon_notification.desktop_notification.win32': Not used on non-Windows systems
[21.940s] INFO:colcon.colcon_notification.desktop_notification:Sending desktop notification using 'notify2'
[46.966s] DEBUG:colcon.colcon_notification.desktop_notification.notify2:Failed to initialize notify2: org.freedesktop.DBus.Error.NoReply: Did not receive a reply. Possible causes include: the remote application did not send a reply, the message bus security policy blocked the reply, the reply timeout expired, or the network connection was broken.
[46.967s] DEBUG:colcon.colcon_core.event_reactor:joined thread
[47.154s] INFO:colcon.colcon_core.shell:Creating prefix script '/home/ubuntu/robot_ws/src/MQP/install/local_setup.ps1'
[47.157s] INFO:colcon.colcon_core.shell:Creating prefix util module '/home/ubuntu/robot_ws/src/MQP/install/_local_setup_util_ps1.py'
[47.163s] INFO:colcon.colcon_core.shell:Creating prefix chain script '/home/ubuntu/robot_ws/src/MQP/install/setup.ps1'
[47.319s] INFO:colcon.colcon_core.shell:Creating prefix script '/home/ubuntu/robot_ws/src/MQP/install/local_setup.sh'
[47.321s] INFO:colcon.colcon_core.shell:Creating prefix util module '/home/ubuntu/robot_ws/src/MQP/install/_local_setup_util_sh.py'
[47.324s] INFO:colcon.colcon_core.shell:Creating prefix chain script '/home/ubuntu/robot_ws/src/MQP/install/setup.sh'
[47.485s] INFO:colcon.colcon_core.shell:Creating prefix script '/home/ubuntu/robot_ws/src/MQP/install/local_setup.bash'
[47.487s] INFO:colcon.colcon_core.shell:Creating prefix chain script '/home/ubuntu/robot_ws/src/MQP/install/setup.bash'
[47.653s] INFO:colcon.colcon_core.shell:Creating prefix script '/home/ubuntu/robot_ws/src/MQP/install/local_setup.zsh'
[47.655s] INFO:colcon.colcon_core.shell:Creating prefix chain script '/home/ubuntu/robot_ws/src/MQP/install/setup.zsh'
