[0.077s] Invoking command in '/home/cambria/MQP/dev_ws/src/inchworm_control/build/inchworm_control': CMAKE_PREFIX_PATH=${CMAKE_PREFIX_PATH}:/opt/ros/foxy /usr/bin/cmake --build /home/cambria/MQP/dev_ws/src/inchworm_control/build/inchworm_control -- -j4 -l4
[0.239s] [  9%] Built target inchworm_control__rosidl_generator_c
[0.249s] [ 12%] Built target inchworm_control__cpp
[0.368s] [ 22%] Built target inchworm_control__rosidl_typesupport_introspection_c
[0.410s] [ 32%] Built target inchworm_control__rosidl_typesupport_c
[0.421s] [ 41%] Built target inchworm_control__rosidl_typesupport_fastrtps_cpp
[0.440s] [ 51%] Built target inchworm_control__rosidl_typesupport_cpp
[0.507s] [ 61%] Built target inchworm_control__rosidl_typesupport_introspection_cpp
[0.512s] [ 70%] Built target inchworm_control__rosidl_typesupport_fastrtps_c
[0.555s] [ 70%] Built target inchworm_control
[0.600s] [ 74%] Built target inchworm_control__py
[0.654s] [ 80%] Built target inchworm_control__python
[0.703s] [ 87%] Built target inchworm_control__rosidl_typesupport_fastrtps_c__pyext
[0.719s] [100%] Built target inchworm_control__rosidl_typesupport_introspection_c__pyext
[0.719s] [100%] Built target inchworm_control__rosidl_typesupport_c__pyext
[0.744s] Invoked command in '/home/cambria/MQP/dev_ws/src/inchworm_control/build/inchworm_control' returned '0': CMAKE_PREFIX_PATH=${CMAKE_PREFIX_PATH}:/opt/ros/foxy /usr/bin/cmake --build /home/cambria/MQP/dev_ws/src/inchworm_control/build/inchworm_control -- -j4 -l4
[0.880s] Invoking command in '/home/cambria/MQP/dev_ws/src/inchworm_control/build/inchworm_control': CMAKE_PREFIX_PATH=${CMAKE_PREFIX_PATH}:/opt/ros/foxy /usr/bin/cmake --install /home/cambria/MQP/dev_ws/src/inchworm_control/build/inchworm_control
[0.899s] -- Install configuration: ""
[0.899s] -- Up-to-date: /home/cambria/MQP/dev_ws/src/inchworm_control/install/inchworm_control/share/ament_index/resource_index/rosidl_interfaces/inchworm_control
[0.900s] -- Up-to-date: /home/cambria/MQP/dev_ws/src/inchworm_control/install/inchworm_control/include/inchworm_control
[0.901s] -- Up-to-date: /home/cambria/MQP/dev_ws/src/inchworm_control/install/inchworm_control/include/inchworm_control/msg
[0.901s] -- Up-to-date: /home/cambria/MQP/dev_ws/src/inchworm_control/install/inchworm_control/include/inchworm_control/msg/thruple.h
[0.901s] -- Up-to-date: /home/cambria/MQP/dev_ws/src/inchworm_control/install/inchworm_control/include/inchworm_control/msg/rosidl_generator_c__visibility_control.h
[0.901s] -- Up-to-date: /home/cambria/MQP/dev_ws/src/inchworm_control/install/inchworm_control/include/inchworm_control/msg/detail
[0.902s] -- Up-to-date: /home/cambria/MQP/dev_ws/src/inchworm_control/install/inchworm_control/include/inchworm_control/msg/detail/thruple__struct.h
[0.902s] -- Up-to-date: /home/cambria/MQP/dev_ws/src/inchworm_control/install/inchworm_control/include/inchworm_control/msg/detail/thruple__functions.h
[0.903s] -- Up-to-date: /home/cambria/MQP/dev_ws/src/inchworm_control/install/inchworm_control/include/inchworm_control/msg/detail/thruple__functions.c
[0.903s] -- Up-to-date: /home/cambria/MQP/dev_ws/src/inchworm_control/install/inchworm_control/include/inchworm_control/msg/detail/thruple__type_support.h
[0.903s] -- Up-to-date: /home/cambria/MQP/dev_ws/src/inchworm_control/install/inchworm_control/share/inchworm_control/environment/library_path.sh
[0.904s] -- Up-to-date: /home/cambria/MQP/dev_ws/src/inchworm_control/install/inchworm_control/share/inchworm_control/environment/library_path.dsv
[0.904s] -- Up-to-date: /home/cambria/MQP/dev_ws/src/inchworm_control/install/inchworm_control/lib/libinchworm_control__rosidl_generator_c.so
[0.906s] -- Up-to-date: /home/cambria/MQP/dev_ws/src/inchworm_control/install/inchworm_control/include/inchworm_control
[0.906s] -- Up-to-date: /home/cambria/MQP/dev_ws/src/inchworm_control/install/inchworm_control/include/inchworm_control/msg
[0.907s] -- Up-to-date: /home/cambria/MQP/dev_ws/src/inchworm_control/install/inchworm_control/include/inchworm_control/msg/rosidl_typesupport_fastrtps_c__visibility_control.h
[0.907s] -- Up-to-date: /home/cambria/MQP/dev_ws/src/inchworm_control/install/inchworm_control/include/inchworm_control/msg/detail
[0.907s] -- Up-to-date: /home/cambria/MQP/dev_ws/src/inchworm_control/install/inchworm_control/include/inchworm_control/msg/detail/thruple__rosidl_typesupport_fastrtps_c.h
[0.910s] -- Up-to-date: /home/cambria/MQP/dev_ws/src/inchworm_control/install/inchworm_control/lib/libinchworm_control__rosidl_typesupport_fastrtps_c.so
[0.912s] -- Up-to-date: /home/cambria/MQP/dev_ws/src/inchworm_control/install/inchworm_control/include/inchworm_control
[0.913s] -- Up-to-date: /home/cambria/MQP/dev_ws/src/inchworm_control/install/inchworm_control/include/inchworm_control/msg
[0.913s] -- Up-to-date: /home/cambria/MQP/dev_ws/src/inchworm_control/install/inchworm_control/include/inchworm_control/msg/rosidl_typesupport_fastrtps_cpp__visibility_control.h
[0.913s] -- Up-to-date: /home/cambria/MQP/dev_ws/src/inchworm_control/install/inchworm_control/include/inchworm_control/msg/detail
[0.914s] -- Up-to-date: /home/cambria/MQP/dev_ws/src/inchworm_control/install/inchworm_control/include/inchworm_control/msg/detail/thruple__rosidl_typesupport_fastrtps_cpp.hpp
[0.914s] -- Up-to-date: /home/cambria/MQP/dev_ws/src/inchworm_control/install/inchworm_control/include/inchworm_control/msg/detail/dds_fastrtps
[0.914s] -- Up-to-date: /home/cambria/MQP/dev_ws/src/inchworm_control/install/inchworm_control/lib/libinchworm_control__rosidl_typesupport_fastrtps_cpp.so
[0.914s] -- Up-to-date: /home/cambria/MQP/dev_ws/src/inchworm_control/install/inchworm_control/include/inchworm_control
[0.914s] -- Up-to-date: /home/cambria/MQP/dev_ws/src/inchworm_control/install/inchworm_control/include/inchworm_control/msg
[0.915s] -- Up-to-date: /home/cambria/MQP/dev_ws/src/inchworm_control/install/inchworm_control/include/inchworm_control/msg/rosidl_typesupport_introspection_c__visibility_control.h
[0.915s] -- Up-to-date: /home/cambria/MQP/dev_ws/src/inchworm_control/install/inchworm_control/include/inchworm_control/msg/detail
[0.915s] -- Up-to-date: /home/cambria/MQP/dev_ws/src/inchworm_control/install/inchworm_control/include/inchworm_control/msg/detail/thruple__type_support.c
[0.915s] -- Up-to-date: /home/cambria/MQP/dev_ws/src/inchworm_control/install/inchworm_control/include/inchworm_control/msg/detail/thruple__rosidl_typesupport_introspection_c.h
[0.915s] -- Up-to-date: /home/cambria/MQP/dev_ws/src/inchworm_control/install/inchworm_control/lib/libinchworm_control__rosidl_typesupport_introspection_c.so
[0.915s] -- Up-to-date: /home/cambria/MQP/dev_ws/src/inchworm_control/install/inchworm_control/lib/libinchworm_control__rosidl_typesupport_c.so
[0.915s] -- Up-to-date: /home/cambria/MQP/dev_ws/src/inchworm_control/install/inchworm_control/include/inchworm_control
[0.916s] -- Up-to-date: /home/cambria/MQP/dev_ws/src/inchworm_control/install/inchworm_control/include/inchworm_control/msg
[0.916s] -- Up-to-date: /home/cambria/MQP/dev_ws/src/inchworm_control/install/inchworm_control/include/inchworm_control/msg/rosidl_generator_cpp__visibility_control.hpp
[0.916s] -- Up-to-date: /home/cambria/MQP/dev_ws/src/inchworm_control/install/inchworm_control/include/inchworm_control/msg/detail
[0.916s] -- Up-to-date: /home/cambria/MQP/dev_ws/src/inchworm_control/install/inchworm_control/include/inchworm_control/msg/detail/thruple__struct.hpp
[0.916s] -- Up-to-date: /home/cambria/MQP/dev_ws/src/inchworm_control/install/inchworm_control/include/inchworm_control/msg/detail/thruple__traits.hpp
[0.916s] -- Up-to-date: /home/cambria/MQP/dev_ws/src/inchworm_control/install/inchworm_control/include/inchworm_control/msg/detail/thruple__type_support.hpp
[0.916s] -- Up-to-date: /home/cambria/MQP/dev_ws/src/inchworm_control/install/inchworm_control/include/inchworm_control/msg/detail/thruple__builder.hpp
[0.917s] -- Up-to-date: /home/cambria/MQP/dev_ws/src/inchworm_control/install/inchworm_control/include/inchworm_control/msg/thruple.hpp
[0.917s] -- Up-to-date: /home/cambria/MQP/dev_ws/src/inchworm_control/install/inchworm_control/include/inchworm_control
[0.917s] -- Up-to-date: /home/cambria/MQP/dev_ws/src/inchworm_control/install/inchworm_control/include/inchworm_control/msg
[0.917s] -- Up-to-date: /home/cambria/MQP/dev_ws/src/inchworm_control/install/inchworm_control/include/inchworm_control/msg/detail
[0.917s] -- Up-to-date: /home/cambria/MQP/dev_ws/src/inchworm_control/install/inchworm_control/include/inchworm_control/msg/detail/thruple__rosidl_typesupport_introspection_cpp.hpp
[0.917s] -- Up-to-date: /home/cambria/MQP/dev_ws/src/inchworm_control/install/inchworm_control/include/inchworm_control/msg/detail/thruple__type_support.cpp
[0.917s] -- Up-to-date: /home/cambria/MQP/dev_ws/src/inchworm_control/install/inchworm_control/lib/libinchworm_control__rosidl_typesupport_introspection_cpp.so
[0.917s] -- Up-to-date: /home/cambria/MQP/dev_ws/src/inchworm_control/install/inchworm_control/lib/libinchworm_control__rosidl_typesupport_cpp.so
[0.918s] -- Up-to-date: /home/cambria/MQP/dev_ws/src/inchworm_control/install/inchworm_control/share/inchworm_control/environment/pythonpath.sh
[0.918s] -- Up-to-date: /home/cambria/MQP/dev_ws/src/inchworm_control/install/inchworm_control/share/inchworm_control/environment/pythonpath.dsv
[0.918s] -- Installing: /home/cambria/MQP/dev_ws/src/inchworm_control/install/inchworm_control/lib/python3.8/site-packages/inchworm_control/__init__.py
[0.995s] Compiling '/home/cambria/MQP/dev_ws/src/inchworm_control/install/inchworm_control/lib/python3.8/site-packages/inchworm_control/__init__.py'...
[1.003s] -- Up-to-date: /home/cambria/MQP/dev_ws/src/inchworm_control/install/inchworm_control/lib/python3.8/site-packages/inchworm_control/msg
[1.003s] -- Up-to-date: /home/cambria/MQP/dev_ws/src/inchworm_control/install/inchworm_control/lib/python3.8/site-packages/inchworm_control/msg/_thruple_s.c
[1.003s] -- Up-to-date: /home/cambria/MQP/dev_ws/src/inchworm_control/install/inchworm_control/lib/python3.8/site-packages/inchworm_control/msg/__init__.py
[1.009s] -- Up-to-date: /home/cambria/MQP/dev_ws/src/inchworm_control/install/inchworm_control/lib/python3.8/site-packages/inchworm_control/msg/_thruple.py
[1.010s] -- Up-to-date: /home/cambria/MQP/dev_ws/src/inchworm_control/install/inchworm_control/lib/python3.8/site-packages/inchworm_control/inchworm_control_s__rosidl_typesupport_fastrtps_c.cpython-38-x86_64-linux-gnu.so
[1.015s] -- Up-to-date: /home/cambria/MQP/dev_ws/src/inchworm_control/install/inchworm_control/lib/python3.8/site-packages/inchworm_control/inchworm_control_s__rosidl_typesupport_introspection_c.cpython-38-x86_64-linux-gnu.so
[1.015s] -- Up-to-date: /home/cambria/MQP/dev_ws/src/inchworm_control/install/inchworm_control/lib/python3.8/site-packages/inchworm_control/inchworm_control_s__rosidl_typesupport_c.cpython-38-x86_64-linux-gnu.so
[1.015s] -- Up-to-date: /home/cambria/MQP/dev_ws/src/inchworm_control/install/inchworm_control/lib/libinchworm_control__python.so
[1.016s] -- Up-to-date: /home/cambria/MQP/dev_ws/src/inchworm_control/install/inchworm_control/share/inchworm_control/msg/Thruple.idl
[1.016s] -- Up-to-date: /home/cambria/MQP/dev_ws/src/inchworm_control/install/inchworm_control/share/inchworm_control/msg/Thruple.msg
[1.017s] -- Up-to-date: /home/cambria/MQP/dev_ws/src/inchworm_control/install/inchworm_control/lib/python3.8/site-packages/inchworm_control
[1.017s] -- Up-to-date: /home/cambria/MQP/dev_ws/src/inchworm_control/install/inchworm_control/lib/python3.8/site-packages/inchworm_control/motor_walking.py
[1.017s] -- Up-to-date: /home/cambria/MQP/dev_ws/src/inchworm_control/install/inchworm_control/lib/python3.8/site-packages/inchworm_control/ik.py
[1.017s] -- Up-to-date: /home/cambria/MQP/dev_ws/src/inchworm_control/install/inchworm_control/lib/python3.8/site-packages/inchworm_control/motor_controller.py
[1.018s] -- Up-to-date: /home/cambria/MQP/dev_ws/src/inchworm_control/install/inchworm_control/lib/python3.8/site-packages/inchworm_control/lewansoul_servo_bus
[1.018s] -- Up-to-date: /home/cambria/MQP/dev_ws/src/inchworm_control/install/inchworm_control/lib/python3.8/site-packages/inchworm_control/msg
[1.018s] -- Up-to-date: /home/cambria/MQP/dev_ws/src/inchworm_control/install/inchworm_control/lib/python3.8/site-packages/inchworm_control/msg/Thruple.msg
[1.018s] -- Up-to-date: /home/cambria/MQP/dev_ws/src/inchworm_control/install/inchworm_control/lib/python3.8/site-packages/inchworm_control/log
[1.019s] -- Up-to-date: /home/cambria/MQP/dev_ws/src/inchworm_control/install/inchworm_control/lib/python3.8/site-packages/inchworm_control/log/latest_build
[1.019s] -- Up-to-date: /home/cambria/MQP/dev_ws/src/inchworm_control/install/inchworm_control/lib/python3.8/site-packages/inchworm_control/log/build_2024-02-13_19-54-49
[1.019s] -- Up-to-date: /home/cambria/MQP/dev_ws/src/inchworm_control/install/inchworm_control/lib/python3.8/site-packages/inchworm_control/log/build_2024-02-13_19-54-49/events.log
[1.019s] -- Up-to-date: /home/cambria/MQP/dev_ws/src/inchworm_control/install/inchworm_control/lib/python3.8/site-packages/inchworm_control/log/build_2024-02-13_19-54-49/logger_all.log
[1.020s] -- Up-to-date: /home/cambria/MQP/dev_ws/src/inchworm_control/install/inchworm_control/lib/python3.8/site-packages/inchworm_control/log/COLCON_IGNORE
[1.020s] -- Up-to-date: /home/cambria/MQP/dev_ws/src/inchworm_control/install/inchworm_control/lib/python3.8/site-packages/inchworm_control/log/build_2023-11-15_15-40-00
[1.020s] -- Up-to-date: /home/cambria/MQP/dev_ws/src/inchworm_control/install/inchworm_control/lib/python3.8/site-packages/inchworm_control/log/build_2023-11-15_15-40-00/events.log
[1.021s] -- Up-to-date: /home/cambria/MQP/dev_ws/src/inchworm_control/install/inchworm_control/lib/python3.8/site-packages/inchworm_control/log/build_2023-11-15_15-40-00/logger_all.log
[1.021s] -- Up-to-date: /home/cambria/MQP/dev_ws/src/inchworm_control/install/inchworm_control/lib/python3.8/site-packages/inchworm_control/log/latest
[1.023s] -- Installing: /home/cambria/MQP/dev_ws/src/inchworm_control/install/inchworm_control/lib/python3.8/site-packages/inchworm_control/__init__.py
[1.023s] -- Up-to-date: /home/cambria/MQP/dev_ws/src/inchworm_control/install/inchworm_control/lib/python3.8/site-packages/inchworm_control/motor_publisher.py
[1.024s] -- Up-to-date: /home/cambria/MQP/dev_ws/src/inchworm_control/install/inchworm_control/lib/python3.8/site-packages/inchworm_control/motor_subscriber.py
[1.024s] -- Up-to-date: /home/cambria/MQP/dev_ws/src/inchworm_control/install/inchworm_control/lib/python3.8/site-packages/inchworm_control/scripts
[1.024s] -- Up-to-date: /home/cambria/MQP/dev_ws/src/inchworm_control/install/inchworm_control/lib/python3.8/site-packages/inchworm_control/scripts/movement_command.py
[1.024s] -- Up-to-date: /home/cambria/MQP/dev_ws/src/inchworm_control/install/inchworm_control/lib/python3.8/site-packages/inchworm_control/lewansoul_servo_bus.py
[1.025s] -- Up-to-date: /home/cambria/MQP/dev_ws/src/inchworm_control/install/inchworm_control/lib/python3.8/site-packages/inchworm_control/install
[1.026s] -- Up-to-date: /home/cambria/MQP/dev_ws/src/inchworm_control/install/inchworm_control/lib/python3.8/site-packages/inchworm_control/install/setup.sh
[1.029s] -- Up-to-date: /home/cambria/MQP/dev_ws/src/inchworm_control/install/inchworm_control/lib/python3.8/site-packages/inchworm_control/install/_local_setup_util_ps1.py
[1.030s] -- Up-to-date: /home/cambria/MQP/dev_ws/src/inchworm_control/install/inchworm_control/lib/python3.8/site-packages/inchworm_control/install/setup.ps1
[1.030s] -- Up-to-date: /home/cambria/MQP/dev_ws/src/inchworm_control/install/inchworm_control/lib/python3.8/site-packages/inchworm_control/install/_local_setup_util_sh.py
[1.030s] -- Up-to-date: /home/cambria/MQP/dev_ws/src/inchworm_control/install/inchworm_control/lib/python3.8/site-packages/inchworm_control/install/local_setup.sh
[1.031s] -- Up-to-date: /home/cambria/MQP/dev_ws/src/inchworm_control/install/inchworm_control/lib/python3.8/site-packages/inchworm_control/install/setup.zsh
[1.031s] -- Up-to-date: /home/cambria/MQP/dev_ws/src/inchworm_control/install/inchworm_control/lib/python3.8/site-packages/inchworm_control/install/.colcon_install_layout
[1.031s] -- Up-to-date: /home/cambria/MQP/dev_ws/src/inchworm_control/install/inchworm_control/lib/python3.8/site-packages/inchworm_control/install/COLCON_IGNORE
[1.032s] -- Up-to-date: /home/cambria/MQP/dev_ws/src/inchworm_control/install/inchworm_control/lib/python3.8/site-packages/inchworm_control/install/setup.bash
[1.032s] -- Up-to-date: /home/cambria/MQP/dev_ws/src/inchworm_control/install/inchworm_control/lib/python3.8/site-packages/inchworm_control/install/local_setup.bash
[1.032s] -- Up-to-date: /home/cambria/MQP/dev_ws/src/inchworm_control/install/inchworm_control/lib/python3.8/site-packages/inchworm_control/install/local_setup.zsh
[1.032s] -- Up-to-date: /home/cambria/MQP/dev_ws/src/inchworm_control/install/inchworm_control/lib/python3.8/site-packages/inchworm_control/install/local_setup.ps1
[1.033s] -- Installing: /home/cambria/MQP/dev_ws/src/inchworm_control/install/inchworm_control/lib/python3.8/site-packages/inchworm_control/step_publisher.py
[1.084s] Listing '/home/cambria/MQP/dev_ws/src/inchworm_control/install/inchworm_control/lib/python3.8/site-packages/inchworm_control'...
[1.084s] Compiling '/home/cambria/MQP/dev_ws/src/inchworm_control/install/inchworm_control/lib/python3.8/site-packages/inchworm_control/__init__.py'...
[1.085s] Listing '/home/cambria/MQP/dev_ws/src/inchworm_control/install/inchworm_control/lib/python3.8/site-packages/inchworm_control/build'...
[1.085s] Listing '/home/cambria/MQP/dev_ws/src/inchworm_control/install/inchworm_control/lib/python3.8/site-packages/inchworm_control/install'...
[1.085s] Listing '/home/cambria/MQP/dev_ws/src/inchworm_control/install/inchworm_control/lib/python3.8/site-packages/inchworm_control/lewansoul_servo_bus'...
[1.085s] Listing '/home/cambria/MQP/dev_ws/src/inchworm_control/install/inchworm_control/lib/python3.8/site-packages/inchworm_control/log'...
[1.086s] Listing '/home/cambria/MQP/dev_ws/src/inchworm_control/install/inchworm_control/lib/python3.8/site-packages/inchworm_control/log/build_2023-11-15_15-40-00'...
[1.086s] Listing '/home/cambria/MQP/dev_ws/src/inchworm_control/install/inchworm_control/lib/python3.8/site-packages/inchworm_control/log/build_2024-02-13_19-54-49'...
[1.086s] Listing '/home/cambria/MQP/dev_ws/src/inchworm_control/install/inchworm_control/lib/python3.8/site-packages/inchworm_control/msg'...
[1.086s] Listing '/home/cambria/MQP/dev_ws/src/inchworm_control/install/inchworm_control/lib/python3.8/site-packages/inchworm_control/scripts'...
[1.087s] Compiling '/home/cambria/MQP/dev_ws/src/inchworm_control/install/inchworm_control/lib/python3.8/site-packages/inchworm_control/step_publisher.py'...
[1.092s] -- Up-to-date: /home/cambria/MQP/dev_ws/src/inchworm_control/install/inchworm_control/lib/inchworm_control/motor_controller.py
[1.093s] -- Up-to-date: /home/cambria/MQP/dev_ws/src/inchworm_control/install/inchworm_control/lib/inchworm_control/motor_walking.py
[1.093s] -- Up-to-date: /home/cambria/MQP/dev_ws/src/inchworm_control/install/inchworm_control/lib/inchworm_control/motor_publisher.py
[1.094s] -- Installing: /home/cambria/MQP/dev_ws/src/inchworm_control/install/inchworm_control/lib/inchworm_control/step_publisher.py
[1.094s] -- Up-to-date: /home/cambria/MQP/dev_ws/src/inchworm_control/install/inchworm_control/share/inchworm_control/urdf
[1.094s] -- Up-to-date: /home/cambria/MQP/dev_ws/src/inchworm_control/install/inchworm_control/share/inchworm_control/urdf/r2d2.rviz
[1.094s] -- Up-to-date: /home/cambria/MQP/dev_ws/src/inchworm_control/install/inchworm_control/share/inchworm_control/urdf/one_inchworm.urdf
[1.095s] -- Up-to-date: /home/cambria/MQP/dev_ws/src/inchworm_control/install/inchworm_control/share/ament_index/resource_index/package_run_dependencies/inchworm_control
[1.095s] -- Up-to-date: /home/cambria/MQP/dev_ws/src/inchworm_control/install/inchworm_control/share/ament_index/resource_index/parent_prefix_path/inchworm_control
[1.095s] -- Up-to-date: /home/cambria/MQP/dev_ws/src/inchworm_control/install/inchworm_control/share/inchworm_control/environment/ament_prefix_path.sh
[1.095s] -- Up-to-date: /home/cambria/MQP/dev_ws/src/inchworm_control/install/inchworm_control/share/inchworm_control/environment/ament_prefix_path.dsv
[1.095s] -- Up-to-date: /home/cambria/MQP/dev_ws/src/inchworm_control/install/inchworm_control/share/inchworm_control/environment/path.sh
[1.095s] -- Up-to-date: /home/cambria/MQP/dev_ws/src/inchworm_control/install/inchworm_control/share/inchworm_control/environment/path.dsv
[1.096s] -- Up-to-date: /home/cambria/MQP/dev_ws/src/inchworm_control/install/inchworm_control/share/inchworm_control/local_setup.bash
[1.096s] -- Up-to-date: /home/cambria/MQP/dev_ws/src/inchworm_control/install/inchworm_control/share/inchworm_control/local_setup.sh
[1.096s] -- Up-to-date: /home/cambria/MQP/dev_ws/src/inchworm_control/install/inchworm_control/share/inchworm_control/local_setup.zsh
[1.096s] -- Up-to-date: /home/cambria/MQP/dev_ws/src/inchworm_control/install/inchworm_control/share/inchworm_control/local_setup.dsv
[1.096s] -- Installing: /home/cambria/MQP/dev_ws/src/inchworm_control/install/inchworm_control/share/inchworm_control/package.dsv
[1.096s] -- Up-to-date: /home/cambria/MQP/dev_ws/src/inchworm_control/install/inchworm_control/share/ament_index/resource_index/packages/inchworm_control
[1.097s] -- Up-to-date: /home/cambria/MQP/dev_ws/src/inchworm_control/install/inchworm_control/share/inchworm_control/cmake/inchworm_control__rosidl_generator_cExport.cmake
[1.097s] -- Up-to-date: /home/cambria/MQP/dev_ws/src/inchworm_control/install/inchworm_control/share/inchworm_control/cmake/inchworm_control__rosidl_generator_cExport-noconfig.cmake
[1.097s] -- Up-to-date: /home/cambria/MQP/dev_ws/src/inchworm_control/install/inchworm_control/share/inchworm_control/cmake/inchworm_control__rosidl_typesupport_introspection_cExport.cmake
[1.097s] -- Up-to-date: /home/cambria/MQP/dev_ws/src/inchworm_control/install/inchworm_control/share/inchworm_control/cmake/inchworm_control__rosidl_typesupport_introspection_cExport-noconfig.cmake
[1.097s] -- Up-to-date: /home/cambria/MQP/dev_ws/src/inchworm_control/install/inchworm_control/share/inchworm_control/cmake/inchworm_control__rosidl_typesupport_cExport.cmake
[1.098s] -- Up-to-date: /home/cambria/MQP/dev_ws/src/inchworm_control/install/inchworm_control/share/inchworm_control/cmake/inchworm_control__rosidl_typesupport_cExport-noconfig.cmake
[1.098s] -- Up-to-date: /home/cambria/MQP/dev_ws/src/inchworm_control/install/inchworm_control/share/inchworm_control/cmake/inchworm_control__rosidl_generator_cppExport.cmake
[1.099s] -- Up-to-date: /home/cambria/MQP/dev_ws/src/inchworm_control/install/inchworm_control/share/inchworm_control/cmake/inchworm_control__rosidl_typesupport_introspection_cppExport.cmake
[1.099s] -- Up-to-date: /home/cambria/MQP/dev_ws/src/inchworm_control/install/inchworm_control/share/inchworm_control/cmake/inchworm_control__rosidl_typesupport_introspection_cppExport-noconfig.cmake
[1.099s] -- Up-to-date: /home/cambria/MQP/dev_ws/src/inchworm_control/install/inchworm_control/share/inchworm_control/cmake/inchworm_control__rosidl_typesupport_cppExport.cmake
[1.099s] -- Up-to-date: /home/cambria/MQP/dev_ws/src/inchworm_control/install/inchworm_control/share/inchworm_control/cmake/inchworm_control__rosidl_typesupport_cppExport-noconfig.cmake
[1.100s] -- Up-to-date: /home/cambria/MQP/dev_ws/src/inchworm_control/install/inchworm_control/share/inchworm_control/cmake/rosidl_cmake-extras.cmake
[1.100s] -- Up-to-date: /home/cambria/MQP/dev_ws/src/inchworm_control/install/inchworm_control/share/inchworm_control/cmake/ament_cmake_export_dependencies-extras.cmake
[1.100s] -- Up-to-date: /home/cambria/MQP/dev_ws/src/inchworm_control/install/inchworm_control/share/inchworm_control/cmake/ament_cmake_export_libraries-extras.cmake
[1.101s] -- Up-to-date: /home/cambria/MQP/dev_ws/src/inchworm_control/install/inchworm_control/share/inchworm_control/cmake/ament_cmake_export_targets-extras.cmake
[1.101s] -- Up-to-date: /home/cambria/MQP/dev_ws/src/inchworm_control/install/inchworm_control/share/inchworm_control/cmake/ament_cmake_export_include_directories-extras.cmake
[1.101s] -- Up-to-date: /home/cambria/MQP/dev_ws/src/inchworm_control/install/inchworm_control/share/inchworm_control/cmake/rosidl_cmake_export_typesupport_libraries-extras.cmake
[1.101s] -- Up-to-date: /home/cambria/MQP/dev_ws/src/inchworm_control/install/inchworm_control/share/inchworm_control/cmake/rosidl_cmake_export_typesupport_targets-extras.cmake
[1.101s] -- Up-to-date: /home/cambria/MQP/dev_ws/src/inchworm_control/install/inchworm_control/share/inchworm_control/cmake/inchworm_controlConfig.cmake
[1.101s] -- Up-to-date: /home/cambria/MQP/dev_ws/src/inchworm_control/install/inchworm_control/share/inchworm_control/cmake/inchworm_controlConfig-version.cmake
[1.102s] -- Up-to-date: /home/cambria/MQP/dev_ws/src/inchworm_control/install/inchworm_control/share/inchworm_control/package.xml
[1.111s] Invoked command in '/home/cambria/MQP/dev_ws/src/inchworm_control/build/inchworm_control' returned '0': CMAKE_PREFIX_PATH=${CMAKE_PREFIX_PATH}:/opt/ros/foxy /usr/bin/cmake --install /home/cambria/MQP/dev_ws/src/inchworm_control/build/inchworm_control
