[10.330s] DEBUG:colcon:Command line arguments: ['/usr/bin/colcon', 'build']
[10.331s] DEBUG:colcon:Parsed command line arguments: Namespace(allow_overriding=[], ament_cmake_args=None, base_paths=['.'], build_base='build', catkin_cmake_args=None, catkin_skip_building_tests=False, cmake_args=None, cmake_clean_cache=False, cmake_clean_first=False, cmake_force_configure=False, cmake_target=None, cmake_target_skip_unavailable=False, continue_on_error=False, event_handlers=None, executor='parallel', ignore_user_meta=False, install_base='install', log_base=None, log_level=None, main=<bound method BuildVerb.main of <colcon_core.verb.build.BuildVerb object at 0xffff8a18dc10>>, merge_install=False, metas=['./colcon.meta'], packages_above=None, packages_above_and_dependencies=None, packages_above_depth=None, packages_end=None, packages_ignore=None, packages_ignore_regex=None, packages_select=None, packages_select_build_failed=False, packages_select_by_dep=None, packages_select_regex=None, packages_select_test_failures=False, packages_skip=None, packages_skip_build_finished=False, packages_skip_by_dep=None, packages_skip_regex=None, packages_skip_test_passed=False, packages_skip_up_to=None, packages_start=None, packages_up_to=None, packages_up_to_regex=None, parallel_workers=4, paths=None, symlink_install=False, test_result_base=None, verb_extension=<colcon_core.verb.build.BuildVerb object at 0xffff8a18dc10>, verb_name='build', verb_parser=<colcon_defaults.argument_parser.defaults.DefaultArgumentsDecorator object at 0xffff89d74d90>)
[10.691s] Level 1:colcon.colcon_core.package_discovery:discover_packages(colcon_meta) check parameters
[10.692s] Level 1:colcon.colcon_core.package_discovery:discover_packages(recursive) check parameters
[10.692s] Level 1:colcon.colcon_core.package_discovery:discover_packages(ignore) check parameters
[10.692s] Level 1:colcon.colcon_core.package_discovery:discover_packages(path) check parameters
[10.692s] Level 1:colcon.colcon_core.package_discovery:discover_packages(colcon_meta) discover
[10.693s] Level 1:colcon.colcon_core.package_discovery:discover_packages(recursive) discover
[10.693s] INFO:colcon.colcon_core.package_discovery:Crawling recursively for packages in '/home/ubuntu/robot_ws/src/MQP/inchworm_control'
[10.693s] Level 1:colcon.colcon_core.package_identification:_identify(.) by extensions ['ignore', 'ignore_ament_install']
[10.694s] Level 1:colcon.colcon_core.package_identification:_identify(.) by extension 'ignore'
[10.694s] Level 1:colcon.colcon_core.package_identification:_identify(.) by extension 'ignore_ament_install'
[10.694s] Level 1:colcon.colcon_core.package_identification:_identify(.) by extensions ['colcon_pkg']
[10.694s] Level 1:colcon.colcon_core.package_identification:_identify(.) by extension 'colcon_pkg'
[10.694s] Level 1:colcon.colcon_core.package_identification:_identify(.) by extensions ['colcon_meta']
[10.694s] Level 1:colcon.colcon_core.package_identification:_identify(.) by extension 'colcon_meta'
[10.695s] Level 1:colcon.colcon_core.package_identification:_identify(.) by extensions ['ros']
[10.695s] Level 1:colcon.colcon_core.package_identification:_identify(.) by extension 'ros'
[10.742s] DEBUG:colcon.colcon_core.package_identification:Package '.' with type 'ros.ament_cmake' and name 'inchworm_control'
[10.742s] Level 1:colcon.colcon_core.package_discovery:discover_packages(recursive) using defaults
[10.743s] Level 1:colcon.colcon_core.package_discovery:discover_packages(ignore) discover
[10.743s] Level 1:colcon.colcon_core.package_discovery:discover_packages(ignore) using defaults
[10.743s] Level 1:colcon.colcon_core.package_discovery:discover_packages(path) discover
[10.743s] Level 1:colcon.colcon_core.package_discovery:discover_packages(path) using defaults
[11.500s] Level 1:colcon.colcon_core.package_discovery:discover_packages(prefix_path) check parameters
[11.500s] Level 1:colcon.colcon_core.package_discovery:discover_packages(prefix_path) discover
[11.821s] DEBUG:colcon.colcon_installed_package_information.package_discovery:Found 1 installed packages in /home/ubuntu/robot_ws/src/MQP/inchworm_control/install
[11.967s] DEBUG:colcon.colcon_installed_package_information.package_discovery:Found 2 installed packages in /home/ubuntu/robot_ws/install
[12.112s] DEBUG:colcon.colcon_installed_package_information.package_discovery:Found 0 installed packages in /home/ubuntu/robot_ws/src/MQP/inchworm_control/inchworm_control/install
[12.259s] DEBUG:colcon.colcon_installed_package_information.package_discovery:Found 256 installed packages in /opt/ros/foxy
[12.266s] Level 1:colcon.colcon_core.package_discovery:discover_packages(prefix_path) using defaults
[12.837s] Level 5:colcon.colcon_core.verb:set package 'inchworm_control' build argument 'cmake_args' from command line to 'None'
[12.838s] Level 5:colcon.colcon_core.verb:set package 'inchworm_control' build argument 'cmake_target' from command line to 'None'
[12.838s] Level 5:colcon.colcon_core.verb:set package 'inchworm_control' build argument 'cmake_target_skip_unavailable' from command line to 'False'
[12.838s] Level 5:colcon.colcon_core.verb:set package 'inchworm_control' build argument 'cmake_clean_cache' from command line to 'False'
[12.838s] Level 5:colcon.colcon_core.verb:set package 'inchworm_control' build argument 'cmake_clean_first' from command line to 'False'
[12.838s] Level 5:colcon.colcon_core.verb:set package 'inchworm_control' build argument 'cmake_force_configure' from command line to 'False'
[12.838s] Level 5:colcon.colcon_core.verb:set package 'inchworm_control' build argument 'ament_cmake_args' from command line to 'None'
[12.838s] Level 5:colcon.colcon_core.verb:set package 'inchworm_control' build argument 'catkin_cmake_args' from command line to 'None'
[12.838s] Level 5:colcon.colcon_core.verb:set package 'inchworm_control' build argument 'catkin_skip_building_tests' from command line to 'False'
[12.839s] DEBUG:colcon.colcon_core.verb:Building package 'inchworm_control' with the following arguments: {'ament_cmake_args': None, 'build_base': '/home/ubuntu/robot_ws/src/MQP/inchworm_control/build/inchworm_control', 'catkin_cmake_args': None, 'catkin_skip_building_tests': False, 'cmake_args': None, 'cmake_clean_cache': False, 'cmake_clean_first': False, 'cmake_force_configure': False, 'cmake_target': None, 'cmake_target_skip_unavailable': False, 'install_base': '/home/ubuntu/robot_ws/src/MQP/inchworm_control/install/inchworm_control', 'merge_install': False, 'path': '/home/ubuntu/robot_ws/src/MQP/inchworm_control', 'symlink_install': False, 'test_result_base': None}
[12.980s] INFO:colcon.colcon_core.executor:Executing jobs using 'parallel' executor
[13.126s] DEBUG:colcon.colcon_parallel_executor.executor.parallel:run_until_complete
[13.128s] INFO:colcon.colcon_ros.task.ament_cmake.build:Building ROS package in '/home/ubuntu/robot_ws/src/MQP/inchworm_control' with build type 'ament_cmake'
[13.128s] INFO:colcon.colcon_cmake.task.cmake.build:Building CMake package in '/home/ubuntu/robot_ws/src/MQP/inchworm_control'
[13.292s] INFO:colcon.colcon_core.plugin_system:Skipping extension 'colcon_core.shell.bat': Not used on non-Windows systems
[13.293s] INFO:colcon.colcon_core.shell:Skip shell extension 'powershell' for command environment: Not usable outside of PowerShell
[13.293s] DEBUG:colcon.colcon_core.shell:Skip shell extension 'dsv' for command environment
[14.143s] DEBUG:colcon.colcon_core.event_handler.log_command:Invoking command in '/home/ubuntu/robot_ws/src/MQP/inchworm_control/build/inchworm_control': CMAKE_PREFIX_PATH=${CMAKE_PREFIX_PATH}:/home/ubuntu/robot_ws/install/motor_control:/opt/ros/foxy /usr/bin/cmake --build /home/ubuntu/robot_ws/src/MQP/inchworm_control/build/inchworm_control -- -j4 -l4
[15.189s] DEBUG:colcon.colcon_core.event_handler.log_command:Invoked command in '/home/ubuntu/robot_ws/src/MQP/inchworm_control/build/inchworm_control' returned '0': CMAKE_PREFIX_PATH=${CMAKE_PREFIX_PATH}:/home/ubuntu/robot_ws/install/motor_control:/opt/ros/foxy /usr/bin/cmake --build /home/ubuntu/robot_ws/src/MQP/inchworm_control/build/inchworm_control -- -j4 -l4
[15.677s] DEBUG:colcon.colcon_core.event_handler.log_command:Invoking command in '/home/ubuntu/robot_ws/src/MQP/inchworm_control/build/inchworm_control': CMAKE_PREFIX_PATH=${CMAKE_PREFIX_PATH}:/home/ubuntu/robot_ws/install/motor_control:/opt/ros/foxy /usr/bin/cmake --install /home/ubuntu/robot_ws/src/MQP/inchworm_control/build/inchworm_control
[16.139s] Level 1:colcon.colcon_core.environment:create_environment_scripts_only(inchworm_control)
[16.140s] DEBUG:colcon.colcon_core.event_handler.log_command:Invoked command in '/home/ubuntu/robot_ws/src/MQP/inchworm_control/build/inchworm_control' returned '0': CMAKE_PREFIX_PATH=${CMAKE_PREFIX_PATH}:/home/ubuntu/robot_ws/install/motor_control:/opt/ros/foxy /usr/bin/cmake --install /home/ubuntu/robot_ws/src/MQP/inchworm_control/build/inchworm_control
[16.317s] Level 1:colcon.colcon_core.environment:checking '/home/ubuntu/robot_ws/src/MQP/inchworm_control/install/inchworm_control' for CMake module files
[16.321s] Level 1:colcon.colcon_core.environment:checking '/home/ubuntu/robot_ws/src/MQP/inchworm_control/install/inchworm_control' for CMake config files
[16.326s] Level 1:colcon.colcon_core.shell:create_environment_hook('inchworm_control', 'cmake_prefix_path')
[16.483s] INFO:colcon.colcon_core.shell:Creating environment hook '/home/ubuntu/robot_ws/src/MQP/inchworm_control/install/inchworm_control/share/inchworm_control/hook/cmake_prefix_path.ps1'
[16.486s] INFO:colcon.colcon_core.shell:Creating environment descriptor '/home/ubuntu/robot_ws/src/MQP/inchworm_control/install/inchworm_control/share/inchworm_control/hook/cmake_prefix_path.dsv'
[16.488s] INFO:colcon.colcon_core.shell:Creating environment hook '/home/ubuntu/robot_ws/src/MQP/inchworm_control/install/inchworm_control/share/inchworm_control/hook/cmake_prefix_path.sh'
[16.492s] Level 1:colcon.colcon_core.environment:checking '/home/ubuntu/robot_ws/src/MQP/inchworm_control/install/inchworm_control/lib'
[16.493s] Level 1:colcon.colcon_core.shell:create_environment_hook('inchworm_control', 'ld_library_path_lib')
[16.646s] INFO:colcon.colcon_core.shell:Creating environment hook '/home/ubuntu/robot_ws/src/MQP/inchworm_control/install/inchworm_control/share/inchworm_control/hook/ld_library_path_lib.ps1'
[16.648s] INFO:colcon.colcon_core.shell:Creating environment descriptor '/home/ubuntu/robot_ws/src/MQP/inchworm_control/install/inchworm_control/share/inchworm_control/hook/ld_library_path_lib.dsv'
[16.649s] INFO:colcon.colcon_core.shell:Creating environment hook '/home/ubuntu/robot_ws/src/MQP/inchworm_control/install/inchworm_control/share/inchworm_control/hook/ld_library_path_lib.sh'
[16.651s] Level 1:colcon.colcon_core.environment:checking '/home/ubuntu/robot_ws/src/MQP/inchworm_control/install/inchworm_control/bin'
[16.652s] Level 1:colcon.colcon_core.environment:checking '/home/ubuntu/robot_ws/src/MQP/inchworm_control/install/inchworm_control/lib/pkgconfig/inchworm_control.pc'
[16.653s] Level 1:colcon.colcon_core.environment:checking '/home/ubuntu/robot_ws/src/MQP/inchworm_control/install/inchworm_control/lib/python3.8/site-packages'
[16.653s] Level 1:colcon.colcon_core.shell:create_environment_hook('inchworm_control', 'pythonpath')
[16.809s] INFO:colcon.colcon_core.shell:Creating environment hook '/home/ubuntu/robot_ws/src/MQP/inchworm_control/install/inchworm_control/share/inchworm_control/hook/pythonpath.ps1'
[16.811s] INFO:colcon.colcon_core.shell:Creating environment descriptor '/home/ubuntu/robot_ws/src/MQP/inchworm_control/install/inchworm_control/share/inchworm_control/hook/pythonpath.dsv'
[16.813s] INFO:colcon.colcon_core.shell:Creating environment hook '/home/ubuntu/robot_ws/src/MQP/inchworm_control/install/inchworm_control/share/inchworm_control/hook/pythonpath.sh'
[16.815s] Level 1:colcon.colcon_core.environment:checking '/home/ubuntu/robot_ws/src/MQP/inchworm_control/install/inchworm_control/bin'
[16.967s] INFO:colcon.colcon_core.shell:Creating package script '/home/ubuntu/robot_ws/src/MQP/inchworm_control/install/inchworm_control/share/inchworm_control/package.ps1'
[16.971s] INFO:colcon.colcon_core.shell:Creating package descriptor '/home/ubuntu/robot_ws/src/MQP/inchworm_control/install/inchworm_control/share/inchworm_control/package.dsv'
[16.975s] INFO:colcon.colcon_core.shell:Creating package script '/home/ubuntu/robot_ws/src/MQP/inchworm_control/install/inchworm_control/share/inchworm_control/package.sh'
[16.979s] INFO:colcon.colcon_core.shell:Creating package script '/home/ubuntu/robot_ws/src/MQP/inchworm_control/install/inchworm_control/share/inchworm_control/package.bash'
[16.982s] INFO:colcon.colcon_core.shell:Creating package script '/home/ubuntu/robot_ws/src/MQP/inchworm_control/install/inchworm_control/share/inchworm_control/package.zsh'
[16.985s] Level 1:colcon.colcon_core.environment:create_file_with_runtime_dependencies(/home/ubuntu/robot_ws/src/MQP/inchworm_control/install/inchworm_control/share/colcon-core/packages/inchworm_control)
[17.587s] Level 1:colcon.colcon_core.environment:create_environment_scripts_only(inchworm_control)
[17.739s] Level 1:colcon.colcon_core.environment:checking '/home/ubuntu/robot_ws/src/MQP/inchworm_control/install/inchworm_control' for CMake module files
[17.742s] Level 1:colcon.colcon_core.environment:checking '/home/ubuntu/robot_ws/src/MQP/inchworm_control/install/inchworm_control' for CMake config files
[17.748s] Level 1:colcon.colcon_core.shell:create_environment_hook('inchworm_control', 'cmake_prefix_path')
[17.898s] INFO:colcon.colcon_core.shell:Creating environment hook '/home/ubuntu/robot_ws/src/MQP/inchworm_control/install/inchworm_control/share/inchworm_control/hook/cmake_prefix_path.ps1'
[17.901s] INFO:colcon.colcon_core.shell:Creating environment descriptor '/home/ubuntu/robot_ws/src/MQP/inchworm_control/install/inchworm_control/share/inchworm_control/hook/cmake_prefix_path.dsv'
[17.903s] INFO:colcon.colcon_core.shell:Creating environment hook '/home/ubuntu/robot_ws/src/MQP/inchworm_control/install/inchworm_control/share/inchworm_control/hook/cmake_prefix_path.sh'
[17.906s] Level 1:colcon.colcon_core.environment:checking '/home/ubuntu/robot_ws/src/MQP/inchworm_control/install/inchworm_control/lib'
[17.906s] Level 1:colcon.colcon_core.shell:create_environment_hook('inchworm_control', 'ld_library_path_lib')
[18.056s] INFO:colcon.colcon_core.shell:Creating environment hook '/home/ubuntu/robot_ws/src/MQP/inchworm_control/install/inchworm_control/share/inchworm_control/hook/ld_library_path_lib.ps1'
[18.058s] INFO:colcon.colcon_core.shell:Creating environment descriptor '/home/ubuntu/robot_ws/src/MQP/inchworm_control/install/inchworm_control/share/inchworm_control/hook/ld_library_path_lib.dsv'
[18.059s] INFO:colcon.colcon_core.shell:Creating environment hook '/home/ubuntu/robot_ws/src/MQP/inchworm_control/install/inchworm_control/share/inchworm_control/hook/ld_library_path_lib.sh'
[18.061s] Level 1:colcon.colcon_core.environment:checking '/home/ubuntu/robot_ws/src/MQP/inchworm_control/install/inchworm_control/bin'
[18.062s] Level 1:colcon.colcon_core.environment:checking '/home/ubuntu/robot_ws/src/MQP/inchworm_control/install/inchworm_control/lib/pkgconfig/inchworm_control.pc'
[18.062s] Level 1:colcon.colcon_core.environment:checking '/home/ubuntu/robot_ws/src/MQP/inchworm_control/install/inchworm_control/lib/python3.8/site-packages'
[18.063s] Level 1:colcon.colcon_core.shell:create_environment_hook('inchworm_control', 'pythonpath')
[18.236s] INFO:colcon.colcon_core.shell:Creating environment hook '/home/ubuntu/robot_ws/src/MQP/inchworm_control/install/inchworm_control/share/inchworm_control/hook/pythonpath.ps1'
[18.239s] INFO:colcon.colcon_core.shell:Creating environment descriptor '/home/ubuntu/robot_ws/src/MQP/inchworm_control/install/inchworm_control/share/inchworm_control/hook/pythonpath.dsv'
[18.241s] INFO:colcon.colcon_core.shell:Creating environment hook '/home/ubuntu/robot_ws/src/MQP/inchworm_control/install/inchworm_control/share/inchworm_control/hook/pythonpath.sh'
[18.244s] Level 1:colcon.colcon_core.environment:checking '/home/ubuntu/robot_ws/src/MQP/inchworm_control/install/inchworm_control/bin'
[18.396s] INFO:colcon.colcon_core.shell:Creating package script '/home/ubuntu/robot_ws/src/MQP/inchworm_control/install/inchworm_control/share/inchworm_control/package.ps1'
[18.399s] INFO:colcon.colcon_core.shell:Creating package descriptor '/home/ubuntu/robot_ws/src/MQP/inchworm_control/install/inchworm_control/share/inchworm_control/package.dsv'
[18.401s] INFO:colcon.colcon_core.shell:Creating package script '/home/ubuntu/robot_ws/src/MQP/inchworm_control/install/inchworm_control/share/inchworm_control/package.sh'
[18.404s] INFO:colcon.colcon_core.shell:Creating package script '/home/ubuntu/robot_ws/src/MQP/inchworm_control/install/inchworm_control/share/inchworm_control/package.bash'
[18.406s] INFO:colcon.colcon_core.shell:Creating package script '/home/ubuntu/robot_ws/src/MQP/inchworm_control/install/inchworm_control/share/inchworm_control/package.zsh'
[18.408s] Level 1:colcon.colcon_core.environment:create_file_with_runtime_dependencies(/home/ubuntu/robot_ws/src/MQP/inchworm_control/install/inchworm_control/share/colcon-core/packages/inchworm_control)
[18.409s] DEBUG:colcon.colcon_parallel_executor.executor.parallel:closing loop
[18.410s] DEBUG:colcon.colcon_parallel_executor.executor.parallel:loop closed
[18.411s] DEBUG:colcon.colcon_parallel_executor.executor.parallel:run_until_complete finished with '0'
[18.411s] DEBUG:colcon.colcon_core.event_reactor:joining thread
[18.584s] INFO:colcon.colcon_core.plugin_system:Skipping extension 'colcon_notification.desktop_notification.terminal_notifier': Not used on non-Darwin systems
[18.585s] INFO:colcon.colcon_core.plugin_system:Skipping extension 'colcon_notification.desktop_notification.win32': Not used on non-Windows systems
[18.585s] INFO:colcon.colcon_notification.desktop_notification:Sending desktop notification using 'notify2'
