[9.160s] DEBUG:colcon:Command line arguments: ['/usr/bin/colcon', 'build', '--packages-select', 'Tuple']
[9.161s] DEBUG:colcon:Parsed command line arguments: Namespace(allow_overriding=[], ament_cmake_args=None, base_paths=['.'], build_base='build', catkin_cmake_args=None, catkin_skip_building_tests=False, cmake_args=None, cmake_clean_cache=False, cmake_clean_first=False, cmake_force_configure=False, cmake_target=None, cmake_target_skip_unavailable=False, continue_on_error=False, event_handlers=None, executor='parallel', ignore_user_meta=False, install_base='install', log_base=None, log_level=None, main=<bound method BuildVerb.main of <colcon_core.verb.build.BuildVerb object at 0xffff82542940>>, merge_install=False, metas=['./colcon.meta'], packages_above=None, packages_above_and_dependencies=None, packages_above_depth=None, packages_end=None, packages_ignore=None, packages_ignore_regex=None, packages_select=['Tuple'], packages_select_build_failed=False, packages_select_by_dep=None, packages_select_regex=None, packages_select_test_failures=False, packages_skip=None, packages_skip_build_finished=False, packages_skip_by_dep=None, packages_skip_regex=None, packages_skip_test_passed=False, packages_skip_up_to=None, packages_start=None, packages_up_to=None, packages_up_to_regex=None, parallel_workers=4, paths=None, symlink_install=False, test_result_base=None, verb_extension=<colcon_core.verb.build.BuildVerb object at 0xffff82542940>, verb_name='build', verb_parser=<colcon_defaults.argument_parser.defaults.DefaultArgumentsDecorator object at 0xffff8216b760>)
[9.529s] Level 1:colcon.colcon_core.package_discovery:discover_packages(colcon_meta) check parameters
[9.530s] Level 1:colcon.colcon_core.package_discovery:discover_packages(recursive) check parameters
[9.530s] Level 1:colcon.colcon_core.package_discovery:discover_packages(ignore) check parameters
[9.530s] Level 1:colcon.colcon_core.package_discovery:discover_packages(path) check parameters
[9.530s] Level 1:colcon.colcon_core.package_discovery:discover_packages(colcon_meta) discover
[9.530s] Level 1:colcon.colcon_core.package_discovery:discover_packages(recursive) discover
[9.531s] INFO:colcon.colcon_core.package_discovery:Crawling recursively for packages in '/home/ubuntu/robot_ws/src/MQP'
[9.531s] Level 1:colcon.colcon_core.package_identification:_identify(.) by extensions ['ignore', 'ignore_ament_install']
[9.531s] Level 1:colcon.colcon_core.package_identification:_identify(.) by extension 'ignore'
[9.532s] Level 1:colcon.colcon_core.package_identification:_identify(.) by extension 'ignore_ament_install'
[9.532s] Level 1:colcon.colcon_core.package_identification:_identify(.) by extensions ['colcon_pkg']
[9.532s] Level 1:colcon.colcon_core.package_identification:_identify(.) by extension 'colcon_pkg'
[9.532s] Level 1:colcon.colcon_core.package_identification:_identify(.) by extensions ['colcon_meta']
[9.532s] Level 1:colcon.colcon_core.package_identification:_identify(.) by extension 'colcon_meta'
[9.532s] Level 1:colcon.colcon_core.package_identification:_identify(.) by extensions ['ros']
[9.533s] Level 1:colcon.colcon_core.package_identification:_identify(.) by extension 'ros'
[9.576s] Level 1:colcon.colcon_core.package_identification:_identify(.) by extensions ['cmake', 'python']
[9.576s] Level 1:colcon.colcon_core.package_identification:_identify(.) by extension 'cmake'
[9.576s] Level 1:colcon.colcon_core.package_identification:_identify(.) by extension 'python'
[9.577s] Level 1:colcon.colcon_core.package_identification:_identify(.) by extensions ['python_setup_py']
[9.577s] Level 1:colcon.colcon_core.package_identification:_identify(.) by extension 'python_setup_py'
[9.577s] Level 1:colcon.colcon_core.package_identification:_identify(build) by extensions ['ignore', 'ignore_ament_install']
[9.578s] Level 1:colcon.colcon_core.package_identification:_identify(build) by extension 'ignore'
[9.578s] Level 1:colcon.colcon_core.package_identification:_identify(build) ignored
[9.578s] Level 1:colcon.colcon_core.package_identification:_identify(inchworm_control) by extensions ['ignore', 'ignore_ament_install']
[9.579s] Level 1:colcon.colcon_core.package_identification:_identify(inchworm_control) by extension 'ignore'
[9.579s] Level 1:colcon.colcon_core.package_identification:_identify(inchworm_control) by extension 'ignore_ament_install'
[9.579s] Level 1:colcon.colcon_core.package_identification:_identify(inchworm_control) by extensions ['colcon_pkg']
[9.579s] Level 1:colcon.colcon_core.package_identification:_identify(inchworm_control) by extension 'colcon_pkg'
[9.580s] Level 1:colcon.colcon_core.package_identification:_identify(inchworm_control) by extensions ['colcon_meta']
[9.580s] Level 1:colcon.colcon_core.package_identification:_identify(inchworm_control) by extension 'colcon_meta'
[9.580s] Level 1:colcon.colcon_core.package_identification:_identify(inchworm_control) by extensions ['ros']
[9.580s] Level 1:colcon.colcon_core.package_identification:_identify(inchworm_control) by extension 'ros'
[9.590s] DEBUG:colcon.colcon_core.package_identification:Package 'inchworm_control' with type 'ros.ament_cmake' and name 'inchworm_control'
[9.591s] Level 1:colcon.colcon_core.package_identification:_identify(install) by extensions ['ignore', 'ignore_ament_install']
[9.591s] Level 1:colcon.colcon_core.package_identification:_identify(install) by extension 'ignore'
[9.591s] Level 1:colcon.colcon_core.package_identification:_identify(install) ignored
[9.592s] Level 1:colcon.colcon_core.package_identification:_identify(log) by extensions ['ignore', 'ignore_ament_install']
[9.592s] Level 1:colcon.colcon_core.package_identification:_identify(log) by extension 'ignore'
[9.593s] Level 1:colcon.colcon_core.package_identification:_identify(log) ignored
[9.593s] Level 1:colcon.colcon_core.package_discovery:discover_packages(recursive) using defaults
[9.593s] Level 1:colcon.colcon_core.package_discovery:discover_packages(ignore) discover
[9.593s] Level 1:colcon.colcon_core.package_discovery:discover_packages(ignore) using defaults
[9.593s] Level 1:colcon.colcon_core.package_discovery:discover_packages(path) discover
[9.593s] Level 1:colcon.colcon_core.package_discovery:discover_packages(path) using defaults
[9.742s] WARNING:colcon.colcon_core.package_selection:ignoring unknown package 'Tuple' in --packages-select
[10.084s] INFO:colcon.colcon_core.package_selection:Skipping not selected package 'inchworm_control' in 'inchworm_control'
[10.356s] Level 1:colcon.colcon_core.package_discovery:discover_packages(prefix_path) check parameters
[10.356s] Level 1:colcon.colcon_core.package_discovery:discover_packages(prefix_path) discover
[10.638s] DEBUG:colcon.colcon_installed_package_information.package_discovery:Found 2 installed packages in /home/ubuntu/robot_ws/src/MQP/install
[10.792s] DEBUG:colcon.colcon_installed_package_information.package_discovery:Found 2 installed packages in /home/ubuntu/robot_ws/install
[10.933s] DEBUG:colcon.colcon_installed_package_information.package_discovery:Found 0 installed packages in /home/ubuntu/robot_ws/src/MQP/inchworm_control/inchworm_control/install
[11.076s] DEBUG:colcon.colcon_installed_package_information.package_discovery:Found 256 installed packages in /opt/ros/foxy
[11.082s] Level 1:colcon.colcon_core.package_discovery:discover_packages(prefix_path) using defaults
[11.682s] INFO:colcon.colcon_core.executor:Executing jobs using 'parallel' executor
[11.823s] DEBUG:colcon.colcon_parallel_executor.executor.parallel:run_until_complete
[11.824s] DEBUG:colcon.colcon_parallel_executor.executor.parallel:closing loop
[11.825s] DEBUG:colcon.colcon_parallel_executor.executor.parallel:loop closed
[11.825s] DEBUG:colcon.colcon_parallel_executor.executor.parallel:run_until_complete finished with '0'
[11.825s] DEBUG:colcon.colcon_core.event_reactor:joining thread
[11.990s] INFO:colcon.colcon_core.plugin_system:Skipping extension 'colcon_notification.desktop_notification.terminal_notifier': Not used on non-Darwin systems
[11.991s] INFO:colcon.colcon_core.plugin_system:Skipping extension 'colcon_notification.desktop_notification.win32': Not used on non-Windows systems
[11.991s] INFO:colcon.colcon_notification.desktop_notification:Sending desktop notification using 'notify2'
[37.010s] DEBUG:colcon.colcon_notification.desktop_notification.notify2:Failed to initialize notify2: org.freedesktop.DBus.Error.NoReply: Did not receive a reply. Possible causes include: the remote application did not send a reply, the message bus security policy blocked the reply, the reply timeout expired, or the network connection was broken.
[37.010s] DEBUG:colcon.colcon_core.event_reactor:joined thread
[37.165s] INFO:colcon.colcon_core.plugin_system:Skipping extension 'colcon_core.shell.bat': Not used on non-Windows systems
[37.166s] INFO:colcon.colcon_core.shell:Creating prefix script '/home/ubuntu/robot_ws/src/MQP/install/local_setup.ps1'
[37.170s] INFO:colcon.colcon_core.shell:Creating prefix util module '/home/ubuntu/robot_ws/src/MQP/install/_local_setup_util_ps1.py'
[37.175s] INFO:colcon.colcon_core.shell:Creating prefix chain script '/home/ubuntu/robot_ws/src/MQP/install/setup.ps1'
[37.321s] INFO:colcon.colcon_core.shell:Creating prefix script '/home/ubuntu/robot_ws/src/MQP/install/local_setup.sh'
[37.323s] INFO:colcon.colcon_core.shell:Creating prefix util module '/home/ubuntu/robot_ws/src/MQP/install/_local_setup_util_sh.py'
[37.325s] INFO:colcon.colcon_core.shell:Creating prefix chain script '/home/ubuntu/robot_ws/src/MQP/install/setup.sh'
[37.470s] INFO:colcon.colcon_core.shell:Creating prefix script '/home/ubuntu/robot_ws/src/MQP/install/local_setup.bash'
[37.472s] INFO:colcon.colcon_core.shell:Creating prefix chain script '/home/ubuntu/robot_ws/src/MQP/install/setup.bash'
[37.617s] INFO:colcon.colcon_core.shell:Creating prefix script '/home/ubuntu/robot_ws/src/MQP/install/local_setup.zsh'
[37.619s] INFO:colcon.colcon_core.shell:Creating prefix chain script '/home/ubuntu/robot_ws/src/MQP/install/setup.zsh'
