[0.881s] Invoking command in '/home/ubuntu/robot_ws/src/MQP/inchworm_control/build/inchworm_control': CMAKE_PREFIX_PATH=${CMAKE_PREFIX_PATH}:/home/ubuntu/robot_ws/install/motor_control:/opt/ros/foxy /usr/bin/cmake --build /home/ubuntu/robot_ws/src/MQP/inchworm_control/build/inchworm_control -- -j4 -l4
[1.398s] [  2%] Built target inchworm_control__cpp
[1.409s] [ 12%] Built target inchworm_control__rosidl_generator_c
[1.527s] [ 23%] Built target inchworm_control__rosidl_typesupport_introspection_cpp
[1.537s] [ 33%] Built target inchworm_control__rosidl_typesupport_cpp
[1.546s] [ 43%] Built target inchworm_control__rosidl_typesupport_introspection_c
[1.570s] [ 53%] Built target inchworm_control__rosidl_typesupport_fastrtps_cpp
[1.642s] [ 64%] Built target inchworm_control__rosidl_typesupport_c
[1.716s] [ 74%] Built target inchworm_control__rosidl_typesupport_fastrtps_c
[1.813s] [ 74%] Built target inchworm_control
[1.922s] [ 76%] Built target inchworm_control__py
[2.098s] [ 84%] Built target inchworm_control__python
[2.251s] [ 89%] Built target inchworm_control__rosidl_typesupport_c__pyext
[2.253s] [ 94%] Built target inchworm_control__rosidl_typesupport_introspection_c__pyext
[2.255s] [100%] Built target inchworm_control__rosidl_typesupport_fastrtps_c__pyext
[2.301s] Invoked command in '/home/ubuntu/robot_ws/src/MQP/inchworm_control/build/inchworm_control' returned '0': CMAKE_PREFIX_PATH=${CMAKE_PREFIX_PATH}:/home/ubuntu/robot_ws/install/motor_control:/opt/ros/foxy /usr/bin/cmake --build /home/ubuntu/robot_ws/src/MQP/inchworm_control/build/inchworm_control -- -j4 -l4
[2.761s] Invoking command in '/home/ubuntu/robot_ws/src/MQP/inchworm_control/build/inchworm_control': CMAKE_PREFIX_PATH=${CMAKE_PREFIX_PATH}:/home/ubuntu/robot_ws/install/motor_control:/opt/ros/foxy /usr/bin/cmake --install /home/ubuntu/robot_ws/src/MQP/inchworm_control/build/inchworm_control
[2.801s] -- Install configuration: ""
[2.802s] -- Up-to-date: /home/ubuntu/robot_ws/src/MQP/inchworm_control/install/inchworm_control/share/ament_index/resource_index/rosidl_interfaces/inchworm_control
[2.802s] -- Up-to-date: /home/ubuntu/robot_ws/src/MQP/inchworm_control/install/inchworm_control/include/inchworm_control
[2.803s] -- Up-to-date: /home/ubuntu/robot_ws/src/MQP/inchworm_control/install/inchworm_control/include/inchworm_control/msg
[2.803s] -- Up-to-date: /home/ubuntu/robot_ws/src/MQP/inchworm_control/install/inchworm_control/include/inchworm_control/msg/detail
[2.804s] -- Up-to-date: /home/ubuntu/robot_ws/src/MQP/inchworm_control/install/inchworm_control/include/inchworm_control/msg/detail/tuple__functions.h
[2.804s] -- Up-to-date: /home/ubuntu/robot_ws/src/MQP/inchworm_control/install/inchworm_control/include/inchworm_control/msg/detail/thruple__functions.h
[2.805s] -- Up-to-date: /home/ubuntu/robot_ws/src/MQP/inchworm_control/install/inchworm_control/include/inchworm_control/msg/detail/tuple__type_support.h
[2.805s] -- Up-to-date: /home/ubuntu/robot_ws/src/MQP/inchworm_control/install/inchworm_control/include/inchworm_control/msg/detail/thruple__type_support.h
[2.806s] -- Up-to-date: /home/ubuntu/robot_ws/src/MQP/inchworm_control/install/inchworm_control/include/inchworm_control/msg/detail/tuple__struct.h
[2.806s] -- Up-to-date: /home/ubuntu/robot_ws/src/MQP/inchworm_control/install/inchworm_control/include/inchworm_control/msg/detail/tuple__functions.c
[2.807s] -- Up-to-date: /home/ubuntu/robot_ws/src/MQP/inchworm_control/install/inchworm_control/include/inchworm_control/msg/detail/thruple__functions.c
[2.807s] -- Up-to-date: /home/ubuntu/robot_ws/src/MQP/inchworm_control/install/inchworm_control/include/inchworm_control/msg/detail/thruple__struct.h
[2.808s] -- Up-to-date: /home/ubuntu/robot_ws/src/MQP/inchworm_control/install/inchworm_control/include/inchworm_control/msg/rosidl_generator_c__visibility_control.h
[2.808s] -- Up-to-date: /home/ubuntu/robot_ws/src/MQP/inchworm_control/install/inchworm_control/include/inchworm_control/msg/tuple.h
[2.809s] -- Up-to-date: /home/ubuntu/robot_ws/src/MQP/inchworm_control/install/inchworm_control/include/inchworm_control/msg/thruple.h
[2.809s] -- Up-to-date: /home/ubuntu/robot_ws/src/MQP/inchworm_control/install/inchworm_control/share/inchworm_control/environment/library_path.sh
[2.809s] -- Up-to-date: /home/ubuntu/robot_ws/src/MQP/inchworm_control/install/inchworm_control/share/inchworm_control/environment/library_path.dsv
[2.813s] -- Up-to-date: /home/ubuntu/robot_ws/src/MQP/inchworm_control/install/inchworm_control/lib/libinchworm_control__rosidl_generator_c.so
[2.814s] -- Up-to-date: /home/ubuntu/robot_ws/src/MQP/inchworm_control/install/inchworm_control/include/inchworm_control
[2.815s] -- Up-to-date: /home/ubuntu/robot_ws/src/MQP/inchworm_control/install/inchworm_control/include/inchworm_control/msg
[2.815s] -- Up-to-date: /home/ubuntu/robot_ws/src/MQP/inchworm_control/install/inchworm_control/include/inchworm_control/msg/rosidl_typesupport_fastrtps_c__visibility_control.h
[2.815s] -- Up-to-date: /home/ubuntu/robot_ws/src/MQP/inchworm_control/install/inchworm_control/include/inchworm_control/msg/detail
[2.816s] -- Up-to-date: /home/ubuntu/robot_ws/src/MQP/inchworm_control/install/inchworm_control/include/inchworm_control/msg/detail/tuple__rosidl_typesupport_fastrtps_c.h
[2.816s] -- Up-to-date: /home/ubuntu/robot_ws/src/MQP/inchworm_control/install/inchworm_control/include/inchworm_control/msg/detail/thruple__rosidl_typesupport_fastrtps_c.h
[2.819s] -- Up-to-date: /home/ubuntu/robot_ws/src/MQP/inchworm_control/install/inchworm_control/lib/libinchworm_control__rosidl_typesupport_fastrtps_c.so
[2.820s] -- Up-to-date: /home/ubuntu/robot_ws/src/MQP/inchworm_control/install/inchworm_control/include/inchworm_control
[2.821s] -- Up-to-date: /home/ubuntu/robot_ws/src/MQP/inchworm_control/install/inchworm_control/include/inchworm_control/msg
[2.821s] -- Up-to-date: /home/ubuntu/robot_ws/src/MQP/inchworm_control/install/inchworm_control/include/inchworm_control/msg/rosidl_typesupport_fastrtps_cpp__visibility_control.h
[2.822s] -- Up-to-date: /home/ubuntu/robot_ws/src/MQP/inchworm_control/install/inchworm_control/include/inchworm_control/msg/detail
[2.822s] -- Up-to-date: /home/ubuntu/robot_ws/src/MQP/inchworm_control/install/inchworm_control/include/inchworm_control/msg/detail/dds_fastrtps
[2.822s] -- Up-to-date: /home/ubuntu/robot_ws/src/MQP/inchworm_control/install/inchworm_control/include/inchworm_control/msg/detail/thruple__rosidl_typesupport_fastrtps_cpp.hpp
[2.823s] -- Up-to-date: /home/ubuntu/robot_ws/src/MQP/inchworm_control/install/inchworm_control/include/inchworm_control/msg/detail/tuple__rosidl_typesupport_fastrtps_cpp.hpp
[2.825s] -- Up-to-date: /home/ubuntu/robot_ws/src/MQP/inchworm_control/install/inchworm_control/lib/libinchworm_control__rosidl_typesupport_fastrtps_cpp.so
[2.827s] -- Up-to-date: /home/ubuntu/robot_ws/src/MQP/inchworm_control/install/inchworm_control/include/inchworm_control
[2.827s] -- Up-to-date: /home/ubuntu/robot_ws/src/MQP/inchworm_control/install/inchworm_control/include/inchworm_control/msg
[2.828s] -- Up-to-date: /home/ubuntu/robot_ws/src/MQP/inchworm_control/install/inchworm_control/include/inchworm_control/msg/detail
[2.828s] -- Up-to-date: /home/ubuntu/robot_ws/src/MQP/inchworm_control/install/inchworm_control/include/inchworm_control/msg/detail/thruple__rosidl_typesupport_introspection_c.h
[2.828s] -- Up-to-date: /home/ubuntu/robot_ws/src/MQP/inchworm_control/install/inchworm_control/include/inchworm_control/msg/detail/tuple__type_support.c
[2.829s] -- Up-to-date: /home/ubuntu/robot_ws/src/MQP/inchworm_control/install/inchworm_control/include/inchworm_control/msg/detail/thruple__type_support.c
[2.829s] -- Up-to-date: /home/ubuntu/robot_ws/src/MQP/inchworm_control/install/inchworm_control/include/inchworm_control/msg/detail/tuple__rosidl_typesupport_introspection_c.h
[2.830s] -- Up-to-date: /home/ubuntu/robot_ws/src/MQP/inchworm_control/install/inchworm_control/include/inchworm_control/msg/rosidl_typesupport_introspection_c__visibility_control.h
[2.831s] -- Up-to-date: /home/ubuntu/robot_ws/src/MQP/inchworm_control/install/inchworm_control/lib/libinchworm_control__rosidl_typesupport_introspection_c.so
[2.834s] -- Up-to-date: /home/ubuntu/robot_ws/src/MQP/inchworm_control/install/inchworm_control/lib/libinchworm_control__rosidl_typesupport_c.so
[2.835s] -- Up-to-date: /home/ubuntu/robot_ws/src/MQP/inchworm_control/install/inchworm_control/include/inchworm_control
[2.836s] -- Up-to-date: /home/ubuntu/robot_ws/src/MQP/inchworm_control/install/inchworm_control/include/inchworm_control/msg
[2.836s] -- Up-to-date: /home/ubuntu/robot_ws/src/MQP/inchworm_control/install/inchworm_control/include/inchworm_control/msg/detail
[2.837s] -- Up-to-date: /home/ubuntu/robot_ws/src/MQP/inchworm_control/install/inchworm_control/include/inchworm_control/msg/detail/thruple__builder.hpp
[2.837s] -- Up-to-date: /home/ubuntu/robot_ws/src/MQP/inchworm_control/install/inchworm_control/include/inchworm_control/msg/detail/thruple__struct.hpp
[2.837s] -- Up-to-date: /home/ubuntu/robot_ws/src/MQP/inchworm_control/install/inchworm_control/include/inchworm_control/msg/detail/tuple__type_support.hpp
[2.838s] -- Up-to-date: /home/ubuntu/robot_ws/src/MQP/inchworm_control/install/inchworm_control/include/inchworm_control/msg/detail/tuple__traits.hpp
[2.838s] -- Up-to-date: /home/ubuntu/robot_ws/src/MQP/inchworm_control/install/inchworm_control/include/inchworm_control/msg/detail/thruple__type_support.hpp
[2.839s] -- Up-to-date: /home/ubuntu/robot_ws/src/MQP/inchworm_control/install/inchworm_control/include/inchworm_control/msg/detail/tuple__builder.hpp
[2.839s] -- Up-to-date: /home/ubuntu/robot_ws/src/MQP/inchworm_control/install/inchworm_control/include/inchworm_control/msg/detail/tuple__struct.hpp
[2.840s] -- Up-to-date: /home/ubuntu/robot_ws/src/MQP/inchworm_control/install/inchworm_control/include/inchworm_control/msg/detail/thruple__traits.hpp
[2.840s] -- Up-to-date: /home/ubuntu/robot_ws/src/MQP/inchworm_control/install/inchworm_control/include/inchworm_control/msg/rosidl_generator_cpp__visibility_control.hpp
[2.840s] -- Up-to-date: /home/ubuntu/robot_ws/src/MQP/inchworm_control/install/inchworm_control/include/inchworm_control/msg/tuple.hpp
[2.841s] -- Up-to-date: /home/ubuntu/robot_ws/src/MQP/inchworm_control/install/inchworm_control/include/inchworm_control/msg/thruple.hpp
[2.841s] -- Up-to-date: /home/ubuntu/robot_ws/src/MQP/inchworm_control/install/inchworm_control/include/inchworm_control
[2.842s] -- Up-to-date: /home/ubuntu/robot_ws/src/MQP/inchworm_control/install/inchworm_control/include/inchworm_control/msg
[2.842s] -- Up-to-date: /home/ubuntu/robot_ws/src/MQP/inchworm_control/install/inchworm_control/include/inchworm_control/msg/detail
[2.842s] -- Up-to-date: /home/ubuntu/robot_ws/src/MQP/inchworm_control/install/inchworm_control/include/inchworm_control/msg/detail/tuple__rosidl_typesupport_introspection_cpp.hpp
[2.843s] -- Up-to-date: /home/ubuntu/robot_ws/src/MQP/inchworm_control/install/inchworm_control/include/inchworm_control/msg/detail/thruple__rosidl_typesupport_introspection_cpp.hpp
[2.843s] -- Up-to-date: /home/ubuntu/robot_ws/src/MQP/inchworm_control/install/inchworm_control/include/inchworm_control/msg/detail/thruple__type_support.cpp
[2.844s] -- Up-to-date: /home/ubuntu/robot_ws/src/MQP/inchworm_control/install/inchworm_control/include/inchworm_control/msg/detail/tuple__type_support.cpp
[2.844s] -- Up-to-date: /home/ubuntu/robot_ws/src/MQP/inchworm_control/install/inchworm_control/lib/libinchworm_control__rosidl_typesupport_introspection_cpp.so
[2.847s] -- Up-to-date: /home/ubuntu/robot_ws/src/MQP/inchworm_control/install/inchworm_control/lib/libinchworm_control__rosidl_typesupport_cpp.so
[2.848s] -- Up-to-date: /home/ubuntu/robot_ws/src/MQP/inchworm_control/install/inchworm_control/share/inchworm_control/environment/pythonpath.sh
[2.849s] -- Up-to-date: /home/ubuntu/robot_ws/src/MQP/inchworm_control/install/inchworm_control/share/inchworm_control/environment/pythonpath.dsv
[2.850s] -- Installing: /home/ubuntu/robot_ws/src/MQP/inchworm_control/install/inchworm_control/lib/python3.8/site-packages/inchworm_control/__init__.py
[2.985s] Compiling '/home/ubuntu/robot_ws/src/MQP/inchworm_control/install/inchworm_control/lib/python3.8/site-packages/inchworm_control/__init__.py'...
[3.007s] -- Up-to-date: /home/ubuntu/robot_ws/src/MQP/inchworm_control/install/inchworm_control/lib/python3.8/site-packages/inchworm_control/msg
[3.008s] -- Up-to-date: /home/ubuntu/robot_ws/src/MQP/inchworm_control/install/inchworm_control/lib/python3.8/site-packages/inchworm_control/msg/_tuple_s.c
[3.008s] -- Up-to-date: /home/ubuntu/robot_ws/src/MQP/inchworm_control/install/inchworm_control/lib/python3.8/site-packages/inchworm_control/msg/_tuple.py
[3.009s] -- Up-to-date: /home/ubuntu/robot_ws/src/MQP/inchworm_control/install/inchworm_control/lib/python3.8/site-packages/inchworm_control/msg/_thruple_s.c
[3.009s] -- Up-to-date: /home/ubuntu/robot_ws/src/MQP/inchworm_control/install/inchworm_control/lib/python3.8/site-packages/inchworm_control/msg/_thruple.py
[3.009s] -- Up-to-date: /home/ubuntu/robot_ws/src/MQP/inchworm_control/install/inchworm_control/lib/python3.8/site-packages/inchworm_control/msg/__init__.py
[3.014s] -- Up-to-date: /home/ubuntu/robot_ws/src/MQP/inchworm_control/install/inchworm_control/lib/python3.8/site-packages/inchworm_control/inchworm_control_s__rosidl_typesupport_fastrtps_c.cpython-38-aarch64-linux-gnu.so
[3.018s] -- Up-to-date: /home/ubuntu/robot_ws/src/MQP/inchworm_control/install/inchworm_control/lib/python3.8/site-packages/inchworm_control/inchworm_control_s__rosidl_typesupport_introspection_c.cpython-38-aarch64-linux-gnu.so
[3.022s] -- Up-to-date: /home/ubuntu/robot_ws/src/MQP/inchworm_control/install/inchworm_control/lib/python3.8/site-packages/inchworm_control/inchworm_control_s__rosidl_typesupport_c.cpython-38-aarch64-linux-gnu.so
[3.027s] -- Up-to-date: /home/ubuntu/robot_ws/src/MQP/inchworm_control/install/inchworm_control/lib/libinchworm_control__python.so
[3.028s] -- Up-to-date: /home/ubuntu/robot_ws/src/MQP/inchworm_control/install/inchworm_control/share/inchworm_control/msg/Thruple.idl
[3.029s] -- Up-to-date: /home/ubuntu/robot_ws/src/MQP/inchworm_control/install/inchworm_control/share/inchworm_control/msg/Tuple.idl
[3.030s] -- Up-to-date: /home/ubuntu/robot_ws/src/MQP/inchworm_control/install/inchworm_control/share/inchworm_control/msg/Thruple.msg
[3.030s] -- Up-to-date: /home/ubuntu/robot_ws/src/MQP/inchworm_control/install/inchworm_control/share/inchworm_control/msg/Tuple.msg
[3.031s] -- Up-to-date: /home/ubuntu/robot_ws/src/MQP/inchworm_control/install/inchworm_control/lib/python3.8/site-packages/inchworm_control
[3.031s] -- Up-to-date: /home/ubuntu/robot_ws/src/MQP/inchworm_control/install/inchworm_control/lib/python3.8/site-packages/inchworm_control/motor_walking.py
[3.031s] -- Installing: /home/ubuntu/robot_ws/src/MQP/inchworm_control/install/inchworm_control/lib/python3.8/site-packages/inchworm_control/motor_controller.py
[3.032s] -- Up-to-date: /home/ubuntu/robot_ws/src/MQP/inchworm_control/install/inchworm_control/lib/python3.8/site-packages/inchworm_control/msg
[3.033s] -- Up-to-date: /home/ubuntu/robot_ws/src/MQP/inchworm_control/install/inchworm_control/lib/python3.8/site-packages/inchworm_control/msg/Thruple.msg
[3.033s] -- Up-to-date: /home/ubuntu/robot_ws/src/MQP/inchworm_control/install/inchworm_control/lib/python3.8/site-packages/inchworm_control/msg/Tuple.msg
[3.034s] -- Up-to-date: /home/ubuntu/robot_ws/src/MQP/inchworm_control/install/inchworm_control/lib/python3.8/site-packages/inchworm_control/motor_subscriber.py
[3.034s] -- Up-to-date: /home/ubuntu/robot_ws/src/MQP/inchworm_control/install/inchworm_control/lib/python3.8/site-packages/inchworm_control/log
[3.035s] -- Up-to-date: /home/ubuntu/robot_ws/src/MQP/inchworm_control/install/inchworm_control/lib/python3.8/site-packages/inchworm_control/log/latest
[3.035s] -- Up-to-date: /home/ubuntu/robot_ws/src/MQP/inchworm_control/install/inchworm_control/lib/python3.8/site-packages/inchworm_control/log/build_2024-03-28_22-48-05
[3.036s] -- Up-to-date: /home/ubuntu/robot_ws/src/MQP/inchworm_control/install/inchworm_control/lib/python3.8/site-packages/inchworm_control/log/build_2024-03-28_22-48-05/logger_all.log
[3.036s] -- Up-to-date: /home/ubuntu/robot_ws/src/MQP/inchworm_control/install/inchworm_control/lib/python3.8/site-packages/inchworm_control/log/build_2024-03-28_22-48-05/events.log
[3.037s] -- Up-to-date: /home/ubuntu/robot_ws/src/MQP/inchworm_control/install/inchworm_control/lib/python3.8/site-packages/inchworm_control/log/build_2023-11-15_15-40-00
[3.037s] -- Up-to-date: /home/ubuntu/robot_ws/src/MQP/inchworm_control/install/inchworm_control/lib/python3.8/site-packages/inchworm_control/log/build_2023-11-15_15-40-00/logger_all.log
[3.038s] -- Up-to-date: /home/ubuntu/robot_ws/src/MQP/inchworm_control/install/inchworm_control/lib/python3.8/site-packages/inchworm_control/log/build_2023-11-15_15-40-00/events.log
[3.038s] -- Up-to-date: /home/ubuntu/robot_ws/src/MQP/inchworm_control/install/inchworm_control/lib/python3.8/site-packages/inchworm_control/log/COLCON_IGNORE
[3.039s] -- Up-to-date: /home/ubuntu/robot_ws/src/MQP/inchworm_control/install/inchworm_control/lib/python3.8/site-packages/inchworm_control/log/build_2024-03-28_22-48-38
[3.039s] -- Up-to-date: /home/ubuntu/robot_ws/src/MQP/inchworm_control/install/inchworm_control/lib/python3.8/site-packages/inchworm_control/log/build_2024-03-28_22-48-38/logger_all.log
[3.040s] -- Up-to-date: /home/ubuntu/robot_ws/src/MQP/inchworm_control/install/inchworm_control/lib/python3.8/site-packages/inchworm_control/log/build_2024-03-28_22-48-38/events.log
[3.041s] -- Up-to-date: /home/ubuntu/robot_ws/src/MQP/inchworm_control/install/inchworm_control/lib/python3.8/site-packages/inchworm_control/log/latest_build
[3.041s] -- Up-to-date: /home/ubuntu/robot_ws/src/MQP/inchworm_control/install/inchworm_control/lib/python3.8/site-packages/inchworm_control/log/build_2024-02-13_19-54-49
[3.041s] -- Up-to-date: /home/ubuntu/robot_ws/src/MQP/inchworm_control/install/inchworm_control/lib/python3.8/site-packages/inchworm_control/log/build_2024-02-13_19-54-49/logger_all.log
[3.042s] -- Up-to-date: /home/ubuntu/robot_ws/src/MQP/inchworm_control/install/inchworm_control/lib/python3.8/site-packages/inchworm_control/log/build_2024-02-13_19-54-49/events.log
[3.042s] -- Up-to-date: /home/ubuntu/robot_ws/src/MQP/inchworm_control/install/inchworm_control/lib/python3.8/site-packages/inchworm_control/ik.py
[3.043s] -- Up-to-date: /home/ubuntu/robot_ws/src/MQP/inchworm_control/install/inchworm_control/lib/python3.8/site-packages/inchworm_control/install
[3.043s] -- Up-to-date: /home/ubuntu/robot_ws/src/MQP/inchworm_control/install/inchworm_control/lib/python3.8/site-packages/inchworm_control/install/setup.bash
[3.045s] -- Up-to-date: /home/ubuntu/robot_ws/src/MQP/inchworm_control/install/inchworm_control/lib/python3.8/site-packages/inchworm_control/install/setup.zsh
[3.045s] -- Up-to-date: /home/ubuntu/robot_ws/src/MQP/inchworm_control/install/inchworm_control/lib/python3.8/site-packages/inchworm_control/install/setup.sh
[3.046s] -- Up-to-date: /home/ubuntu/robot_ws/src/MQP/inchworm_control/install/inchworm_control/lib/python3.8/site-packages/inchworm_control/install/_local_setup_util_ps1.py
[3.046s] -- Up-to-date: /home/ubuntu/robot_ws/src/MQP/inchworm_control/install/inchworm_control/lib/python3.8/site-packages/inchworm_control/install/COLCON_IGNORE
[3.046s] -- Up-to-date: /home/ubuntu/robot_ws/src/MQP/inchworm_control/install/inchworm_control/lib/python3.8/site-packages/inchworm_control/install/.colcon_install_layout
[3.047s] -- Up-to-date: /home/ubuntu/robot_ws/src/MQP/inchworm_control/install/inchworm_control/lib/python3.8/site-packages/inchworm_control/install/local_setup.bash
[3.047s] -- Up-to-date: /home/ubuntu/robot_ws/src/MQP/inchworm_control/install/inchworm_control/lib/python3.8/site-packages/inchworm_control/install/local_setup.sh
[3.048s] -- Up-to-date: /home/ubuntu/robot_ws/src/MQP/inchworm_control/install/inchworm_control/lib/python3.8/site-packages/inchworm_control/install/local_setup.zsh
[3.048s] -- Up-to-date: /home/ubuntu/robot_ws/src/MQP/inchworm_control/install/inchworm_control/lib/python3.8/site-packages/inchworm_control/install/setup.ps1
[3.048s] -- Up-to-date: /home/ubuntu/robot_ws/src/MQP/inchworm_control/install/inchworm_control/lib/python3.8/site-packages/inchworm_control/install/_local_setup_util_sh.py
[3.049s] -- Up-to-date: /home/ubuntu/robot_ws/src/MQP/inchworm_control/install/inchworm_control/lib/python3.8/site-packages/inchworm_control/install/local_setup.ps1
[3.049s] -- Up-to-date: /home/ubuntu/robot_ws/src/MQP/inchworm_control/install/inchworm_control/lib/python3.8/site-packages/inchworm_control/build
[3.050s] -- Up-to-date: /home/ubuntu/robot_ws/src/MQP/inchworm_control/install/inchworm_control/lib/python3.8/site-packages/inchworm_control/build/COLCON_IGNORE
[3.050s] -- Up-to-date: /home/ubuntu/robot_ws/src/MQP/inchworm_control/install/inchworm_control/lib/python3.8/site-packages/inchworm_control/build/.built_by
[3.051s] -- Up-to-date: /home/ubuntu/robot_ws/src/MQP/inchworm_control/install/inchworm_control/lib/python3.8/site-packages/inchworm_control/lewansoul_servo_bus.py
[3.051s] -- Up-to-date: /home/ubuntu/robot_ws/src/MQP/inchworm_control/install/inchworm_control/lib/python3.8/site-packages/inchworm_control/motor_publisher.py
[3.052s] -- Up-to-date: /home/ubuntu/robot_ws/src/MQP/inchworm_control/install/inchworm_control/lib/python3.8/site-packages/inchworm_control/step_publisher.py
[3.053s] -- Installing: /home/ubuntu/robot_ws/src/MQP/inchworm_control/install/inchworm_control/lib/python3.8/site-packages/inchworm_control/__init__.py
[3.209s] Listing '/home/ubuntu/robot_ws/src/MQP/inchworm_control/install/inchworm_control/lib/python3.8/site-packages/inchworm_control'...
[3.210s] Compiling '/home/ubuntu/robot_ws/src/MQP/inchworm_control/install/inchworm_control/lib/python3.8/site-packages/inchworm_control/__init__.py'...
[3.211s] Listing '/home/ubuntu/robot_ws/src/MQP/inchworm_control/install/inchworm_control/lib/python3.8/site-packages/inchworm_control/build'...
[3.213s] Listing '/home/ubuntu/robot_ws/src/MQP/inchworm_control/install/inchworm_control/lib/python3.8/site-packages/inchworm_control/install'...
[3.214s] Listing '/home/ubuntu/robot_ws/src/MQP/inchworm_control/install/inchworm_control/lib/python3.8/site-packages/inchworm_control/log'...
[3.215s] Listing '/home/ubuntu/robot_ws/src/MQP/inchworm_control/install/inchworm_control/lib/python3.8/site-packages/inchworm_control/log/build_2023-11-15_15-40-00'...
[3.216s] Listing '/home/ubuntu/robot_ws/src/MQP/inchworm_control/install/inchworm_control/lib/python3.8/site-packages/inchworm_control/log/build_2024-02-13_19-54-49'...
[3.218s] Listing '/home/ubuntu/robot_ws/src/MQP/inchworm_control/install/inchworm_control/lib/python3.8/site-packages/inchworm_control/log/build_2024-03-28_22-48-05'...
[3.219s] Listing '/home/ubuntu/robot_ws/src/MQP/inchworm_control/install/inchworm_control/lib/python3.8/site-packages/inchworm_control/log/build_2024-03-28_22-48-38'...
[3.220s] Compiling '/home/ubuntu/robot_ws/src/MQP/inchworm_control/install/inchworm_control/lib/python3.8/site-packages/inchworm_control/motor_controller.py'...
[3.221s] Listing '/home/ubuntu/robot_ws/src/MQP/inchworm_control/install/inchworm_control/lib/python3.8/site-packages/inchworm_control/msg'...
[3.222s] Listing '/home/ubuntu/robot_ws/src/MQP/inchworm_control/install/inchworm_control/lib/python3.8/site-packages/inchworm_control/scripts'...
[3.233s] -- Installing: /home/ubuntu/robot_ws/src/MQP/inchworm_control/install/inchworm_control/lib/inchworm_control/motor_controller.py
[3.234s] -- Up-to-date: /home/ubuntu/robot_ws/src/MQP/inchworm_control/install/inchworm_control/lib/inchworm_control/motor_walking.py
[3.235s] -- Up-to-date: /home/ubuntu/robot_ws/src/MQP/inchworm_control/install/inchworm_control/lib/inchworm_control/motor_publisher.py
[3.235s] -- Up-to-date: /home/ubuntu/robot_ws/src/MQP/inchworm_control/install/inchworm_control/lib/inchworm_control/step_publisher.py
[3.236s] -- Up-to-date: /home/ubuntu/robot_ws/src/MQP/inchworm_control/install/inchworm_control/share/inchworm_control/urdf
[3.236s] -- Up-to-date: /home/ubuntu/robot_ws/src/MQP/inchworm_control/install/inchworm_control/share/inchworm_control/urdf/one_inchworm.urdf
[3.237s] -- Up-to-date: /home/ubuntu/robot_ws/src/MQP/inchworm_control/install/inchworm_control/share/inchworm_control/urdf/r2d2.rviz
[3.237s] -- Up-to-date: /home/ubuntu/robot_ws/src/MQP/inchworm_control/install/inchworm_control/share/ament_index/resource_index/package_run_dependencies/inchworm_control
[3.238s] -- Up-to-date: /home/ubuntu/robot_ws/src/MQP/inchworm_control/install/inchworm_control/share/ament_index/resource_index/parent_prefix_path/inchworm_control
[3.238s] -- Up-to-date: /home/ubuntu/robot_ws/src/MQP/inchworm_control/install/inchworm_control/share/inchworm_control/environment/ament_prefix_path.sh
[3.239s] -- Up-to-date: /home/ubuntu/robot_ws/src/MQP/inchworm_control/install/inchworm_control/share/inchworm_control/environment/ament_prefix_path.dsv
[3.239s] -- Up-to-date: /home/ubuntu/robot_ws/src/MQP/inchworm_control/install/inchworm_control/share/inchworm_control/environment/path.sh
[3.239s] -- Up-to-date: /home/ubuntu/robot_ws/src/MQP/inchworm_control/install/inchworm_control/share/inchworm_control/environment/path.dsv
[3.240s] -- Up-to-date: /home/ubuntu/robot_ws/src/MQP/inchworm_control/install/inchworm_control/share/inchworm_control/local_setup.bash
[3.241s] -- Up-to-date: /home/ubuntu/robot_ws/src/MQP/inchworm_control/install/inchworm_control/share/inchworm_control/local_setup.sh
[3.241s] -- Up-to-date: /home/ubuntu/robot_ws/src/MQP/inchworm_control/install/inchworm_control/share/inchworm_control/local_setup.zsh
[3.242s] -- Up-to-date: /home/ubuntu/robot_ws/src/MQP/inchworm_control/install/inchworm_control/share/inchworm_control/local_setup.dsv
[3.242s] -- Installing: /home/ubuntu/robot_ws/src/MQP/inchworm_control/install/inchworm_control/share/inchworm_control/package.dsv
[3.246s] -- Up-to-date: /home/ubuntu/robot_ws/src/MQP/inchworm_control/install/inchworm_control/share/ament_index/resource_index/packages/inchworm_control
[3.249s] -- Up-to-date: /home/ubuntu/robot_ws/src/MQP/inchworm_control/install/inchworm_control/share/inchworm_control/cmake/inchworm_control__rosidl_generator_cExport.cmake
[3.251s] -- Up-to-date: /home/ubuntu/robot_ws/src/MQP/inchworm_control/install/inchworm_control/share/inchworm_control/cmake/inchworm_control__rosidl_generator_cExport-noconfig.cmake
[3.254s] -- Up-to-date: /home/ubuntu/robot_ws/src/MQP/inchworm_control/install/inchworm_control/share/inchworm_control/cmake/inchworm_control__rosidl_typesupport_introspection_cExport.cmake
[3.254s] -- Up-to-date: /home/ubuntu/robot_ws/src/MQP/inchworm_control/install/inchworm_control/share/inchworm_control/cmake/inchworm_control__rosidl_typesupport_introspection_cExport-noconfig.cmake
[3.257s] -- Up-to-date: /home/ubuntu/robot_ws/src/MQP/inchworm_control/install/inchworm_control/share/inchworm_control/cmake/inchworm_control__rosidl_typesupport_cExport.cmake
[3.257s] -- Up-to-date: /home/ubuntu/robot_ws/src/MQP/inchworm_control/install/inchworm_control/share/inchworm_control/cmake/inchworm_control__rosidl_typesupport_cExport-noconfig.cmake
[3.260s] -- Up-to-date: /home/ubuntu/robot_ws/src/MQP/inchworm_control/install/inchworm_control/share/inchworm_control/cmake/inchworm_control__rosidl_generator_cppExport.cmake
[3.263s] -- Up-to-date: /home/ubuntu/robot_ws/src/MQP/inchworm_control/install/inchworm_control/share/inchworm_control/cmake/inchworm_control__rosidl_typesupport_introspection_cppExport.cmake
[3.264s] -- Up-to-date: /home/ubuntu/robot_ws/src/MQP/inchworm_control/install/inchworm_control/share/inchworm_control/cmake/inchworm_control__rosidl_typesupport_introspection_cppExport-noconfig.cmake
[3.267s] -- Up-to-date: /home/ubuntu/robot_ws/src/MQP/inchworm_control/install/inchworm_control/share/inchworm_control/cmake/inchworm_control__rosidl_typesupport_cppExport.cmake
[3.267s] -- Up-to-date: /home/ubuntu/robot_ws/src/MQP/inchworm_control/install/inchworm_control/share/inchworm_control/cmake/inchworm_control__rosidl_typesupport_cppExport-noconfig.cmake
[3.268s] -- Up-to-date: /home/ubuntu/robot_ws/src/MQP/inchworm_control/install/inchworm_control/share/inchworm_control/cmake/rosidl_cmake-extras.cmake
[3.268s] -- Up-to-date: /home/ubuntu/robot_ws/src/MQP/inchworm_control/install/inchworm_control/share/inchworm_control/cmake/ament_cmake_export_dependencies-extras.cmake
[3.269s] -- Up-to-date: /home/ubuntu/robot_ws/src/MQP/inchworm_control/install/inchworm_control/share/inchworm_control/cmake/ament_cmake_export_libraries-extras.cmake
[3.269s] -- Up-to-date: /home/ubuntu/robot_ws/src/MQP/inchworm_control/install/inchworm_control/share/inchworm_control/cmake/ament_cmake_export_targets-extras.cmake
[3.270s] -- Up-to-date: /home/ubuntu/robot_ws/src/MQP/inchworm_control/install/inchworm_control/share/inchworm_control/cmake/ament_cmake_export_include_directories-extras.cmake
[3.270s] -- Up-to-date: /home/ubuntu/robot_ws/src/MQP/inchworm_control/install/inchworm_control/share/inchworm_control/cmake/rosidl_cmake_export_typesupport_libraries-extras.cmake
[3.271s] -- Up-to-date: /home/ubuntu/robot_ws/src/MQP/inchworm_control/install/inchworm_control/share/inchworm_control/cmake/rosidl_cmake_export_typesupport_targets-extras.cmake
[3.271s] -- Up-to-date: /home/ubuntu/robot_ws/src/MQP/inchworm_control/install/inchworm_control/share/inchworm_control/cmake/inchworm_controlConfig.cmake
[3.272s] -- Up-to-date: /home/ubuntu/robot_ws/src/MQP/inchworm_control/install/inchworm_control/share/inchworm_control/cmake/inchworm_controlConfig-version.cmake
[3.272s] -- Up-to-date: /home/ubuntu/robot_ws/src/MQP/inchworm_control/install/inchworm_control/share/inchworm_control/package.xml
[3.283s] Invoked command in '/home/ubuntu/robot_ws/src/MQP/inchworm_control/build/inchworm_control' returned '0': CMAKE_PREFIX_PATH=${CMAKE_PREFIX_PATH}:/home/ubuntu/robot_ws/install/motor_control:/opt/ros/foxy /usr/bin/cmake --install /home/ubuntu/robot_ws/src/MQP/inchworm_control/build/inchworm_control
