[2.182s] Invoking command in '/home/cambria/dev_ws/src/motor_control': PYTHONPATH=/home/cambria/dev_ws/src/build/motor_control/prefix_override:/home/cambria/dev_ws/src/install/motor_control/lib/python3.8/site-packages:${PYTHONPATH} /usr/bin/python3 setup.py egg_info --egg-base ../build/motor_control build --build-base /home/cambria/dev_ws/src/build/motor_control/build install --record /home/cambria/dev_ws/src/build/motor_control/install.log --install-scripts $base/lib/motor_control --single-version-externally-managed
[2.871s] running egg_info
[2.873s] writing ../build/motor_control/motor_control.egg-info/PKG-INFO
[2.873s] writing dependency_links to ../build/motor_control/motor_control.egg-info/dependency_links.txt
[2.874s] writing entry points to ../build/motor_control/motor_control.egg-info/entry_points.txt
[2.874s] writing requirements to ../build/motor_control/motor_control.egg-info/requires.txt
[2.874s] writing top-level names to ../build/motor_control/motor_control.egg-info/top_level.txt
[2.940s] reading manifest file '../build/motor_control/motor_control.egg-info/SOURCES.txt'
[2.942s] writing manifest file '../build/motor_control/motor_control.egg-info/SOURCES.txt'
[2.942s] running build
[2.942s] running build_py
[2.943s] running install
[2.945s] running install_lib
[2.948s] running install_data
[2.949s] running install_egg_info
[2.950s] removing '/home/cambria/dev_ws/src/install/motor_control/lib/python3.8/site-packages/motor_control-0.0.0-py3.8.egg-info' (and everything under it)
[2.951s] Copying ../build/motor_control/motor_control.egg-info to /home/cambria/dev_ws/src/install/motor_control/lib/python3.8/site-packages/motor_control-0.0.0-py3.8.egg-info
[2.953s] running install_scripts
[2.976s] Installing motor_controller script to /home/cambria/dev_ws/src/install/motor_control/lib/motor_control
[2.976s] Installing motor_publisher script to /home/cambria/dev_ws/src/install/motor_control/lib/motor_control
[2.976s] Installing motor_subscriber script to /home/cambria/dev_ws/src/install/motor_control/lib/motor_control
[2.977s] writing list of installed files to '/home/cambria/dev_ws/src/build/motor_control/install.log'
[3.074s] Invoked command in '/home/cambria/dev_ws/src/motor_control' returned '0': PYTHONPATH=/home/cambria/dev_ws/src/build/motor_control/prefix_override:/home/cambria/dev_ws/src/install/motor_control/lib/python3.8/site-packages:${PYTHONPATH} /usr/bin/python3 setup.py egg_info --egg-base ../build/motor_control build --build-base /home/cambria/dev_ws/src/build/motor_control/build install --record /home/cambria/dev_ws/src/build/motor_control/install.log --install-scripts $base/lib/motor_control --single-version-externally-managed
