[1.030s] Invoking command in '/home/ubuntu/robot_ws/src/MQP/inchworm_control/build/inchworm_control': CMAKE_PREFIX_PATH=${CMAKE_PREFIX_PATH}:/home/ubuntu/robot_ws/install/motor_control:/opt/ros/foxy /usr/bin/cmake --build /home/ubuntu/robot_ws/src/MQP/inchworm_control/build/inchworm_control -- -j4 -l4
[1.266s] [  2%] Built target inchworm_control__cpp
[1.285s] [ 12%] Built target inchworm_control__rosidl_generator_c
[1.379s] [ 23%] Built target inchworm_control__rosidl_typesupport_cpp
[1.398s] [ 33%] Built target inchworm_control__rosidl_typesupport_introspection_cpp
[1.422s] [ 43%] Built target inchworm_control__rosidl_typesupport_introspection_c
[1.429s] [ 53%] Built target inchworm_control__rosidl_typesupport_fastrtps_cpp
[1.492s] [ 64%] Built target inchworm_control__rosidl_typesupport_c
[1.565s] [ 74%] Built target inchworm_control__rosidl_typesupport_fastrtps_c
[1.659s] [ 74%] Built target inchworm_control
[1.748s] [ 76%] Built target inchworm_control__py
[1.884s] [ 84%] Built target inchworm_control__python
[2.025s] [ 89%] Built target inchworm_control__rosidl_typesupport_c__pyext
[2.028s] [100%] Built target inchworm_control__rosidl_typesupport_introspection_c__pyext
[2.029s] [100%] Built target inchworm_control__rosidl_typesupport_fastrtps_c__pyext
[2.071s] Invoked command in '/home/ubuntu/robot_ws/src/MQP/inchworm_control/build/inchworm_control' returned '0': CMAKE_PREFIX_PATH=${CMAKE_PREFIX_PATH}:/home/ubuntu/robot_ws/install/motor_control:/opt/ros/foxy /usr/bin/cmake --build /home/ubuntu/robot_ws/src/MQP/inchworm_control/build/inchworm_control -- -j4 -l4
[2.571s] Invoking command in '/home/ubuntu/robot_ws/src/MQP/inchworm_control/build/inchworm_control': CMAKE_PREFIX_PATH=${CMAKE_PREFIX_PATH}:/home/ubuntu/robot_ws/install/motor_control:/opt/ros/foxy /usr/bin/cmake --install /home/ubuntu/robot_ws/src/MQP/inchworm_control/build/inchworm_control
[2.606s] -- Install configuration: ""
[2.607s] -- Up-to-date: /home/ubuntu/robot_ws/src/MQP/inchworm_control/install/inchworm_control/share/ament_index/resource_index/rosidl_interfaces/inchworm_control
[2.607s] -- Up-to-date: /home/ubuntu/robot_ws/src/MQP/inchworm_control/install/inchworm_control/include/inchworm_control
[2.607s] -- Up-to-date: /home/ubuntu/robot_ws/src/MQP/inchworm_control/install/inchworm_control/include/inchworm_control/msg
[2.608s] -- Up-to-date: /home/ubuntu/robot_ws/src/MQP/inchworm_control/install/inchworm_control/include/inchworm_control/msg/detail
[2.608s] -- Up-to-date: /home/ubuntu/robot_ws/src/MQP/inchworm_control/install/inchworm_control/include/inchworm_control/msg/detail/tuple__functions.h
[2.609s] -- Up-to-date: /home/ubuntu/robot_ws/src/MQP/inchworm_control/install/inchworm_control/include/inchworm_control/msg/detail/thruple__functions.h
[2.609s] -- Up-to-date: /home/ubuntu/robot_ws/src/MQP/inchworm_control/install/inchworm_control/include/inchworm_control/msg/detail/tuple__type_support.h
[2.609s] -- Up-to-date: /home/ubuntu/robot_ws/src/MQP/inchworm_control/install/inchworm_control/include/inchworm_control/msg/detail/thruple__type_support.h
[2.610s] -- Up-to-date: /home/ubuntu/robot_ws/src/MQP/inchworm_control/install/inchworm_control/include/inchworm_control/msg/detail/tuple__struct.h
[2.611s] -- Up-to-date: /home/ubuntu/robot_ws/src/MQP/inchworm_control/install/inchworm_control/include/inchworm_control/msg/detail/tuple__functions.c
[2.611s] -- Up-to-date: /home/ubuntu/robot_ws/src/MQP/inchworm_control/install/inchworm_control/include/inchworm_control/msg/detail/thruple__functions.c
[2.612s] -- Up-to-date: /home/ubuntu/robot_ws/src/MQP/inchworm_control/install/inchworm_control/include/inchworm_control/msg/detail/thruple__struct.h
[2.612s] -- Up-to-date: /home/ubuntu/robot_ws/src/MQP/inchworm_control/install/inchworm_control/include/inchworm_control/msg/rosidl_generator_c__visibility_control.h
[2.613s] -- Up-to-date: /home/ubuntu/robot_ws/src/MQP/inchworm_control/install/inchworm_control/include/inchworm_control/msg/tuple.h
[2.613s] -- Up-to-date: /home/ubuntu/robot_ws/src/MQP/inchworm_control/install/inchworm_control/include/inchworm_control/msg/thruple.h
[2.614s] -- Up-to-date: /home/ubuntu/robot_ws/src/MQP/inchworm_control/install/inchworm_control/share/inchworm_control/environment/library_path.sh
[2.614s] -- Up-to-date: /home/ubuntu/robot_ws/src/MQP/inchworm_control/install/inchworm_control/share/inchworm_control/environment/library_path.dsv
[2.615s] -- Up-to-date: /home/ubuntu/robot_ws/src/MQP/inchworm_control/install/inchworm_control/lib/libinchworm_control__rosidl_generator_c.so
[2.615s] -- Up-to-date: /home/ubuntu/robot_ws/src/MQP/inchworm_control/install/inchworm_control/include/inchworm_control
[2.616s] -- Up-to-date: /home/ubuntu/robot_ws/src/MQP/inchworm_control/install/inchworm_control/include/inchworm_control/msg
[2.616s] -- Up-to-date: /home/ubuntu/robot_ws/src/MQP/inchworm_control/install/inchworm_control/include/inchworm_control/msg/rosidl_typesupport_fastrtps_c__visibility_control.h
[2.616s] -- Up-to-date: /home/ubuntu/robot_ws/src/MQP/inchworm_control/install/inchworm_control/include/inchworm_control/msg/detail
[2.617s] -- Up-to-date: /home/ubuntu/robot_ws/src/MQP/inchworm_control/install/inchworm_control/include/inchworm_control/msg/detail/tuple__rosidl_typesupport_fastrtps_c.h
[2.617s] -- Up-to-date: /home/ubuntu/robot_ws/src/MQP/inchworm_control/install/inchworm_control/include/inchworm_control/msg/detail/thruple__rosidl_typesupport_fastrtps_c.h
[2.617s] -- Up-to-date: /home/ubuntu/robot_ws/src/MQP/inchworm_control/install/inchworm_control/lib/libinchworm_control__rosidl_typesupport_fastrtps_c.so
[2.618s] -- Up-to-date: /home/ubuntu/robot_ws/src/MQP/inchworm_control/install/inchworm_control/include/inchworm_control
[2.619s] -- Up-to-date: /home/ubuntu/robot_ws/src/MQP/inchworm_control/install/inchworm_control/include/inchworm_control/msg
[2.619s] -- Up-to-date: /home/ubuntu/robot_ws/src/MQP/inchworm_control/install/inchworm_control/include/inchworm_control/msg/rosidl_typesupport_fastrtps_cpp__visibility_control.h
[2.621s] -- Up-to-date: /home/ubuntu/robot_ws/src/MQP/inchworm_control/install/inchworm_control/include/inchworm_control/msg/detail
[2.621s] -- Up-to-date: /home/ubuntu/robot_ws/src/MQP/inchworm_control/install/inchworm_control/include/inchworm_control/msg/detail/dds_fastrtps
[2.622s] -- Up-to-date: /home/ubuntu/robot_ws/src/MQP/inchworm_control/install/inchworm_control/include/inchworm_control/msg/detail/thruple__rosidl_typesupport_fastrtps_cpp.hpp
[2.622s] -- Up-to-date: /home/ubuntu/robot_ws/src/MQP/inchworm_control/install/inchworm_control/include/inchworm_control/msg/detail/tuple__rosidl_typesupport_fastrtps_cpp.hpp
[2.622s] -- Up-to-date: /home/ubuntu/robot_ws/src/MQP/inchworm_control/install/inchworm_control/lib/libinchworm_control__rosidl_typesupport_fastrtps_cpp.so
[2.623s] -- Up-to-date: /home/ubuntu/robot_ws/src/MQP/inchworm_control/install/inchworm_control/include/inchworm_control
[2.624s] -- Up-to-date: /home/ubuntu/robot_ws/src/MQP/inchworm_control/install/inchworm_control/include/inchworm_control/msg
[2.624s] -- Up-to-date: /home/ubuntu/robot_ws/src/MQP/inchworm_control/install/inchworm_control/include/inchworm_control/msg/detail
[2.624s] -- Up-to-date: /home/ubuntu/robot_ws/src/MQP/inchworm_control/install/inchworm_control/include/inchworm_control/msg/detail/thruple__rosidl_typesupport_introspection_c.h
[2.625s] -- Up-to-date: /home/ubuntu/robot_ws/src/MQP/inchworm_control/install/inchworm_control/include/inchworm_control/msg/detail/tuple__type_support.c
[2.627s] -- Up-to-date: /home/ubuntu/robot_ws/src/MQP/inchworm_control/install/inchworm_control/include/inchworm_control/msg/detail/thruple__type_support.c
[2.628s] -- Up-to-date: /home/ubuntu/robot_ws/src/MQP/inchworm_control/install/inchworm_control/include/inchworm_control/msg/detail/tuple__rosidl_typesupport_introspection_c.h
[2.628s] -- Up-to-date: /home/ubuntu/robot_ws/src/MQP/inchworm_control/install/inchworm_control/include/inchworm_control/msg/rosidl_typesupport_introspection_c__visibility_control.h
[2.629s] -- Up-to-date: /home/ubuntu/robot_ws/src/MQP/inchworm_control/install/inchworm_control/lib/libinchworm_control__rosidl_typesupport_introspection_c.so
[2.630s] -- Up-to-date: /home/ubuntu/robot_ws/src/MQP/inchworm_control/install/inchworm_control/lib/libinchworm_control__rosidl_typesupport_c.so
[2.631s] -- Up-to-date: /home/ubuntu/robot_ws/src/MQP/inchworm_control/install/inchworm_control/include/inchworm_control
[2.632s] -- Up-to-date: /home/ubuntu/robot_ws/src/MQP/inchworm_control/install/inchworm_control/include/inchworm_control/msg
[2.632s] -- Up-to-date: /home/ubuntu/robot_ws/src/MQP/inchworm_control/install/inchworm_control/include/inchworm_control/msg/detail
[2.632s] -- Up-to-date: /home/ubuntu/robot_ws/src/MQP/inchworm_control/install/inchworm_control/include/inchworm_control/msg/detail/thruple__builder.hpp
[2.633s] -- Up-to-date: /home/ubuntu/robot_ws/src/MQP/inchworm_control/install/inchworm_control/include/inchworm_control/msg/detail/thruple__struct.hpp
[2.633s] -- Up-to-date: /home/ubuntu/robot_ws/src/MQP/inchworm_control/install/inchworm_control/include/inchworm_control/msg/detail/tuple__type_support.hpp
[2.634s] -- Up-to-date: /home/ubuntu/robot_ws/src/MQP/inchworm_control/install/inchworm_control/include/inchworm_control/msg/detail/tuple__traits.hpp
[2.634s] -- Up-to-date: /home/ubuntu/robot_ws/src/MQP/inchworm_control/install/inchworm_control/include/inchworm_control/msg/detail/thruple__type_support.hpp
[2.634s] -- Up-to-date: /home/ubuntu/robot_ws/src/MQP/inchworm_control/install/inchworm_control/include/inchworm_control/msg/detail/tuple__builder.hpp
[2.635s] -- Up-to-date: /home/ubuntu/robot_ws/src/MQP/inchworm_control/install/inchworm_control/include/inchworm_control/msg/detail/tuple__struct.hpp
[2.637s] -- Up-to-date: /home/ubuntu/robot_ws/src/MQP/inchworm_control/install/inchworm_control/include/inchworm_control/msg/detail/thruple__traits.hpp
[2.638s] -- Up-to-date: /home/ubuntu/robot_ws/src/MQP/inchworm_control/install/inchworm_control/include/inchworm_control/msg/rosidl_generator_cpp__visibility_control.hpp
[2.638s] -- Up-to-date: /home/ubuntu/robot_ws/src/MQP/inchworm_control/install/inchworm_control/include/inchworm_control/msg/tuple.hpp
[2.638s] -- Up-to-date: /home/ubuntu/robot_ws/src/MQP/inchworm_control/install/inchworm_control/include/inchworm_control/msg/thruple.hpp
[2.639s] -- Up-to-date: /home/ubuntu/robot_ws/src/MQP/inchworm_control/install/inchworm_control/include/inchworm_control
[2.639s] -- Up-to-date: /home/ubuntu/robot_ws/src/MQP/inchworm_control/install/inchworm_control/include/inchworm_control/msg
[2.639s] -- Up-to-date: /home/ubuntu/robot_ws/src/MQP/inchworm_control/install/inchworm_control/include/inchworm_control/msg/detail
[2.640s] -- Up-to-date: /home/ubuntu/robot_ws/src/MQP/inchworm_control/install/inchworm_control/include/inchworm_control/msg/detail/tuple__rosidl_typesupport_introspection_cpp.hpp
[2.640s] -- Up-to-date: /home/ubuntu/robot_ws/src/MQP/inchworm_control/install/inchworm_control/include/inchworm_control/msg/detail/thruple__rosidl_typesupport_introspection_cpp.hpp
[2.640s] -- Up-to-date: /home/ubuntu/robot_ws/src/MQP/inchworm_control/install/inchworm_control/include/inchworm_control/msg/detail/thruple__type_support.cpp
[2.641s] -- Up-to-date: /home/ubuntu/robot_ws/src/MQP/inchworm_control/install/inchworm_control/include/inchworm_control/msg/detail/tuple__type_support.cpp
[2.641s] -- Up-to-date: /home/ubuntu/robot_ws/src/MQP/inchworm_control/install/inchworm_control/lib/libinchworm_control__rosidl_typesupport_introspection_cpp.so
[2.641s] -- Up-to-date: /home/ubuntu/robot_ws/src/MQP/inchworm_control/install/inchworm_control/lib/libinchworm_control__rosidl_typesupport_cpp.so
[2.642s] -- Up-to-date: /home/ubuntu/robot_ws/src/MQP/inchworm_control/install/inchworm_control/share/inchworm_control/environment/pythonpath.sh
[2.643s] -- Up-to-date: /home/ubuntu/robot_ws/src/MQP/inchworm_control/install/inchworm_control/share/inchworm_control/environment/pythonpath.dsv
[2.643s] -- Installing: /home/ubuntu/robot_ws/src/MQP/inchworm_control/install/inchworm_control/lib/python3.8/site-packages/inchworm_control/__init__.py
[2.773s] Compiling '/home/ubuntu/robot_ws/src/MQP/inchworm_control/install/inchworm_control/lib/python3.8/site-packages/inchworm_control/__init__.py'...
[2.793s] -- Up-to-date: /home/ubuntu/robot_ws/src/MQP/inchworm_control/install/inchworm_control/lib/python3.8/site-packages/inchworm_control/msg
[2.794s] -- Up-to-date: /home/ubuntu/robot_ws/src/MQP/inchworm_control/install/inchworm_control/lib/python3.8/site-packages/inchworm_control/msg/_tuple_s.c
[2.795s] -- Up-to-date: /home/ubuntu/robot_ws/src/MQP/inchworm_control/install/inchworm_control/lib/python3.8/site-packages/inchworm_control/msg/_tuple.py
[2.795s] -- Up-to-date: /home/ubuntu/robot_ws/src/MQP/inchworm_control/install/inchworm_control/lib/python3.8/site-packages/inchworm_control/msg/_thruple_s.c
[2.795s] -- Up-to-date: /home/ubuntu/robot_ws/src/MQP/inchworm_control/install/inchworm_control/lib/python3.8/site-packages/inchworm_control/msg/_thruple.py
[2.796s] -- Up-to-date: /home/ubuntu/robot_ws/src/MQP/inchworm_control/install/inchworm_control/lib/python3.8/site-packages/inchworm_control/msg/__init__.py
[2.796s] -- Up-to-date: /home/ubuntu/robot_ws/src/MQP/inchworm_control/install/inchworm_control/lib/python3.8/site-packages/inchworm_control/inchworm_control_s__rosidl_typesupport_fastrtps_c.cpython-38-aarch64-linux-gnu.so
[2.799s] -- Up-to-date: /home/ubuntu/robot_ws/src/MQP/inchworm_control/install/inchworm_control/lib/python3.8/site-packages/inchworm_control/inchworm_control_s__rosidl_typesupport_introspection_c.cpython-38-aarch64-linux-gnu.so
[2.802s] -- Up-to-date: /home/ubuntu/robot_ws/src/MQP/inchworm_control/install/inchworm_control/lib/python3.8/site-packages/inchworm_control/inchworm_control_s__rosidl_typesupport_c.cpython-38-aarch64-linux-gnu.so
[2.805s] -- Up-to-date: /home/ubuntu/robot_ws/src/MQP/inchworm_control/install/inchworm_control/lib/libinchworm_control__python.so
[2.806s] -- Up-to-date: /home/ubuntu/robot_ws/src/MQP/inchworm_control/install/inchworm_control/share/inchworm_control/msg/Thruple.idl
[2.807s] -- Up-to-date: /home/ubuntu/robot_ws/src/MQP/inchworm_control/install/inchworm_control/share/inchworm_control/msg/Tuple.idl
[2.807s] -- Up-to-date: /home/ubuntu/robot_ws/src/MQP/inchworm_control/install/inchworm_control/share/inchworm_control/msg/Thruple.msg
[2.808s] -- Up-to-date: /home/ubuntu/robot_ws/src/MQP/inchworm_control/install/inchworm_control/share/inchworm_control/msg/Tuple.msg
[2.808s] -- Up-to-date: /home/ubuntu/robot_ws/src/MQP/inchworm_control/install/inchworm_control/lib/python3.8/site-packages/inchworm_control
[2.808s] -- Up-to-date: /home/ubuntu/robot_ws/src/MQP/inchworm_control/install/inchworm_control/lib/python3.8/site-packages/inchworm_control/motor_walking.py
[2.809s] -- Up-to-date: /home/ubuntu/robot_ws/src/MQP/inchworm_control/install/inchworm_control/lib/python3.8/site-packages/inchworm_control/motor_controller.py
[2.809s] -- Up-to-date: /home/ubuntu/robot_ws/src/MQP/inchworm_control/install/inchworm_control/lib/python3.8/site-packages/inchworm_control/msg
[2.810s] -- Up-to-date: /home/ubuntu/robot_ws/src/MQP/inchworm_control/install/inchworm_control/lib/python3.8/site-packages/inchworm_control/msg/Thruple.msg
[2.810s] -- Up-to-date: /home/ubuntu/robot_ws/src/MQP/inchworm_control/install/inchworm_control/lib/python3.8/site-packages/inchworm_control/msg/Tuple.msg
[2.811s] -- Up-to-date: /home/ubuntu/robot_ws/src/MQP/inchworm_control/install/inchworm_control/lib/python3.8/site-packages/inchworm_control/motor_subscriber.py
[2.811s] -- Up-to-date: /home/ubuntu/robot_ws/src/MQP/inchworm_control/install/inchworm_control/lib/python3.8/site-packages/inchworm_control/log
[2.812s] -- Up-to-date: /home/ubuntu/robot_ws/src/MQP/inchworm_control/install/inchworm_control/lib/python3.8/site-packages/inchworm_control/log/latest
[2.812s] -- Up-to-date: /home/ubuntu/robot_ws/src/MQP/inchworm_control/install/inchworm_control/lib/python3.8/site-packages/inchworm_control/log/build_2024-03-28_22-48-05
[2.813s] -- Up-to-date: /home/ubuntu/robot_ws/src/MQP/inchworm_control/install/inchworm_control/lib/python3.8/site-packages/inchworm_control/log/build_2024-03-28_22-48-05/logger_all.log
[2.813s] -- Up-to-date: /home/ubuntu/robot_ws/src/MQP/inchworm_control/install/inchworm_control/lib/python3.8/site-packages/inchworm_control/log/build_2024-03-28_22-48-05/events.log
[2.814s] -- Up-to-date: /home/ubuntu/robot_ws/src/MQP/inchworm_control/install/inchworm_control/lib/python3.8/site-packages/inchworm_control/log/build_2023-11-15_15-40-00
[2.814s] -- Up-to-date: /home/ubuntu/robot_ws/src/MQP/inchworm_control/install/inchworm_control/lib/python3.8/site-packages/inchworm_control/log/build_2023-11-15_15-40-00/logger_all.log
[2.815s] -- Up-to-date: /home/ubuntu/robot_ws/src/MQP/inchworm_control/install/inchworm_control/lib/python3.8/site-packages/inchworm_control/log/build_2023-11-15_15-40-00/events.log
[2.815s] -- Up-to-date: /home/ubuntu/robot_ws/src/MQP/inchworm_control/install/inchworm_control/lib/python3.8/site-packages/inchworm_control/log/COLCON_IGNORE
[2.815s] -- Up-to-date: /home/ubuntu/robot_ws/src/MQP/inchworm_control/install/inchworm_control/lib/python3.8/site-packages/inchworm_control/log/build_2024-03-28_22-48-38
[2.816s] -- Up-to-date: /home/ubuntu/robot_ws/src/MQP/inchworm_control/install/inchworm_control/lib/python3.8/site-packages/inchworm_control/log/build_2024-03-28_22-48-38/logger_all.log
[2.816s] -- Up-to-date: /home/ubuntu/robot_ws/src/MQP/inchworm_control/install/inchworm_control/lib/python3.8/site-packages/inchworm_control/log/build_2024-03-28_22-48-38/events.log
[2.816s] -- Up-to-date: /home/ubuntu/robot_ws/src/MQP/inchworm_control/install/inchworm_control/lib/python3.8/site-packages/inchworm_control/log/latest_build
[2.817s] -- Up-to-date: /home/ubuntu/robot_ws/src/MQP/inchworm_control/install/inchworm_control/lib/python3.8/site-packages/inchworm_control/log/build_2024-02-13_19-54-49
[2.817s] -- Up-to-date: /home/ubuntu/robot_ws/src/MQP/inchworm_control/install/inchworm_control/lib/python3.8/site-packages/inchworm_control/log/build_2024-02-13_19-54-49/logger_all.log
[2.818s] -- Up-to-date: /home/ubuntu/robot_ws/src/MQP/inchworm_control/install/inchworm_control/lib/python3.8/site-packages/inchworm_control/log/build_2024-02-13_19-54-49/events.log
[2.818s] -- Up-to-date: /home/ubuntu/robot_ws/src/MQP/inchworm_control/install/inchworm_control/lib/python3.8/site-packages/inchworm_control/ik.py
[2.819s] -- Up-to-date: /home/ubuntu/robot_ws/src/MQP/inchworm_control/install/inchworm_control/lib/python3.8/site-packages/inchworm_control/install
[2.819s] -- Up-to-date: /home/ubuntu/robot_ws/src/MQP/inchworm_control/install/inchworm_control/lib/python3.8/site-packages/inchworm_control/install/setup.bash
[2.819s] -- Up-to-date: /home/ubuntu/robot_ws/src/MQP/inchworm_control/install/inchworm_control/lib/python3.8/site-packages/inchworm_control/install/setup.zsh
[2.820s] -- Up-to-date: /home/ubuntu/robot_ws/src/MQP/inchworm_control/install/inchworm_control/lib/python3.8/site-packages/inchworm_control/install/setup.sh
[2.821s] -- Up-to-date: /home/ubuntu/robot_ws/src/MQP/inchworm_control/install/inchworm_control/lib/python3.8/site-packages/inchworm_control/install/_local_setup_util_ps1.py
[2.821s] -- Up-to-date: /home/ubuntu/robot_ws/src/MQP/inchworm_control/install/inchworm_control/lib/python3.8/site-packages/inchworm_control/install/COLCON_IGNORE
[2.822s] -- Up-to-date: /home/ubuntu/robot_ws/src/MQP/inchworm_control/install/inchworm_control/lib/python3.8/site-packages/inchworm_control/install/.colcon_install_layout
[2.822s] -- Up-to-date: /home/ubuntu/robot_ws/src/MQP/inchworm_control/install/inchworm_control/lib/python3.8/site-packages/inchworm_control/install/local_setup.bash
[2.822s] -- Up-to-date: /home/ubuntu/robot_ws/src/MQP/inchworm_control/install/inchworm_control/lib/python3.8/site-packages/inchworm_control/install/local_setup.sh
[2.823s] -- Up-to-date: /home/ubuntu/robot_ws/src/MQP/inchworm_control/install/inchworm_control/lib/python3.8/site-packages/inchworm_control/install/local_setup.zsh
[2.823s] -- Up-to-date: /home/ubuntu/robot_ws/src/MQP/inchworm_control/install/inchworm_control/lib/python3.8/site-packages/inchworm_control/install/setup.ps1
[2.823s] -- Up-to-date: /home/ubuntu/robot_ws/src/MQP/inchworm_control/install/inchworm_control/lib/python3.8/site-packages/inchworm_control/install/_local_setup_util_sh.py
[2.824s] -- Up-to-date: /home/ubuntu/robot_ws/src/MQP/inchworm_control/install/inchworm_control/lib/python3.8/site-packages/inchworm_control/install/local_setup.ps1
[2.824s] -- Up-to-date: /home/ubuntu/robot_ws/src/MQP/inchworm_control/install/inchworm_control/lib/python3.8/site-packages/inchworm_control/build
[2.824s] -- Up-to-date: /home/ubuntu/robot_ws/src/MQP/inchworm_control/install/inchworm_control/lib/python3.8/site-packages/inchworm_control/build/COLCON_IGNORE
[2.825s] -- Up-to-date: /home/ubuntu/robot_ws/src/MQP/inchworm_control/install/inchworm_control/lib/python3.8/site-packages/inchworm_control/build/.built_by
[2.825s] -- Up-to-date: /home/ubuntu/robot_ws/src/MQP/inchworm_control/install/inchworm_control/lib/python3.8/site-packages/inchworm_control/lewansoul_servo_bus.py
[2.826s] -- Up-to-date: /home/ubuntu/robot_ws/src/MQP/inchworm_control/install/inchworm_control/lib/python3.8/site-packages/inchworm_control/motor_publisher.py
[2.826s] -- Installing: /home/ubuntu/robot_ws/src/MQP/inchworm_control/install/inchworm_control/lib/python3.8/site-packages/inchworm_control/step_publisher.py
[2.827s] -- Installing: /home/ubuntu/robot_ws/src/MQP/inchworm_control/install/inchworm_control/lib/python3.8/site-packages/inchworm_control/__init__.py
[2.967s] Listing '/home/ubuntu/robot_ws/src/MQP/inchworm_control/install/inchworm_control/lib/python3.8/site-packages/inchworm_control'...
[2.969s] Compiling '/home/ubuntu/robot_ws/src/MQP/inchworm_control/install/inchworm_control/lib/python3.8/site-packages/inchworm_control/__init__.py'...
[2.971s] Listing '/home/ubuntu/robot_ws/src/MQP/inchworm_control/install/inchworm_control/lib/python3.8/site-packages/inchworm_control/build'...
[2.972s] Listing '/home/ubuntu/robot_ws/src/MQP/inchworm_control/install/inchworm_control/lib/python3.8/site-packages/inchworm_control/install'...
[2.973s] Listing '/home/ubuntu/robot_ws/src/MQP/inchworm_control/install/inchworm_control/lib/python3.8/site-packages/inchworm_control/log'...
[2.975s] Listing '/home/ubuntu/robot_ws/src/MQP/inchworm_control/install/inchworm_control/lib/python3.8/site-packages/inchworm_control/log/build_2023-11-15_15-40-00'...
[2.977s] Listing '/home/ubuntu/robot_ws/src/MQP/inchworm_control/install/inchworm_control/lib/python3.8/site-packages/inchworm_control/log/build_2024-02-13_19-54-49'...
[2.978s] Listing '/home/ubuntu/robot_ws/src/MQP/inchworm_control/install/inchworm_control/lib/python3.8/site-packages/inchworm_control/log/build_2024-03-28_22-48-05'...
[2.980s] Listing '/home/ubuntu/robot_ws/src/MQP/inchworm_control/install/inchworm_control/lib/python3.8/site-packages/inchworm_control/log/build_2024-03-28_22-48-38'...
[2.981s] Listing '/home/ubuntu/robot_ws/src/MQP/inchworm_control/install/inchworm_control/lib/python3.8/site-packages/inchworm_control/msg'...
[2.982s] Listing '/home/ubuntu/robot_ws/src/MQP/inchworm_control/install/inchworm_control/lib/python3.8/site-packages/inchworm_control/scripts'...
[2.982s] Compiling '/home/ubuntu/robot_ws/src/MQP/inchworm_control/install/inchworm_control/lib/python3.8/site-packages/inchworm_control/step_publisher.py'...
[2.992s] -- Up-to-date: /home/ubuntu/robot_ws/src/MQP/inchworm_control/install/inchworm_control/lib/inchworm_control/motor_controller.py
[2.992s] -- Up-to-date: /home/ubuntu/robot_ws/src/MQP/inchworm_control/install/inchworm_control/lib/inchworm_control/motor_walking.py
[2.993s] -- Up-to-date: /home/ubuntu/robot_ws/src/MQP/inchworm_control/install/inchworm_control/lib/inchworm_control/motor_publisher.py
[2.993s] -- Installing: /home/ubuntu/robot_ws/src/MQP/inchworm_control/install/inchworm_control/lib/inchworm_control/step_publisher.py
[2.994s] -- Up-to-date: /home/ubuntu/robot_ws/src/MQP/inchworm_control/install/inchworm_control/share/inchworm_control/urdf
[2.994s] -- Up-to-date: /home/ubuntu/robot_ws/src/MQP/inchworm_control/install/inchworm_control/share/inchworm_control/urdf/one_inchworm.urdf
[2.995s] -- Up-to-date: /home/ubuntu/robot_ws/src/MQP/inchworm_control/install/inchworm_control/share/inchworm_control/urdf/r2d2.rviz
[2.995s] -- Up-to-date: /home/ubuntu/robot_ws/src/MQP/inchworm_control/install/inchworm_control/share/ament_index/resource_index/package_run_dependencies/inchworm_control
[2.995s] -- Up-to-date: /home/ubuntu/robot_ws/src/MQP/inchworm_control/install/inchworm_control/share/ament_index/resource_index/parent_prefix_path/inchworm_control
[2.996s] -- Up-to-date: /home/ubuntu/robot_ws/src/MQP/inchworm_control/install/inchworm_control/share/inchworm_control/environment/ament_prefix_path.sh
[2.996s] -- Up-to-date: /home/ubuntu/robot_ws/src/MQP/inchworm_control/install/inchworm_control/share/inchworm_control/environment/ament_prefix_path.dsv
[2.997s] -- Up-to-date: /home/ubuntu/robot_ws/src/MQP/inchworm_control/install/inchworm_control/share/inchworm_control/environment/path.sh
[2.997s] -- Up-to-date: /home/ubuntu/robot_ws/src/MQP/inchworm_control/install/inchworm_control/share/inchworm_control/environment/path.dsv
[2.998s] -- Up-to-date: /home/ubuntu/robot_ws/src/MQP/inchworm_control/install/inchworm_control/share/inchworm_control/local_setup.bash
[2.998s] -- Up-to-date: /home/ubuntu/robot_ws/src/MQP/inchworm_control/install/inchworm_control/share/inchworm_control/local_setup.sh
[2.999s] -- Up-to-date: /home/ubuntu/robot_ws/src/MQP/inchworm_control/install/inchworm_control/share/inchworm_control/local_setup.zsh
[2.999s] -- Up-to-date: /home/ubuntu/robot_ws/src/MQP/inchworm_control/install/inchworm_control/share/inchworm_control/local_setup.dsv
[3.000s] -- Installing: /home/ubuntu/robot_ws/src/MQP/inchworm_control/install/inchworm_control/share/inchworm_control/package.dsv
[3.001s] -- Up-to-date: /home/ubuntu/robot_ws/src/MQP/inchworm_control/install/inchworm_control/share/ament_index/resource_index/packages/inchworm_control
[3.002s] -- Up-to-date: /home/ubuntu/robot_ws/src/MQP/inchworm_control/install/inchworm_control/share/inchworm_control/cmake/inchworm_control__rosidl_generator_cExport.cmake
[3.002s] -- Up-to-date: /home/ubuntu/robot_ws/src/MQP/inchworm_control/install/inchworm_control/share/inchworm_control/cmake/inchworm_control__rosidl_generator_cExport-noconfig.cmake
[3.003s] -- Up-to-date: /home/ubuntu/robot_ws/src/MQP/inchworm_control/install/inchworm_control/share/inchworm_control/cmake/inchworm_control__rosidl_typesupport_introspection_cExport.cmake
[3.004s] -- Up-to-date: /home/ubuntu/robot_ws/src/MQP/inchworm_control/install/inchworm_control/share/inchworm_control/cmake/inchworm_control__rosidl_typesupport_introspection_cExport-noconfig.cmake
[3.005s] -- Up-to-date: /home/ubuntu/robot_ws/src/MQP/inchworm_control/install/inchworm_control/share/inchworm_control/cmake/inchworm_control__rosidl_typesupport_cExport.cmake
[3.005s] -- Up-to-date: /home/ubuntu/robot_ws/src/MQP/inchworm_control/install/inchworm_control/share/inchworm_control/cmake/inchworm_control__rosidl_typesupport_cExport-noconfig.cmake
[3.007s] -- Up-to-date: /home/ubuntu/robot_ws/src/MQP/inchworm_control/install/inchworm_control/share/inchworm_control/cmake/inchworm_control__rosidl_generator_cppExport.cmake
[3.008s] -- Up-to-date: /home/ubuntu/robot_ws/src/MQP/inchworm_control/install/inchworm_control/share/inchworm_control/cmake/inchworm_control__rosidl_typesupport_introspection_cppExport.cmake
[3.008s] -- Up-to-date: /home/ubuntu/robot_ws/src/MQP/inchworm_control/install/inchworm_control/share/inchworm_control/cmake/inchworm_control__rosidl_typesupport_introspection_cppExport-noconfig.cmake
[3.009s] -- Up-to-date: /home/ubuntu/robot_ws/src/MQP/inchworm_control/install/inchworm_control/share/inchworm_control/cmake/inchworm_control__rosidl_typesupport_cppExport.cmake
[3.010s] -- Up-to-date: /home/ubuntu/robot_ws/src/MQP/inchworm_control/install/inchworm_control/share/inchworm_control/cmake/inchworm_control__rosidl_typesupport_cppExport-noconfig.cmake
[3.011s] -- Up-to-date: /home/ubuntu/robot_ws/src/MQP/inchworm_control/install/inchworm_control/share/inchworm_control/cmake/rosidl_cmake-extras.cmake
[3.012s] -- Up-to-date: /home/ubuntu/robot_ws/src/MQP/inchworm_control/install/inchworm_control/share/inchworm_control/cmake/ament_cmake_export_dependencies-extras.cmake
[3.012s] -- Up-to-date: /home/ubuntu/robot_ws/src/MQP/inchworm_control/install/inchworm_control/share/inchworm_control/cmake/ament_cmake_export_libraries-extras.cmake
[3.013s] -- Up-to-date: /home/ubuntu/robot_ws/src/MQP/inchworm_control/install/inchworm_control/share/inchworm_control/cmake/ament_cmake_export_targets-extras.cmake
[3.013s] -- Up-to-date: /home/ubuntu/robot_ws/src/MQP/inchworm_control/install/inchworm_control/share/inchworm_control/cmake/ament_cmake_export_include_directories-extras.cmake
[3.014s] -- Up-to-date: /home/ubuntu/robot_ws/src/MQP/inchworm_control/install/inchworm_control/share/inchworm_control/cmake/rosidl_cmake_export_typesupport_libraries-extras.cmake
[3.015s] -- Up-to-date: /home/ubuntu/robot_ws/src/MQP/inchworm_control/install/inchworm_control/share/inchworm_control/cmake/rosidl_cmake_export_typesupport_targets-extras.cmake
[3.015s] -- Up-to-date: /home/ubuntu/robot_ws/src/MQP/inchworm_control/install/inchworm_control/share/inchworm_control/cmake/inchworm_controlConfig.cmake
[3.016s] -- Up-to-date: /home/ubuntu/robot_ws/src/MQP/inchworm_control/install/inchworm_control/share/inchworm_control/cmake/inchworm_controlConfig-version.cmake
[3.016s] -- Up-to-date: /home/ubuntu/robot_ws/src/MQP/inchworm_control/install/inchworm_control/share/inchworm_control/package.xml
[3.023s] Invoked command in '/home/ubuntu/robot_ws/src/MQP/inchworm_control/build/inchworm_control' returned '0': CMAKE_PREFIX_PATH=${CMAKE_PREFIX_PATH}:/home/ubuntu/robot_ws/install/motor_control:/opt/ros/foxy /usr/bin/cmake --install /home/ubuntu/robot_ws/src/MQP/inchworm_control/build/inchworm_control
