[1.460s] Invoking command in '/home/ubuntu/robot_ws/src/MQP/inchworm_control/build/inchworm_control': CMAKE_PREFIX_PATH=${CMAKE_PREFIX_PATH}:/home/ubuntu/robot_ws/install/motor_control:/opt/ros/foxy /usr/bin/cmake --build /home/ubuntu/robot_ws/src/MQP/inchworm_control/build/inchworm_control -- -j4 -l4
[1.717s] [  2%] Built target inchworm_control__cpp
[1.726s] [ 12%] Built target inchworm_control__rosidl_generator_c
[1.833s] [ 23%] Built target inchworm_control__rosidl_typesupport_cpp
[1.848s] [ 33%] Built target inchworm_control__rosidl_typesupport_introspection_cpp
[1.869s] [ 43%] Built target inchworm_control__rosidl_typesupport_fastrtps_cpp
[1.871s] [ 53%] Built target inchworm_control__rosidl_typesupport_introspection_c
[1.942s] [ 64%] Built target inchworm_control__rosidl_typesupport_c
[2.005s] [ 74%] Built target inchworm_control__rosidl_typesupport_fastrtps_c
[2.095s] [ 74%] Built target inchworm_control
[2.188s] [ 76%] Built target inchworm_control__py
[2.327s] [ 84%] Built target inchworm_control__python
[2.489s] [ 89%] Built target inchworm_control__rosidl_typesupport_introspection_c__pyext
[2.502s] [ 94%] Built target inchworm_control__rosidl_typesupport_c__pyext
[2.524s] [100%] Built target inchworm_control__rosidl_typesupport_fastrtps_c__pyext
[2.571s] Invoked command in '/home/ubuntu/robot_ws/src/MQP/inchworm_control/build/inchworm_control' returned '0': CMAKE_PREFIX_PATH=${CMAKE_PREFIX_PATH}:/home/ubuntu/robot_ws/install/motor_control:/opt/ros/foxy /usr/bin/cmake --build /home/ubuntu/robot_ws/src/MQP/inchworm_control/build/inchworm_control -- -j4 -l4
[3.052s] Invoking command in '/home/ubuntu/robot_ws/src/MQP/inchworm_control/build/inchworm_control': CMAKE_PREFIX_PATH=${CMAKE_PREFIX_PATH}:/home/ubuntu/robot_ws/install/motor_control:/opt/ros/foxy /usr/bin/cmake --install /home/ubuntu/robot_ws/src/MQP/inchworm_control/build/inchworm_control
[3.129s] -- Install configuration: ""
[3.130s] -- Up-to-date: /home/ubuntu/robot_ws/src/MQP/inchworm_control/install/inchworm_control/share/ament_index/resource_index/rosidl_interfaces/inchworm_control
[3.131s] -- Up-to-date: /home/ubuntu/robot_ws/src/MQP/inchworm_control/install/inchworm_control/include/inchworm_control
[3.132s] -- Up-to-date: /home/ubuntu/robot_ws/src/MQP/inchworm_control/install/inchworm_control/include/inchworm_control/msg
[3.133s] -- Up-to-date: /home/ubuntu/robot_ws/src/MQP/inchworm_control/install/inchworm_control/include/inchworm_control/msg/detail
[3.137s] -- Up-to-date: /home/ubuntu/robot_ws/src/MQP/inchworm_control/install/inchworm_control/include/inchworm_control/msg/detail/tuple__functions.h
[3.138s] -- Up-to-date: /home/ubuntu/robot_ws/src/MQP/inchworm_control/install/inchworm_control/include/inchworm_control/msg/detail/thruple__functions.h
[3.139s] -- Up-to-date: /home/ubuntu/robot_ws/src/MQP/inchworm_control/install/inchworm_control/include/inchworm_control/msg/detail/tuple__type_support.h
[3.140s] -- Up-to-date: /home/ubuntu/robot_ws/src/MQP/inchworm_control/install/inchworm_control/include/inchworm_control/msg/detail/thruple__type_support.h
[3.140s] -- Up-to-date: /home/ubuntu/robot_ws/src/MQP/inchworm_control/install/inchworm_control/include/inchworm_control/msg/detail/tuple__struct.h
[3.161s] -- Up-to-date: /home/ubuntu/robot_ws/src/MQP/inchworm_control/install/inchworm_control/include/inchworm_control/msg/detail/tuple__functions.c
[3.162s] -- Up-to-date: /home/ubuntu/robot_ws/src/MQP/inchworm_control/install/inchworm_control/include/inchworm_control/msg/detail/thruple__functions.c
[3.163s] -- Up-to-date: /home/ubuntu/robot_ws/src/MQP/inchworm_control/install/inchworm_control/include/inchworm_control/msg/detail/thruple__struct.h
[3.163s] -- Up-to-date: /home/ubuntu/robot_ws/src/MQP/inchworm_control/install/inchworm_control/include/inchworm_control/msg/rosidl_generator_c__visibility_control.h
[3.164s] -- Up-to-date: /home/ubuntu/robot_ws/src/MQP/inchworm_control/install/inchworm_control/include/inchworm_control/msg/tuple.h
[3.165s] -- Up-to-date: /home/ubuntu/robot_ws/src/MQP/inchworm_control/install/inchworm_control/include/inchworm_control/msg/thruple.h
[3.166s] -- Up-to-date: /home/ubuntu/robot_ws/src/MQP/inchworm_control/install/inchworm_control/share/inchworm_control/environment/library_path.sh
[3.170s] -- Up-to-date: /home/ubuntu/robot_ws/src/MQP/inchworm_control/install/inchworm_control/share/inchworm_control/environment/library_path.dsv
[3.171s] -- Up-to-date: /home/ubuntu/robot_ws/src/MQP/inchworm_control/install/inchworm_control/lib/libinchworm_control__rosidl_generator_c.so
[3.174s] -- Up-to-date: /home/ubuntu/robot_ws/src/MQP/inchworm_control/install/inchworm_control/include/inchworm_control
[3.175s] -- Up-to-date: /home/ubuntu/robot_ws/src/MQP/inchworm_control/install/inchworm_control/include/inchworm_control/msg
[3.176s] -- Up-to-date: /home/ubuntu/robot_ws/src/MQP/inchworm_control/install/inchworm_control/include/inchworm_control/msg/rosidl_typesupport_fastrtps_c__visibility_control.h
[3.176s] -- Up-to-date: /home/ubuntu/robot_ws/src/MQP/inchworm_control/install/inchworm_control/include/inchworm_control/msg/detail
[3.177s] -- Up-to-date: /home/ubuntu/robot_ws/src/MQP/inchworm_control/install/inchworm_control/include/inchworm_control/msg/detail/tuple__rosidl_typesupport_fastrtps_c.h
[3.178s] -- Up-to-date: /home/ubuntu/robot_ws/src/MQP/inchworm_control/install/inchworm_control/include/inchworm_control/msg/detail/thruple__rosidl_typesupport_fastrtps_c.h
[3.179s] -- Up-to-date: /home/ubuntu/robot_ws/src/MQP/inchworm_control/install/inchworm_control/lib/libinchworm_control__rosidl_typesupport_fastrtps_c.so
[3.179s] -- Up-to-date: /home/ubuntu/robot_ws/src/MQP/inchworm_control/install/inchworm_control/include/inchworm_control
[3.181s] -- Up-to-date: /home/ubuntu/robot_ws/src/MQP/inchworm_control/install/inchworm_control/include/inchworm_control/msg
[3.181s] -- Up-to-date: /home/ubuntu/robot_ws/src/MQP/inchworm_control/install/inchworm_control/include/inchworm_control/msg/rosidl_typesupport_fastrtps_cpp__visibility_control.h
[3.182s] -- Up-to-date: /home/ubuntu/robot_ws/src/MQP/inchworm_control/install/inchworm_control/include/inchworm_control/msg/detail
[3.183s] -- Up-to-date: /home/ubuntu/robot_ws/src/MQP/inchworm_control/install/inchworm_control/include/inchworm_control/msg/detail/dds_fastrtps
[3.184s] -- Up-to-date: /home/ubuntu/robot_ws/src/MQP/inchworm_control/install/inchworm_control/include/inchworm_control/msg/detail/thruple__rosidl_typesupport_fastrtps_cpp.hpp
[3.184s] -- Up-to-date: /home/ubuntu/robot_ws/src/MQP/inchworm_control/install/inchworm_control/include/inchworm_control/msg/detail/tuple__rosidl_typesupport_fastrtps_cpp.hpp
[3.185s] -- Up-to-date: /home/ubuntu/robot_ws/src/MQP/inchworm_control/install/inchworm_control/lib/libinchworm_control__rosidl_typesupport_fastrtps_cpp.so
[3.186s] -- Up-to-date: /home/ubuntu/robot_ws/src/MQP/inchworm_control/install/inchworm_control/include/inchworm_control
[3.187s] -- Up-to-date: /home/ubuntu/robot_ws/src/MQP/inchworm_control/install/inchworm_control/include/inchworm_control/msg
[3.188s] -- Up-to-date: /home/ubuntu/robot_ws/src/MQP/inchworm_control/install/inchworm_control/include/inchworm_control/msg/detail
[3.189s] -- Up-to-date: /home/ubuntu/robot_ws/src/MQP/inchworm_control/install/inchworm_control/include/inchworm_control/msg/detail/thruple__rosidl_typesupport_introspection_c.h
[3.189s] -- Up-to-date: /home/ubuntu/robot_ws/src/MQP/inchworm_control/install/inchworm_control/include/inchworm_control/msg/detail/tuple__type_support.c
[3.192s] -- Up-to-date: /home/ubuntu/robot_ws/src/MQP/inchworm_control/install/inchworm_control/include/inchworm_control/msg/detail/thruple__type_support.c
[3.193s] -- Up-to-date: /home/ubuntu/robot_ws/src/MQP/inchworm_control/install/inchworm_control/include/inchworm_control/msg/detail/tuple__rosidl_typesupport_introspection_c.h
[3.193s] -- Up-to-date: /home/ubuntu/robot_ws/src/MQP/inchworm_control/install/inchworm_control/include/inchworm_control/msg/rosidl_typesupport_introspection_c__visibility_control.h
[3.194s] -- Up-to-date: /home/ubuntu/robot_ws/src/MQP/inchworm_control/install/inchworm_control/lib/libinchworm_control__rosidl_typesupport_introspection_c.so
[3.201s] -- Up-to-date: /home/ubuntu/robot_ws/src/MQP/inchworm_control/install/inchworm_control/lib/libinchworm_control__rosidl_typesupport_c.so
[3.202s] -- Up-to-date: /home/ubuntu/robot_ws/src/MQP/inchworm_control/install/inchworm_control/include/inchworm_control
[3.203s] -- Up-to-date: /home/ubuntu/robot_ws/src/MQP/inchworm_control/install/inchworm_control/include/inchworm_control/msg
[3.203s] -- Up-to-date: /home/ubuntu/robot_ws/src/MQP/inchworm_control/install/inchworm_control/include/inchworm_control/msg/detail
[3.204s] -- Up-to-date: /home/ubuntu/robot_ws/src/MQP/inchworm_control/install/inchworm_control/include/inchworm_control/msg/detail/thruple__builder.hpp
[3.205s] -- Up-to-date: /home/ubuntu/robot_ws/src/MQP/inchworm_control/install/inchworm_control/include/inchworm_control/msg/detail/thruple__struct.hpp
[3.205s] -- Up-to-date: /home/ubuntu/robot_ws/src/MQP/inchworm_control/install/inchworm_control/include/inchworm_control/msg/detail/tuple__type_support.hpp
[3.206s] -- Up-to-date: /home/ubuntu/robot_ws/src/MQP/inchworm_control/install/inchworm_control/include/inchworm_control/msg/detail/tuple__traits.hpp
[3.206s] -- Up-to-date: /home/ubuntu/robot_ws/src/MQP/inchworm_control/install/inchworm_control/include/inchworm_control/msg/detail/thruple__type_support.hpp
[3.207s] -- Up-to-date: /home/ubuntu/robot_ws/src/MQP/inchworm_control/install/inchworm_control/include/inchworm_control/msg/detail/tuple__builder.hpp
[3.208s] -- Up-to-date: /home/ubuntu/robot_ws/src/MQP/inchworm_control/install/inchworm_control/include/inchworm_control/msg/detail/tuple__struct.hpp
[3.209s] -- Up-to-date: /home/ubuntu/robot_ws/src/MQP/inchworm_control/install/inchworm_control/include/inchworm_control/msg/detail/thruple__traits.hpp
[3.210s] -- Up-to-date: /home/ubuntu/robot_ws/src/MQP/inchworm_control/install/inchworm_control/include/inchworm_control/msg/rosidl_generator_cpp__visibility_control.hpp
[3.211s] -- Up-to-date: /home/ubuntu/robot_ws/src/MQP/inchworm_control/install/inchworm_control/include/inchworm_control/msg/tuple.hpp
[3.212s] -- Up-to-date: /home/ubuntu/robot_ws/src/MQP/inchworm_control/install/inchworm_control/include/inchworm_control/msg/thruple.hpp
[3.212s] -- Up-to-date: /home/ubuntu/robot_ws/src/MQP/inchworm_control/install/inchworm_control/include/inchworm_control
[3.213s] -- Up-to-date: /home/ubuntu/robot_ws/src/MQP/inchworm_control/install/inchworm_control/include/inchworm_control/msg
[3.214s] -- Up-to-date: /home/ubuntu/robot_ws/src/MQP/inchworm_control/install/inchworm_control/include/inchworm_control/msg/detail
[3.215s] -- Up-to-date: /home/ubuntu/robot_ws/src/MQP/inchworm_control/install/inchworm_control/include/inchworm_control/msg/detail/tuple__rosidl_typesupport_introspection_cpp.hpp
[3.216s] -- Up-to-date: /home/ubuntu/robot_ws/src/MQP/inchworm_control/install/inchworm_control/include/inchworm_control/msg/detail/thruple__rosidl_typesupport_introspection_cpp.hpp
[3.216s] -- Up-to-date: /home/ubuntu/robot_ws/src/MQP/inchworm_control/install/inchworm_control/include/inchworm_control/msg/detail/thruple__type_support.cpp
[3.217s] -- Up-to-date: /home/ubuntu/robot_ws/src/MQP/inchworm_control/install/inchworm_control/include/inchworm_control/msg/detail/tuple__type_support.cpp
[3.218s] -- Up-to-date: /home/ubuntu/robot_ws/src/MQP/inchworm_control/install/inchworm_control/lib/libinchworm_control__rosidl_typesupport_introspection_cpp.so
[3.219s] -- Up-to-date: /home/ubuntu/robot_ws/src/MQP/inchworm_control/install/inchworm_control/lib/libinchworm_control__rosidl_typesupport_cpp.so
[3.219s] -- Up-to-date: /home/ubuntu/robot_ws/src/MQP/inchworm_control/install/inchworm_control/share/inchworm_control/environment/pythonpath.sh
[3.220s] -- Up-to-date: /home/ubuntu/robot_ws/src/MQP/inchworm_control/install/inchworm_control/share/inchworm_control/environment/pythonpath.dsv
[3.221s] -- Installing: /home/ubuntu/robot_ws/src/MQP/inchworm_control/install/inchworm_control/lib/python3.8/site-packages/inchworm_control/__init__.py
[3.416s] Compiling '/home/ubuntu/robot_ws/src/MQP/inchworm_control/install/inchworm_control/lib/python3.8/site-packages/inchworm_control/__init__.py'...
[3.450s] -- Up-to-date: /home/ubuntu/robot_ws/src/MQP/inchworm_control/install/inchworm_control/lib/python3.8/site-packages/inchworm_control/msg
[3.451s] -- Up-to-date: /home/ubuntu/robot_ws/src/MQP/inchworm_control/install/inchworm_control/lib/python3.8/site-packages/inchworm_control/msg/_tuple_s.c
[3.451s] -- Up-to-date: /home/ubuntu/robot_ws/src/MQP/inchworm_control/install/inchworm_control/lib/python3.8/site-packages/inchworm_control/msg/_tuple.py
[3.452s] -- Up-to-date: /home/ubuntu/robot_ws/src/MQP/inchworm_control/install/inchworm_control/lib/python3.8/site-packages/inchworm_control/msg/_thruple_s.c
[3.452s] -- Up-to-date: /home/ubuntu/robot_ws/src/MQP/inchworm_control/install/inchworm_control/lib/python3.8/site-packages/inchworm_control/msg/_thruple.py
[3.452s] -- Up-to-date: /home/ubuntu/robot_ws/src/MQP/inchworm_control/install/inchworm_control/lib/python3.8/site-packages/inchworm_control/msg/__init__.py
[3.453s] -- Up-to-date: /home/ubuntu/robot_ws/src/MQP/inchworm_control/install/inchworm_control/lib/python3.8/site-packages/inchworm_control/inchworm_control_s__rosidl_typesupport_fastrtps_c.cpython-38-aarch64-linux-gnu.so
[3.453s] -- Up-to-date: /home/ubuntu/robot_ws/src/MQP/inchworm_control/install/inchworm_control/lib/python3.8/site-packages/inchworm_control/inchworm_control_s__rosidl_typesupport_introspection_c.cpython-38-aarch64-linux-gnu.so
[3.453s] -- Up-to-date: /home/ubuntu/robot_ws/src/MQP/inchworm_control/install/inchworm_control/lib/python3.8/site-packages/inchworm_control/inchworm_control_s__rosidl_typesupport_c.cpython-38-aarch64-linux-gnu.so
[3.455s] -- Up-to-date: /home/ubuntu/robot_ws/src/MQP/inchworm_control/install/inchworm_control/lib/libinchworm_control__python.so
[3.461s] -- Up-to-date: /home/ubuntu/robot_ws/src/MQP/inchworm_control/install/inchworm_control/share/inchworm_control/msg/Thruple.idl
[3.461s] -- Up-to-date: /home/ubuntu/robot_ws/src/MQP/inchworm_control/install/inchworm_control/share/inchworm_control/msg/Tuple.idl
[3.462s] -- Up-to-date: /home/ubuntu/robot_ws/src/MQP/inchworm_control/install/inchworm_control/share/inchworm_control/msg/Thruple.msg
[3.463s] -- Up-to-date: /home/ubuntu/robot_ws/src/MQP/inchworm_control/install/inchworm_control/share/inchworm_control/msg/Tuple.msg
[3.463s] -- Up-to-date: /home/ubuntu/robot_ws/src/MQP/inchworm_control/install/inchworm_control/lib/python3.8/site-packages/inchworm_control
[3.464s] -- Up-to-date: /home/ubuntu/robot_ws/src/MQP/inchworm_control/install/inchworm_control/lib/python3.8/site-packages/inchworm_control/motor_walking.py
[3.465s] -- Installing: /home/ubuntu/robot_ws/src/MQP/inchworm_control/install/inchworm_control/lib/python3.8/site-packages/inchworm_control/motor_controller.py
[3.466s] -- Up-to-date: /home/ubuntu/robot_ws/src/MQP/inchworm_control/install/inchworm_control/lib/python3.8/site-packages/inchworm_control/msg
[3.467s] -- Up-to-date: /home/ubuntu/robot_ws/src/MQP/inchworm_control/install/inchworm_control/lib/python3.8/site-packages/inchworm_control/msg/Thruple.msg
[3.468s] -- Up-to-date: /home/ubuntu/robot_ws/src/MQP/inchworm_control/install/inchworm_control/lib/python3.8/site-packages/inchworm_control/msg/Tuple.msg
[3.468s] -- Up-to-date: /home/ubuntu/robot_ws/src/MQP/inchworm_control/install/inchworm_control/lib/python3.8/site-packages/inchworm_control/motor_subscriber.py
[3.469s] -- Up-to-date: /home/ubuntu/robot_ws/src/MQP/inchworm_control/install/inchworm_control/lib/python3.8/site-packages/inchworm_control/log
[3.470s] -- Up-to-date: /home/ubuntu/robot_ws/src/MQP/inchworm_control/install/inchworm_control/lib/python3.8/site-packages/inchworm_control/log/latest
[3.471s] -- Up-to-date: /home/ubuntu/robot_ws/src/MQP/inchworm_control/install/inchworm_control/lib/python3.8/site-packages/inchworm_control/log/build_2024-03-28_22-48-05
[3.471s] -- Up-to-date: /home/ubuntu/robot_ws/src/MQP/inchworm_control/install/inchworm_control/lib/python3.8/site-packages/inchworm_control/log/build_2024-03-28_22-48-05/logger_all.log
[3.472s] -- Up-to-date: /home/ubuntu/robot_ws/src/MQP/inchworm_control/install/inchworm_control/lib/python3.8/site-packages/inchworm_control/log/build_2024-03-28_22-48-05/events.log
[3.473s] -- Up-to-date: /home/ubuntu/robot_ws/src/MQP/inchworm_control/install/inchworm_control/lib/python3.8/site-packages/inchworm_control/log/build_2023-11-15_15-40-00
[3.475s] -- Up-to-date: /home/ubuntu/robot_ws/src/MQP/inchworm_control/install/inchworm_control/lib/python3.8/site-packages/inchworm_control/log/build_2023-11-15_15-40-00/logger_all.log
[3.475s] -- Up-to-date: /home/ubuntu/robot_ws/src/MQP/inchworm_control/install/inchworm_control/lib/python3.8/site-packages/inchworm_control/log/build_2023-11-15_15-40-00/events.log
[3.476s] -- Up-to-date: /home/ubuntu/robot_ws/src/MQP/inchworm_control/install/inchworm_control/lib/python3.8/site-packages/inchworm_control/log/COLCON_IGNORE
[3.477s] -- Up-to-date: /home/ubuntu/robot_ws/src/MQP/inchworm_control/install/inchworm_control/lib/python3.8/site-packages/inchworm_control/log/build_2024-03-28_22-48-38
[3.477s] -- Up-to-date: /home/ubuntu/robot_ws/src/MQP/inchworm_control/install/inchworm_control/lib/python3.8/site-packages/inchworm_control/log/build_2024-03-28_22-48-38/logger_all.log
[3.478s] -- Up-to-date: /home/ubuntu/robot_ws/src/MQP/inchworm_control/install/inchworm_control/lib/python3.8/site-packages/inchworm_control/log/build_2024-03-28_22-48-38/events.log
[3.479s] -- Up-to-date: /home/ubuntu/robot_ws/src/MQP/inchworm_control/install/inchworm_control/lib/python3.8/site-packages/inchworm_control/log/latest_build
[3.480s] -- Up-to-date: /home/ubuntu/robot_ws/src/MQP/inchworm_control/install/inchworm_control/lib/python3.8/site-packages/inchworm_control/log/build_2024-02-13_19-54-49
[3.481s] -- Up-to-date: /home/ubuntu/robot_ws/src/MQP/inchworm_control/install/inchworm_control/lib/python3.8/site-packages/inchworm_control/log/build_2024-02-13_19-54-49/logger_all.log
[3.482s] -- Up-to-date: /home/ubuntu/robot_ws/src/MQP/inchworm_control/install/inchworm_control/lib/python3.8/site-packages/inchworm_control/log/build_2024-02-13_19-54-49/events.log
[3.483s] -- Up-to-date: /home/ubuntu/robot_ws/src/MQP/inchworm_control/install/inchworm_control/lib/python3.8/site-packages/inchworm_control/ik.py
[3.484s] -- Up-to-date: /home/ubuntu/robot_ws/src/MQP/inchworm_control/install/inchworm_control/lib/python3.8/site-packages/inchworm_control/install
[3.484s] -- Up-to-date: /home/ubuntu/robot_ws/src/MQP/inchworm_control/install/inchworm_control/lib/python3.8/site-packages/inchworm_control/install/setup.bash
[3.485s] -- Up-to-date: /home/ubuntu/robot_ws/src/MQP/inchworm_control/install/inchworm_control/lib/python3.8/site-packages/inchworm_control/install/setup.zsh
[3.486s] -- Up-to-date: /home/ubuntu/robot_ws/src/MQP/inchworm_control/install/inchworm_control/lib/python3.8/site-packages/inchworm_control/install/setup.sh
[3.487s] -- Up-to-date: /home/ubuntu/robot_ws/src/MQP/inchworm_control/install/inchworm_control/lib/python3.8/site-packages/inchworm_control/install/_local_setup_util_ps1.py
[3.487s] -- Up-to-date: /home/ubuntu/robot_ws/src/MQP/inchworm_control/install/inchworm_control/lib/python3.8/site-packages/inchworm_control/install/COLCON_IGNORE
[3.488s] -- Up-to-date: /home/ubuntu/robot_ws/src/MQP/inchworm_control/install/inchworm_control/lib/python3.8/site-packages/inchworm_control/install/.colcon_install_layout
[3.489s] -- Up-to-date: /home/ubuntu/robot_ws/src/MQP/inchworm_control/install/inchworm_control/lib/python3.8/site-packages/inchworm_control/install/local_setup.bash
[3.490s] -- Up-to-date: /home/ubuntu/robot_ws/src/MQP/inchworm_control/install/inchworm_control/lib/python3.8/site-packages/inchworm_control/install/local_setup.sh
[3.491s] -- Up-to-date: /home/ubuntu/robot_ws/src/MQP/inchworm_control/install/inchworm_control/lib/python3.8/site-packages/inchworm_control/install/local_setup.zsh
[3.510s] -- Up-to-date: /home/ubuntu/robot_ws/src/MQP/inchworm_control/install/inchworm_control/lib/python3.8/site-packages/inchworm_control/install/setup.ps1
[3.511s] -- Up-to-date: /home/ubuntu/robot_ws/src/MQP/inchworm_control/install/inchworm_control/lib/python3.8/site-packages/inchworm_control/install/_local_setup_util_sh.py
[3.511s] -- Up-to-date: /home/ubuntu/robot_ws/src/MQP/inchworm_control/install/inchworm_control/lib/python3.8/site-packages/inchworm_control/install/local_setup.ps1
[3.512s] -- Up-to-date: /home/ubuntu/robot_ws/src/MQP/inchworm_control/install/inchworm_control/lib/python3.8/site-packages/inchworm_control/build
[3.513s] -- Up-to-date: /home/ubuntu/robot_ws/src/MQP/inchworm_control/install/inchworm_control/lib/python3.8/site-packages/inchworm_control/build/COLCON_IGNORE
[3.513s] -- Up-to-date: /home/ubuntu/robot_ws/src/MQP/inchworm_control/install/inchworm_control/lib/python3.8/site-packages/inchworm_control/build/.built_by
[3.514s] -- Up-to-date: /home/ubuntu/robot_ws/src/MQP/inchworm_control/install/inchworm_control/lib/python3.8/site-packages/inchworm_control/lewansoul_servo_bus.py
[3.515s] -- Up-to-date: /home/ubuntu/robot_ws/src/MQP/inchworm_control/install/inchworm_control/lib/python3.8/site-packages/inchworm_control/motor_publisher.py
[3.515s] -- Up-to-date: /home/ubuntu/robot_ws/src/MQP/inchworm_control/install/inchworm_control/lib/python3.8/site-packages/inchworm_control/step_publisher.py
[3.516s] -- Installing: /home/ubuntu/robot_ws/src/MQP/inchworm_control/install/inchworm_control/lib/python3.8/site-packages/inchworm_control/__init__.py
[3.710s] Listing '/home/ubuntu/robot_ws/src/MQP/inchworm_control/install/inchworm_control/lib/python3.8/site-packages/inchworm_control'...
[3.712s] Compiling '/home/ubuntu/robot_ws/src/MQP/inchworm_control/install/inchworm_control/lib/python3.8/site-packages/inchworm_control/__init__.py'...
[3.725s] Listing '/home/ubuntu/robot_ws/src/MQP/inchworm_control/install/inchworm_control/lib/python3.8/site-packages/inchworm_control/build'...
[3.727s] Listing '/home/ubuntu/robot_ws/src/MQP/inchworm_control/install/inchworm_control/lib/python3.8/site-packages/inchworm_control/install'...
[3.728s] Listing '/home/ubuntu/robot_ws/src/MQP/inchworm_control/install/inchworm_control/lib/python3.8/site-packages/inchworm_control/log'...
[3.729s] Listing '/home/ubuntu/robot_ws/src/MQP/inchworm_control/install/inchworm_control/lib/python3.8/site-packages/inchworm_control/log/build_2023-11-15_15-40-00'...
[3.742s] Listing '/home/ubuntu/robot_ws/src/MQP/inchworm_control/install/inchworm_control/lib/python3.8/site-packages/inchworm_control/log/build_2024-02-13_19-54-49'...
[3.743s] Listing '/home/ubuntu/robot_ws/src/MQP/inchworm_control/install/inchworm_control/lib/python3.8/site-packages/inchworm_control/log/build_2024-03-28_22-48-05'...
[3.744s] Listing '/home/ubuntu/robot_ws/src/MQP/inchworm_control/install/inchworm_control/lib/python3.8/site-packages/inchworm_control/log/build_2024-03-28_22-48-38'...
[3.751s] Compiling '/home/ubuntu/robot_ws/src/MQP/inchworm_control/install/inchworm_control/lib/python3.8/site-packages/inchworm_control/motor_controller.py'...
[3.755s] Listing '/home/ubuntu/robot_ws/src/MQP/inchworm_control/install/inchworm_control/lib/python3.8/site-packages/inchworm_control/msg'...
[3.757s] Listing '/home/ubuntu/robot_ws/src/MQP/inchworm_control/install/inchworm_control/lib/python3.8/site-packages/inchworm_control/scripts'...
[3.757s] -- Installing: /home/ubuntu/robot_ws/src/MQP/inchworm_control/install/inchworm_control/lib/inchworm_control/motor_controller.py
[3.761s] -- Up-to-date: /home/ubuntu/robot_ws/src/MQP/inchworm_control/install/inchworm_control/lib/inchworm_control/motor_walking.py
[3.763s] -- Up-to-date: /home/ubuntu/robot_ws/src/MQP/inchworm_control/install/inchworm_control/lib/inchworm_control/motor_publisher.py
[3.764s] -- Up-to-date: /home/ubuntu/robot_ws/src/MQP/inchworm_control/install/inchworm_control/lib/inchworm_control/step_publisher.py
[3.765s] -- Up-to-date: /home/ubuntu/robot_ws/src/MQP/inchworm_control/install/inchworm_control/share/inchworm_control/urdf
[3.766s] -- Up-to-date: /home/ubuntu/robot_ws/src/MQP/inchworm_control/install/inchworm_control/share/inchworm_control/urdf/one_inchworm.urdf
[3.767s] -- Up-to-date: /home/ubuntu/robot_ws/src/MQP/inchworm_control/install/inchworm_control/share/inchworm_control/urdf/r2d2.rviz
[3.772s] -- Up-to-date: /home/ubuntu/robot_ws/src/MQP/inchworm_control/install/inchworm_control/share/ament_index/resource_index/package_run_dependencies/inchworm_control
[3.776s] -- Up-to-date: /home/ubuntu/robot_ws/src/MQP/inchworm_control/install/inchworm_control/share/ament_index/resource_index/parent_prefix_path/inchworm_control
[3.802s] -- Up-to-date: /home/ubuntu/robot_ws/src/MQP/inchworm_control/install/inchworm_control/share/inchworm_control/environment/ament_prefix_path.sh
[3.805s] -- Up-to-date: /home/ubuntu/robot_ws/src/MQP/inchworm_control/install/inchworm_control/share/inchworm_control/environment/ament_prefix_path.dsv
[3.807s] -- Up-to-date: /home/ubuntu/robot_ws/src/MQP/inchworm_control/install/inchworm_control/share/inchworm_control/environment/path.sh
[3.811s] -- Up-to-date: /home/ubuntu/robot_ws/src/MQP/inchworm_control/install/inchworm_control/share/inchworm_control/environment/path.dsv
[3.814s] -- Up-to-date: /home/ubuntu/robot_ws/src/MQP/inchworm_control/install/inchworm_control/share/inchworm_control/local_setup.bash
[3.815s] -- Up-to-date: /home/ubuntu/robot_ws/src/MQP/inchworm_control/install/inchworm_control/share/inchworm_control/local_setup.sh
[3.823s] -- Up-to-date: /home/ubuntu/robot_ws/src/MQP/inchworm_control/install/inchworm_control/share/inchworm_control/local_setup.zsh
[3.823s] -- Up-to-date: /home/ubuntu/robot_ws/src/MQP/inchworm_control/install/inchworm_control/share/inchworm_control/local_setup.dsv
[3.824s] -- Installing: /home/ubuntu/robot_ws/src/MQP/inchworm_control/install/inchworm_control/share/inchworm_control/package.dsv
[3.825s] -- Up-to-date: /home/ubuntu/robot_ws/src/MQP/inchworm_control/install/inchworm_control/share/ament_index/resource_index/packages/inchworm_control
[3.828s] -- Up-to-date: /home/ubuntu/robot_ws/src/MQP/inchworm_control/install/inchworm_control/share/inchworm_control/cmake/inchworm_control__rosidl_generator_cExport.cmake
[3.829s] -- Up-to-date: /home/ubuntu/robot_ws/src/MQP/inchworm_control/install/inchworm_control/share/inchworm_control/cmake/inchworm_control__rosidl_generator_cExport-noconfig.cmake
[3.836s] -- Up-to-date: /home/ubuntu/robot_ws/src/MQP/inchworm_control/install/inchworm_control/share/inchworm_control/cmake/inchworm_control__rosidl_typesupport_introspection_cExport.cmake
[3.852s] -- Up-to-date: /home/ubuntu/robot_ws/src/MQP/inchworm_control/install/inchworm_control/share/inchworm_control/cmake/inchworm_control__rosidl_typesupport_introspection_cExport-noconfig.cmake
[3.856s] -- Up-to-date: /home/ubuntu/robot_ws/src/MQP/inchworm_control/install/inchworm_control/share/inchworm_control/cmake/inchworm_control__rosidl_typesupport_cExport.cmake
[3.860s] -- Up-to-date: /home/ubuntu/robot_ws/src/MQP/inchworm_control/install/inchworm_control/share/inchworm_control/cmake/inchworm_control__rosidl_typesupport_cExport-noconfig.cmake
[3.861s] -- Up-to-date: /home/ubuntu/robot_ws/src/MQP/inchworm_control/install/inchworm_control/share/inchworm_control/cmake/inchworm_control__rosidl_generator_cppExport.cmake
[3.862s] -- Up-to-date: /home/ubuntu/robot_ws/src/MQP/inchworm_control/install/inchworm_control/share/inchworm_control/cmake/inchworm_control__rosidl_typesupport_introspection_cppExport.cmake
[3.863s] -- Up-to-date: /home/ubuntu/robot_ws/src/MQP/inchworm_control/install/inchworm_control/share/inchworm_control/cmake/inchworm_control__rosidl_typesupport_introspection_cppExport-noconfig.cmake
[3.864s] -- Up-to-date: /home/ubuntu/robot_ws/src/MQP/inchworm_control/install/inchworm_control/share/inchworm_control/cmake/inchworm_control__rosidl_typesupport_cppExport.cmake
[3.865s] -- Up-to-date: /home/ubuntu/robot_ws/src/MQP/inchworm_control/install/inchworm_control/share/inchworm_control/cmake/inchworm_control__rosidl_typesupport_cppExport-noconfig.cmake
[3.866s] -- Up-to-date: /home/ubuntu/robot_ws/src/MQP/inchworm_control/install/inchworm_control/share/inchworm_control/cmake/rosidl_cmake-extras.cmake
[3.867s] -- Up-to-date: /home/ubuntu/robot_ws/src/MQP/inchworm_control/install/inchworm_control/share/inchworm_control/cmake/ament_cmake_export_dependencies-extras.cmake
[3.867s] -- Up-to-date: /home/ubuntu/robot_ws/src/MQP/inchworm_control/install/inchworm_control/share/inchworm_control/cmake/ament_cmake_export_libraries-extras.cmake
[3.868s] -- Up-to-date: /home/ubuntu/robot_ws/src/MQP/inchworm_control/install/inchworm_control/share/inchworm_control/cmake/ament_cmake_export_targets-extras.cmake
[3.868s] -- Up-to-date: /home/ubuntu/robot_ws/src/MQP/inchworm_control/install/inchworm_control/share/inchworm_control/cmake/ament_cmake_export_include_directories-extras.cmake
[3.869s] -- Up-to-date: /home/ubuntu/robot_ws/src/MQP/inchworm_control/install/inchworm_control/share/inchworm_control/cmake/rosidl_cmake_export_typesupport_libraries-extras.cmake
[3.870s] -- Up-to-date: /home/ubuntu/robot_ws/src/MQP/inchworm_control/install/inchworm_control/share/inchworm_control/cmake/rosidl_cmake_export_typesupport_targets-extras.cmake
[3.871s] -- Up-to-date: /home/ubuntu/robot_ws/src/MQP/inchworm_control/install/inchworm_control/share/inchworm_control/cmake/inchworm_controlConfig.cmake
[3.872s] -- Up-to-date: /home/ubuntu/robot_ws/src/MQP/inchworm_control/install/inchworm_control/share/inchworm_control/cmake/inchworm_controlConfig-version.cmake
[3.873s] -- Up-to-date: /home/ubuntu/robot_ws/src/MQP/inchworm_control/install/inchworm_control/share/inchworm_control/package.xml
[3.874s] Invoked command in '/home/ubuntu/robot_ws/src/MQP/inchworm_control/build/inchworm_control' returned '0': CMAKE_PREFIX_PATH=${CMAKE_PREFIX_PATH}:/home/ubuntu/robot_ws/install/motor_control:/opt/ros/foxy /usr/bin/cmake --install /home/ubuntu/robot_ws/src/MQP/inchworm_control/build/inchworm_control
